2025-01-08 02:36:39.535 Could not detect default configuration classes for test class [com.demo.ct.PingServiceCTRedisSpec]: PingServiceCTRedisSpec does not declare any static, non-private, non-final, nested classes annotated with @Configuration.
2025-01-08 02:36:39.758 Found @SpringBootConfiguration com.demo.PingApplication for test class com.demo.ct.PingServiceCTRedisSpec
2025-01-08 02:36:39.965 Could not detect default configuration classes for test class [com.demo.ct.PingServiceCTSpec]: PingServiceCTSpec does not declare any static, non-private, non-final, nested classes annotated with @Configuration.
2025-01-08 02:36:39.973 Found @SpringBootConfiguration com.demo.PingApplication for test class com.demo.ct.PingServiceCTSpec
2025-01-08 02:36:40.001 Could not detect default configuration classes for test class [com.demo.service.impl.FileLockThrottlingServiceSpec]: FileLockThrottlingServiceSpec does not declare any static, non-private, non-final, nested classes annotated with @Configuration.
2025-01-08 02:36:40.111 Found @SpringBootConfiguration com.demo.PingApplication for test class com.demo.service.impl.FileLockThrottlingServiceSpec
2025-01-08 02:36:40.121 Could not detect default configuration classes for test class [com.demo.service.impl.RedissonThrottlingServiceSpec]: RedissonThrottlingServiceSpec does not declare any static, non-private, non-final, nested classes annotated with @Configuration.
2025-01-08 02:36:40.124 Found @SpringBootConfiguration com.demo.PingApplication for test class com.demo.service.impl.RedissonThrottlingServiceSpec
2025-01-08 02:36:40.136 Could not detect default configuration classes for test class [com.demo.service.impl.RedisThrottlingServiceSpec]: RedisThrottlingServiceSpec does not declare any static, non-private, non-final, nested classes annotated with @Configuration.
2025-01-08 02:36:40.139 Found @SpringBootConfiguration com.demo.PingApplication for test class com.demo.service.impl.RedisThrottlingServiceSpec
2025-01-08 02:36:40.166 Could not detect default configuration classes for test class [com.demo.service.PingServiceSpec]: PingServiceSpec does not declare any static, non-private, non-final, nested classes annotated with @Configuration.
2025-01-08 02:36:40.181 Found @SpringBootConfiguration com.demo.PingApplication for test class com.demo.service.PingServiceSpec
2025-01-08 02:36:40.198 Could not detect default configuration classes for test class [com.demo.ct.PingServiceCTRedisSpec]: PingServiceCTRedisSpec does not declare any static, non-private, non-final, nested classes annotated with @Configuration.
2025-01-08 02:36:40.200 Found @SpringBootConfiguration com.demo.PingApplication for test class com.demo.ct.PingServiceCTRedisSpec
2025-01-08 02:36:40.207 Could not detect default configuration classes for test class [com.demo.ct.PingServiceCTSpec]: PingServiceCTSpec does not declare any static, non-private, non-final, nested classes annotated with @Configuration.
2025-01-08 02:36:40.209 Found @SpringBootConfiguration com.demo.PingApplication for test class com.demo.ct.PingServiceCTSpec
2025-01-08 02:36:40.214 Could not detect default configuration classes for test class [com.demo.service.impl.FileLockThrottlingServiceSpec]: FileLockThrottlingServiceSpec does not declare any static, non-private, non-final, nested classes annotated with @Configuration.
2025-01-08 02:36:40.217 Found @SpringBootConfiguration com.demo.PingApplication for test class com.demo.service.impl.FileLockThrottlingServiceSpec
2025-01-08 02:36:40.222 Could not detect default configuration classes for test class [com.demo.service.impl.RedissonThrottlingServiceSpec]: RedissonThrottlingServiceSpec does not declare any static, non-private, non-final, nested classes annotated with @Configuration.
2025-01-08 02:36:40.224 Found @SpringBootConfiguration com.demo.PingApplication for test class com.demo.service.impl.RedissonThrottlingServiceSpec
2025-01-08 02:36:40.231 Could not detect default configuration classes for test class [com.demo.service.impl.RedisThrottlingServiceSpec]: RedisThrottlingServiceSpec does not declare any static, non-private, non-final, nested classes annotated with @Configuration.
2025-01-08 02:36:40.232 Found @SpringBootConfiguration com.demo.PingApplication for test class com.demo.service.impl.RedisThrottlingServiceSpec
2025-01-08 02:36:40.239 Could not detect default configuration classes for test class [com.demo.service.PingServiceSpec]: PingServiceSpec does not declare any static, non-private, non-final, nested classes annotated with @Configuration.
2025-01-08 02:36:40.242 Found @SpringBootConfiguration com.demo.PingApplication for test class com.demo.service.PingServiceSpec
2025-01-08 02:36:43.103 

Found multiple occurrences of org.json.JSONObject on the class path:

	jar:file:/C:/work/apache-maven-3.8.8/repo/com/vaadin/external/google/android-json/0.0.20131108.vaadin1/android-json-0.0.20131108.vaadin1.jar!/org/json/JSONObject.class
	jar:file:/C:/work/apache-maven-3.8.8/repo/org/json/json/20220320/json-20220320.jar!/org/json/JSONObject.class

You may wish to exclude one of them to ensure predictable runtime behavior

2025-01-08 02:36:43.126 Starting PingServiceCTRedisSpec using Java 17.0.12 with PID 4632 (started by joech in C:\code\hsbc\demo\ping)
2025-01-08 02:36:43.127 No active profile set, falling back to 1 default profile: "default"
2025-01-08 02:36:44.095 Multiple Spring Data modules found, entering strict repository configuration mode
2025-01-08 02:36:44.101 Bootstrapping Spring Data Redis repositories in DEFAULT mode.
2025-01-08 02:36:44.153 Finished Spring Data repository scanning in 25 ms. Found 0 Redis repository interfaces.
2025-01-08 02:36:46.046 Redisson 3.21.3
2025-01-08 02:36:46.788 1 connections initialized for localhost/127.0.0.1:6379
2025-01-08 02:36:46.868 24 connections initialized for localhost/127.0.0.1:6379
2025-01-08 02:36:47.600 Exposing 1 endpoint(s) beneath base path '/actuator'
2025-01-08 02:36:48.183 Started PingServiceCTRedisSpec in 5.332 seconds (process running for 12.13)
2025-01-08 02:36:50.155 Request 0 sent & Pong Respond: 200
2025-01-08 02:36:50.179 Request 1 send & Pong throttled it 429
2025-01-08 02:36:50.301 Request 2 not sent as being 'ping rate limited'
2025-01-08 02:36:50.420 null Unexpected exception during request: java.net.SocketException: Connection reset
java.net.SocketException: Connection reset
	at java.base/sun.nio.ch.SocketChannelImpl.throwConnectionReset(SocketChannelImpl.java:394)
	at java.base/sun.nio.ch.SocketChannelImpl.read(SocketChannelImpl.java:426)
	at io.netty.buffer.PooledByteBuf.setBytes(PooledByteBuf.java:254)
	at io.netty.buffer.AbstractByteBuf.writeBytes(AbstractByteBuf.java:1132)
	at io.netty.channel.socket.nio.NioSocketChannel.doReadBytes(NioSocketChannel.java:357)
	at io.netty.channel.nio.AbstractNioByteChannel$NioByteUnsafe.read(AbstractNioByteChannel.java:151)
	at io.netty.channel.nio.NioEventLoop.processSelectedKey(NioEventLoop.java:788)
	at io.netty.channel.nio.NioEventLoop.processSelectedKeysOptimized(NioEventLoop.java:724)
	at io.netty.channel.nio.NioEventLoop.processSelectedKeys(NioEventLoop.java:650)
	at io.netty.channel.nio.NioEventLoop.run(NioEventLoop.java:562)
	at io.netty.util.concurrent.SingleThreadEventExecutor$4.run(SingleThreadEventExecutor.java:997)
	at io.netty.util.internal.ThreadExecutorMap$2.run(ThreadExecutorMap.java:74)
	at io.netty.util.concurrent.FastThreadLocalRunnable.run(FastThreadLocalRunnable.java:30)
	at java.base/java.lang.Thread.run(Thread.java:842)
2025-01-08 02:36:50.509 Reconnecting, last destination was localhost/127.0.0.1:6379
2025-01-08 02:36:50.515 Cannot reconnect to [localhost/<unresolved>:6379]: Connection refused: no further information: localhost/127.0.0.1:6379
2025-01-08 02:36:59.608 Reconnecting, last destination was localhost/<unresolved>:6379
2025-01-08 02:36:59.619 Reconnected to localhost/<unresolved>:6379
2025-01-08 02:37:01.516 

Found multiple occurrences of org.json.JSONObject on the class path:

	jar:file:/C:/work/apache-maven-3.8.8/repo/com/vaadin/external/google/android-json/0.0.20131108.vaadin1/android-json-0.0.20131108.vaadin1.jar!/org/json/JSONObject.class
	jar:file:/C:/work/apache-maven-3.8.8/repo/org/json/json/20220320/json-20220320.jar!/org/json/JSONObject.class

You may wish to exclude one of them to ensure predictable runtime behavior

2025-01-08 02:37:01.518 Starting PingServiceCTSpec using Java 17.0.12 with PID 4632 (started by joech in C:\code\hsbc\demo\ping)
2025-01-08 02:37:01.519 No active profile set, falling back to 1 default profile: "default"
2025-01-08 02:37:01.865 Multiple Spring Data modules found, entering strict repository configuration mode
2025-01-08 02:37:01.865 Bootstrapping Spring Data Redis repositories in DEFAULT mode.
2025-01-08 02:37:01.881 Finished Spring Data repository scanning in 15 ms. Found 0 Redis repository interfaces.
2025-01-08 02:37:02.010 Redisson 3.21.3
2025-01-08 02:37:02.105 1 connections initialized for localhost/127.0.0.1:6379
2025-01-08 02:37:02.246 24 connections initialized for localhost/127.0.0.1:6379
2025-01-08 02:37:02.439 Exposing 1 endpoint(s) beneath base path '/actuator'
2025-01-08 02:37:02.548 Started PingServiceCTSpec in 1.067 seconds (process running for 26.495)
2025-01-08 02:37:02.841 Request 0 sent & Pong Respond: 200
2025-01-08 02:37:02.990 Request 1 send & Pong throttled it 429
2025-01-08 02:37:03.580 Request 4 not sent as being 'ping rate limited'
2025-01-08 02:37:03.606 null Unexpected exception during request: java.net.SocketException: Connection reset
java.net.SocketException: Connection reset
	at java.base/sun.nio.ch.SocketChannelImpl.throwConnectionReset(SocketChannelImpl.java:394)
	at java.base/sun.nio.ch.SocketChannelImpl.read(SocketChannelImpl.java:426)
	at io.netty.buffer.PooledByteBuf.setBytes(PooledByteBuf.java:254)
	at io.netty.buffer.AbstractByteBuf.writeBytes(AbstractByteBuf.java:1132)
	at io.netty.channel.socket.nio.NioSocketChannel.doReadBytes(NioSocketChannel.java:357)
	at io.netty.channel.nio.AbstractNioByteChannel$NioByteUnsafe.read(AbstractNioByteChannel.java:151)
	at io.netty.channel.nio.NioEventLoop.processSelectedKey(NioEventLoop.java:788)
	at io.netty.channel.nio.NioEventLoop.processSelectedKeysOptimized(NioEventLoop.java:724)
	at io.netty.channel.nio.NioEventLoop.processSelectedKeys(NioEventLoop.java:650)
	at io.netty.channel.nio.NioEventLoop.run(NioEventLoop.java:562)
	at io.netty.util.concurrent.SingleThreadEventExecutor$4.run(SingleThreadEventExecutor.java:997)
	at io.netty.util.internal.ThreadExecutorMap$2.run(ThreadExecutorMap.java:74)
	at io.netty.util.concurrent.FastThreadLocalRunnable.run(FastThreadLocalRunnable.java:30)
	at java.base/java.lang.Thread.run(Thread.java:842)
2025-01-08 02:37:04.807 Reconnecting, last destination was localhost/<unresolved>:6379
2025-01-08 02:37:04.809 Cannot reconnect to [localhost/<unresolved>:6379]: Connection refused: no further information: localhost/127.0.0.1:6379
2025-01-08 02:37:12.809 Reconnecting, last destination was localhost/<unresolved>:6379
2025-01-08 02:37:12.811 Reconnected to localhost/<unresolved>:6379
2025-01-08 02:37:14.595 

Found multiple occurrences of org.json.JSONObject on the class path:

	jar:file:/C:/work/apache-maven-3.8.8/repo/com/vaadin/external/google/android-json/0.0.20131108.vaadin1/android-json-0.0.20131108.vaadin1.jar!/org/json/JSONObject.class
	jar:file:/C:/work/apache-maven-3.8.8/repo/org/json/json/20220320/json-20220320.jar!/org/json/JSONObject.class

You may wish to exclude one of them to ensure predictable runtime behavior

2025-01-08 02:37:14.600 Starting FileLockThrottlingServiceSpec using Java 17.0.12 with PID 4632 (started by joech in C:\code\hsbc\demo\ping)
2025-01-08 02:37:14.601 No active profile set, falling back to 1 default profile: "default"
2025-01-08 02:37:15.162 Multiple Spring Data modules found, entering strict repository configuration mode
2025-01-08 02:37:15.163 Bootstrapping Spring Data Redis repositories in DEFAULT mode.
2025-01-08 02:37:15.176 Finished Spring Data repository scanning in 12 ms. Found 0 Redis repository interfaces.
2025-01-08 02:37:15.232 Redisson 3.21.3
2025-01-08 02:37:15.292 1 connections initialized for localhost/127.0.0.1:6379
2025-01-08 02:37:15.362 24 connections initialized for localhost/127.0.0.1:6379
2025-01-08 02:37:15.465 Exposing 1 endpoint(s) beneath base path '/actuator'
2025-01-08 02:37:15.542 Started FileLockThrottlingServiceSpec in 1.011 seconds (process running for 39.489)
2025-01-08 02:37:15.577 null Unexpected exception during request: java.net.SocketException: Connection reset
java.net.SocketException: Connection reset
	at java.base/sun.nio.ch.SocketChannelImpl.throwConnectionReset(SocketChannelImpl.java:394)
	at java.base/sun.nio.ch.SocketChannelImpl.read(SocketChannelImpl.java:426)
	at io.netty.buffer.PooledByteBuf.setBytes(PooledByteBuf.java:254)
	at io.netty.buffer.AbstractByteBuf.writeBytes(AbstractByteBuf.java:1132)
	at io.netty.channel.socket.nio.NioSocketChannel.doReadBytes(NioSocketChannel.java:357)
	at io.netty.channel.nio.AbstractNioByteChannel$NioByteUnsafe.read(AbstractNioByteChannel.java:151)
	at io.netty.channel.nio.NioEventLoop.processSelectedKey(NioEventLoop.java:788)
	at io.netty.channel.nio.NioEventLoop.processSelectedKeysOptimized(NioEventLoop.java:724)
	at io.netty.channel.nio.NioEventLoop.processSelectedKeys(NioEventLoop.java:650)
	at io.netty.channel.nio.NioEventLoop.run(NioEventLoop.java:562)
	at io.netty.util.concurrent.SingleThreadEventExecutor$4.run(SingleThreadEventExecutor.java:997)
	at io.netty.util.internal.ThreadExecutorMap$2.run(ThreadExecutorMap.java:74)
	at io.netty.util.concurrent.FastThreadLocalRunnable.run(FastThreadLocalRunnable.java:30)
	at java.base/java.lang.Thread.run(Thread.java:842)
2025-01-08 02:37:18.408 Reconnecting, last destination was localhost/<unresolved>:6379
2025-01-08 02:37:18.410 Cannot reconnect to [localhost/<unresolved>:6379]: Connection refused: no further information: localhost/127.0.0.1:6379
2025-01-08 02:37:24.713 Reconnecting, last destination was localhost/<unresolved>:6379
2025-01-08 02:37:24.714 Cannot reconnect to [localhost/<unresolved>:6379]: Connection refused: no further information: localhost/127.0.0.1:6379
2025-01-08 02:37:28.749 

Found multiple occurrences of org.json.JSONObject on the class path:

	jar:file:/C:/work/apache-maven-3.8.8/repo/com/vaadin/external/google/android-json/0.0.20131108.vaadin1/android-json-0.0.20131108.vaadin1.jar!/org/json/JSONObject.class
	jar:file:/C:/work/apache-maven-3.8.8/repo/org/json/json/20220320/json-20220320.jar!/org/json/JSONObject.class

You may wish to exclude one of them to ensure predictable runtime behavior

2025-01-08 02:37:28.752 Starting RedissonThrottlingServiceSpec using Java 17.0.12 with PID 4632 (started by joech in C:\code\hsbc\demo\ping)
2025-01-08 02:37:28.753 No active profile set, falling back to 1 default profile: "default"
2025-01-08 02:37:29.168 Multiple Spring Data modules found, entering strict repository configuration mode
2025-01-08 02:37:29.168 Bootstrapping Spring Data Redis repositories in DEFAULT mode.
2025-01-08 02:37:29.186 Finished Spring Data repository scanning in 17 ms. Found 0 Redis repository interfaces.
2025-01-08 02:37:29.306 Redisson 3.21.3
2025-01-08 02:37:29.476 1 connections initialized for localhost/127.0.0.1:6379
2025-01-08 02:37:29.652 24 connections initialized for localhost/127.0.0.1:6379
2025-01-08 02:37:29.915 Exposing 1 endpoint(s) beneath base path '/actuator'
2025-01-08 02:37:30.128 Started RedissonThrottlingServiceSpec in 1.414 seconds (process running for 54.074)
2025-01-08 02:37:33.010 Reconnecting, last destination was localhost/<unresolved>:6379
2025-01-08 02:37:33.012 Cannot reconnect to [localhost/<unresolved>:6379]: Connection refused: no further information: localhost/127.0.0.1:6379
2025-01-08 02:37:41.656 

Found multiple occurrences of org.json.JSONObject on the class path:

	jar:file:/C:/work/apache-maven-3.8.8/repo/com/vaadin/external/google/android-json/0.0.20131108.vaadin1/android-json-0.0.20131108.vaadin1.jar!/org/json/JSONObject.class
	jar:file:/C:/work/apache-maven-3.8.8/repo/org/json/json/20220320/json-20220320.jar!/org/json/JSONObject.class

You may wish to exclude one of them to ensure predictable runtime behavior

2025-01-08 02:37:41.660 Starting RedisThrottlingServiceSpec using Java 17.0.12 with PID 4632 (started by joech in C:\code\hsbc\demo\ping)
2025-01-08 02:37:41.660 No active profile set, falling back to 1 default profile: "default"
2025-01-08 02:37:42.059 Multiple Spring Data modules found, entering strict repository configuration mode
2025-01-08 02:37:42.060 Bootstrapping Spring Data Redis repositories in DEFAULT mode.
2025-01-08 02:37:42.069 Finished Spring Data repository scanning in 12 ms. Found 0 Redis repository interfaces.
2025-01-08 02:37:42.175 Redisson 3.21.3
2025-01-08 02:37:42.272 1 connections initialized for localhost/127.0.0.1:6379
2025-01-08 02:37:42.386 24 connections initialized for localhost/127.0.0.1:6379
2025-01-08 02:37:42.612 Exposing 1 endpoint(s) beneath base path '/actuator'
2025-01-08 02:37:42.785 Started RedisThrottlingServiceSpec in 1.16 seconds (process running for 66.731)
2025-01-08 02:37:42.925 null Unexpected exception during request: java.net.SocketException: Connection reset
java.net.SocketException: Connection reset
	at java.base/sun.nio.ch.SocketChannelImpl.throwConnectionReset(SocketChannelImpl.java:394)
	at java.base/sun.nio.ch.SocketChannelImpl.read(SocketChannelImpl.java:426)
	at io.netty.buffer.PooledByteBuf.setBytes(PooledByteBuf.java:254)
	at io.netty.buffer.AbstractByteBuf.writeBytes(AbstractByteBuf.java:1132)
	at io.netty.channel.socket.nio.NioSocketChannel.doReadBytes(NioSocketChannel.java:357)
	at io.netty.channel.nio.AbstractNioByteChannel$NioByteUnsafe.read(AbstractNioByteChannel.java:151)
	at io.netty.channel.nio.NioEventLoop.processSelectedKey(NioEventLoop.java:788)
	at io.netty.channel.nio.NioEventLoop.processSelectedKeysOptimized(NioEventLoop.java:724)
	at io.netty.channel.nio.NioEventLoop.processSelectedKeys(NioEventLoop.java:650)
	at io.netty.channel.nio.NioEventLoop.run(NioEventLoop.java:562)
	at io.netty.util.concurrent.SingleThreadEventExecutor$4.run(SingleThreadEventExecutor.java:997)
	at io.netty.util.internal.ThreadExecutorMap$2.run(ThreadExecutorMap.java:74)
	at io.netty.util.concurrent.FastThreadLocalRunnable.run(FastThreadLocalRunnable.java:30)
	at java.base/java.lang.Thread.run(Thread.java:842)
2025-01-08 02:37:42.963 Reconnecting, last destination was localhost/127.0.0.1:6379
2025-01-08 02:37:42.968 Cannot reconnect to [localhost/<unresolved>:6379]: Connection refused: no further information: localhost/127.0.0.1:6379
2025-01-08 02:37:44.074 io.lettuce.core.resource.DefaultClientResources was not shut down properly, shutdown() was not called before it's garbage-collected. Call shutdown() or shutdown(long,long,TimeUnit) 
2025-01-08 02:37:44.074 io.lettuce.core.resource.DefaultClientResources was not shut down properly, shutdown() was not called before it's garbage-collected. Call shutdown() or shutdown(long,long,TimeUnit) 
2025-01-08 02:37:44.074 io.lettuce.core.resource.DefaultClientResources was not shut down properly, shutdown() was not called before it's garbage-collected. Call shutdown() or shutdown(long,long,TimeUnit) 
2025-01-08 02:37:49.406 Reconnecting, last destination was localhost/<unresolved>:6379
2025-01-08 02:37:49.408 Cannot reconnect to [localhost/<unresolved>:6379]: Connection refused: no further information: localhost/127.0.0.1:6379
2025-01-08 02:37:52.073 Reconnecting, last destination was localhost/<unresolved>:6379
2025-01-08 02:37:52.073 Cannot reconnect to [localhost/<unresolved>:6379]: Connection refused: no further information: localhost/127.0.0.1:6379
2025-01-08 02:37:56.402 

Found multiple occurrences of org.json.JSONObject on the class path:

	jar:file:/C:/work/apache-maven-3.8.8/repo/com/vaadin/external/google/android-json/0.0.20131108.vaadin1/android-json-0.0.20131108.vaadin1.jar!/org/json/JSONObject.class
	jar:file:/C:/work/apache-maven-3.8.8/repo/org/json/json/20220320/json-20220320.jar!/org/json/JSONObject.class

You may wish to exclude one of them to ensure predictable runtime behavior

2025-01-08 02:37:56.410 Starting PingServiceSpec using Java 17.0.12 with PID 4632 (started by joech in C:\code\hsbc\demo\ping)
2025-01-08 02:37:56.410 No active profile set, falling back to 1 default profile: "default"
2025-01-08 02:37:56.620 Multiple Spring Data modules found, entering strict repository configuration mode
2025-01-08 02:37:56.621 Bootstrapping Spring Data Redis repositories in DEFAULT mode.
2025-01-08 02:37:56.633 Finished Spring Data repository scanning in 12 ms. Found 0 Redis repository interfaces.
2025-01-08 02:37:56.713 Redisson 3.21.3
2025-01-08 02:37:56.818 1 connections initialized for localhost/127.0.0.1:6379
2025-01-08 02:37:56.909 24 connections initialized for localhost/127.0.0.1:6379
2025-01-08 02:37:57.071 Exposing 1 endpoint(s) beneath base path '/actuator'
2025-01-08 02:37:57.209 Started PingServiceSpec in 0.827 seconds (process running for 81.155)
2025-01-08 02:37:58.365 Request 0 sent & Pong Respond: 200
2025-01-08 02:38:00.361 Reconnecting, last destination was localhost/<unresolved>:6379
2025-01-08 02:38:00.363 Cannot reconnect to [localhost/<unresolved>:6379]: Connection refused: no further information: localhost/127.0.0.1:6379
2025-01-08 02:38:09.536 Request 0 send & Pong throttled it 429
2025-01-08 02:38:10.554 Request 0 not sent as being 'ping rate limited'
2025-01-08 02:38:41.382 Could not detect default configuration classes for test class [com.demo.ct.PingServiceCTRedisSpec]: PingServiceCTRedisSpec does not declare any static, non-private, non-final, nested classes annotated with @Configuration.
2025-01-08 02:38:41.563 Found @SpringBootConfiguration com.demo.PingApplication for test class com.demo.ct.PingServiceCTRedisSpec
2025-01-08 02:38:41.761 Could not detect default configuration classes for test class [com.demo.ct.PingServiceCTSpec]: PingServiceCTSpec does not declare any static, non-private, non-final, nested classes annotated with @Configuration.
2025-01-08 02:38:41.765 Found @SpringBootConfiguration com.demo.PingApplication for test class com.demo.ct.PingServiceCTSpec
2025-01-08 02:38:41.797 Could not detect default configuration classes for test class [com.demo.service.impl.FileLockThrottlingServiceSpec]: FileLockThrottlingServiceSpec does not declare any static, non-private, non-final, nested classes annotated with @Configuration.
2025-01-08 02:38:41.883 Found @SpringBootConfiguration com.demo.PingApplication for test class com.demo.service.impl.FileLockThrottlingServiceSpec
2025-01-08 02:38:41.891 Could not detect default configuration classes for test class [com.demo.service.impl.RedissonThrottlingServiceSpec]: RedissonThrottlingServiceSpec does not declare any static, non-private, non-final, nested classes annotated with @Configuration.
2025-01-08 02:38:41.893 Found @SpringBootConfiguration com.demo.PingApplication for test class com.demo.service.impl.RedissonThrottlingServiceSpec
2025-01-08 02:38:41.903 Could not detect default configuration classes for test class [com.demo.service.impl.RedisThrottlingServiceSpec]: RedisThrottlingServiceSpec does not declare any static, non-private, non-final, nested classes annotated with @Configuration.
2025-01-08 02:38:41.906 Found @SpringBootConfiguration com.demo.PingApplication for test class com.demo.service.impl.RedisThrottlingServiceSpec
2025-01-08 02:38:41.928 Could not detect default configuration classes for test class [com.demo.service.PingServiceSpec]: PingServiceSpec does not declare any static, non-private, non-final, nested classes annotated with @Configuration.
2025-01-08 02:38:41.953 Found @SpringBootConfiguration com.demo.PingApplication for test class com.demo.service.PingServiceSpec
2025-01-08 02:38:41.968 Could not detect default configuration classes for test class [com.demo.ct.PingServiceCTRedisSpec]: PingServiceCTRedisSpec does not declare any static, non-private, non-final, nested classes annotated with @Configuration.
2025-01-08 02:38:41.971 Found @SpringBootConfiguration com.demo.PingApplication for test class com.demo.ct.PingServiceCTRedisSpec
2025-01-08 02:38:41.975 Could not detect default configuration classes for test class [com.demo.ct.PingServiceCTSpec]: PingServiceCTSpec does not declare any static, non-private, non-final, nested classes annotated with @Configuration.
2025-01-08 02:38:41.976 Found @SpringBootConfiguration com.demo.PingApplication for test class com.demo.ct.PingServiceCTSpec
2025-01-08 02:38:41.979 Could not detect default configuration classes for test class [com.demo.service.impl.FileLockThrottlingServiceSpec]: FileLockThrottlingServiceSpec does not declare any static, non-private, non-final, nested classes annotated with @Configuration.
2025-01-08 02:38:41.982 Found @SpringBootConfiguration com.demo.PingApplication for test class com.demo.service.impl.FileLockThrottlingServiceSpec
2025-01-08 02:38:41.984 Could not detect default configuration classes for test class [com.demo.service.impl.RedissonThrottlingServiceSpec]: RedissonThrottlingServiceSpec does not declare any static, non-private, non-final, nested classes annotated with @Configuration.
2025-01-08 02:38:41.986 Found @SpringBootConfiguration com.demo.PingApplication for test class com.demo.service.impl.RedissonThrottlingServiceSpec
2025-01-08 02:38:41.990 Could not detect default configuration classes for test class [com.demo.service.impl.RedisThrottlingServiceSpec]: RedisThrottlingServiceSpec does not declare any static, non-private, non-final, nested classes annotated with @Configuration.
2025-01-08 02:38:41.992 Found @SpringBootConfiguration com.demo.PingApplication for test class com.demo.service.impl.RedisThrottlingServiceSpec
2025-01-08 02:38:41.995 Could not detect default configuration classes for test class [com.demo.service.PingServiceSpec]: PingServiceSpec does not declare any static, non-private, non-final, nested classes annotated with @Configuration.
2025-01-08 02:38:41.997 Found @SpringBootConfiguration com.demo.PingApplication for test class com.demo.service.PingServiceSpec
2025-01-08 02:38:44.744 

Found multiple occurrences of org.json.JSONObject on the class path:

	jar:file:/C:/work/apache-maven-3.8.8/repo/com/vaadin/external/google/android-json/0.0.20131108.vaadin1/android-json-0.0.20131108.vaadin1.jar!/org/json/JSONObject.class
	jar:file:/C:/work/apache-maven-3.8.8/repo/org/json/json/20220320/json-20220320.jar!/org/json/JSONObject.class

You may wish to exclude one of them to ensure predictable runtime behavior

2025-01-08 02:38:44.764 Starting PingServiceCTRedisSpec using Java 17.0.12 with PID 30852 (started by joech in C:\code\hsbc\demo\ping)
2025-01-08 02:38:44.766 No active profile set, falling back to 1 default profile: "default"
2025-01-08 02:38:45.780 Multiple Spring Data modules found, entering strict repository configuration mode
2025-01-08 02:38:45.784 Bootstrapping Spring Data Redis repositories in DEFAULT mode.
2025-01-08 02:38:45.822 Finished Spring Data repository scanning in 19 ms. Found 0 Redis repository interfaces.
2025-01-08 02:38:46.930 Redisson 3.21.3
2025-01-08 02:38:47.295 1 connections initialized for localhost/127.0.0.1:6379
2025-01-08 02:38:47.457 24 connections initialized for localhost/127.0.0.1:6379
2025-01-08 02:38:48.589 Exposing 1 endpoint(s) beneath base path '/actuator'
2025-01-08 02:38:49.844 Started PingServiceCTRedisSpec in 5.272 seconds (process running for 11.236)
2025-01-08 02:38:51.878 Request 0 sent & Pong Respond: 200
2025-01-08 02:38:51.898 Request 1 send & Pong throttled it 429
2025-01-08 02:38:52.026 Request 2 not sent as being 'ping rate limited'
2025-01-08 02:38:52.141 null Unexpected exception during request: java.net.SocketException: Connection reset
java.net.SocketException: Connection reset
	at java.base/sun.nio.ch.SocketChannelImpl.throwConnectionReset(SocketChannelImpl.java:394)
	at java.base/sun.nio.ch.SocketChannelImpl.read(SocketChannelImpl.java:426)
	at io.netty.buffer.PooledByteBuf.setBytes(PooledByteBuf.java:254)
	at io.netty.buffer.AbstractByteBuf.writeBytes(AbstractByteBuf.java:1132)
	at io.netty.channel.socket.nio.NioSocketChannel.doReadBytes(NioSocketChannel.java:357)
	at io.netty.channel.nio.AbstractNioByteChannel$NioByteUnsafe.read(AbstractNioByteChannel.java:151)
	at io.netty.channel.nio.NioEventLoop.processSelectedKey(NioEventLoop.java:788)
	at io.netty.channel.nio.NioEventLoop.processSelectedKeysOptimized(NioEventLoop.java:724)
	at io.netty.channel.nio.NioEventLoop.processSelectedKeys(NioEventLoop.java:650)
	at io.netty.channel.nio.NioEventLoop.run(NioEventLoop.java:562)
	at io.netty.util.concurrent.SingleThreadEventExecutor$4.run(SingleThreadEventExecutor.java:997)
	at io.netty.util.internal.ThreadExecutorMap$2.run(ThreadExecutorMap.java:74)
	at io.netty.util.concurrent.FastThreadLocalRunnable.run(FastThreadLocalRunnable.java:30)
	at java.base/java.lang.Thread.run(Thread.java:842)
2025-01-08 02:38:52.193 Reconnecting, last destination was localhost/127.0.0.1:6379
2025-01-08 02:38:52.197 Cannot reconnect to [localhost/<unresolved>:6379]: Connection refused: no further information: localhost/127.0.0.1:6379
2025-01-08 02:39:01.293 Reconnecting, last destination was localhost/<unresolved>:6379
2025-01-08 02:39:01.295 Cannot reconnect to [localhost/<unresolved>:6379]: Connection refused: no further information: localhost/127.0.0.1:6379
2025-01-08 02:39:05.084 

Found multiple occurrences of org.json.JSONObject on the class path:

	jar:file:/C:/work/apache-maven-3.8.8/repo/com/vaadin/external/google/android-json/0.0.20131108.vaadin1/android-json-0.0.20131108.vaadin1.jar!/org/json/JSONObject.class
	jar:file:/C:/work/apache-maven-3.8.8/repo/org/json/json/20220320/json-20220320.jar!/org/json/JSONObject.class

You may wish to exclude one of them to ensure predictable runtime behavior

2025-01-08 02:39:05.085 Starting PingServiceCTSpec using Java 17.0.12 with PID 30852 (started by joech in C:\code\hsbc\demo\ping)
2025-01-08 02:39:05.085 No active profile set, falling back to 1 default profile: "default"
2025-01-08 02:39:05.386 Multiple Spring Data modules found, entering strict repository configuration mode
2025-01-08 02:39:05.386 Bootstrapping Spring Data Redis repositories in DEFAULT mode.
2025-01-08 02:39:05.406 Finished Spring Data repository scanning in 17 ms. Found 0 Redis repository interfaces.
2025-01-08 02:39:05.523 Redisson 3.21.3
2025-01-08 02:39:05.645 1 connections initialized for localhost/127.0.0.1:6379
2025-01-08 02:39:05.774 24 connections initialized for localhost/127.0.0.1:6379
2025-01-08 02:39:06.096 Exposing 1 endpoint(s) beneath base path '/actuator'
2025-01-08 02:39:06.302 Started PingServiceCTSpec in 1.24 seconds (process running for 27.698)
2025-01-08 02:39:06.653 Request 0 sent & Pong Respond: 200
2025-01-08 02:39:06.773 Request 1 send & Pong throttled it 429
2025-01-08 02:39:06.960 Request 2 not sent as being 'ping rate limited'
2025-01-08 02:39:07.151 Request 3 not sent as being 'ping rate limited'
2025-01-08 02:39:07.358 Request 4 not sent as being 'ping rate limited'
2025-01-08 02:39:09.590 Reconnecting, last destination was localhost/<unresolved>:6379
2025-01-08 02:39:09.592 Cannot reconnect to [localhost/<unresolved>:6379]: Connection refused: no further information: localhost/127.0.0.1:6379
2025-01-08 02:39:19.812 

Found multiple occurrences of org.json.JSONObject on the class path:

	jar:file:/C:/work/apache-maven-3.8.8/repo/com/vaadin/external/google/android-json/0.0.20131108.vaadin1/android-json-0.0.20131108.vaadin1.jar!/org/json/JSONObject.class
	jar:file:/C:/work/apache-maven-3.8.8/repo/org/json/json/20220320/json-20220320.jar!/org/json/JSONObject.class

You may wish to exclude one of them to ensure predictable runtime behavior

2025-01-08 02:39:19.816 Starting FileLockThrottlingServiceSpec using Java 17.0.12 with PID 30852 (started by joech in C:\code\hsbc\demo\ping)
2025-01-08 02:39:19.816 No active profile set, falling back to 1 default profile: "default"
2025-01-08 02:39:20.005 Multiple Spring Data modules found, entering strict repository configuration mode
2025-01-08 02:39:20.005 Bootstrapping Spring Data Redis repositories in DEFAULT mode.
2025-01-08 02:39:20.025 Finished Spring Data repository scanning in 8 ms. Found 0 Redis repository interfaces.
2025-01-08 02:39:20.069 Redisson 3.21.3
2025-01-08 02:39:20.163 1 connections initialized for localhost/127.0.0.1:6379
2025-01-08 02:39:20.253 24 connections initialized for localhost/127.0.0.1:6379
2025-01-08 02:39:20.442 Exposing 1 endpoint(s) beneath base path '/actuator'
2025-01-08 02:39:20.602 Started FileLockThrottlingServiceSpec in 0.811 seconds (process running for 41.996)
2025-01-08 02:39:25.988 Reconnecting, last destination was localhost/<unresolved>:6379
2025-01-08 02:39:25.989 Cannot reconnect to [localhost/<unresolved>:6379]: Connection refused: no further information: localhost/127.0.0.1:6379
2025-01-08 02:39:36.096 

Found multiple occurrences of org.json.JSONObject on the class path:

	jar:file:/C:/work/apache-maven-3.8.8/repo/com/vaadin/external/google/android-json/0.0.20131108.vaadin1/android-json-0.0.20131108.vaadin1.jar!/org/json/JSONObject.class
	jar:file:/C:/work/apache-maven-3.8.8/repo/org/json/json/20220320/json-20220320.jar!/org/json/JSONObject.class

You may wish to exclude one of them to ensure predictable runtime behavior

2025-01-08 02:39:36.108 Starting RedissonThrottlingServiceSpec using Java 17.0.12 with PID 30852 (started by joech in C:\code\hsbc\demo\ping)
2025-01-08 02:39:36.109 No active profile set, falling back to 1 default profile: "default"
2025-01-08 02:39:36.570 Multiple Spring Data modules found, entering strict repository configuration mode
2025-01-08 02:39:36.574 Bootstrapping Spring Data Redis repositories in DEFAULT mode.
2025-01-08 02:39:36.602 Finished Spring Data repository scanning in 26 ms. Found 0 Redis repository interfaces.
2025-01-08 02:39:36.718 Redisson 3.21.3
2025-01-08 02:39:36.885 1 connections initialized for localhost/127.0.0.1:6379
2025-01-08 02:39:37.088 24 connections initialized for localhost/127.0.0.1:6379
2025-01-08 02:39:37.355 Exposing 1 endpoint(s) beneath base path '/actuator'
2025-01-08 02:39:37.463 Started RedissonThrottlingServiceSpec in 1.429 seconds (process running for 58.856)
2025-01-08 02:39:49.870 

Found multiple occurrences of org.json.JSONObject on the class path:

	jar:file:/C:/work/apache-maven-3.8.8/repo/com/vaadin/external/google/android-json/0.0.20131108.vaadin1/android-json-0.0.20131108.vaadin1.jar!/org/json/JSONObject.class
	jar:file:/C:/work/apache-maven-3.8.8/repo/org/json/json/20220320/json-20220320.jar!/org/json/JSONObject.class

You may wish to exclude one of them to ensure predictable runtime behavior

2025-01-08 02:39:49.881 Starting RedisThrottlingServiceSpec using Java 17.0.12 with PID 30852 (started by joech in C:\code\hsbc\demo\ping)
2025-01-08 02:39:49.882 No active profile set, falling back to 1 default profile: "default"
2025-01-08 02:39:50.461 Multiple Spring Data modules found, entering strict repository configuration mode
2025-01-08 02:39:50.462 Bootstrapping Spring Data Redis repositories in DEFAULT mode.
2025-01-08 02:39:50.473 Finished Spring Data repository scanning in 11 ms. Found 0 Redis repository interfaces.
2025-01-08 02:39:50.529 Redisson 3.21.3
2025-01-08 02:39:50.618 1 connections initialized for localhost/127.0.0.1:6379
2025-01-08 02:39:50.661 io.lettuce.core.resource.DefaultClientResources was not shut down properly, shutdown() was not called before it's garbage-collected. Call shutdown() or shutdown(long,long,TimeUnit) 
2025-01-08 02:39:50.733 24 connections initialized for localhost/127.0.0.1:6379
2025-01-08 02:39:50.868 Exposing 1 endpoint(s) beneath base path '/actuator'
2025-01-08 02:39:50.917 Started RedisThrottlingServiceSpec in 1.079 seconds (process running for 72.313)
2025-01-08 02:39:50.967 null Unexpected exception during request: java.net.SocketException: Connection reset
java.net.SocketException: Connection reset
	at java.base/sun.nio.ch.SocketChannelImpl.throwConnectionReset(SocketChannelImpl.java:394)
	at java.base/sun.nio.ch.SocketChannelImpl.read(SocketChannelImpl.java:426)
	at io.netty.buffer.PooledByteBuf.setBytes(PooledByteBuf.java:254)
	at io.netty.buffer.AbstractByteBuf.writeBytes(AbstractByteBuf.java:1132)
	at io.netty.channel.socket.nio.NioSocketChannel.doReadBytes(NioSocketChannel.java:357)
	at io.netty.channel.nio.AbstractNioByteChannel$NioByteUnsafe.read(AbstractNioByteChannel.java:151)
	at io.netty.channel.nio.NioEventLoop.processSelectedKey(NioEventLoop.java:788)
	at io.netty.channel.nio.NioEventLoop.processSelectedKeysOptimized(NioEventLoop.java:724)
	at io.netty.channel.nio.NioEventLoop.processSelectedKeys(NioEventLoop.java:650)
	at io.netty.channel.nio.NioEventLoop.run(NioEventLoop.java:562)
	at io.netty.util.concurrent.SingleThreadEventExecutor$4.run(SingleThreadEventExecutor.java:997)
	at io.netty.util.internal.ThreadExecutorMap$2.run(ThreadExecutorMap.java:74)
	at io.netty.util.concurrent.FastThreadLocalRunnable.run(FastThreadLocalRunnable.java:30)
	at java.base/java.lang.Thread.run(Thread.java:842)
2025-01-08 02:39:51.023 Reconnecting, last destination was localhost/127.0.0.1:6379
2025-01-08 02:39:51.024 Cannot reconnect to [localhost/<unresolved>:6379]: Connection refused: no further information: localhost/127.0.0.1:6379
2025-01-08 02:39:56.104 Reconnecting, last destination was localhost/<unresolved>:6379
2025-01-08 02:39:56.104 Cannot reconnect to [localhost/<unresolved>:6379]: Connection refused: no further information: localhost/127.0.0.1:6379
2025-01-08 02:40:00.123 Reconnecting, last destination was localhost/<unresolved>:6379
2025-01-08 02:40:00.125 Cannot reconnect to [localhost/<unresolved>:6379]: Connection refused: no further information: localhost/127.0.0.1:6379
2025-01-08 02:40:04.239 

Found multiple occurrences of org.json.JSONObject on the class path:

	jar:file:/C:/work/apache-maven-3.8.8/repo/com/vaadin/external/google/android-json/0.0.20131108.vaadin1/android-json-0.0.20131108.vaadin1.jar!/org/json/JSONObject.class
	jar:file:/C:/work/apache-maven-3.8.8/repo/org/json/json/20220320/json-20220320.jar!/org/json/JSONObject.class

You may wish to exclude one of them to ensure predictable runtime behavior

2025-01-08 02:40:04.241 Starting PingServiceSpec using Java 17.0.12 with PID 30852 (started by joech in C:\code\hsbc\demo\ping)
2025-01-08 02:40:04.241 No active profile set, falling back to 1 default profile: "default"
2025-01-08 02:40:04.332 Multiple Spring Data modules found, entering strict repository configuration mode
2025-01-08 02:40:04.332 Bootstrapping Spring Data Redis repositories in DEFAULT mode.
2025-01-08 02:40:04.336 Finished Spring Data repository scanning in 3 ms. Found 0 Redis repository interfaces.
2025-01-08 02:40:04.360 Redisson 3.21.3
2025-01-08 02:40:04.386 1 connections initialized for localhost/127.0.0.1:6379
2025-01-08 02:40:04.422 24 connections initialized for localhost/127.0.0.1:6379
2025-01-08 02:40:04.469 Exposing 1 endpoint(s) beneath base path '/actuator'
2025-01-08 02:40:04.502 Started PingServiceSpec in 0.273 seconds (process running for 85.896)
2025-01-08 02:40:05.563 Request 0 sent & Pong Respond: 200
2025-01-08 02:40:08.321 Reconnecting, last destination was localhost/<unresolved>:6379
2025-01-08 02:40:08.326 Cannot reconnect to [localhost/<unresolved>:6379]: Connection refused: no further information: localhost/127.0.0.1:6379
2025-01-08 02:40:17.901 Request 0 send & Pong throttled it 429
2025-01-08 02:40:18.915 Request 0 not sent as being 'ping rate limited'
