2024-12-26 15:14:01.971 Starting PingApplication using Java 17.0.12 with PID 16896 (C:\code\hbsc\ping\target\classes started by joech in C:\code\hbsc)
2024-12-26 15:14:01.973 No active profile set, falling back to 1 default profile: "default"
2024-12-26 15:14:02.376 Multiple Spring Data modules found, entering strict repository configuration mode
2024-12-26 15:14:02.380 Bootstrapping Spring Data Redis repositories in DEFAULT mode.
2024-12-26 15:14:02.401 Finished Spring Data repository scanning in 10 ms. Found 0 Redis repository interfaces.
2024-12-26 15:14:03.306 Netty started on port 8082
2024-12-26 15:14:03.318 Started PingApplication in 1.6 seconds (process running for 2.008)
2024-12-26 15:14:03.441 Request count: 0 in current second
2024-12-26 15:14:03.534 Request count: 1 in current second
2024-12-26 15:14:03.581 Request sent & Pong Respond: World
2024-12-26 15:14:03.581 Request sent & Pong Respond: World
2024-12-26 15:14:03.643 Request count: 2 in current second
2024-12-26 15:14:03.736 Request count: 0 in current second
2024-12-26 15:14:03.754 Request send & Pong throttled it
2024-12-26 15:14:03.832 Request count: 1 in current second
2024-12-26 15:14:03.838 Request send & Pong throttled it
2024-12-26 15:14:03.940 Request count: 2 in current second
2024-12-26 15:14:04.035 Request count: 2 in current second
2024-12-26 15:14:04.129 Request count: 2 in current second
2024-12-26 15:14:04.237 Request count: 2 in current second
2024-12-26 15:14:04.332 Request count: 2 in current second
2024-12-26 15:14:04.445 Request count: 2 in current second
2024-12-26 15:14:04.539 Request count: 2 in current second
2024-12-26 15:14:04.632 Request count: 2 in current second
2024-12-26 15:14:04.739 Request count: 0 in current second
2024-12-26 15:14:04.744 Request sent & Pong Respond: World
2024-12-26 15:14:04.835 Request count: 1 in current second
2024-12-26 15:14:04.840 Request send & Pong throttled it
2024-12-26 15:14:04.945 Request count: 2 in current second
2024-12-26 15:14:05.040 Request count: 2 in current second
2024-12-26 15:14:05.133 Request count: 2 in current second
2024-12-26 15:14:05.243 Request count: 2 in current second
2024-12-26 15:14:05.335 Request count: 2 in current second
2024-12-26 15:14:05.430 Request count: 2 in current second
2024-12-26 15:14:05.537 Request count: 2 in current second
2024-12-26 15:14:05.630 Request count: 2 in current second
2024-12-26 15:14:05.741 Request count: 0 in current second
2024-12-26 15:14:05.746 Request sent & Pong Respond: World
2024-12-26 15:14:05.835 Request count: 1 in current second
2024-12-26 15:14:05.840 Request send & Pong throttled it
2024-12-26 15:14:05.930 Request count: 2 in current second
2024-12-26 15:14:06.039 Request count: 2 in current second
2024-12-26 15:14:06.131 Request count: 2 in current second
2024-12-26 15:14:06.241 Request count: 2 in current second
2024-12-26 15:14:06.335 Request count: 2 in current second
2024-12-26 15:14:06.444 Request count: 2 in current second
2024-12-26 15:14:06.537 Request count: 2 in current second
2024-12-26 15:14:06.631 Request count: 2 in current second
2024-12-26 15:14:06.742 Request count: 0 in current second
2024-12-26 15:14:06.746 Request sent & Pong Respond: World
2024-12-26 15:14:06.836 Request count: 1 in current second
2024-12-26 15:14:06.840 Request send & Pong throttled it
2024-12-26 15:14:06.929 Request count: 2 in current second
2024-12-26 15:14:07.038 Request count: 2 in current second
2024-12-26 15:14:07.134 Request count: 2 in current second
2024-12-26 15:14:07.243 Request count: 2 in current second
2024-12-26 15:14:07.335 Request count: 2 in current second
2024-12-26 15:14:07.445 Request count: 2 in current second
2024-12-26 15:14:07.536 Request count: 2 in current second
2024-12-26 15:14:07.644 Request count: 2 in current second
2024-12-26 15:14:07.737 Request count: 0 in current second
2024-12-26 15:14:07.741 Request sent & Pong Respond: World
2024-12-26 15:14:07.831 Request count: 1 in current second
2024-12-26 15:14:07.836 Request send & Pong throttled it
2024-12-26 15:14:07.940 Request count: 2 in current second
2024-12-26 15:14:08.033 Request count: 2 in current second
2024-12-26 15:14:08.142 Request count: 2 in current second
2024-12-26 15:14:08.235 Request count: 2 in current second
2024-12-26 15:14:08.329 Request count: 2 in current second
2024-12-26 15:14:08.438 Request count: 2 in current second
2024-12-26 15:14:08.532 Request count: 2 in current second
2024-12-26 15:14:08.643 Request count: 2 in current second
2024-12-26 15:14:08.738 Request count: 0 in current second
2024-12-26 15:14:08.742 Request sent & Pong Respond: World
2024-12-26 15:14:08.832 Request count: 1 in current second
2024-12-26 15:14:08.837 Request send & Pong throttled it
2024-12-26 15:14:08.940 Request count: 2 in current second
2024-12-26 15:14:09.033 Request count: 2 in current second
2024-12-26 15:14:09.142 Request count: 2 in current second
2024-12-26 15:14:09.236 Request count: 2 in current second
2024-12-26 15:14:09.329 Request count: 2 in current second
2024-12-26 15:14:09.440 Request count: 2 in current second
2024-12-26 15:14:09.534 Request count: 2 in current second
2024-12-26 15:14:09.643 Request count: 2 in current second
2024-12-26 15:14:09.737 Request count: 0 in current second
2024-12-26 15:14:09.741 Request sent & Pong Respond: World
2024-12-26 15:14:09.844 Request count: 1 in current second
2024-12-26 15:14:09.849 Request send & Pong throttled it
2024-12-26 15:14:09.938 Request count: 2 in current second
2024-12-26 15:14:10.033 Request count: 2 in current second
2024-12-26 15:14:10.144 Request count: 2 in current second
2024-12-26 15:14:10.237 Request count: 2 in current second
2024-12-26 15:14:10.332 Request count: 2 in current second
2024-12-26 15:14:10.441 Request count: 2 in current second
2024-12-26 15:14:10.535 Request count: 2 in current second
2024-12-26 15:14:10.629 Request count: 2 in current second
2024-12-26 15:14:10.739 Request count: 0 in current second
2024-12-26 15:14:10.743 Request sent & Pong Respond: World
2024-12-26 15:14:10.834 Request count: 1 in current second
2024-12-26 15:14:10.839 Request send & Pong throttled it
2024-12-26 15:14:10.929 Request count: 2 in current second
2024-12-26 15:14:11.040 Request count: 2 in current second
2024-12-26 15:14:11.134 Request count: 2 in current second
2024-12-26 15:14:11.243 Request count: 2 in current second
2024-12-26 15:14:11.337 Request count: 2 in current second
2024-12-26 15:14:11.430 Request count: 2 in current second
2024-12-26 15:14:11.541 Request count: 2 in current second
2024-12-26 15:14:11.634 Request count: 2 in current second
2024-12-26 15:14:11.742 Request count: 0 in current second
2024-12-26 15:14:11.746 Request sent & Pong Respond: World
2024-12-26 15:14:11.835 Request count: 1 in current second
2024-12-26 15:14:11.841 Request send & Pong throttled it
2024-12-26 15:14:11.929 Request count: 2 in current second
2024-12-26 15:14:12.039 Request count: 2 in current second
2024-12-26 15:14:12.132 Request count: 2 in current second
2024-12-26 15:14:12.242 Request count: 2 in current second
2024-12-26 15:14:12.336 Request count: 2 in current second
2024-12-26 15:14:12.430 Request count: 2 in current second
2024-12-26 15:14:12.539 Request count: 2 in current second
2024-12-26 15:14:12.635 Request count: 2 in current second
2024-12-26 15:14:12.742 Request count: 0 in current second
2024-12-26 15:14:12.746 Request sent & Pong Respond: World
2024-12-26 15:14:12.834 Request count: 1 in current second
2024-12-26 15:14:12.839 Request send & Pong throttled it
2024-12-26 15:14:12.929 Request count: 2 in current second
2024-12-26 15:14:13.041 Request count: 2 in current second
2024-12-26 15:14:13.137 Request count: 2 in current second
2024-12-26 15:14:13.230 Request count: 2 in current second
2024-12-26 15:14:13.339 Request count: 2 in current second
2024-12-26 15:14:13.433 Request count: 2 in current second
2024-12-26 15:14:13.540 Request count: 2 in current second
2024-12-26 15:14:13.633 Request count: 2 in current second
2024-12-26 15:14:13.742 Request count: 0 in current second
2024-12-26 15:14:13.746 Request sent & Pong Respond: World
2024-12-26 15:14:13.835 Request count: 1 in current second
2024-12-26 15:14:13.840 Request send & Pong throttled it
2024-12-26 15:14:13.942 Request count: 2 in current second
2024-12-26 15:14:14.037 Request count: 2 in current second
2024-12-26 15:14:14.131 Request count: 2 in current second
2024-12-26 15:14:14.242 Request count: 2 in current second
2024-12-26 15:14:14.336 Request count: 2 in current second
2024-12-26 15:14:14.430 Request count: 2 in current second
2024-12-26 15:14:14.539 Request count: 2 in current second
2024-12-26 15:14:14.633 Request count: 2 in current second
2024-12-26 15:14:14.741 Request count: 0 in current second
2024-12-26 15:14:14.745 Request sent & Pong Respond: World
2024-12-26 15:14:14.836 Request count: 1 in current second
2024-12-26 15:14:14.841 Request send & Pong throttled it
2024-12-26 15:14:14.931 Request count: 2 in current second
2024-12-26 15:14:15.041 Request count: 2 in current second
2024-12-26 15:14:15.135 Request count: 2 in current second
2024-12-26 15:14:15.230 Request count: 2 in current second
2024-12-26 15:14:15.340 Request count: 2 in current second
2024-12-26 15:14:15.433 Request count: 2 in current second
2024-12-26 15:14:15.543 Request count: 2 in current second
2024-12-26 15:14:15.636 Request count: 2 in current second
2024-12-26 15:14:15.730 Request count: 0 in current second
2024-12-26 15:14:15.734 Request sent & Pong Respond: World
2024-12-26 15:14:15.840 Request count: 1 in current second
2024-12-26 15:14:15.845 Request send & Pong throttled it
2024-12-26 15:14:15.933 Request count: 2 in current second
2024-12-26 15:14:16.042 Request count: 2 in current second
2024-12-26 15:14:16.135 Request count: 2 in current second
2024-12-26 15:14:16.229 Request count: 2 in current second
2024-12-26 15:14:16.339 Request count: 2 in current second
2024-12-26 15:14:16.434 Request count: 2 in current second
2024-12-26 15:14:16.543 Request count: 2 in current second
2024-12-26 15:14:16.637 Request count: 2 in current second
2024-12-26 15:14:16.731 Request count: 0 in current second
2024-12-26 15:14:16.734 Request sent & Pong Respond: World
2024-12-26 15:14:16.841 Request count: 1 in current second
2024-12-26 15:14:16.846 Request send & Pong throttled it
2024-12-26 15:14:16.936 Request count: 2 in current second
2024-12-26 15:14:17.030 Request count: 2 in current second
2024-12-26 15:14:17.139 Request count: 2 in current second
2024-12-26 15:14:17.234 Request count: 2 in current second
2024-12-26 15:14:17.345 Request count: 2 in current second
2024-12-26 15:14:17.439 Request count: 2 in current second
2024-12-26 15:14:17.533 Request count: 2 in current second
2024-12-26 15:14:17.641 Request count: 2 in current second
2024-12-26 15:14:17.735 Request count: 0 in current second
2024-12-26 15:14:17.740 Request sent & Pong Respond: World
2024-12-26 15:14:17.830 Request count: 1 in current second
2024-12-26 15:14:17.835 Request send & Pong throttled it
2024-12-26 15:14:17.940 Request count: 2 in current second
2024-12-26 15:14:18.034 Request count: 2 in current second
2024-12-26 15:14:18.142 Request count: 2 in current second
2024-12-26 15:14:18.237 Request count: 2 in current second
2024-12-26 15:14:18.330 Request count: 2 in current second
2024-12-26 15:14:18.439 Request count: 2 in current second
2024-12-26 15:14:18.535 Request count: 2 in current second
2024-12-26 15:14:18.645 Request count: 2 in current second
2024-12-26 15:14:18.739 Request count: 0 in current second
2024-12-26 15:14:18.744 Request sent & Pong Respond: World
2024-12-26 15:14:18.835 Request count: 1 in current second
2024-12-26 15:14:18.840 Request send & Pong throttled it
2024-12-26 15:14:18.943 Request count: 2 in current second
2024-12-26 15:14:19.036 Request count: 2 in current second
2024-12-26 15:14:19.130 Request count: 2 in current second
2024-12-26 15:14:19.239 Request count: 2 in current second
2024-12-26 15:14:19.334 Request count: 2 in current second
2024-12-26 15:14:19.442 Request count: 2 in current second
2024-12-26 15:14:19.535 Request count: 2 in current second
2024-12-26 15:14:19.645 Request count: 2 in current second
2024-12-26 15:14:19.738 Request count: 0 in current second
2024-12-26 15:14:19.742 Request sent & Pong Respond: World
2024-12-26 15:14:19.832 Request count: 1 in current second
2024-12-26 15:14:19.836 Request send & Pong throttled it
2024-12-26 15:14:19.941 Request count: 2 in current second
2024-12-26 15:14:20.035 Request count: 2 in current second
2024-12-26 15:14:20.129 Request count: 2 in current second
2024-12-26 15:14:20.239 Request count: 2 in current second
2024-12-26 15:14:20.334 Request count: 2 in current second
2024-12-26 15:14:20.444 Request count: 2 in current second
2024-12-26 15:14:20.537 Request count: 2 in current second
2024-12-26 15:14:20.632 Request count: 2 in current second
2024-12-26 15:14:20.741 Request count: 0 in current second
2024-12-26 15:14:20.745 Request sent & Pong Respond: World
2024-12-26 15:14:20.836 Request count: 1 in current second
2024-12-26 15:14:20.840 Request send & Pong throttled it
2024-12-26 15:14:20.946 Request count: 2 in current second
2024-12-26 15:14:21.037 Request count: 2 in current second
2024-12-26 15:14:21.132 Request count: 2 in current second
2024-12-26 15:14:21.241 Request count: 2 in current second
2024-12-26 15:14:21.333 Request count: 2 in current second
2024-12-26 15:14:21.442 Request count: 2 in current second
2024-12-26 15:14:21.537 Request count: 2 in current second
2024-12-26 15:14:21.632 Request count: 2 in current second
2024-12-26 15:14:21.744 Request count: 0 in current second
2024-12-26 15:14:21.748 Request sent & Pong Respond: World
2024-12-26 15:14:21.838 Request count: 1 in current second
2024-12-26 15:14:21.845 Request send & Pong throttled it
2024-12-26 15:14:21.932 Request count: 2 in current second
2024-12-26 15:14:22.042 Request count: 2 in current second
2024-12-26 15:14:22.135 Request count: 2 in current second
2024-12-26 15:14:22.243 Request count: 2 in current second
2024-12-26 15:14:22.336 Request count: 2 in current second
2024-12-26 15:14:22.430 Request count: 2 in current second
2024-12-26 15:14:22.540 Request count: 2 in current second
2024-12-26 15:14:22.633 Request count: 2 in current second
2024-12-26 15:14:22.741 Request count: 0 in current second
2024-12-26 15:14:22.745 Request sent & Pong Respond: World
2024-12-26 15:14:22.835 Request count: 1 in current second
2024-12-26 15:14:22.839 Request send & Pong throttled it
2024-12-26 15:14:22.929 Request count: 2 in current second
2024-12-26 15:14:23.038 Request count: 2 in current second
2024-12-26 15:14:23.131 Request count: 2 in current second
2024-12-26 15:14:23.240 Request count: 2 in current second
2024-12-26 15:14:23.335 Request count: 2 in current second
2024-12-26 15:14:23.444 Request count: 2 in current second
2024-12-26 15:14:23.537 Request count: 2 in current second
2024-12-26 15:14:23.630 Request count: 2 in current second
2024-12-26 15:14:23.740 Request count: 0 in current second
2024-12-26 15:14:23.744 Request sent & Pong Respond: World
2024-12-26 15:14:23.833 Request count: 1 in current second
2024-12-26 15:14:23.838 Request send & Pong throttled it
2024-12-26 15:14:23.944 Request count: 2 in current second
2024-12-26 15:14:24.036 Request count: 2 in current second
2024-12-26 15:14:24.130 Request count: 2 in current second
2024-12-26 15:14:24.241 Request count: 2 in current second
2024-12-26 15:14:24.335 Request count: 2 in current second
2024-12-26 15:14:24.429 Request count: 2 in current second
2024-12-26 15:14:24.539 Request count: 2 in current second
2024-12-26 15:14:24.632 Request count: 2 in current second
2024-12-26 15:14:24.741 Request count: 0 in current second
2024-12-26 15:14:24.744 Request sent & Pong Respond: World
2024-12-26 15:14:24.835 Request count: 1 in current second
2024-12-26 15:14:24.840 Request send & Pong throttled it
2024-12-26 15:14:24.930 Request count: 2 in current second
2024-12-26 15:14:25.039 Request count: 2 in current second
2024-12-26 15:14:25.133 Request count: 2 in current second
2024-12-26 15:14:25.242 Request count: 2 in current second
2024-12-26 15:14:25.337 Request count: 2 in current second
2024-12-26 15:14:25.429 Request count: 2 in current second
2024-12-26 15:14:25.538 Request count: 2 in current second
2024-12-26 15:14:25.632 Request count: 2 in current second
2024-12-26 15:14:25.741 Request count: 0 in current second
2024-12-26 15:14:25.745 Request sent & Pong Respond: World
2024-12-26 15:14:25.835 Request count: 1 in current second
2024-12-26 15:14:25.840 Request send & Pong throttled it
2024-12-26 15:14:25.929 Request count: 2 in current second
2024-12-26 15:14:26.037 Request count: 2 in current second
2024-12-26 15:14:26.131 Request count: 2 in current second
2024-12-26 15:14:26.240 Request count: 2 in current second
2024-12-26 15:14:26.334 Request count: 2 in current second
2024-12-26 15:14:26.443 Request count: 2 in current second
2024-12-26 15:14:26.535 Request count: 2 in current second
2024-12-26 15:14:26.629 Request count: 2 in current second
2024-12-26 15:14:26.737 Request count: 0 in current second
2024-12-26 15:14:26.741 Request sent & Pong Respond: World
2024-12-26 15:14:26.830 Request count: 1 in current second
2024-12-26 15:14:26.835 Request send & Pong throttled it
2024-12-26 15:14:26.939 Request count: 2 in current second
2024-12-26 15:14:27.035 Request count: 2 in current second
2024-12-26 15:14:27.145 Request count: 2 in current second
2024-12-26 15:14:27.239 Request count: 2 in current second
2024-12-26 15:14:27.333 Request count: 2 in current second
2024-12-26 15:14:27.441 Request count: 2 in current second
2024-12-26 15:14:27.535 Request count: 2 in current second
2024-12-26 15:14:27.644 Request count: 2 in current second
2024-12-26 15:14:27.736 Request count: 0 in current second
2024-12-26 15:14:27.740 Request sent & Pong Respond: World
2024-12-26 15:14:27.831 Request count: 1 in current second
2024-12-26 15:14:27.835 Request send & Pong throttled it
2024-12-26 15:14:27.942 Request count: 2 in current second
2024-12-26 15:14:28.037 Request count: 2 in current second
2024-12-26 15:14:28.131 Request count: 2 in current second
2024-12-26 15:14:28.240 Request count: 2 in current second
2024-12-26 15:14:28.332 Request count: 2 in current second
2024-12-26 15:14:28.440 Request count: 2 in current second
2024-12-26 15:14:28.536 Request count: 2 in current second
2024-12-26 15:14:28.629 Request count: 2 in current second
2024-12-26 15:14:28.737 Request count: 0 in current second
2024-12-26 15:14:28.741 Request sent & Pong Respond: World
2024-12-26 15:14:28.832 Request count: 1 in current second
2024-12-26 15:14:28.837 Request send & Pong throttled it
2024-12-26 15:14:28.940 Request count: 2 in current second
2024-12-26 15:14:29.034 Request count: 2 in current second
2024-12-26 15:14:29.141 Request count: 2 in current second
2024-12-26 15:14:29.235 Request count: 2 in current second
2024-12-26 15:14:29.344 Request count: 2 in current second
2024-12-26 15:14:29.438 Request count: 2 in current second
2024-12-26 15:14:29.532 Request count: 2 in current second
2024-12-26 15:14:29.640 Request count: 2 in current second
2024-12-26 15:14:29.735 Request count: 0 in current second
2024-12-26 15:14:29.739 Request sent & Pong Respond: World
2024-12-26 15:14:29.842 Request count: 1 in current second
2024-12-26 15:14:29.847 Request send & Pong throttled it
2024-12-26 15:14:29.937 Request count: 2 in current second
2024-12-26 15:14:30.030 Request count: 2 in current second
2024-12-26 15:14:30.139 Request count: 2 in current second
2024-12-26 15:14:30.233 Request count: 2 in current second
2024-12-26 15:14:30.343 Request count: 2 in current second
2024-12-26 15:14:30.436 Request count: 2 in current second
2024-12-26 15:14:30.529 Request count: 2 in current second
2024-12-26 15:14:30.641 Request count: 2 in current second
2024-12-26 15:14:30.735 Request count: 0 in current second
2024-12-26 15:14:30.739 Request sent & Pong Respond: World
2024-12-26 15:14:30.829 Request count: 1 in current second
2024-12-26 15:14:30.834 Request send & Pong throttled it
2024-12-26 15:14:30.938 Request count: 2 in current second
2024-12-26 15:14:31.032 Request count: 2 in current second
2024-12-26 15:14:31.141 Request count: 2 in current second
2024-12-26 15:14:31.234 Request count: 2 in current second
2024-12-26 15:14:31.344 Request count: 2 in current second
2024-12-26 15:14:31.438 Request count: 2 in current second
2024-12-26 15:14:31.533 Request count: 2 in current second
2024-12-26 15:14:31.643 Request count: 2 in current second
2024-12-26 15:14:31.736 Request count: 0 in current second
2024-12-26 15:14:31.740 Request sent & Pong Respond: World
2024-12-26 15:14:31.844 Request count: 1 in current second
2024-12-26 15:14:31.849 Request send & Pong throttled it
2024-12-26 15:14:31.937 Request count: 2 in current second
2024-12-26 15:14:32.031 Request count: 2 in current second
2024-12-26 15:14:32.142 Request count: 2 in current second
2024-12-26 15:14:32.236 Request count: 2 in current second
2024-12-26 15:14:32.344 Request count: 2 in current second
2024-12-26 15:14:32.438 Request count: 2 in current second
2024-12-26 15:14:32.531 Request count: 2 in current second
2024-12-26 15:14:32.640 Request count: 2 in current second
2024-12-26 15:14:32.734 Request count: 0 in current second
2024-12-26 15:14:32.738 Request sent & Pong Respond: World
2024-12-26 15:14:32.843 Request count: 1 in current second
2024-12-26 15:14:32.847 Request send & Pong throttled it
2024-12-26 15:14:32.936 Request count: 2 in current second
2024-12-26 15:14:33.030 Request count: 2 in current second
2024-12-26 15:14:33.139 Request count: 2 in current second
2024-12-26 15:14:33.234 Request count: 2 in current second
2024-12-26 15:14:33.343 Request count: 2 in current second
2024-12-26 15:14:33.436 Request count: 2 in current second
2024-12-26 15:14:33.530 Request count: 2 in current second
2024-12-26 15:14:33.639 Request count: 2 in current second
2024-12-26 15:14:33.732 Request count: 0 in current second
2024-12-26 15:14:33.736 Request sent & Pong Respond: World
2024-12-26 15:14:33.842 Request count: 1 in current second
2024-12-26 15:14:33.847 Request send & Pong throttled it
2024-12-26 15:14:33.935 Request count: 2 in current second
2024-12-26 15:14:34.041 Request count: 2 in current second
2024-12-26 15:14:34.134 Request count: 2 in current second
2024-12-26 15:14:34.243 Request count: 2 in current second
2024-12-26 15:14:34.336 Request count: 2 in current second
2024-12-26 15:14:34.430 Request count: 2 in current second
2024-12-26 15:14:34.538 Request count: 2 in current second
2024-12-26 15:14:34.632 Request count: 2 in current second
2024-12-26 15:14:34.741 Request count: 0 in current second
2024-12-26 15:14:34.744 Request sent & Pong Respond: World
2024-12-26 15:14:34.835 Request count: 1 in current second
2024-12-26 15:14:34.839 Request send & Pong throttled it
2024-12-26 15:14:34.944 Request count: 2 in current second
2024-12-26 15:14:35.038 Request count: 2 in current second
2024-12-26 15:14:35.131 Request count: 2 in current second
2024-12-26 15:14:35.242 Request count: 2 in current second
2024-12-26 15:14:35.337 Request count: 2 in current second
2024-12-26 15:14:35.430 Request count: 2 in current second
2024-12-26 15:14:35.541 Request count: 2 in current second
2024-12-26 15:14:35.634 Request count: 2 in current second
2024-12-26 15:14:35.743 Request count: 0 in current second
2024-12-26 15:14:35.747 Request sent & Pong Respond: World
2024-12-26 15:14:35.838 Request count: 1 in current second
2024-12-26 15:14:35.842 Request send & Pong throttled it
2024-12-26 15:14:35.932 Request count: 2 in current second
2024-12-26 15:14:36.045 Request count: 2 in current second
2024-12-26 15:14:36.136 Request count: 2 in current second
2024-12-26 15:14:36.232 Request count: 2 in current second
2024-12-26 15:14:36.341 Request count: 2 in current second
2024-12-26 15:14:36.437 Request count: 2 in current second
2024-12-26 15:14:36.530 Request count: 2 in current second
2024-12-26 15:14:36.640 Request count: 2 in current second
2024-12-26 15:14:36.734 Request count: 0 in current second
2024-12-26 15:14:36.738 Request sent & Pong Respond: World
2024-12-26 15:14:36.843 Request count: 1 in current second
2024-12-26 15:14:36.847 Request send & Pong throttled it
2024-12-26 15:14:36.937 Request count: 2 in current second
2024-12-26 15:14:37.031 Request count: 2 in current second
2024-12-26 15:14:37.139 Request count: 2 in current second
2024-12-26 15:14:37.231 Request count: 2 in current second
2024-12-26 15:14:37.342 Request count: 2 in current second
2024-12-26 15:14:37.435 Request count: 2 in current second
2024-12-26 15:14:37.530 Request count: 2 in current second
2024-12-26 15:14:37.639 Request count: 2 in current second
2024-12-26 15:14:37.733 Request count: 0 in current second
2024-12-26 15:14:37.737 Request sent & Pong Respond: World
2024-12-26 15:14:37.842 Request count: 1 in current second
2024-12-26 15:14:37.846 Request send & Pong throttled it
2024-12-26 15:14:37.936 Request count: 2 in current second
2024-12-26 15:14:38.029 Request count: 2 in current second
2024-12-26 15:14:38.139 Request count: 2 in current second
2024-12-26 15:14:38.234 Request count: 2 in current second
2024-12-26 15:14:38.344 Request count: 2 in current second
2024-12-26 15:14:38.438 Request count: 2 in current second
2024-12-26 15:14:38.531 Request count: 2 in current second
2024-12-26 15:14:38.640 Request count: 2 in current second
2024-12-26 15:14:38.734 Request count: 2 in current second
2024-12-26 15:14:38.843 Request count: 0 in current second
2024-12-26 15:14:38.847 Request sent & Pong Respond: World
2024-12-26 15:14:38.935 Request count: 1 in current second
2024-12-26 15:14:38.940 Request send & Pong throttled it
2024-12-26 15:14:39.030 Request count: 2 in current second
2024-12-26 15:14:39.140 Request count: 2 in current second
2024-12-26 15:14:39.234 Request count: 2 in current second
2024-12-26 15:14:39.343 Request count: 2 in current second
2024-12-26 15:14:39.436 Request count: 2 in current second
2024-12-26 15:14:39.529 Request count: 2 in current second
2024-12-26 15:14:39.637 Request count: 2 in current second
2024-12-26 15:14:39.731 Request count: 0 in current second
2024-12-26 15:14:39.734 Request sent & Pong Respond: World
2024-12-26 15:14:39.840 Request count: 1 in current second
2024-12-26 15:14:39.845 Request send & Pong throttled it
2024-12-26 15:14:39.934 Request count: 2 in current second
2024-12-26 15:14:40.042 Request count: 2 in current second
2024-12-26 15:14:40.136 Request count: 2 in current second
2024-12-26 15:14:40.229 Request count: 2 in current second
2024-12-26 15:14:40.338 Request count: 2 in current second
2024-12-26 15:14:40.432 Request count: 2 in current second
2024-12-26 15:14:40.541 Request count: 2 in current second
2024-12-26 15:14:40.635 Request count: 2 in current second
2024-12-26 15:14:40.743 Request count: 0 in current second
2024-12-26 15:14:40.746 Request sent & Pong Respond: World
2024-12-26 15:14:40.837 Request count: 1 in current second
2024-12-26 15:14:40.841 Request send & Pong throttled it
2024-12-26 15:14:40.933 Request count: 2 in current second
2024-12-26 15:14:41.043 Request count: 2 in current second
2024-12-26 15:14:41.137 Request count: 2 in current second
2024-12-26 15:14:41.230 Request count: 2 in current second
2024-12-26 15:14:41.341 Request count: 2 in current second
2024-12-26 15:14:41.435 Request count: 2 in current second
2024-12-26 15:14:41.543 Request count: 2 in current second
2024-12-26 15:14:41.638 Request count: 2 in current second
2024-12-26 15:14:41.731 Request count: 0 in current second
2024-12-26 15:14:41.734 Request sent & Pong Respond: World
2024-12-26 15:14:41.838 Request count: 1 in current second
2024-12-26 15:14:41.842 Request send & Pong throttled it
2024-12-26 15:14:41.932 Request count: 2 in current second
2024-12-26 15:14:42.041 Request count: 2 in current second
2024-12-26 15:14:42.134 Request count: 2 in current second
2024-12-26 15:14:42.243 Request count: 2 in current second
2024-12-26 15:14:42.336 Request count: 2 in current second
2024-12-26 15:14:42.430 Request count: 2 in current second
2024-12-26 15:14:42.540 Request count: 2 in current second
2024-12-26 15:14:42.635 Request count: 2 in current second
2024-12-26 15:14:42.743 Request count: 0 in current second
2024-12-26 15:14:42.747 Request sent & Pong Respond: World
2024-12-26 15:14:42.837 Request count: 1 in current second
2024-12-26 15:14:42.842 Request send & Pong throttled it
2024-12-26 15:14:42.931 Request count: 2 in current second
2024-12-26 15:14:43.041 Request count: 2 in current second
2024-12-26 15:14:43.135 Request count: 2 in current second
2024-12-26 15:14:43.242 Request count: 2 in current second
2024-12-26 15:14:43.335 Request count: 2 in current second
2024-12-26 15:14:43.444 Request count: 2 in current second
2024-12-26 15:14:43.537 Request count: 2 in current second
2024-12-26 15:14:43.630 Request count: 2 in current second
2024-12-26 15:14:43.739 Request count: 0 in current second
2024-12-26 15:14:43.742 Request sent & Pong Respond: World
2024-12-26 15:14:43.833 Request count: 1 in current second
2024-12-26 15:14:43.837 Request send & Pong throttled it
2024-12-26 15:14:43.942 Request count: 2 in current second
2024-12-26 15:14:44.036 Request count: 2 in current second
2024-12-26 15:14:44.129 Request count: 2 in current second
2024-12-26 15:14:44.239 Request count: 2 in current second
2024-12-26 15:14:44.332 Request count: 2 in current second
2024-12-26 15:14:44.442 Request count: 2 in current second
2024-12-26 15:14:44.536 Request count: 2 in current second
2024-12-26 15:14:44.630 Request count: 2 in current second
2024-12-26 15:14:44.737 Request count: 0 in current second
2024-12-26 15:14:44.741 Request sent & Pong Respond: World
2024-12-26 15:14:44.831 Request count: 1 in current second
2024-12-26 15:14:44.836 Request send & Pong throttled it
2024-12-26 15:14:44.941 Request count: 2 in current second
2024-12-26 15:14:45.035 Request count: 2 in current second
2024-12-26 15:14:45.130 Request count: 2 in current second
2024-12-26 15:14:45.239 Request count: 2 in current second
2024-12-26 15:14:45.334 Request count: 2 in current second
2024-12-26 15:14:45.429 Request count: 2 in current second
2024-12-26 15:14:45.539 Request count: 2 in current second
2024-12-26 15:14:45.632 Request count: 2 in current second
2024-12-26 15:14:45.743 Request count: 0 in current second
2024-12-26 15:14:45.746 Request sent & Pong Respond: World
2024-12-26 15:14:45.836 Request count: 1 in current second
2024-12-26 15:14:45.840 Request send & Pong throttled it
2024-12-26 15:14:45.944 Request count: 2 in current second
2024-12-26 15:14:46.038 Request count: 2 in current second
2024-12-26 15:14:46.131 Request count: 2 in current second
2024-12-26 15:14:46.241 Request count: 2 in current second
2024-12-26 15:14:46.333 Request count: 2 in current second
2024-12-26 15:14:46.443 Request count: 2 in current second
2024-12-26 15:14:46.535 Request count: 2 in current second
2024-12-26 15:14:46.631 Request count: 2 in current second
2024-12-26 15:14:46.742 Request count: 0 in current second
2024-12-26 15:14:46.746 Request sent & Pong Respond: World
2024-12-26 15:14:46.837 Request count: 1 in current second
2024-12-26 15:14:46.841 Request send & Pong throttled it
2024-12-26 15:14:46.933 Request count: 2 in current second
2024-12-26 15:14:47.042 Request count: 2 in current second
2024-12-26 15:14:47.134 Request count: 2 in current second
2024-12-26 15:14:47.244 Request count: 2 in current second
2024-12-26 15:14:47.336 Request count: 2 in current second
2024-12-26 15:14:47.429 Request count: 2 in current second
2024-12-26 15:14:47.538 Request count: 2 in current second
2024-12-26 15:14:47.632 Request count: 2 in current second
2024-12-26 15:14:47.743 Request count: 0 in current second
2024-12-26 15:14:47.746 Request sent & Pong Respond: World
2024-12-26 15:14:47.839 Request count: 1 in current second
2024-12-26 15:14:47.844 Request send & Pong throttled it
2024-12-26 15:14:47.932 Request count: 2 in current second
2024-12-26 15:14:48.041 Request count: 2 in current second
2024-12-26 15:14:48.134 Request count: 2 in current second
2024-12-26 15:14:48.243 Request count: 2 in current second
2024-12-26 15:14:48.335 Request count: 2 in current second
2024-12-26 15:14:48.444 Request count: 2 in current second
2024-12-26 15:14:48.537 Request count: 2 in current second
2024-12-26 15:14:48.629 Request count: 2 in current second
2024-12-26 15:14:48.741 Request count: 0 in current second
2024-12-26 15:14:48.745 Request sent & Pong Respond: World
2024-12-26 15:14:48.836 Request count: 1 in current second
2024-12-26 15:14:48.840 Request send & Pong throttled it
2024-12-26 15:14:48.930 Request count: 2 in current second
2024-12-26 15:14:49.040 Request count: 2 in current second
2024-12-26 15:14:49.133 Request count: 2 in current second
2024-12-26 15:14:49.242 Request count: 2 in current second
2024-12-26 15:14:49.337 Request count: 2 in current second
2024-12-26 15:14:49.432 Request count: 2 in current second
2024-12-26 15:14:49.542 Request count: 2 in current second
2024-12-26 15:14:49.637 Request count: 2 in current second
2024-12-26 15:14:49.731 Request count: 0 in current second
2024-12-26 15:14:49.735 Request sent & Pong Respond: World
2024-12-26 15:14:49.839 Request count: 1 in current second
2024-12-26 15:14:49.844 Request send & Pong throttled it
2024-12-26 15:14:49.933 Request count: 2 in current second
2024-12-26 15:14:50.042 Request count: 2 in current second
2024-12-26 15:14:50.137 Request count: 2 in current second
2024-12-26 15:14:50.231 Request count: 2 in current second
2024-12-26 15:14:50.340 Request count: 2 in current second
2024-12-26 15:14:50.434 Request count: 2 in current second
2024-12-26 15:14:50.529 Request count: 2 in current second
2024-12-26 15:14:50.636 Request count: 2 in current second
2024-12-26 15:14:50.730 Request count: 0 in current second
2024-12-26 15:14:50.734 Request sent & Pong Respond: World
2024-12-26 15:14:50.840 Request count: 1 in current second
2024-12-26 15:14:50.844 Request send & Pong throttled it
2024-12-26 15:14:50.935 Request count: 2 in current second
2024-12-26 15:14:51.044 Request count: 2 in current second
2024-12-26 15:14:51.138 Request count: 2 in current second
2024-12-26 15:14:51.233 Request count: 2 in current second
2024-12-26 15:14:51.342 Request count: 2 in current second
2024-12-26 15:14:51.436 Request count: 2 in current second
2024-12-26 15:14:51.531 Request count: 2 in current second
2024-12-26 15:14:51.642 Request count: 2 in current second
2024-12-26 15:14:51.738 Request count: 0 in current second
2024-12-26 15:14:51.742 Request sent & Pong Respond: World
2024-12-26 15:14:51.832 Request count: 1 in current second
2024-12-26 15:14:51.837 Request send & Pong throttled it
2024-12-26 15:14:51.944 Request count: 2 in current second
2024-12-26 15:14:52.036 Request count: 2 in current second
2024-12-26 15:14:52.130 Request count: 2 in current second
2024-12-26 15:14:52.239 Request count: 2 in current second
2024-12-26 15:14:52.332 Request count: 2 in current second
2024-12-26 15:14:52.441 Request count: 2 in current second
2024-12-26 15:14:52.535 Request count: 2 in current second
2024-12-26 15:14:52.629 Request count: 2 in current second
2024-12-26 15:14:52.738 Request count: 0 in current second
2024-12-26 15:14:52.742 Request sent & Pong Respond: World
2024-12-26 15:14:52.830 Request count: 1 in current second
2024-12-26 15:14:52.835 Request send & Pong throttled it
2024-12-26 15:14:52.939 Request count: 2 in current second
2024-12-26 15:14:53.034 Request count: 2 in current second
2024-12-26 15:14:53.143 Request count: 2 in current second
2024-12-26 15:14:53.238 Request count: 2 in current second
2024-12-26 15:14:53.333 Request count: 2 in current second
2024-12-26 15:14:53.441 Request count: 2 in current second
2024-12-26 15:14:53.535 Request count: 2 in current second
2024-12-26 15:14:53.643 Request count: 2 in current second
2024-12-26 15:14:53.738 Request count: 0 in current second
2024-12-26 15:14:53.742 Request sent & Pong Respond: World
2024-12-26 15:14:53.831 Request count: 1 in current second
2024-12-26 15:14:53.836 Request send & Pong throttled it
2024-12-26 15:14:53.941 Request count: 2 in current second
2024-12-26 15:14:54.035 Request count: 2 in current second
2024-12-26 15:14:54.129 Request count: 2 in current second
2024-12-26 15:14:54.237 Request count: 2 in current second
2024-12-26 15:14:54.329 Request count: 2 in current second
2024-12-26 15:14:54.437 Request count: 2 in current second
2024-12-26 15:14:54.530 Request count: 2 in current second
2024-12-26 15:14:54.639 Request count: 2 in current second
2024-12-26 15:14:54.732 Request count: 0 in current second
2024-12-26 15:14:54.736 Request sent & Pong Respond: World
2024-12-26 15:14:54.840 Request count: 1 in current second
2024-12-26 15:14:54.843 Request send & Pong throttled it
2024-12-26 15:14:54.934 Request count: 2 in current second
2024-12-26 15:14:55.042 Request count: 2 in current second
2024-12-26 15:14:55.136 Request count: 2 in current second
2024-12-26 15:14:55.230 Request count: 2 in current second
2024-12-26 15:14:55.338 Request count: 2 in current second
2024-12-26 15:14:55.433 Request count: 2 in current second
2024-12-26 15:14:55.541 Request count: 2 in current second
2024-12-26 15:14:55.636 Request count: 2 in current second
2024-12-26 15:14:55.729 Request count: 0 in current second
2024-12-26 15:14:55.733 Request sent & Pong Respond: World
2024-12-26 15:14:55.838 Request count: 1 in current second
2024-12-26 15:14:55.843 Request send & Pong throttled it
2024-12-26 15:14:55.932 Request count: 2 in current second
2024-12-26 15:14:56.043 Request count: 2 in current second
2024-12-26 15:14:56.135 Request count: 2 in current second
2024-12-26 15:14:56.242 Request count: 2 in current second
2024-12-26 15:14:56.334 Request count: 2 in current second
2024-12-26 15:14:56.443 Request count: 2 in current second
2024-12-26 15:14:56.536 Request count: 2 in current second
2024-12-26 15:14:56.632 Request count: 2 in current second
2024-12-26 15:14:56.741 Request count: 0 in current second
2024-12-26 15:14:56.745 Request sent & Pong Respond: World
2024-12-26 15:14:56.836 Request count: 1 in current second
2024-12-26 15:14:56.840 Request send & Pong throttled it
2024-12-26 15:14:56.929 Request count: 2 in current second
2024-12-26 15:14:57.040 Request count: 2 in current second
2024-12-26 15:14:57.135 Request count: 2 in current second
2024-12-26 15:14:57.243 Request count: 2 in current second
2024-12-26 15:14:57.334 Request count: 2 in current second
2024-12-26 15:14:57.443 Request count: 2 in current second
2024-12-26 15:14:57.535 Request count: 2 in current second
2024-12-26 15:14:57.629 Request count: 2 in current second
2024-12-26 15:14:57.738 Request count: 0 in current second
2024-12-26 15:14:57.742 Request sent & Pong Respond: World
2024-12-26 15:14:57.832 Request count: 1 in current second
2024-12-26 15:14:57.836 Request send & Pong throttled it
2024-12-26 15:14:57.941 Request count: 2 in current second
2024-12-26 15:14:58.034 Request count: 2 in current second
2024-12-26 15:14:58.145 Request count: 2 in current second
2024-12-26 15:14:58.238 Request count: 2 in current second
2024-12-26 15:14:58.331 Request count: 2 in current second
2024-12-26 15:14:58.438 Request count: 2 in current second
2024-12-26 15:14:58.532 Request count: 2 in current second
2024-12-26 15:14:58.641 Request count: 2 in current second
2024-12-26 15:14:58.735 Request count: 0 in current second
2024-12-26 15:14:58.739 Request sent & Pong Respond: World
2024-12-26 15:14:58.844 Request count: 1 in current second
2024-12-26 15:14:58.848 Request send & Pong throttled it
2024-12-26 15:14:58.937 Request count: 2 in current second
2024-12-26 15:14:59.030 Request count: 2 in current second
2024-12-26 15:14:59.139 Request count: 2 in current second
2024-12-26 15:14:59.233 Request count: 2 in current second
2024-12-26 15:14:59.343 Request count: 2 in current second
2024-12-26 15:14:59.436 Request count: 2 in current second
2024-12-26 15:14:59.529 Request count: 2 in current second
2024-12-26 15:14:59.639 Request count: 2 in current second
2024-12-26 15:14:59.733 Request count: 0 in current second
2024-12-26 15:14:59.736 Request sent & Pong Respond: World
2024-12-26 15:14:59.843 Request count: 1 in current second
2024-12-26 15:14:59.847 Request send & Pong throttled it
2024-12-26 15:14:59.936 Request count: 2 in current second
2024-12-26 15:15:00.044 Request count: 2 in current second
2024-12-26 15:15:00.137 Request count: 2 in current second
2024-12-26 15:15:00.230 Request count: 2 in current second
2024-12-26 15:15:00.340 Request count: 2 in current second
2024-12-26 15:15:00.435 Request count: 2 in current second
2024-12-26 15:15:00.544 Request count: 2 in current second
2024-12-26 15:15:00.638 Request count: 2 in current second
2024-12-26 15:15:00.734 Request count: 0 in current second
2024-12-26 15:15:00.737 Request sent & Pong Respond: World
2024-12-26 15:15:00.844 Request count: 1 in current second
2024-12-26 15:15:00.848 Request send & Pong throttled it
2024-12-26 15:15:00.939 Request count: 2 in current second
2024-12-26 15:15:01.034 Request count: 2 in current second
2024-12-26 15:15:01.142 Request count: 2 in current second
2024-12-26 15:15:01.236 Request count: 2 in current second
2024-12-26 15:15:01.330 Request count: 2 in current second
2024-12-26 15:15:01.437 Request count: 2 in current second
2024-12-26 15:15:01.530 Request count: 2 in current second
2024-12-26 15:15:01.640 Request count: 2 in current second
2024-12-26 15:15:01.735 Request count: 0 in current second
2024-12-26 15:15:01.739 Request sent & Pong Respond: World
2024-12-26 15:15:01.844 Request count: 1 in current second
2024-12-26 15:15:01.848 Request send & Pong throttled it
2024-12-26 15:15:01.936 Request count: 2 in current second
2024-12-26 15:15:02.044 Request count: 2 in current second
2024-12-26 15:15:02.137 Request count: 2 in current second
2024-12-26 15:15:02.231 Request count: 2 in current second
2024-12-26 15:15:02.341 Request count: 2 in current second
2024-12-26 15:15:02.434 Request count: 2 in current second
2024-12-26 15:15:02.543 Request count: 2 in current second
2024-12-26 15:15:02.635 Request count: 2 in current second
2024-12-26 15:15:02.729 Request count: 0 in current second
2024-12-26 15:15:02.733 Request sent & Pong Respond: World
2024-12-26 15:15:02.842 Request count: 1 in current second
2024-12-26 15:15:02.846 Request send & Pong throttled it
2024-12-26 15:15:02.932 Request count: 2 in current second
2024-12-26 15:15:03.041 Request count: 2 in current second
2024-12-26 15:15:03.135 Request count: 2 in current second
2024-12-26 15:15:03.229 Request count: 2 in current second
2024-12-26 15:15:03.339 Request count: 2 in current second
2024-12-26 15:15:03.432 Request count: 2 in current second
2024-12-26 15:15:03.538 Request count: 2 in current second
2024-12-26 15:15:03.634 Request count: 2 in current second
2024-12-26 15:15:03.743 Request count: 0 in current second
2024-12-26 15:15:03.747 Request sent & Pong Respond: World
2024-12-26 15:15:03.837 Request count: 1 in current second
2024-12-26 15:15:03.843 Request send & Pong throttled it
2024-12-26 15:15:03.933 Request count: 2 in current second
2024-12-26 15:15:04.041 Request count: 2 in current second
2024-12-26 15:15:04.133 Request count: 2 in current second
2024-12-26 15:15:04.243 Request count: 2 in current second
2024-12-26 15:15:04.337 Request count: 2 in current second
2024-12-26 15:15:04.429 Request count: 2 in current second
2024-12-26 15:15:04.539 Request count: 2 in current second
2024-12-26 15:15:04.632 Request count: 2 in current second
2024-12-26 15:15:04.741 Request count: 0 in current second
2024-12-26 15:15:04.744 Request sent & Pong Respond: World
2024-12-26 15:15:04.834 Request count: 1 in current second
2024-12-26 15:15:04.839 Request send & Pong throttled it
2024-12-26 15:15:04.944 Request count: 2 in current second
2024-12-26 15:15:05.039 Request count: 2 in current second
2024-12-26 15:15:05.134 Request count: 2 in current second
2024-12-26 15:15:05.243 Request count: 2 in current second
2024-12-26 15:15:05.335 Request count: 2 in current second
2024-12-26 15:15:05.445 Request count: 2 in current second
2024-12-26 15:15:05.538 Request count: 2 in current second
2024-12-26 15:15:05.633 Request count: 2 in current second
2024-12-26 15:15:05.743 Request count: 0 in current second
2024-12-26 15:15:05.746 Request sent & Pong Respond: World
2024-12-26 15:15:05.837 Request count: 1 in current second
2024-12-26 15:15:05.841 Request send & Pong throttled it
2024-12-26 15:15:05.931 Request count: 2 in current second
2024-12-26 15:15:06.040 Request count: 2 in current second
2024-12-26 15:15:06.135 Request count: 2 in current second
2024-12-26 15:15:06.229 Request count: 2 in current second
2024-12-26 15:15:06.338 Request count: 2 in current second
2024-12-26 15:15:06.432 Request count: 2 in current second
2024-12-26 15:15:06.542 Request count: 2 in current second
2024-12-26 15:15:06.636 Request count: 2 in current second
2024-12-26 15:15:06.733 Request count: 0 in current second
2024-12-26 15:15:06.737 Request sent & Pong Respond: World
2024-12-26 15:15:06.839 Request count: 1 in current second
2024-12-26 15:15:06.844 Request send & Pong throttled it
2024-12-26 15:15:06.933 Request count: 2 in current second
2024-12-26 15:15:07.043 Request count: 2 in current second
2024-12-26 15:15:07.136 Request count: 2 in current second
2024-12-26 15:15:07.229 Request count: 2 in current second
2024-12-26 15:15:07.338 Request count: 2 in current second
2024-12-26 15:15:07.432 Request count: 2 in current second
2024-12-26 15:15:07.539 Request count: 2 in current second
2024-12-26 15:15:07.634 Request count: 2 in current second
2024-12-26 15:15:07.729 Request count: 0 in current second
2024-12-26 15:15:07.733 Request sent & Pong Respond: World
2024-12-26 15:15:07.837 Request count: 1 in current second
2024-12-26 15:15:07.841 Request send & Pong throttled it
2024-12-26 15:15:07.932 Request count: 2 in current second
2024-12-26 15:15:08.040 Request count: 2 in current second
2024-12-26 15:15:08.133 Request count: 2 in current second
2024-12-26 15:15:08.243 Request count: 2 in current second
2024-12-26 15:15:08.337 Request count: 2 in current second
2024-12-26 15:15:08.431 Request count: 2 in current second
2024-12-26 15:15:08.539 Request count: 2 in current second
2024-12-26 15:15:08.632 Request count: 2 in current second
2024-12-26 15:15:08.740 Request count: 0 in current second
2024-12-26 15:15:08.744 Request sent & Pong Respond: World
2024-12-26 15:15:08.834 Request count: 1 in current second
2024-12-26 15:15:08.838 Request send & Pong throttled it
2024-12-26 15:15:08.943 Request count: 2 in current second
2024-12-26 15:15:09.038 Request count: 2 in current second
2024-12-26 15:15:09.131 Request count: 2 in current second
2024-12-26 15:15:09.241 Request count: 2 in current second
2024-12-26 15:15:09.335 Request count: 2 in current second
2024-12-26 15:15:09.429 Request count: 2 in current second
2024-12-26 15:15:09.538 Request count: 2 in current second
2024-12-26 15:15:09.631 Request count: 2 in current second
2024-12-26 15:15:09.741 Request count: 0 in current second
2024-12-26 15:15:09.745 Request sent & Pong Respond: World
2024-12-26 15:15:09.834 Request count: 1 in current second
2024-12-26 15:15:09.839 Request send & Pong throttled it
2024-12-26 15:15:09.944 Request count: 2 in current second
2024-12-26 15:15:10.037 Request count: 2 in current second
2024-12-26 15:15:10.129 Request count: 2 in current second
2024-12-26 15:15:10.241 Request count: 2 in current second
2024-12-26 15:15:10.335 Request count: 2 in current second
2024-12-26 15:15:10.444 Request count: 2 in current second
2024-12-26 15:15:10.537 Request count: 2 in current second
2024-12-26 15:15:10.630 Request count: 2 in current second
2024-12-26 15:15:10.739 Request count: 0 in current second
2024-12-26 15:15:10.742 Request sent & Pong Respond: World
2024-12-26 15:15:10.834 Request count: 1 in current second
2024-12-26 15:15:10.837 Request send & Pong throttled it
2024-12-26 15:15:10.943 Request count: 2 in current second
2024-12-26 15:15:11.036 Request count: 2 in current second
2024-12-26 15:15:11.145 Request count: 2 in current second
2024-12-26 15:15:11.238 Request count: 2 in current second
2024-12-26 15:15:11.332 Request count: 2 in current second
2024-12-26 15:15:11.440 Request count: 2 in current second
2024-12-26 15:15:11.534 Request count: 2 in current second
2024-12-26 15:15:11.642 Request count: 2 in current second
2024-12-26 15:15:11.735 Request count: 0 in current second
2024-12-26 15:15:11.738 Request sent & Pong Respond: World
2024-12-26 15:15:11.842 Request count: 1 in current second
2024-12-26 15:15:11.847 Request send & Pong throttled it
2024-12-26 15:15:11.936 Request count: 2 in current second
2024-12-26 15:15:12.031 Request count: 2 in current second
2024-12-26 15:15:12.142 Request count: 2 in current second
2024-12-26 15:15:12.237 Request count: 2 in current second
2024-12-26 15:15:12.330 Request count: 2 in current second
2024-12-26 15:15:12.441 Request count: 2 in current second
2024-12-26 15:15:12.534 Request count: 2 in current second
2024-12-26 15:15:12.643 Request count: 2 in current second
2024-12-26 15:15:12.737 Request count: 0 in current second
2024-12-26 15:15:12.740 Request sent & Pong Respond: World
2024-12-26 15:15:12.831 Request count: 1 in current second
2024-12-26 15:15:12.835 Request send & Pong throttled it
2024-12-26 15:15:12.940 Request count: 2 in current second
2024-12-26 15:15:13.034 Request count: 2 in current second
2024-12-26 15:15:13.143 Request count: 2 in current second
2024-12-26 15:15:13.237 Request count: 2 in current second
2024-12-26 15:15:13.330 Request count: 2 in current second
2024-12-26 15:15:13.437 Request count: 2 in current second
2024-12-26 15:15:13.532 Request count: 2 in current second
2024-12-26 15:15:13.641 Request count: 2 in current second
2024-12-26 15:15:13.735 Request count: 0 in current second
2024-12-26 15:15:13.754 Request sent & Pong Respond: World
2024-12-26 15:15:13.829 Request count: 1 in current second
2024-12-26 15:15:13.836 Request send & Pong throttled it
2024-12-26 15:15:13.940 Request count: 2 in current second
2024-12-26 15:15:14.034 Request count: 2 in current second
2024-12-26 15:15:14.144 Request count: 2 in current second
2024-12-26 15:15:14.237 Request count: 2 in current second
2024-12-26 15:15:14.330 Request count: 2 in current second
2024-12-26 15:15:14.440 Request count: 2 in current second
2024-12-26 15:15:14.535 Request count: 2 in current second
2024-12-26 15:15:14.630 Request count: 2 in current second
2024-12-26 15:15:14.739 Request count: 0 in current second
2024-12-26 15:15:14.743 Request sent & Pong Respond: World
2024-12-26 15:15:14.833 Request count: 1 in current second
2024-12-26 15:15:14.839 Request send & Pong throttled it
2024-12-26 15:15:14.943 Request count: 2 in current second
2024-12-26 15:15:15.037 Request count: 2 in current second
2024-12-26 15:15:15.132 Request count: 2 in current second
2024-12-26 15:15:15.242 Request count: 2 in current second
2024-12-26 15:15:15.335 Request count: 2 in current second
2024-12-26 15:15:15.443 Request count: 2 in current second
2024-12-26 15:15:15.538 Request count: 2 in current second
2024-12-26 15:15:15.630 Request count: 2 in current second
