2024-12-26 15:10:13.113 Starting PingApplication using Java 17.0.12 with PID 9672 (C:\code\hbsc\ping\target\classes started by joech in C:\code\hbsc)
2024-12-26 15:10:13.115 No active profile set, falling back to 1 default profile: "default"
2024-12-26 15:10:13.522 Multiple Spring Data modules found, entering strict repository configuration mode
2024-12-26 15:10:13.524 Bootstrapping Spring Data Redis repositories in DEFAULT mode.
2024-12-26 15:10:13.545 Finished Spring Data repository scanning in 9 ms. Found 0 Redis repository interfaces.
2024-12-26 15:10:14.488 Netty started on port 8081
2024-12-26 15:10:14.496 Started PingApplication in 1.689 seconds (process running for 2.123)
2024-12-26 15:10:14.941 Request sent & Pong Respond: World
2024-12-26 15:10:15.114 Request sent & Pong Respond: World
2024-12-26 15:10:15.470 Request send & Pong throttled it
2024-12-26 15:10:16.016 Request sent & Pong Respond: World
2024-12-26 15:10:16.316 Request send & Pong throttled it
2024-12-26 15:10:16.924 Request sent & Pong Respond: World
2024-12-26 15:10:17.221 Request send & Pong throttled it
2024-12-26 15:10:18.127 Request sent & Pong Respond: World
2024-12-26 15:10:18.426 Request send & Pong throttled it
2024-12-26 15:10:19.017 Request sent & Pong Respond: World
2024-12-26 15:10:19.312 Request send & Pong throttled it
2024-12-26 15:10:19.922 Request sent & Pong Respond: World
2024-12-26 15:10:20.216 Request send & Pong throttled it
2024-12-26 15:10:21.121 Request sent & Pong Respond: World
2024-12-26 15:10:21.418 Request send & Pong throttled it
2024-12-26 15:10:22.026 Request sent & Pong Respond: World
2024-12-26 15:10:22.323 Request send & Pong throttled it
2024-12-26 15:10:22.920 Request send & Pong throttled it
2024-12-26 15:10:23.227 Request sent & Pong Respond: World
2024-12-26 15:10:24.119 Request sent & Pong Respond: World
2024-12-26 15:10:24.416 Request send & Pong throttled it
2024-12-26 15:10:25.024 Request sent & Pong Respond: World
2024-12-26 15:10:25.323 Request send & Pong throttled it
2024-12-26 15:10:25.920 Request send & Pong throttled it
2024-12-26 15:10:26.215 Request sent & Pong Respond: World
2024-12-26 15:10:27.126 Request sent & Pong Respond: World
2024-12-26 15:10:27.421 Request send & Pong throttled it
2024-12-26 15:10:28.028 Request sent & Pong Respond: World
2024-12-26 15:10:28.327 Request send & Pong throttled it
2024-12-26 15:10:28.922 Request send & Pong throttled it
2024-12-26 15:10:29.218 Request sent & Pong Respond: World
2024-12-26 15:10:30.122 Request sent & Pong Respond: World
2024-12-26 15:10:30.423 Request send & Pong throttled it
2024-12-26 15:10:31.018 Request sent & Pong Respond: World
2024-12-26 15:10:31.322 Request send & Pong throttled it
2024-12-26 15:10:31.927 Request sent & Pong Respond: World
2024-12-26 15:10:32.222 Request send & Pong throttled it
2024-12-26 15:10:33.128 Request sent & Pong Respond: World
2024-12-26 15:10:33.425 Request send & Pong throttled it
2024-12-26 15:10:34.020 Request sent & Pong Respond: World
2024-12-26 15:10:34.316 Request send & Pong throttled it
2024-12-26 15:10:34.924 Request sent & Pong Respond: World
2024-12-26 15:10:35.222 Request send & Pong throttled it
2024-12-26 15:10:36.127 Request sent & Pong Respond: World
2024-12-26 15:10:36.425 Request send & Pong throttled it
2024-12-26 15:10:37.017 Request sent & Pong Respond: World
2024-12-26 15:10:37.315 Request send & Pong throttled it
2024-12-26 15:10:37.927 Request sent & Pong Respond: World
2024-12-26 15:10:38.226 Request send & Pong throttled it
2024-12-26 15:10:39.120 Request sent & Pong Respond: World
2024-12-26 15:10:39.421 Request send & Pong throttled it
2024-12-26 15:10:40.027 Request sent & Pong Respond: World
2024-12-26 15:10:40.326 Request send & Pong throttled it
2024-12-26 15:10:40.919 Request send & Pong throttled it
2024-12-26 15:10:41.218 Request sent & Pong Respond: World
2024-12-26 15:10:42.127 Request sent & Pong Respond: World
2024-12-26 15:10:42.425 Request send & Pong throttled it
2024-12-26 15:10:43.024 Request sent & Pong Respond: World
2024-12-26 15:10:43.322 Request send & Pong throttled it
2024-12-26 15:10:43.918 Request send & Pong throttled it
2024-12-26 15:10:44.214 Request sent & Pong Respond: World
2024-12-26 15:10:45.121 Request sent & Pong Respond: World
2024-12-26 15:10:45.417 Request send & Pong throttled it
2024-12-26 15:10:46.024 Request sent & Pong Respond: World
2024-12-26 15:10:46.320 Request send & Pong throttled it
2024-12-26 15:10:46.926 Request sent & Pong Respond: World
2024-12-26 15:10:47.223 Request send & Pong throttled it
2024-12-26 15:10:48.117 Request sent & Pong Respond: World
2024-12-26 15:10:48.416 Request send & Pong throttled it
2024-12-26 15:10:49.013 Request sent & Pong Respond: World
2024-12-26 15:10:49.326 Request send & Pong throttled it
2024-12-26 15:10:49.916 Request send & Pong throttled it
2024-12-26 15:10:50.228 Request sent & Pong Respond: World
2024-12-26 15:10:51.117 Request sent & Pong Respond: World
2024-12-26 15:10:51.428 Request send & Pong throttled it
2024-12-26 15:10:52.027 Request sent & Pong Respond: World
2024-12-26 15:10:52.327 Request send & Pong throttled it
2024-12-26 15:10:52.922 Request sent & Pong Respond: World
2024-12-26 15:10:53.223 Request send & Pong throttled it
2024-12-26 15:10:54.128 Request sent & Pong Respond: World
2024-12-26 15:10:54.426 Request send & Pong throttled it
2024-12-26 15:10:55.016 Request sent & Pong Respond: World
2024-12-26 15:10:55.327 Request send & Pong throttled it
2024-12-26 15:10:55.922 Request sent & Pong Respond: World
2024-12-26 15:10:56.221 Request send & Pong throttled it
2024-12-26 15:10:57.124 Request sent & Pong Respond: World
2024-12-26 15:10:57.423 Request send & Pong throttled it
2024-12-26 15:10:58.013 Request sent & Pong Respond: World
2024-12-26 15:10:58.326 Request send & Pong throttled it
2024-12-26 15:10:58.923 Request sent & Pong Respond: World
2024-12-26 15:10:59.219 Request send & Pong throttled it
2024-12-26 15:11:00.123 Request sent & Pong Respond: World
2024-12-26 15:11:00.420 Request send & Pong throttled it
2024-12-26 15:11:01.025 Request sent & Pong Respond: World
2024-12-26 15:11:01.322 Request send & Pong throttled it
2024-12-26 15:11:01.927 Request sent & Pong Respond: World
2024-12-26 15:11:02.226 Request send & Pong throttled it
2024-12-26 15:11:03.113 Request sent & Pong Respond: World
2024-12-26 15:11:03.427 Request send & Pong throttled it
2024-12-26 15:11:04.019 Request sent & Pong Respond: World
2024-12-26 15:11:04.314 Request send & Pong throttled it
2024-12-26 15:11:04.918 Request send & Pong throttled it
2024-12-26 15:11:05.215 Request sent & Pong Respond: World
2024-12-26 15:11:06.122 Request sent & Pong Respond: World
2024-12-26 15:11:06.419 Request send & Pong throttled it
2024-12-26 15:11:07.026 Request sent & Pong Respond: World
2024-12-26 15:11:07.323 Request send & Pong throttled it
2024-12-26 15:11:07.914 Request send & Pong throttled it
2024-12-26 15:11:08.223 Request sent & Pong Respond: World
2024-12-26 15:11:09.115 Request sent & Pong Respond: World
2024-12-26 15:11:09.415 Request send & Pong throttled it
2024-12-26 15:11:10.024 Request sent & Pong Respond: World
2024-12-26 15:11:10.320 Request send & Pong throttled it
2024-12-26 15:11:10.915 Request send & Pong throttled it
2024-12-26 15:11:11.227 Request sent & Pong Respond: World
2024-12-26 15:11:12.124 Request sent & Pong Respond: World
2024-12-26 15:11:12.423 Request send & Pong throttled it
2024-12-26 15:11:13.015 Request sent & Pong Respond: World
2024-12-26 15:11:13.314 Request send & Pong throttled it
2024-12-26 15:11:13.921 Request send & Pong throttled it
2024-12-26 15:11:14.217 Request sent & Pong Respond: World
2024-12-26 15:11:15.122 Request sent & Pong Respond: World
2024-12-26 15:11:15.421 Request send & Pong throttled it
2024-12-26 15:11:16.025 Request sent & Pong Respond: World
2024-12-26 15:11:16.323 Request send & Pong throttled it
2024-12-26 15:11:16.915 Request send & Pong throttled it
2024-12-26 15:11:17.213 Request sent & Pong Respond: World
2024-12-26 15:11:18.120 Request sent & Pong Respond: World
2024-12-26 15:11:18.415 Request send & Pong throttled it
2024-12-26 15:11:19.020 Request sent & Pong Respond: World
2024-12-26 15:11:19.318 Request send & Pong throttled it
2024-12-26 15:11:19.945 Request sent & Pong Respond: World
2024-12-26 15:11:20.225 Request send & Pong throttled it
2024-12-26 15:11:21.114 Request sent & Pong Respond: World
2024-12-26 15:11:21.427 Request send & Pong throttled it
