2024-12-27 08:33:32.305 Starting PingApplication using Java 17.0.12 with PID 23728 (C:\code\hbsc\ping\target\classes started by joech in C:\code\hbsc)
2024-12-27 08:33:32.306 No active profile set, falling back to 1 default profile: "default"
2024-12-27 08:33:33.285 Multiple Spring Data modules found, entering strict repository configuration mode
2024-12-27 08:33:33.288 Bootstrapping Spring Data Redis repositories in DEFAULT mode.
2024-12-27 08:33:33.311 Finished Spring Data repository scanning in 11 ms. Found 0 Redis repository interfaces.
2024-12-27 08:33:34.209 Exposing 1 endpoint(s) beneath base path '/actuator'
2024-12-27 08:33:34.621 Netty started on port 8083
2024-12-27 08:33:34.631 Started PingApplication in 2.713 seconds (process running for 3.298)
2024-12-27 08:33:34.947 Failed to set request count to lock
java.io.IOException: 另一个程序已锁定文件的一部分，进程无法访问。
	at java.base/java.io.RandomAccessFile.writeBytes(Native Method)
	at java.base/java.io.RandomAccessFile.writeBytes(RandomAccessFile.java:1139)
	at com.demo.service.impl.FileLockThrottlingService.setRequestCount(FileLockThrottlingService.java:109)
	at com.demo.service.impl.FileLockThrottlingService.tryAcquire(FileLockThrottlingService.java:74)
	at com.demo.service.PingService.lambda$start$0(PingService.java:48)
	at reactor.core.publisher.FluxFilter$FilterConditionalSubscriber.onNext(FluxFilter.java:233)
	at reactor.core.publisher.FluxInterval$IntervalRunnable.run(FluxInterval.java:125)
	at reactor.core.scheduler.PeriodicWorkerTask.call(PeriodicWorkerTask.java:59)
	at reactor.core.scheduler.PeriodicWorkerTask.run(PeriodicWorkerTask.java:73)
	at java.base/java.util.concurrent.Executors$RunnableAdapter.call(Executors.java:539)
	at java.base/java.util.concurrent.FutureTask.runAndReset(FutureTask.java:305)
	at java.base/java.util.concurrent.ScheduledThreadPoolExecutor$ScheduledFutureTask.run(ScheduledThreadPoolExecutor.java:305)
	at java.base/java.util.concurrent.ThreadPoolExecutor.runWorker(ThreadPoolExecutor.java:1136)
	at java.base/java.util.concurrent.ThreadPoolExecutor$Worker.run(ThreadPoolExecutor.java:635)
	at java.base/java.lang.Thread.run(Thread.java:842)
2024-12-27 08:33:35.167 Request 0 sent & Pong Respond: 200
2024-12-27 08:33:35.247 Failed to set request count to lock
java.io.IOException: 另一个程序已锁定文件的一部分，进程无法访问。
	at java.base/java.io.RandomAccessFile.writeBytes(Native Method)
	at java.base/java.io.RandomAccessFile.writeBytes(RandomAccessFile.java:1139)
	at com.demo.service.impl.FileLockThrottlingService.setRequestCount(FileLockThrottlingService.java:109)
	at com.demo.service.impl.FileLockThrottlingService.tryAcquire(FileLockThrottlingService.java:74)
	at com.demo.service.PingService.lambda$start$0(PingService.java:48)
	at reactor.core.publisher.FluxFilter$FilterConditionalSubscriber.onNext(FluxFilter.java:233)
	at reactor.core.publisher.FluxInterval$IntervalRunnable.run(FluxInterval.java:125)
	at reactor.core.scheduler.PeriodicWorkerTask.call(PeriodicWorkerTask.java:59)
	at reactor.core.scheduler.PeriodicWorkerTask.run(PeriodicWorkerTask.java:73)
	at java.base/java.util.concurrent.Executors$RunnableAdapter.call(Executors.java:539)
	at java.base/java.util.concurrent.FutureTask.runAndReset(FutureTask.java:305)
	at java.base/java.util.concurrent.ScheduledThreadPoolExecutor$ScheduledFutureTask.run(ScheduledThreadPoolExecutor.java:305)
	at java.base/java.util.concurrent.ThreadPoolExecutor.runWorker(ThreadPoolExecutor.java:1136)
	at java.base/java.util.concurrent.ThreadPoolExecutor$Worker.run(ThreadPoolExecutor.java:635)
	at java.base/java.lang.Thread.run(Thread.java:842)
2024-12-27 08:33:35.255 Request 1 sent & Pong Respond: 200
2024-12-27 08:33:35.546 Failed to set request count to lock
java.io.IOException: 另一个程序已锁定文件的一部分，进程无法访问。
	at java.base/java.io.RandomAccessFile.writeBytes(Native Method)
	at java.base/java.io.RandomAccessFile.writeBytes(RandomAccessFile.java:1139)
	at com.demo.service.impl.FileLockThrottlingService.setRequestCount(FileLockThrottlingService.java:109)
	at com.demo.service.impl.FileLockThrottlingService.tryAcquire(FileLockThrottlingService.java:74)
	at com.demo.service.PingService.lambda$start$0(PingService.java:48)
	at reactor.core.publisher.FluxFilter$FilterConditionalSubscriber.onNext(FluxFilter.java:233)
	at reactor.core.publisher.FluxInterval$IntervalRunnable.run(FluxInterval.java:125)
	at reactor.core.scheduler.PeriodicWorkerTask.call(PeriodicWorkerTask.java:59)
	at reactor.core.scheduler.PeriodicWorkerTask.run(PeriodicWorkerTask.java:73)
	at java.base/java.util.concurrent.Executors$RunnableAdapter.call(Executors.java:539)
	at java.base/java.util.concurrent.FutureTask.runAndReset(FutureTask.java:305)
	at java.base/java.util.concurrent.ScheduledThreadPoolExecutor$ScheduledFutureTask.run(ScheduledThreadPoolExecutor.java:305)
	at java.base/java.util.concurrent.ThreadPoolExecutor.runWorker(ThreadPoolExecutor.java:1136)
	at java.base/java.util.concurrent.ThreadPoolExecutor$Worker.run(ThreadPoolExecutor.java:635)
	at java.base/java.lang.Thread.run(Thread.java:842)
2024-12-27 08:33:35.612 Request 2 send & Pong throttled it 429
2024-12-27 08:33:35.861 Failed to set request count to lock
java.io.IOException: 另一个程序已锁定文件的一部分，进程无法访问。
	at java.base/java.io.RandomAccessFile.writeBytes(Native Method)
	at java.base/java.io.RandomAccessFile.writeBytes(RandomAccessFile.java:1139)
	at com.demo.service.impl.FileLockThrottlingService.setRequestCount(FileLockThrottlingService.java:109)
	at com.demo.service.impl.FileLockThrottlingService.tryAcquire(FileLockThrottlingService.java:74)
	at com.demo.service.PingService.lambda$start$0(PingService.java:48)
	at reactor.core.publisher.FluxFilter$FilterConditionalSubscriber.onNext(FluxFilter.java:233)
	at reactor.core.publisher.FluxInterval$IntervalRunnable.run(FluxInterval.java:125)
	at reactor.core.scheduler.PeriodicWorkerTask.call(PeriodicWorkerTask.java:59)
	at reactor.core.scheduler.PeriodicWorkerTask.run(PeriodicWorkerTask.java:73)
	at java.base/java.util.concurrent.Executors$RunnableAdapter.call(Executors.java:539)
	at java.base/java.util.concurrent.FutureTask.runAndReset(FutureTask.java:305)
	at java.base/java.util.concurrent.ScheduledThreadPoolExecutor$ScheduledFutureTask.run(ScheduledThreadPoolExecutor.java:305)
	at java.base/java.util.concurrent.ThreadPoolExecutor.runWorker(ThreadPoolExecutor.java:1136)
	at java.base/java.util.concurrent.ThreadPoolExecutor$Worker.run(ThreadPoolExecutor.java:635)
	at java.base/java.lang.Thread.run(Thread.java:842)
2024-12-27 08:33:35.868 Request 3 send & Pong throttled it 429
2024-12-27 08:33:36.159 Failed to set request count to lock
java.io.IOException: 另一个程序已锁定文件的一部分，进程无法访问。
	at java.base/java.io.RandomAccessFile.writeBytes(Native Method)
	at java.base/java.io.RandomAccessFile.writeBytes(RandomAccessFile.java:1139)
	at com.demo.service.impl.FileLockThrottlingService.setRequestCount(FileLockThrottlingService.java:109)
	at com.demo.service.impl.FileLockThrottlingService.tryAcquire(FileLockThrottlingService.java:74)
	at com.demo.service.PingService.lambda$start$0(PingService.java:48)
	at reactor.core.publisher.FluxFilter$FilterConditionalSubscriber.onNext(FluxFilter.java:233)
	at reactor.core.publisher.FluxInterval$IntervalRunnable.run(FluxInterval.java:125)
	at reactor.core.scheduler.PeriodicWorkerTask.call(PeriodicWorkerTask.java:59)
	at reactor.core.scheduler.PeriodicWorkerTask.run(PeriodicWorkerTask.java:73)
	at java.base/java.util.concurrent.Executors$RunnableAdapter.call(Executors.java:539)
	at java.base/java.util.concurrent.FutureTask.runAndReset(FutureTask.java:305)
	at java.base/java.util.concurrent.ScheduledThreadPoolExecutor$ScheduledFutureTask.run(ScheduledThreadPoolExecutor.java:305)
	at java.base/java.util.concurrent.ThreadPoolExecutor.runWorker(ThreadPoolExecutor.java:1136)
	at java.base/java.util.concurrent.ThreadPoolExecutor$Worker.run(ThreadPoolExecutor.java:635)
	at java.base/java.lang.Thread.run(Thread.java:842)
2024-12-27 08:33:36.164 Request 4 sent & Pong Respond: 200
2024-12-27 08:33:36.460 Failed to set request count to lock
java.io.IOException: 另一个程序已锁定文件的一部分，进程无法访问。
	at java.base/java.io.RandomAccessFile.writeBytes(Native Method)
	at java.base/java.io.RandomAccessFile.writeBytes(RandomAccessFile.java:1139)
	at com.demo.service.impl.FileLockThrottlingService.setRequestCount(FileLockThrottlingService.java:109)
	at com.demo.service.impl.FileLockThrottlingService.tryAcquire(FileLockThrottlingService.java:74)
	at com.demo.service.PingService.lambda$start$0(PingService.java:48)
	at reactor.core.publisher.FluxFilter$FilterConditionalSubscriber.onNext(FluxFilter.java:233)
	at reactor.core.publisher.FluxInterval$IntervalRunnable.run(FluxInterval.java:125)
	at reactor.core.scheduler.PeriodicWorkerTask.call(PeriodicWorkerTask.java:59)
	at reactor.core.scheduler.PeriodicWorkerTask.run(PeriodicWorkerTask.java:73)
	at java.base/java.util.concurrent.Executors$RunnableAdapter.call(Executors.java:539)
	at java.base/java.util.concurrent.FutureTask.runAndReset(FutureTask.java:305)
	at java.base/java.util.concurrent.ScheduledThreadPoolExecutor$ScheduledFutureTask.run(ScheduledThreadPoolExecutor.java:305)
	at java.base/java.util.concurrent.ThreadPoolExecutor.runWorker(ThreadPoolExecutor.java:1136)
	at java.base/java.util.concurrent.ThreadPoolExecutor$Worker.run(ThreadPoolExecutor.java:635)
	at java.base/java.lang.Thread.run(Thread.java:842)
2024-12-27 08:33:36.466 Request 5 send & Pong throttled it 429
2024-12-27 08:33:36.757 Failed to set request count to lock
java.io.IOException: 另一个程序已锁定文件的一部分，进程无法访问。
	at java.base/java.io.RandomAccessFile.writeBytes(Native Method)
	at java.base/java.io.RandomAccessFile.writeBytes(RandomAccessFile.java:1139)
	at com.demo.service.impl.FileLockThrottlingService.setRequestCount(FileLockThrottlingService.java:109)
	at com.demo.service.impl.FileLockThrottlingService.tryAcquire(FileLockThrottlingService.java:74)
	at com.demo.service.PingService.lambda$start$0(PingService.java:48)
	at reactor.core.publisher.FluxFilter$FilterConditionalSubscriber.onNext(FluxFilter.java:233)
	at reactor.core.publisher.FluxInterval$IntervalRunnable.run(FluxInterval.java:125)
	at reactor.core.scheduler.PeriodicWorkerTask.call(PeriodicWorkerTask.java:59)
	at reactor.core.scheduler.PeriodicWorkerTask.run(PeriodicWorkerTask.java:73)
	at java.base/java.util.concurrent.Executors$RunnableAdapter.call(Executors.java:539)
	at java.base/java.util.concurrent.FutureTask.runAndReset(FutureTask.java:305)
	at java.base/java.util.concurrent.ScheduledThreadPoolExecutor$ScheduledFutureTask.run(ScheduledThreadPoolExecutor.java:305)
	at java.base/java.util.concurrent.ThreadPoolExecutor.runWorker(ThreadPoolExecutor.java:1136)
	at java.base/java.util.concurrent.ThreadPoolExecutor$Worker.run(ThreadPoolExecutor.java:635)
	at java.base/java.lang.Thread.run(Thread.java:842)
2024-12-27 08:33:36.763 Request 6 send & Pong throttled it 429
2024-12-27 08:33:37.056 Failed to set request count to lock
java.io.IOException: 另一个程序已锁定文件的一部分，进程无法访问。
	at java.base/java.io.RandomAccessFile.writeBytes(Native Method)
	at java.base/java.io.RandomAccessFile.writeBytes(RandomAccessFile.java:1139)
	at com.demo.service.impl.FileLockThrottlingService.setRequestCount(FileLockThrottlingService.java:109)
	at com.demo.service.impl.FileLockThrottlingService.tryAcquire(FileLockThrottlingService.java:74)
	at com.demo.service.PingService.lambda$start$0(PingService.java:48)
	at reactor.core.publisher.FluxFilter$FilterConditionalSubscriber.onNext(FluxFilter.java:233)
	at reactor.core.publisher.FluxInterval$IntervalRunnable.run(FluxInterval.java:125)
	at reactor.core.scheduler.PeriodicWorkerTask.call(PeriodicWorkerTask.java:59)
	at reactor.core.scheduler.PeriodicWorkerTask.run(PeriodicWorkerTask.java:73)
	at java.base/java.util.concurrent.Executors$RunnableAdapter.call(Executors.java:539)
	at java.base/java.util.concurrent.FutureTask.runAndReset(FutureTask.java:305)
	at java.base/java.util.concurrent.ScheduledThreadPoolExecutor$ScheduledFutureTask.run(ScheduledThreadPoolExecutor.java:305)
	at java.base/java.util.concurrent.ThreadPoolExecutor.runWorker(ThreadPoolExecutor.java:1136)
	at java.base/java.util.concurrent.ThreadPoolExecutor$Worker.run(ThreadPoolExecutor.java:635)
	at java.base/java.lang.Thread.run(Thread.java:842)
2024-12-27 08:33:37.062 Request 7 send & Pong throttled it 429
2024-12-27 08:33:37.354 Failed to set request count to lock
java.io.IOException: 另一个程序已锁定文件的一部分，进程无法访问。
	at java.base/java.io.RandomAccessFile.writeBytes(Native Method)
	at java.base/java.io.RandomAccessFile.writeBytes(RandomAccessFile.java:1139)
	at com.demo.service.impl.FileLockThrottlingService.setRequestCount(FileLockThrottlingService.java:109)
	at com.demo.service.impl.FileLockThrottlingService.tryAcquire(FileLockThrottlingService.java:74)
	at com.demo.service.PingService.lambda$start$0(PingService.java:48)
	at reactor.core.publisher.FluxFilter$FilterConditionalSubscriber.onNext(FluxFilter.java:233)
	at reactor.core.publisher.FluxInterval$IntervalRunnable.run(FluxInterval.java:125)
	at reactor.core.scheduler.PeriodicWorkerTask.call(PeriodicWorkerTask.java:59)
	at reactor.core.scheduler.PeriodicWorkerTask.run(PeriodicWorkerTask.java:73)
	at java.base/java.util.concurrent.Executors$RunnableAdapter.call(Executors.java:539)
	at java.base/java.util.concurrent.FutureTask.runAndReset(FutureTask.java:305)
	at java.base/java.util.concurrent.ScheduledThreadPoolExecutor$ScheduledFutureTask.run(ScheduledThreadPoolExecutor.java:305)
	at java.base/java.util.concurrent.ThreadPoolExecutor.runWorker(ThreadPoolExecutor.java:1136)
	at java.base/java.util.concurrent.ThreadPoolExecutor$Worker.run(ThreadPoolExecutor.java:635)
	at java.base/java.lang.Thread.run(Thread.java:842)
2024-12-27 08:33:37.359 Request 8 sent & Pong Respond: 200
2024-12-27 08:33:37.650 Failed to set request count to lock
java.io.IOException: 另一个程序已锁定文件的一部分，进程无法访问。
	at java.base/java.io.RandomAccessFile.writeBytes(Native Method)
	at java.base/java.io.RandomAccessFile.writeBytes(RandomAccessFile.java:1139)
	at com.demo.service.impl.FileLockThrottlingService.setRequestCount(FileLockThrottlingService.java:109)
	at com.demo.service.impl.FileLockThrottlingService.tryAcquire(FileLockThrottlingService.java:74)
	at com.demo.service.PingService.lambda$start$0(PingService.java:48)
	at reactor.core.publisher.FluxFilter$FilterConditionalSubscriber.onNext(FluxFilter.java:233)
	at reactor.core.publisher.FluxInterval$IntervalRunnable.run(FluxInterval.java:125)
	at reactor.core.scheduler.PeriodicWorkerTask.call(PeriodicWorkerTask.java:59)
	at reactor.core.scheduler.PeriodicWorkerTask.run(PeriodicWorkerTask.java:73)
	at java.base/java.util.concurrent.Executors$RunnableAdapter.call(Executors.java:539)
	at java.base/java.util.concurrent.FutureTask.runAndReset(FutureTask.java:305)
	at java.base/java.util.concurrent.ScheduledThreadPoolExecutor$ScheduledFutureTask.run(ScheduledThreadPoolExecutor.java:305)
	at java.base/java.util.concurrent.ThreadPoolExecutor.runWorker(ThreadPoolExecutor.java:1136)
	at java.base/java.util.concurrent.ThreadPoolExecutor$Worker.run(ThreadPoolExecutor.java:635)
	at java.base/java.lang.Thread.run(Thread.java:842)
2024-12-27 08:33:37.655 Request 9 send & Pong throttled it 429
2024-12-27 08:33:37.948 Failed to set request count to lock
java.io.IOException: 另一个程序已锁定文件的一部分，进程无法访问。
	at java.base/java.io.RandomAccessFile.writeBytes(Native Method)
	at java.base/java.io.RandomAccessFile.writeBytes(RandomAccessFile.java:1139)
	at com.demo.service.impl.FileLockThrottlingService.setRequestCount(FileLockThrottlingService.java:109)
	at com.demo.service.impl.FileLockThrottlingService.tryAcquire(FileLockThrottlingService.java:74)
	at com.demo.service.PingService.lambda$start$0(PingService.java:48)
	at reactor.core.publisher.FluxFilter$FilterConditionalSubscriber.onNext(FluxFilter.java:233)
	at reactor.core.publisher.FluxInterval$IntervalRunnable.run(FluxInterval.java:125)
	at reactor.core.scheduler.PeriodicWorkerTask.call(PeriodicWorkerTask.java:59)
	at reactor.core.scheduler.PeriodicWorkerTask.run(PeriodicWorkerTask.java:73)
	at java.base/java.util.concurrent.Executors$RunnableAdapter.call(Executors.java:539)
	at java.base/java.util.concurrent.FutureTask.runAndReset(FutureTask.java:305)
	at java.base/java.util.concurrent.ScheduledThreadPoolExecutor$ScheduledFutureTask.run(ScheduledThreadPoolExecutor.java:305)
	at java.base/java.util.concurrent.ThreadPoolExecutor.runWorker(ThreadPoolExecutor.java:1136)
	at java.base/java.util.concurrent.ThreadPoolExecutor$Worker.run(ThreadPoolExecutor.java:635)
	at java.base/java.lang.Thread.run(Thread.java:842)
2024-12-27 08:33:37.954 Request 10 send & Pong throttled it 429
2024-12-27 08:33:38.260 Failed to set request count to lock
java.io.IOException: 另一个程序已锁定文件的一部分，进程无法访问。
	at java.base/java.io.RandomAccessFile.writeBytes(Native Method)
	at java.base/java.io.RandomAccessFile.writeBytes(RandomAccessFile.java:1139)
	at com.demo.service.impl.FileLockThrottlingService.setRequestCount(FileLockThrottlingService.java:109)
	at com.demo.service.impl.FileLockThrottlingService.tryAcquire(FileLockThrottlingService.java:74)
	at com.demo.service.PingService.lambda$start$0(PingService.java:48)
	at reactor.core.publisher.FluxFilter$FilterConditionalSubscriber.onNext(FluxFilter.java:233)
	at reactor.core.publisher.FluxInterval$IntervalRunnable.run(FluxInterval.java:125)
	at reactor.core.scheduler.PeriodicWorkerTask.call(PeriodicWorkerTask.java:59)
	at reactor.core.scheduler.PeriodicWorkerTask.run(PeriodicWorkerTask.java:73)
	at java.base/java.util.concurrent.Executors$RunnableAdapter.call(Executors.java:539)
	at java.base/java.util.concurrent.FutureTask.runAndReset(FutureTask.java:305)
	at java.base/java.util.concurrent.ScheduledThreadPoolExecutor$ScheduledFutureTask.run(ScheduledThreadPoolExecutor.java:305)
	at java.base/java.util.concurrent.ThreadPoolExecutor.runWorker(ThreadPoolExecutor.java:1136)
	at java.base/java.util.concurrent.ThreadPoolExecutor$Worker.run(ThreadPoolExecutor.java:635)
	at java.base/java.lang.Thread.run(Thread.java:842)
2024-12-27 08:33:38.265 Request 11 sent & Pong Respond: 200
2024-12-27 08:33:38.556 Failed to set request count to lock
java.io.IOException: 另一个程序已锁定文件的一部分，进程无法访问。
	at java.base/java.io.RandomAccessFile.writeBytes(Native Method)
	at java.base/java.io.RandomAccessFile.writeBytes(RandomAccessFile.java:1139)
	at com.demo.service.impl.FileLockThrottlingService.setRequestCount(FileLockThrottlingService.java:109)
	at com.demo.service.impl.FileLockThrottlingService.tryAcquire(FileLockThrottlingService.java:74)
	at com.demo.service.PingService.lambda$start$0(PingService.java:48)
	at reactor.core.publisher.FluxFilter$FilterConditionalSubscriber.onNext(FluxFilter.java:233)
	at reactor.core.publisher.FluxInterval$IntervalRunnable.run(FluxInterval.java:125)
	at reactor.core.scheduler.PeriodicWorkerTask.call(PeriodicWorkerTask.java:59)
	at reactor.core.scheduler.PeriodicWorkerTask.run(PeriodicWorkerTask.java:73)
	at java.base/java.util.concurrent.Executors$RunnableAdapter.call(Executors.java:539)
	at java.base/java.util.concurrent.FutureTask.runAndReset(FutureTask.java:305)
	at java.base/java.util.concurrent.ScheduledThreadPoolExecutor$ScheduledFutureTask.run(ScheduledThreadPoolExecutor.java:305)
	at java.base/java.util.concurrent.ThreadPoolExecutor.runWorker(ThreadPoolExecutor.java:1136)
	at java.base/java.util.concurrent.ThreadPoolExecutor$Worker.run(ThreadPoolExecutor.java:635)
	at java.base/java.lang.Thread.run(Thread.java:842)
2024-12-27 08:33:38.562 Request 12 send & Pong throttled it 429
2024-12-27 08:33:38.854 Failed to set request count to lock
java.io.IOException: 另一个程序已锁定文件的一部分，进程无法访问。
	at java.base/java.io.RandomAccessFile.writeBytes(Native Method)
	at java.base/java.io.RandomAccessFile.writeBytes(RandomAccessFile.java:1139)
	at com.demo.service.impl.FileLockThrottlingService.setRequestCount(FileLockThrottlingService.java:109)
	at com.demo.service.impl.FileLockThrottlingService.tryAcquire(FileLockThrottlingService.java:74)
	at com.demo.service.PingService.lambda$start$0(PingService.java:48)
	at reactor.core.publisher.FluxFilter$FilterConditionalSubscriber.onNext(FluxFilter.java:233)
	at reactor.core.publisher.FluxInterval$IntervalRunnable.run(FluxInterval.java:125)
	at reactor.core.scheduler.PeriodicWorkerTask.call(PeriodicWorkerTask.java:59)
	at reactor.core.scheduler.PeriodicWorkerTask.run(PeriodicWorkerTask.java:73)
	at java.base/java.util.concurrent.Executors$RunnableAdapter.call(Executors.java:539)
	at java.base/java.util.concurrent.FutureTask.runAndReset(FutureTask.java:305)
	at java.base/java.util.concurrent.ScheduledThreadPoolExecutor$ScheduledFutureTask.run(ScheduledThreadPoolExecutor.java:305)
	at java.base/java.util.concurrent.ThreadPoolExecutor.runWorker(ThreadPoolExecutor.java:1136)
	at java.base/java.util.concurrent.ThreadPoolExecutor$Worker.run(ThreadPoolExecutor.java:635)
	at java.base/java.lang.Thread.run(Thread.java:842)
2024-12-27 08:33:38.860 Request 13 send & Pong throttled it 429
2024-12-27 08:33:39.152 Failed to set request count to lock
java.io.IOException: 另一个程序已锁定文件的一部分，进程无法访问。
	at java.base/java.io.RandomAccessFile.writeBytes(Native Method)
	at java.base/java.io.RandomAccessFile.writeBytes(RandomAccessFile.java:1139)
	at com.demo.service.impl.FileLockThrottlingService.setRequestCount(FileLockThrottlingService.java:109)
	at com.demo.service.impl.FileLockThrottlingService.tryAcquire(FileLockThrottlingService.java:74)
	at com.demo.service.PingService.lambda$start$0(PingService.java:48)
	at reactor.core.publisher.FluxFilter$FilterConditionalSubscriber.onNext(FluxFilter.java:233)
	at reactor.core.publisher.FluxInterval$IntervalRunnable.run(FluxInterval.java:125)
	at reactor.core.scheduler.PeriodicWorkerTask.call(PeriodicWorkerTask.java:59)
	at reactor.core.scheduler.PeriodicWorkerTask.run(PeriodicWorkerTask.java:73)
	at java.base/java.util.concurrent.Executors$RunnableAdapter.call(Executors.java:539)
	at java.base/java.util.concurrent.FutureTask.runAndReset(FutureTask.java:305)
	at java.base/java.util.concurrent.ScheduledThreadPoolExecutor$ScheduledFutureTask.run(ScheduledThreadPoolExecutor.java:305)
	at java.base/java.util.concurrent.ThreadPoolExecutor.runWorker(ThreadPoolExecutor.java:1136)
	at java.base/java.util.concurrent.ThreadPoolExecutor$Worker.run(ThreadPoolExecutor.java:635)
	at java.base/java.lang.Thread.run(Thread.java:842)
2024-12-27 08:33:39.157 Request 14 sent & Pong Respond: 200
2024-12-27 08:33:39.450 Failed to set request count to lock
java.io.IOException: 另一个程序已锁定文件的一部分，进程无法访问。
	at java.base/java.io.RandomAccessFile.writeBytes(Native Method)
	at java.base/java.io.RandomAccessFile.writeBytes(RandomAccessFile.java:1139)
	at com.demo.service.impl.FileLockThrottlingService.setRequestCount(FileLockThrottlingService.java:109)
	at com.demo.service.impl.FileLockThrottlingService.tryAcquire(FileLockThrottlingService.java:74)
	at com.demo.service.PingService.lambda$start$0(PingService.java:48)
	at reactor.core.publisher.FluxFilter$FilterConditionalSubscriber.onNext(FluxFilter.java:233)
	at reactor.core.publisher.FluxInterval$IntervalRunnable.run(FluxInterval.java:125)
	at reactor.core.scheduler.PeriodicWorkerTask.call(PeriodicWorkerTask.java:59)
	at reactor.core.scheduler.PeriodicWorkerTask.run(PeriodicWorkerTask.java:73)
	at java.base/java.util.concurrent.Executors$RunnableAdapter.call(Executors.java:539)
	at java.base/java.util.concurrent.FutureTask.runAndReset(FutureTask.java:305)
	at java.base/java.util.concurrent.ScheduledThreadPoolExecutor$ScheduledFutureTask.run(ScheduledThreadPoolExecutor.java:305)
	at java.base/java.util.concurrent.ThreadPoolExecutor.runWorker(ThreadPoolExecutor.java:1136)
	at java.base/java.util.concurrent.ThreadPoolExecutor$Worker.run(ThreadPoolExecutor.java:635)
	at java.base/java.lang.Thread.run(Thread.java:842)
2024-12-27 08:33:39.457 Request 15 send & Pong throttled it 429
2024-12-27 08:33:39.748 Failed to set request count to lock
java.io.IOException: 另一个程序已锁定文件的一部分，进程无法访问。
	at java.base/java.io.RandomAccessFile.writeBytes(Native Method)
	at java.base/java.io.RandomAccessFile.writeBytes(RandomAccessFile.java:1139)
	at com.demo.service.impl.FileLockThrottlingService.setRequestCount(FileLockThrottlingService.java:109)
	at com.demo.service.impl.FileLockThrottlingService.tryAcquire(FileLockThrottlingService.java:74)
	at com.demo.service.PingService.lambda$start$0(PingService.java:48)
	at reactor.core.publisher.FluxFilter$FilterConditionalSubscriber.onNext(FluxFilter.java:233)
	at reactor.core.publisher.FluxInterval$IntervalRunnable.run(FluxInterval.java:125)
	at reactor.core.scheduler.PeriodicWorkerTask.call(PeriodicWorkerTask.java:59)
	at reactor.core.scheduler.PeriodicWorkerTask.run(PeriodicWorkerTask.java:73)
	at java.base/java.util.concurrent.Executors$RunnableAdapter.call(Executors.java:539)
	at java.base/java.util.concurrent.FutureTask.runAndReset(FutureTask.java:305)
	at java.base/java.util.concurrent.ScheduledThreadPoolExecutor$ScheduledFutureTask.run(ScheduledThreadPoolExecutor.java:305)
	at java.base/java.util.concurrent.ThreadPoolExecutor.runWorker(ThreadPoolExecutor.java:1136)
	at java.base/java.util.concurrent.ThreadPoolExecutor$Worker.run(ThreadPoolExecutor.java:635)
	at java.base/java.lang.Thread.run(Thread.java:842)
2024-12-27 08:33:39.755 Request 16 send & Pong throttled it 429
2024-12-27 08:33:40.046 Failed to set request count to lock
java.io.IOException: 另一个程序已锁定文件的一部分，进程无法访问。
	at java.base/java.io.RandomAccessFile.writeBytes(Native Method)
	at java.base/java.io.RandomAccessFile.writeBytes(RandomAccessFile.java:1139)
	at com.demo.service.impl.FileLockThrottlingService.setRequestCount(FileLockThrottlingService.java:109)
	at com.demo.service.impl.FileLockThrottlingService.tryAcquire(FileLockThrottlingService.java:74)
	at com.demo.service.PingService.lambda$start$0(PingService.java:48)
	at reactor.core.publisher.FluxFilter$FilterConditionalSubscriber.onNext(FluxFilter.java:233)
	at reactor.core.publisher.FluxInterval$IntervalRunnable.run(FluxInterval.java:125)
	at reactor.core.scheduler.PeriodicWorkerTask.call(PeriodicWorkerTask.java:59)
	at reactor.core.scheduler.PeriodicWorkerTask.run(PeriodicWorkerTask.java:73)
	at java.base/java.util.concurrent.Executors$RunnableAdapter.call(Executors.java:539)
	at java.base/java.util.concurrent.FutureTask.runAndReset(FutureTask.java:305)
	at java.base/java.util.concurrent.ScheduledThreadPoolExecutor$ScheduledFutureTask.run(ScheduledThreadPoolExecutor.java:305)
	at java.base/java.util.concurrent.ThreadPoolExecutor.runWorker(ThreadPoolExecutor.java:1136)
	at java.base/java.util.concurrent.ThreadPoolExecutor$Worker.run(ThreadPoolExecutor.java:635)
	at java.base/java.lang.Thread.run(Thread.java:842)
2024-12-27 08:33:40.052 Request 17 send & Pong throttled it 429
2024-12-27 08:33:40.357 Failed to set request count to lock
java.io.IOException: 另一个程序已锁定文件的一部分，进程无法访问。
	at java.base/java.io.RandomAccessFile.writeBytes(Native Method)
	at java.base/java.io.RandomAccessFile.writeBytes(RandomAccessFile.java:1139)
	at com.demo.service.impl.FileLockThrottlingService.setRequestCount(FileLockThrottlingService.java:109)
	at com.demo.service.impl.FileLockThrottlingService.tryAcquire(FileLockThrottlingService.java:74)
	at com.demo.service.PingService.lambda$start$0(PingService.java:48)
	at reactor.core.publisher.FluxFilter$FilterConditionalSubscriber.onNext(FluxFilter.java:233)
	at reactor.core.publisher.FluxInterval$IntervalRunnable.run(FluxInterval.java:125)
	at reactor.core.scheduler.PeriodicWorkerTask.call(PeriodicWorkerTask.java:59)
	at reactor.core.scheduler.PeriodicWorkerTask.run(PeriodicWorkerTask.java:73)
	at java.base/java.util.concurrent.Executors$RunnableAdapter.call(Executors.java:539)
	at java.base/java.util.concurrent.FutureTask.runAndReset(FutureTask.java:305)
	at java.base/java.util.concurrent.ScheduledThreadPoolExecutor$ScheduledFutureTask.run(ScheduledThreadPoolExecutor.java:305)
	at java.base/java.util.concurrent.ThreadPoolExecutor.runWorker(ThreadPoolExecutor.java:1136)
	at java.base/java.util.concurrent.ThreadPoolExecutor$Worker.run(ThreadPoolExecutor.java:635)
	at java.base/java.lang.Thread.run(Thread.java:842)
2024-12-27 08:33:40.361 Request 18 sent & Pong Respond: 200
2024-12-27 08:33:40.655 Failed to set request count to lock
java.io.IOException: 另一个程序已锁定文件的一部分，进程无法访问。
	at java.base/java.io.RandomAccessFile.writeBytes(Native Method)
	at java.base/java.io.RandomAccessFile.writeBytes(RandomAccessFile.java:1139)
	at com.demo.service.impl.FileLockThrottlingService.setRequestCount(FileLockThrottlingService.java:109)
	at com.demo.service.impl.FileLockThrottlingService.tryAcquire(FileLockThrottlingService.java:74)
	at com.demo.service.PingService.lambda$start$0(PingService.java:48)
	at reactor.core.publisher.FluxFilter$FilterConditionalSubscriber.onNext(FluxFilter.java:233)
	at reactor.core.publisher.FluxInterval$IntervalRunnable.run(FluxInterval.java:125)
	at reactor.core.scheduler.PeriodicWorkerTask.call(PeriodicWorkerTask.java:59)
	at reactor.core.scheduler.PeriodicWorkerTask.run(PeriodicWorkerTask.java:73)
	at java.base/java.util.concurrent.Executors$RunnableAdapter.call(Executors.java:539)
	at java.base/java.util.concurrent.FutureTask.runAndReset(FutureTask.java:305)
	at java.base/java.util.concurrent.ScheduledThreadPoolExecutor$ScheduledFutureTask.run(ScheduledThreadPoolExecutor.java:305)
	at java.base/java.util.concurrent.ThreadPoolExecutor.runWorker(ThreadPoolExecutor.java:1136)
	at java.base/java.util.concurrent.ThreadPoolExecutor$Worker.run(ThreadPoolExecutor.java:635)
	at java.base/java.lang.Thread.run(Thread.java:842)
2024-12-27 08:33:40.661 Request 19 send & Pong throttled it 429
2024-12-27 08:33:40.949 Failed to set request count to lock
java.io.IOException: 另一个程序已锁定文件的一部分，进程无法访问。
	at java.base/java.io.RandomAccessFile.writeBytes(Native Method)
	at java.base/java.io.RandomAccessFile.writeBytes(RandomAccessFile.java:1139)
	at com.demo.service.impl.FileLockThrottlingService.setRequestCount(FileLockThrottlingService.java:109)
	at com.demo.service.impl.FileLockThrottlingService.tryAcquire(FileLockThrottlingService.java:74)
	at com.demo.service.PingService.lambda$start$0(PingService.java:48)
	at reactor.core.publisher.FluxFilter$FilterConditionalSubscriber.onNext(FluxFilter.java:233)
	at reactor.core.publisher.FluxInterval$IntervalRunnable.run(FluxInterval.java:125)
	at reactor.core.scheduler.PeriodicWorkerTask.call(PeriodicWorkerTask.java:59)
	at reactor.core.scheduler.PeriodicWorkerTask.run(PeriodicWorkerTask.java:73)
	at java.base/java.util.concurrent.Executors$RunnableAdapter.call(Executors.java:539)
	at java.base/java.util.concurrent.FutureTask.runAndReset(FutureTask.java:305)
	at java.base/java.util.concurrent.ScheduledThreadPoolExecutor$ScheduledFutureTask.run(ScheduledThreadPoolExecutor.java:305)
	at java.base/java.util.concurrent.ThreadPoolExecutor.runWorker(ThreadPoolExecutor.java:1136)
	at java.base/java.util.concurrent.ThreadPoolExecutor$Worker.run(ThreadPoolExecutor.java:635)
	at java.base/java.lang.Thread.run(Thread.java:842)
2024-12-27 08:33:40.955 Request 20 send & Pong throttled it 429
2024-12-27 08:33:41.259 Failed to set request count to lock
java.io.IOException: 另一个程序已锁定文件的一部分，进程无法访问。
	at java.base/java.io.RandomAccessFile.writeBytes(Native Method)
	at java.base/java.io.RandomAccessFile.writeBytes(RandomAccessFile.java:1139)
	at com.demo.service.impl.FileLockThrottlingService.setRequestCount(FileLockThrottlingService.java:109)
	at com.demo.service.impl.FileLockThrottlingService.tryAcquire(FileLockThrottlingService.java:74)
	at com.demo.service.PingService.lambda$start$0(PingService.java:48)
	at reactor.core.publisher.FluxFilter$FilterConditionalSubscriber.onNext(FluxFilter.java:233)
	at reactor.core.publisher.FluxInterval$IntervalRunnable.run(FluxInterval.java:125)
	at reactor.core.scheduler.PeriodicWorkerTask.call(PeriodicWorkerTask.java:59)
	at reactor.core.scheduler.PeriodicWorkerTask.run(PeriodicWorkerTask.java:73)
	at java.base/java.util.concurrent.Executors$RunnableAdapter.call(Executors.java:539)
	at java.base/java.util.concurrent.FutureTask.runAndReset(FutureTask.java:305)
	at java.base/java.util.concurrent.ScheduledThreadPoolExecutor$ScheduledFutureTask.run(ScheduledThreadPoolExecutor.java:305)
	at java.base/java.util.concurrent.ThreadPoolExecutor.runWorker(ThreadPoolExecutor.java:1136)
	at java.base/java.util.concurrent.ThreadPoolExecutor$Worker.run(ThreadPoolExecutor.java:635)
	at java.base/java.lang.Thread.run(Thread.java:842)
2024-12-27 08:33:41.264 Request 21 sent & Pong Respond: 200
2024-12-27 08:33:41.555 Failed to set request count to lock
java.io.IOException: 另一个程序已锁定文件的一部分，进程无法访问。
	at java.base/java.io.RandomAccessFile.writeBytes(Native Method)
	at java.base/java.io.RandomAccessFile.writeBytes(RandomAccessFile.java:1139)
	at com.demo.service.impl.FileLockThrottlingService.setRequestCount(FileLockThrottlingService.java:109)
	at com.demo.service.impl.FileLockThrottlingService.tryAcquire(FileLockThrottlingService.java:74)
	at com.demo.service.PingService.lambda$start$0(PingService.java:48)
	at reactor.core.publisher.FluxFilter$FilterConditionalSubscriber.onNext(FluxFilter.java:233)
	at reactor.core.publisher.FluxInterval$IntervalRunnable.run(FluxInterval.java:125)
	at reactor.core.scheduler.PeriodicWorkerTask.call(PeriodicWorkerTask.java:59)
	at reactor.core.scheduler.PeriodicWorkerTask.run(PeriodicWorkerTask.java:73)
	at java.base/java.util.concurrent.Executors$RunnableAdapter.call(Executors.java:539)
	at java.base/java.util.concurrent.FutureTask.runAndReset(FutureTask.java:305)
	at java.base/java.util.concurrent.ScheduledThreadPoolExecutor$ScheduledFutureTask.run(ScheduledThreadPoolExecutor.java:305)
	at java.base/java.util.concurrent.ThreadPoolExecutor.runWorker(ThreadPoolExecutor.java:1136)
	at java.base/java.util.concurrent.ThreadPoolExecutor$Worker.run(ThreadPoolExecutor.java:635)
	at java.base/java.lang.Thread.run(Thread.java:842)
2024-12-27 08:33:41.562 Request 22 send & Pong throttled it 429
2024-12-27 08:33:41.852 Failed to set request count to lock
java.io.IOException: 另一个程序已锁定文件的一部分，进程无法访问。
	at java.base/java.io.RandomAccessFile.writeBytes(Native Method)
	at java.base/java.io.RandomAccessFile.writeBytes(RandomAccessFile.java:1139)
	at com.demo.service.impl.FileLockThrottlingService.setRequestCount(FileLockThrottlingService.java:109)
	at com.demo.service.impl.FileLockThrottlingService.tryAcquire(FileLockThrottlingService.java:74)
	at com.demo.service.PingService.lambda$start$0(PingService.java:48)
	at reactor.core.publisher.FluxFilter$FilterConditionalSubscriber.onNext(FluxFilter.java:233)
	at reactor.core.publisher.FluxInterval$IntervalRunnable.run(FluxInterval.java:125)
	at reactor.core.scheduler.PeriodicWorkerTask.call(PeriodicWorkerTask.java:59)
	at reactor.core.scheduler.PeriodicWorkerTask.run(PeriodicWorkerTask.java:73)
	at java.base/java.util.concurrent.Executors$RunnableAdapter.call(Executors.java:539)
	at java.base/java.util.concurrent.FutureTask.runAndReset(FutureTask.java:305)
	at java.base/java.util.concurrent.ScheduledThreadPoolExecutor$ScheduledFutureTask.run(ScheduledThreadPoolExecutor.java:305)
	at java.base/java.util.concurrent.ThreadPoolExecutor.runWorker(ThreadPoolExecutor.java:1136)
	at java.base/java.util.concurrent.ThreadPoolExecutor$Worker.run(ThreadPoolExecutor.java:635)
	at java.base/java.lang.Thread.run(Thread.java:842)
2024-12-27 08:33:41.858 Request 23 send & Pong throttled it 429
2024-12-27 08:33:42.146 Failed to set request count to lock
java.io.IOException: 另一个程序已锁定文件的一部分，进程无法访问。
	at java.base/java.io.RandomAccessFile.writeBytes(Native Method)
	at java.base/java.io.RandomAccessFile.writeBytes(RandomAccessFile.java:1139)
	at com.demo.service.impl.FileLockThrottlingService.setRequestCount(FileLockThrottlingService.java:109)
	at com.demo.service.impl.FileLockThrottlingService.tryAcquire(FileLockThrottlingService.java:74)
	at com.demo.service.PingService.lambda$start$0(PingService.java:48)
	at reactor.core.publisher.FluxFilter$FilterConditionalSubscriber.onNext(FluxFilter.java:233)
	at reactor.core.publisher.FluxInterval$IntervalRunnable.run(FluxInterval.java:125)
	at reactor.core.scheduler.PeriodicWorkerTask.call(PeriodicWorkerTask.java:59)
	at reactor.core.scheduler.PeriodicWorkerTask.run(PeriodicWorkerTask.java:73)
	at java.base/java.util.concurrent.Executors$RunnableAdapter.call(Executors.java:539)
	at java.base/java.util.concurrent.FutureTask.runAndReset(FutureTask.java:305)
	at java.base/java.util.concurrent.ScheduledThreadPoolExecutor$ScheduledFutureTask.run(ScheduledThreadPoolExecutor.java:305)
	at java.base/java.util.concurrent.ThreadPoolExecutor.runWorker(ThreadPoolExecutor.java:1136)
	at java.base/java.util.concurrent.ThreadPoolExecutor$Worker.run(ThreadPoolExecutor.java:635)
	at java.base/java.lang.Thread.run(Thread.java:842)
2024-12-27 08:33:42.150 Request 24 sent & Pong Respond: 200
2024-12-27 08:33:42.459 Failed to set request count to lock
java.io.IOException: 另一个程序已锁定文件的一部分，进程无法访问。
	at java.base/java.io.RandomAccessFile.writeBytes(Native Method)
	at java.base/java.io.RandomAccessFile.writeBytes(RandomAccessFile.java:1139)
	at com.demo.service.impl.FileLockThrottlingService.setRequestCount(FileLockThrottlingService.java:109)
	at com.demo.service.impl.FileLockThrottlingService.tryAcquire(FileLockThrottlingService.java:74)
	at com.demo.service.PingService.lambda$start$0(PingService.java:48)
	at reactor.core.publisher.FluxFilter$FilterConditionalSubscriber.onNext(FluxFilter.java:233)
	at reactor.core.publisher.FluxInterval$IntervalRunnable.run(FluxInterval.java:125)
	at reactor.core.scheduler.PeriodicWorkerTask.call(PeriodicWorkerTask.java:59)
	at reactor.core.scheduler.PeriodicWorkerTask.run(PeriodicWorkerTask.java:73)
	at java.base/java.util.concurrent.Executors$RunnableAdapter.call(Executors.java:539)
	at java.base/java.util.concurrent.FutureTask.runAndReset(FutureTask.java:305)
	at java.base/java.util.concurrent.ScheduledThreadPoolExecutor$ScheduledFutureTask.run(ScheduledThreadPoolExecutor.java:305)
	at java.base/java.util.concurrent.ThreadPoolExecutor.runWorker(ThreadPoolExecutor.java:1136)
	at java.base/java.util.concurrent.ThreadPoolExecutor$Worker.run(ThreadPoolExecutor.java:635)
	at java.base/java.lang.Thread.run(Thread.java:842)
2024-12-27 08:33:42.465 Request 25 send & Pong throttled it 429
2024-12-27 08:33:42.756 Failed to set request count to lock
java.io.IOException: 另一个程序已锁定文件的一部分，进程无法访问。
	at java.base/java.io.RandomAccessFile.writeBytes(Native Method)
	at java.base/java.io.RandomAccessFile.writeBytes(RandomAccessFile.java:1139)
	at com.demo.service.impl.FileLockThrottlingService.setRequestCount(FileLockThrottlingService.java:109)
	at com.demo.service.impl.FileLockThrottlingService.tryAcquire(FileLockThrottlingService.java:74)
	at com.demo.service.PingService.lambda$start$0(PingService.java:48)
	at reactor.core.publisher.FluxFilter$FilterConditionalSubscriber.onNext(FluxFilter.java:233)
	at reactor.core.publisher.FluxInterval$IntervalRunnable.run(FluxInterval.java:125)
	at reactor.core.scheduler.PeriodicWorkerTask.call(PeriodicWorkerTask.java:59)
	at reactor.core.scheduler.PeriodicWorkerTask.run(PeriodicWorkerTask.java:73)
	at java.base/java.util.concurrent.Executors$RunnableAdapter.call(Executors.java:539)
	at java.base/java.util.concurrent.FutureTask.runAndReset(FutureTask.java:305)
	at java.base/java.util.concurrent.ScheduledThreadPoolExecutor$ScheduledFutureTask.run(ScheduledThreadPoolExecutor.java:305)
	at java.base/java.util.concurrent.ThreadPoolExecutor.runWorker(ThreadPoolExecutor.java:1136)
	at java.base/java.util.concurrent.ThreadPoolExecutor$Worker.run(ThreadPoolExecutor.java:635)
	at java.base/java.lang.Thread.run(Thread.java:842)
2024-12-27 08:33:42.762 Request 26 send & Pong throttled it 429
2024-12-27 08:33:43.054 Failed to set request count to lock
java.io.IOException: 另一个程序已锁定文件的一部分，进程无法访问。
	at java.base/java.io.RandomAccessFile.writeBytes(Native Method)
	at java.base/java.io.RandomAccessFile.writeBytes(RandomAccessFile.java:1139)
	at com.demo.service.impl.FileLockThrottlingService.setRequestCount(FileLockThrottlingService.java:109)
	at com.demo.service.impl.FileLockThrottlingService.tryAcquire(FileLockThrottlingService.java:74)
	at com.demo.service.PingService.lambda$start$0(PingService.java:48)
	at reactor.core.publisher.FluxFilter$FilterConditionalSubscriber.onNext(FluxFilter.java:233)
	at reactor.core.publisher.FluxInterval$IntervalRunnable.run(FluxInterval.java:125)
	at reactor.core.scheduler.PeriodicWorkerTask.call(PeriodicWorkerTask.java:59)
	at reactor.core.scheduler.PeriodicWorkerTask.run(PeriodicWorkerTask.java:73)
	at java.base/java.util.concurrent.Executors$RunnableAdapter.call(Executors.java:539)
	at java.base/java.util.concurrent.FutureTask.runAndReset(FutureTask.java:305)
	at java.base/java.util.concurrent.ScheduledThreadPoolExecutor$ScheduledFutureTask.run(ScheduledThreadPoolExecutor.java:305)
	at java.base/java.util.concurrent.ThreadPoolExecutor.runWorker(ThreadPoolExecutor.java:1136)
	at java.base/java.util.concurrent.ThreadPoolExecutor$Worker.run(ThreadPoolExecutor.java:635)
	at java.base/java.lang.Thread.run(Thread.java:842)
2024-12-27 08:33:43.061 Request 27 send & Pong throttled it 429
2024-12-27 08:33:43.348 Failed to set request count to lock
java.io.IOException: 另一个程序已锁定文件的一部分，进程无法访问。
	at java.base/java.io.RandomAccessFile.writeBytes(Native Method)
	at java.base/java.io.RandomAccessFile.writeBytes(RandomAccessFile.java:1139)
	at com.demo.service.impl.FileLockThrottlingService.setRequestCount(FileLockThrottlingService.java:109)
	at com.demo.service.impl.FileLockThrottlingService.tryAcquire(FileLockThrottlingService.java:74)
	at com.demo.service.PingService.lambda$start$0(PingService.java:48)
	at reactor.core.publisher.FluxFilter$FilterConditionalSubscriber.onNext(FluxFilter.java:233)
	at reactor.core.publisher.FluxInterval$IntervalRunnable.run(FluxInterval.java:125)
	at reactor.core.scheduler.PeriodicWorkerTask.call(PeriodicWorkerTask.java:59)
	at reactor.core.scheduler.PeriodicWorkerTask.run(PeriodicWorkerTask.java:73)
	at java.base/java.util.concurrent.Executors$RunnableAdapter.call(Executors.java:539)
	at java.base/java.util.concurrent.FutureTask.runAndReset(FutureTask.java:305)
	at java.base/java.util.concurrent.ScheduledThreadPoolExecutor$ScheduledFutureTask.run(ScheduledThreadPoolExecutor.java:305)
	at java.base/java.util.concurrent.ThreadPoolExecutor.runWorker(ThreadPoolExecutor.java:1136)
	at java.base/java.util.concurrent.ThreadPoolExecutor$Worker.run(ThreadPoolExecutor.java:635)
	at java.base/java.lang.Thread.run(Thread.java:842)
2024-12-27 08:33:43.352 Request 28 sent & Pong Respond: 200
2024-12-27 08:33:43.659 Failed to set request count to lock
java.io.IOException: 另一个程序已锁定文件的一部分，进程无法访问。
	at java.base/java.io.RandomAccessFile.writeBytes(Native Method)
	at java.base/java.io.RandomAccessFile.writeBytes(RandomAccessFile.java:1139)
	at com.demo.service.impl.FileLockThrottlingService.setRequestCount(FileLockThrottlingService.java:109)
	at com.demo.service.impl.FileLockThrottlingService.tryAcquire(FileLockThrottlingService.java:74)
	at com.demo.service.PingService.lambda$start$0(PingService.java:48)
	at reactor.core.publisher.FluxFilter$FilterConditionalSubscriber.onNext(FluxFilter.java:233)
	at reactor.core.publisher.FluxInterval$IntervalRunnable.run(FluxInterval.java:125)
	at reactor.core.scheduler.PeriodicWorkerTask.call(PeriodicWorkerTask.java:59)
	at reactor.core.scheduler.PeriodicWorkerTask.run(PeriodicWorkerTask.java:73)
	at java.base/java.util.concurrent.Executors$RunnableAdapter.call(Executors.java:539)
	at java.base/java.util.concurrent.FutureTask.runAndReset(FutureTask.java:305)
	at java.base/java.util.concurrent.ScheduledThreadPoolExecutor$ScheduledFutureTask.run(ScheduledThreadPoolExecutor.java:305)
	at java.base/java.util.concurrent.ThreadPoolExecutor.runWorker(ThreadPoolExecutor.java:1136)
	at java.base/java.util.concurrent.ThreadPoolExecutor$Worker.run(ThreadPoolExecutor.java:635)
	at java.base/java.lang.Thread.run(Thread.java:842)
2024-12-27 08:33:43.665 Request 29 send & Pong throttled it 429
2024-12-27 08:33:43.956 Failed to set request count to lock
java.io.IOException: 另一个程序已锁定文件的一部分，进程无法访问。
	at java.base/java.io.RandomAccessFile.writeBytes(Native Method)
	at java.base/java.io.RandomAccessFile.writeBytes(RandomAccessFile.java:1139)
	at com.demo.service.impl.FileLockThrottlingService.setRequestCount(FileLockThrottlingService.java:109)
	at com.demo.service.impl.FileLockThrottlingService.tryAcquire(FileLockThrottlingService.java:74)
	at com.demo.service.PingService.lambda$start$0(PingService.java:48)
	at reactor.core.publisher.FluxFilter$FilterConditionalSubscriber.onNext(FluxFilter.java:233)
	at reactor.core.publisher.FluxInterval$IntervalRunnable.run(FluxInterval.java:125)
	at reactor.core.scheduler.PeriodicWorkerTask.call(PeriodicWorkerTask.java:59)
	at reactor.core.scheduler.PeriodicWorkerTask.run(PeriodicWorkerTask.java:73)
	at java.base/java.util.concurrent.Executors$RunnableAdapter.call(Executors.java:539)
	at java.base/java.util.concurrent.FutureTask.runAndReset(FutureTask.java:305)
	at java.base/java.util.concurrent.ScheduledThreadPoolExecutor$ScheduledFutureTask.run(ScheduledThreadPoolExecutor.java:305)
	at java.base/java.util.concurrent.ThreadPoolExecutor.runWorker(ThreadPoolExecutor.java:1136)
	at java.base/java.util.concurrent.ThreadPoolExecutor$Worker.run(ThreadPoolExecutor.java:635)
	at java.base/java.lang.Thread.run(Thread.java:842)
2024-12-27 08:33:43.964 Request 30 send & Pong throttled it 429
2024-12-27 08:33:44.252 Failed to set request count to lock
java.io.IOException: 另一个程序已锁定文件的一部分，进程无法访问。
	at java.base/java.io.RandomAccessFile.writeBytes(Native Method)
	at java.base/java.io.RandomAccessFile.writeBytes(RandomAccessFile.java:1139)
	at com.demo.service.impl.FileLockThrottlingService.setRequestCount(FileLockThrottlingService.java:109)
	at com.demo.service.impl.FileLockThrottlingService.tryAcquire(FileLockThrottlingService.java:74)
	at com.demo.service.PingService.lambda$start$0(PingService.java:48)
	at reactor.core.publisher.FluxFilter$FilterConditionalSubscriber.onNext(FluxFilter.java:233)
	at reactor.core.publisher.FluxInterval$IntervalRunnable.run(FluxInterval.java:125)
	at reactor.core.scheduler.PeriodicWorkerTask.call(PeriodicWorkerTask.java:59)
	at reactor.core.scheduler.PeriodicWorkerTask.run(PeriodicWorkerTask.java:73)
	at java.base/java.util.concurrent.Executors$RunnableAdapter.call(Executors.java:539)
	at java.base/java.util.concurrent.FutureTask.runAndReset(FutureTask.java:305)
	at java.base/java.util.concurrent.ScheduledThreadPoolExecutor$ScheduledFutureTask.run(ScheduledThreadPoolExecutor.java:305)
	at java.base/java.util.concurrent.ThreadPoolExecutor.runWorker(ThreadPoolExecutor.java:1136)
	at java.base/java.util.concurrent.ThreadPoolExecutor$Worker.run(ThreadPoolExecutor.java:635)
	at java.base/java.lang.Thread.run(Thread.java:842)
2024-12-27 08:33:44.256 Request 31 sent & Pong Respond: 200
2024-12-27 08:33:44.561 Failed to set request count to lock
java.io.IOException: 另一个程序已锁定文件的一部分，进程无法访问。
	at java.base/java.io.RandomAccessFile.writeBytes(Native Method)
	at java.base/java.io.RandomAccessFile.writeBytes(RandomAccessFile.java:1139)
	at com.demo.service.impl.FileLockThrottlingService.setRequestCount(FileLockThrottlingService.java:109)
	at com.demo.service.impl.FileLockThrottlingService.tryAcquire(FileLockThrottlingService.java:74)
	at com.demo.service.PingService.lambda$start$0(PingService.java:48)
	at reactor.core.publisher.FluxFilter$FilterConditionalSubscriber.onNext(FluxFilter.java:233)
	at reactor.core.publisher.FluxInterval$IntervalRunnable.run(FluxInterval.java:125)
	at reactor.core.scheduler.PeriodicWorkerTask.call(PeriodicWorkerTask.java:59)
	at reactor.core.scheduler.PeriodicWorkerTask.run(PeriodicWorkerTask.java:73)
	at java.base/java.util.concurrent.Executors$RunnableAdapter.call(Executors.java:539)
	at java.base/java.util.concurrent.FutureTask.runAndReset(FutureTask.java:305)
	at java.base/java.util.concurrent.ScheduledThreadPoolExecutor$ScheduledFutureTask.run(ScheduledThreadPoolExecutor.java:305)
	at java.base/java.util.concurrent.ThreadPoolExecutor.runWorker(ThreadPoolExecutor.java:1136)
	at java.base/java.util.concurrent.ThreadPoolExecutor$Worker.run(ThreadPoolExecutor.java:635)
	at java.base/java.lang.Thread.run(Thread.java:842)
2024-12-27 08:33:44.567 Request 32 send & Pong throttled it 429
2024-12-27 08:33:44.858 Failed to set request count to lock
java.io.IOException: 另一个程序已锁定文件的一部分，进程无法访问。
	at java.base/java.io.RandomAccessFile.writeBytes(Native Method)
	at java.base/java.io.RandomAccessFile.writeBytes(RandomAccessFile.java:1139)
	at com.demo.service.impl.FileLockThrottlingService.setRequestCount(FileLockThrottlingService.java:109)
	at com.demo.service.impl.FileLockThrottlingService.tryAcquire(FileLockThrottlingService.java:74)
	at com.demo.service.PingService.lambda$start$0(PingService.java:48)
	at reactor.core.publisher.FluxFilter$FilterConditionalSubscriber.onNext(FluxFilter.java:233)
	at reactor.core.publisher.FluxInterval$IntervalRunnable.run(FluxInterval.java:125)
	at reactor.core.scheduler.PeriodicWorkerTask.call(PeriodicWorkerTask.java:59)
	at reactor.core.scheduler.PeriodicWorkerTask.run(PeriodicWorkerTask.java:73)
	at java.base/java.util.concurrent.Executors$RunnableAdapter.call(Executors.java:539)
	at java.base/java.util.concurrent.FutureTask.runAndReset(FutureTask.java:305)
	at java.base/java.util.concurrent.ScheduledThreadPoolExecutor$ScheduledFutureTask.run(ScheduledThreadPoolExecutor.java:305)
	at java.base/java.util.concurrent.ThreadPoolExecutor.runWorker(ThreadPoolExecutor.java:1136)
	at java.base/java.util.concurrent.ThreadPoolExecutor$Worker.run(ThreadPoolExecutor.java:635)
	at java.base/java.lang.Thread.run(Thread.java:842)
2024-12-27 08:33:44.864 Request 33 send & Pong throttled it 429
2024-12-27 08:33:45.155 Failed to set request count to lock
java.io.IOException: 另一个程序已锁定文件的一部分，进程无法访问。
	at java.base/java.io.RandomAccessFile.writeBytes(Native Method)
	at java.base/java.io.RandomAccessFile.writeBytes(RandomAccessFile.java:1139)
	at com.demo.service.impl.FileLockThrottlingService.setRequestCount(FileLockThrottlingService.java:109)
	at com.demo.service.impl.FileLockThrottlingService.tryAcquire(FileLockThrottlingService.java:74)
	at com.demo.service.PingService.lambda$start$0(PingService.java:48)
	at reactor.core.publisher.FluxFilter$FilterConditionalSubscriber.onNext(FluxFilter.java:233)
	at reactor.core.publisher.FluxInterval$IntervalRunnable.run(FluxInterval.java:125)
	at reactor.core.scheduler.PeriodicWorkerTask.call(PeriodicWorkerTask.java:59)
	at reactor.core.scheduler.PeriodicWorkerTask.run(PeriodicWorkerTask.java:73)
	at java.base/java.util.concurrent.Executors$RunnableAdapter.call(Executors.java:539)
	at java.base/java.util.concurrent.FutureTask.runAndReset(FutureTask.java:305)
	at java.base/java.util.concurrent.ScheduledThreadPoolExecutor$ScheduledFutureTask.run(ScheduledThreadPoolExecutor.java:305)
	at java.base/java.util.concurrent.ThreadPoolExecutor.runWorker(ThreadPoolExecutor.java:1136)
	at java.base/java.util.concurrent.ThreadPoolExecutor$Worker.run(ThreadPoolExecutor.java:635)
	at java.base/java.lang.Thread.run(Thread.java:842)
2024-12-27 08:33:45.161 Request 34 sent & Pong Respond: 200
2024-12-27 08:33:45.453 Failed to set request count to lock
java.io.IOException: 另一个程序已锁定文件的一部分，进程无法访问。
	at java.base/java.io.RandomAccessFile.writeBytes(Native Method)
	at java.base/java.io.RandomAccessFile.writeBytes(RandomAccessFile.java:1139)
	at com.demo.service.impl.FileLockThrottlingService.setRequestCount(FileLockThrottlingService.java:109)
	at com.demo.service.impl.FileLockThrottlingService.tryAcquire(FileLockThrottlingService.java:74)
	at com.demo.service.PingService.lambda$start$0(PingService.java:48)
	at reactor.core.publisher.FluxFilter$FilterConditionalSubscriber.onNext(FluxFilter.java:233)
	at reactor.core.publisher.FluxInterval$IntervalRunnable.run(FluxInterval.java:125)
	at reactor.core.scheduler.PeriodicWorkerTask.call(PeriodicWorkerTask.java:59)
	at reactor.core.scheduler.PeriodicWorkerTask.run(PeriodicWorkerTask.java:73)
	at java.base/java.util.concurrent.Executors$RunnableAdapter.call(Executors.java:539)
	at java.base/java.util.concurrent.FutureTask.runAndReset(FutureTask.java:305)
	at java.base/java.util.concurrent.ScheduledThreadPoolExecutor$ScheduledFutureTask.run(ScheduledThreadPoolExecutor.java:305)
	at java.base/java.util.concurrent.ThreadPoolExecutor.runWorker(ThreadPoolExecutor.java:1136)
	at java.base/java.util.concurrent.ThreadPoolExecutor$Worker.run(ThreadPoolExecutor.java:635)
	at java.base/java.lang.Thread.run(Thread.java:842)
2024-12-27 08:33:45.458 Request 35 send & Pong throttled it 429
2024-12-27 08:33:45.748 Failed to set request count to lock
java.io.IOException: 另一个程序已锁定文件的一部分，进程无法访问。
	at java.base/java.io.RandomAccessFile.writeBytes(Native Method)
	at java.base/java.io.RandomAccessFile.writeBytes(RandomAccessFile.java:1139)
	at com.demo.service.impl.FileLockThrottlingService.setRequestCount(FileLockThrottlingService.java:109)
	at com.demo.service.impl.FileLockThrottlingService.tryAcquire(FileLockThrottlingService.java:74)
	at com.demo.service.PingService.lambda$start$0(PingService.java:48)
	at reactor.core.publisher.FluxFilter$FilterConditionalSubscriber.onNext(FluxFilter.java:233)
	at reactor.core.publisher.FluxInterval$IntervalRunnable.run(FluxInterval.java:125)
	at reactor.core.scheduler.PeriodicWorkerTask.call(PeriodicWorkerTask.java:59)
	at reactor.core.scheduler.PeriodicWorkerTask.run(PeriodicWorkerTask.java:73)
	at java.base/java.util.concurrent.Executors$RunnableAdapter.call(Executors.java:539)
	at java.base/java.util.concurrent.FutureTask.runAndReset(FutureTask.java:305)
	at java.base/java.util.concurrent.ScheduledThreadPoolExecutor$ScheduledFutureTask.run(ScheduledThreadPoolExecutor.java:305)
	at java.base/java.util.concurrent.ThreadPoolExecutor.runWorker(ThreadPoolExecutor.java:1136)
	at java.base/java.util.concurrent.ThreadPoolExecutor$Worker.run(ThreadPoolExecutor.java:635)
	at java.base/java.lang.Thread.run(Thread.java:842)
2024-12-27 08:33:45.754 Request 36 send & Pong throttled it 429
2024-12-27 08:33:46.057 Failed to set request count to lock
java.io.IOException: 另一个程序已锁定文件的一部分，进程无法访问。
	at java.base/java.io.RandomAccessFile.writeBytes(Native Method)
	at java.base/java.io.RandomAccessFile.writeBytes(RandomAccessFile.java:1139)
	at com.demo.service.impl.FileLockThrottlingService.setRequestCount(FileLockThrottlingService.java:109)
	at com.demo.service.impl.FileLockThrottlingService.tryAcquire(FileLockThrottlingService.java:74)
	at com.demo.service.PingService.lambda$start$0(PingService.java:48)
	at reactor.core.publisher.FluxFilter$FilterConditionalSubscriber.onNext(FluxFilter.java:233)
	at reactor.core.publisher.FluxInterval$IntervalRunnable.run(FluxInterval.java:125)
	at reactor.core.scheduler.PeriodicWorkerTask.call(PeriodicWorkerTask.java:59)
	at reactor.core.scheduler.PeriodicWorkerTask.run(PeriodicWorkerTask.java:73)
	at java.base/java.util.concurrent.Executors$RunnableAdapter.call(Executors.java:539)
	at java.base/java.util.concurrent.FutureTask.runAndReset(FutureTask.java:305)
	at java.base/java.util.concurrent.ScheduledThreadPoolExecutor$ScheduledFutureTask.run(ScheduledThreadPoolExecutor.java:305)
	at java.base/java.util.concurrent.ThreadPoolExecutor.runWorker(ThreadPoolExecutor.java:1136)
	at java.base/java.util.concurrent.ThreadPoolExecutor$Worker.run(ThreadPoolExecutor.java:635)
	at java.base/java.lang.Thread.run(Thread.java:842)
2024-12-27 08:33:46.064 Request 37 send & Pong throttled it 429
2024-12-27 08:33:46.351 Failed to set request count to lock
java.io.IOException: 另一个程序已锁定文件的一部分，进程无法访问。
	at java.base/java.io.RandomAccessFile.writeBytes(Native Method)
	at java.base/java.io.RandomAccessFile.writeBytes(RandomAccessFile.java:1139)
	at com.demo.service.impl.FileLockThrottlingService.setRequestCount(FileLockThrottlingService.java:109)
	at com.demo.service.impl.FileLockThrottlingService.tryAcquire(FileLockThrottlingService.java:74)
	at com.demo.service.PingService.lambda$start$0(PingService.java:48)
	at reactor.core.publisher.FluxFilter$FilterConditionalSubscriber.onNext(FluxFilter.java:233)
	at reactor.core.publisher.FluxInterval$IntervalRunnable.run(FluxInterval.java:125)
	at reactor.core.scheduler.PeriodicWorkerTask.call(PeriodicWorkerTask.java:59)
	at reactor.core.scheduler.PeriodicWorkerTask.run(PeriodicWorkerTask.java:73)
	at java.base/java.util.concurrent.Executors$RunnableAdapter.call(Executors.java:539)
	at java.base/java.util.concurrent.FutureTask.runAndReset(FutureTask.java:305)
	at java.base/java.util.concurrent.ScheduledThreadPoolExecutor$ScheduledFutureTask.run(ScheduledThreadPoolExecutor.java:305)
	at java.base/java.util.concurrent.ThreadPoolExecutor.runWorker(ThreadPoolExecutor.java:1136)
	at java.base/java.util.concurrent.ThreadPoolExecutor$Worker.run(ThreadPoolExecutor.java:635)
	at java.base/java.lang.Thread.run(Thread.java:842)
2024-12-27 08:33:46.355 Request 38 sent & Pong Respond: 200
2024-12-27 08:33:46.650 Failed to set request count to lock
java.io.IOException: 另一个程序已锁定文件的一部分，进程无法访问。
	at java.base/java.io.RandomAccessFile.writeBytes(Native Method)
	at java.base/java.io.RandomAccessFile.writeBytes(RandomAccessFile.java:1139)
	at com.demo.service.impl.FileLockThrottlingService.setRequestCount(FileLockThrottlingService.java:109)
	at com.demo.service.impl.FileLockThrottlingService.tryAcquire(FileLockThrottlingService.java:74)
	at com.demo.service.PingService.lambda$start$0(PingService.java:48)
	at reactor.core.publisher.FluxFilter$FilterConditionalSubscriber.onNext(FluxFilter.java:233)
	at reactor.core.publisher.FluxInterval$IntervalRunnable.run(FluxInterval.java:125)
	at reactor.core.scheduler.PeriodicWorkerTask.call(PeriodicWorkerTask.java:59)
	at reactor.core.scheduler.PeriodicWorkerTask.run(PeriodicWorkerTask.java:73)
	at java.base/java.util.concurrent.Executors$RunnableAdapter.call(Executors.java:539)
	at java.base/java.util.concurrent.FutureTask.runAndReset(FutureTask.java:305)
	at java.base/java.util.concurrent.ScheduledThreadPoolExecutor$ScheduledFutureTask.run(ScheduledThreadPoolExecutor.java:305)
	at java.base/java.util.concurrent.ThreadPoolExecutor.runWorker(ThreadPoolExecutor.java:1136)
	at java.base/java.util.concurrent.ThreadPoolExecutor$Worker.run(ThreadPoolExecutor.java:635)
	at java.base/java.lang.Thread.run(Thread.java:842)
2024-12-27 08:33:46.658 Request 39 send & Pong throttled it 429
2024-12-27 08:33:46.950 Failed to set request count to lock
java.io.IOException: 另一个程序已锁定文件的一部分，进程无法访问。
	at java.base/java.io.RandomAccessFile.writeBytes(Native Method)
	at java.base/java.io.RandomAccessFile.writeBytes(RandomAccessFile.java:1139)
	at com.demo.service.impl.FileLockThrottlingService.setRequestCount(FileLockThrottlingService.java:109)
	at com.demo.service.impl.FileLockThrottlingService.tryAcquire(FileLockThrottlingService.java:74)
	at com.demo.service.PingService.lambda$start$0(PingService.java:48)
	at reactor.core.publisher.FluxFilter$FilterConditionalSubscriber.onNext(FluxFilter.java:233)
	at reactor.core.publisher.FluxInterval$IntervalRunnable.run(FluxInterval.java:125)
	at reactor.core.scheduler.PeriodicWorkerTask.call(PeriodicWorkerTask.java:59)
	at reactor.core.scheduler.PeriodicWorkerTask.run(PeriodicWorkerTask.java:73)
	at java.base/java.util.concurrent.Executors$RunnableAdapter.call(Executors.java:539)
	at java.base/java.util.concurrent.FutureTask.runAndReset(FutureTask.java:305)
	at java.base/java.util.concurrent.ScheduledThreadPoolExecutor$ScheduledFutureTask.run(ScheduledThreadPoolExecutor.java:305)
	at java.base/java.util.concurrent.ThreadPoolExecutor.runWorker(ThreadPoolExecutor.java:1136)
	at java.base/java.util.concurrent.ThreadPoolExecutor$Worker.run(ThreadPoolExecutor.java:635)
	at java.base/java.lang.Thread.run(Thread.java:842)
2024-12-27 08:33:46.956 Request 40 send & Pong throttled it 429
2024-12-27 08:33:47.248 Failed to set request count to lock
java.io.IOException: 另一个程序已锁定文件的一部分，进程无法访问。
	at java.base/java.io.RandomAccessFile.writeBytes(Native Method)
	at java.base/java.io.RandomAccessFile.writeBytes(RandomAccessFile.java:1139)
	at com.demo.service.impl.FileLockThrottlingService.setRequestCount(FileLockThrottlingService.java:109)
	at com.demo.service.impl.FileLockThrottlingService.tryAcquire(FileLockThrottlingService.java:74)
	at com.demo.service.PingService.lambda$start$0(PingService.java:48)
	at reactor.core.publisher.FluxFilter$FilterConditionalSubscriber.onNext(FluxFilter.java:233)
	at reactor.core.publisher.FluxInterval$IntervalRunnable.run(FluxInterval.java:125)
	at reactor.core.scheduler.PeriodicWorkerTask.call(PeriodicWorkerTask.java:59)
	at reactor.core.scheduler.PeriodicWorkerTask.run(PeriodicWorkerTask.java:73)
	at java.base/java.util.concurrent.Executors$RunnableAdapter.call(Executors.java:539)
	at java.base/java.util.concurrent.FutureTask.runAndReset(FutureTask.java:305)
	at java.base/java.util.concurrent.ScheduledThreadPoolExecutor$ScheduledFutureTask.run(ScheduledThreadPoolExecutor.java:305)
	at java.base/java.util.concurrent.ThreadPoolExecutor.runWorker(ThreadPoolExecutor.java:1136)
	at java.base/java.util.concurrent.ThreadPoolExecutor$Worker.run(ThreadPoolExecutor.java:635)
	at java.base/java.lang.Thread.run(Thread.java:842)
2024-12-27 08:33:47.267 Request 41 sent & Pong Respond: 200
2024-12-27 08:33:47.561 Failed to set request count to lock
java.io.IOException: 另一个程序已锁定文件的一部分，进程无法访问。
	at java.base/java.io.RandomAccessFile.writeBytes(Native Method)
	at java.base/java.io.RandomAccessFile.writeBytes(RandomAccessFile.java:1139)
	at com.demo.service.impl.FileLockThrottlingService.setRequestCount(FileLockThrottlingService.java:109)
	at com.demo.service.impl.FileLockThrottlingService.tryAcquire(FileLockThrottlingService.java:74)
	at com.demo.service.PingService.lambda$start$0(PingService.java:48)
	at reactor.core.publisher.FluxFilter$FilterConditionalSubscriber.onNext(FluxFilter.java:233)
	at reactor.core.publisher.FluxInterval$IntervalRunnable.run(FluxInterval.java:125)
	at reactor.core.scheduler.PeriodicWorkerTask.call(PeriodicWorkerTask.java:59)
	at reactor.core.scheduler.PeriodicWorkerTask.run(PeriodicWorkerTask.java:73)
	at java.base/java.util.concurrent.Executors$RunnableAdapter.call(Executors.java:539)
	at java.base/java.util.concurrent.FutureTask.runAndReset(FutureTask.java:305)
	at java.base/java.util.concurrent.ScheduledThreadPoolExecutor$ScheduledFutureTask.run(ScheduledThreadPoolExecutor.java:305)
	at java.base/java.util.concurrent.ThreadPoolExecutor.runWorker(ThreadPoolExecutor.java:1136)
	at java.base/java.util.concurrent.ThreadPoolExecutor$Worker.run(ThreadPoolExecutor.java:635)
	at java.base/java.lang.Thread.run(Thread.java:842)
2024-12-27 08:33:47.566 Request 42 send & Pong throttled it 429
2024-12-27 08:33:47.858 Failed to set request count to lock
java.io.IOException: 另一个程序已锁定文件的一部分，进程无法访问。
	at java.base/java.io.RandomAccessFile.writeBytes(Native Method)
	at java.base/java.io.RandomAccessFile.writeBytes(RandomAccessFile.java:1139)
	at com.demo.service.impl.FileLockThrottlingService.setRequestCount(FileLockThrottlingService.java:109)
	at com.demo.service.impl.FileLockThrottlingService.tryAcquire(FileLockThrottlingService.java:74)
	at com.demo.service.PingService.lambda$start$0(PingService.java:48)
	at reactor.core.publisher.FluxFilter$FilterConditionalSubscriber.onNext(FluxFilter.java:233)
	at reactor.core.publisher.FluxInterval$IntervalRunnable.run(FluxInterval.java:125)
	at reactor.core.scheduler.PeriodicWorkerTask.call(PeriodicWorkerTask.java:59)
	at reactor.core.scheduler.PeriodicWorkerTask.run(PeriodicWorkerTask.java:73)
	at java.base/java.util.concurrent.Executors$RunnableAdapter.call(Executors.java:539)
	at java.base/java.util.concurrent.FutureTask.runAndReset(FutureTask.java:305)
	at java.base/java.util.concurrent.ScheduledThreadPoolExecutor$ScheduledFutureTask.run(ScheduledThreadPoolExecutor.java:305)
	at java.base/java.util.concurrent.ThreadPoolExecutor.runWorker(ThreadPoolExecutor.java:1136)
	at java.base/java.util.concurrent.ThreadPoolExecutor$Worker.run(ThreadPoolExecutor.java:635)
	at java.base/java.lang.Thread.run(Thread.java:842)
2024-12-27 08:33:47.863 Request 43 send & Pong throttled it 429
2024-12-27 08:33:48.153 Failed to set request count to lock
java.io.IOException: 另一个程序已锁定文件的一部分，进程无法访问。
	at java.base/java.io.RandomAccessFile.writeBytes(Native Method)
	at java.base/java.io.RandomAccessFile.writeBytes(RandomAccessFile.java:1139)
	at com.demo.service.impl.FileLockThrottlingService.setRequestCount(FileLockThrottlingService.java:109)
	at com.demo.service.impl.FileLockThrottlingService.tryAcquire(FileLockThrottlingService.java:74)
	at com.demo.service.PingService.lambda$start$0(PingService.java:48)
	at reactor.core.publisher.FluxFilter$FilterConditionalSubscriber.onNext(FluxFilter.java:233)
	at reactor.core.publisher.FluxInterval$IntervalRunnable.run(FluxInterval.java:125)
	at reactor.core.scheduler.PeriodicWorkerTask.call(PeriodicWorkerTask.java:59)
	at reactor.core.scheduler.PeriodicWorkerTask.run(PeriodicWorkerTask.java:73)
	at java.base/java.util.concurrent.Executors$RunnableAdapter.call(Executors.java:539)
	at java.base/java.util.concurrent.FutureTask.runAndReset(FutureTask.java:305)
	at java.base/java.util.concurrent.ScheduledThreadPoolExecutor$ScheduledFutureTask.run(ScheduledThreadPoolExecutor.java:305)
	at java.base/java.util.concurrent.ThreadPoolExecutor.runWorker(ThreadPoolExecutor.java:1136)
	at java.base/java.util.concurrent.ThreadPoolExecutor$Worker.run(ThreadPoolExecutor.java:635)
	at java.base/java.lang.Thread.run(Thread.java:842)
2024-12-27 08:33:48.158 Request 44 sent & Pong Respond: 200
2024-12-27 08:33:48.448 Failed to set request count to lock
java.io.IOException: 另一个程序已锁定文件的一部分，进程无法访问。
	at java.base/java.io.RandomAccessFile.writeBytes(Native Method)
	at java.base/java.io.RandomAccessFile.writeBytes(RandomAccessFile.java:1139)
	at com.demo.service.impl.FileLockThrottlingService.setRequestCount(FileLockThrottlingService.java:109)
	at com.demo.service.impl.FileLockThrottlingService.tryAcquire(FileLockThrottlingService.java:74)
	at com.demo.service.PingService.lambda$start$0(PingService.java:48)
	at reactor.core.publisher.FluxFilter$FilterConditionalSubscriber.onNext(FluxFilter.java:233)
	at reactor.core.publisher.FluxInterval$IntervalRunnable.run(FluxInterval.java:125)
	at reactor.core.scheduler.PeriodicWorkerTask.call(PeriodicWorkerTask.java:59)
	at reactor.core.scheduler.PeriodicWorkerTask.run(PeriodicWorkerTask.java:73)
	at java.base/java.util.concurrent.Executors$RunnableAdapter.call(Executors.java:539)
	at java.base/java.util.concurrent.FutureTask.runAndReset(FutureTask.java:305)
	at java.base/java.util.concurrent.ScheduledThreadPoolExecutor$ScheduledFutureTask.run(ScheduledThreadPoolExecutor.java:305)
	at java.base/java.util.concurrent.ThreadPoolExecutor.runWorker(ThreadPoolExecutor.java:1136)
	at java.base/java.util.concurrent.ThreadPoolExecutor$Worker.run(ThreadPoolExecutor.java:635)
	at java.base/java.lang.Thread.run(Thread.java:842)
2024-12-27 08:33:48.452 Request 45 send & Pong throttled it 429
2024-12-27 08:33:48.756 Failed to set request count to lock
java.io.IOException: 另一个程序已锁定文件的一部分，进程无法访问。
	at java.base/java.io.RandomAccessFile.writeBytes(Native Method)
	at java.base/java.io.RandomAccessFile.writeBytes(RandomAccessFile.java:1139)
	at com.demo.service.impl.FileLockThrottlingService.setRequestCount(FileLockThrottlingService.java:109)
	at com.demo.service.impl.FileLockThrottlingService.tryAcquire(FileLockThrottlingService.java:74)
	at com.demo.service.PingService.lambda$start$0(PingService.java:48)
	at reactor.core.publisher.FluxFilter$FilterConditionalSubscriber.onNext(FluxFilter.java:233)
	at reactor.core.publisher.FluxInterval$IntervalRunnable.run(FluxInterval.java:125)
	at reactor.core.scheduler.PeriodicWorkerTask.call(PeriodicWorkerTask.java:59)
	at reactor.core.scheduler.PeriodicWorkerTask.run(PeriodicWorkerTask.java:73)
	at java.base/java.util.concurrent.Executors$RunnableAdapter.call(Executors.java:539)
	at java.base/java.util.concurrent.FutureTask.runAndReset(FutureTask.java:305)
	at java.base/java.util.concurrent.ScheduledThreadPoolExecutor$ScheduledFutureTask.run(ScheduledThreadPoolExecutor.java:305)
	at java.base/java.util.concurrent.ThreadPoolExecutor.runWorker(ThreadPoolExecutor.java:1136)
	at java.base/java.util.concurrent.ThreadPoolExecutor$Worker.run(ThreadPoolExecutor.java:635)
	at java.base/java.lang.Thread.run(Thread.java:842)
2024-12-27 08:33:48.763 Request 46 send & Pong throttled it 429
2024-12-27 08:33:49.053 Failed to set request count to lock
java.io.IOException: 另一个程序已锁定文件的一部分，进程无法访问。
	at java.base/java.io.RandomAccessFile.writeBytes(Native Method)
	at java.base/java.io.RandomAccessFile.writeBytes(RandomAccessFile.java:1139)
	at com.demo.service.impl.FileLockThrottlingService.setRequestCount(FileLockThrottlingService.java:109)
	at com.demo.service.impl.FileLockThrottlingService.tryAcquire(FileLockThrottlingService.java:74)
	at com.demo.service.PingService.lambda$start$0(PingService.java:48)
	at reactor.core.publisher.FluxFilter$FilterConditionalSubscriber.onNext(FluxFilter.java:233)
	at reactor.core.publisher.FluxInterval$IntervalRunnable.run(FluxInterval.java:125)
	at reactor.core.scheduler.PeriodicWorkerTask.call(PeriodicWorkerTask.java:59)
	at reactor.core.scheduler.PeriodicWorkerTask.run(PeriodicWorkerTask.java:73)
	at java.base/java.util.concurrent.Executors$RunnableAdapter.call(Executors.java:539)
	at java.base/java.util.concurrent.FutureTask.runAndReset(FutureTask.java:305)
	at java.base/java.util.concurrent.ScheduledThreadPoolExecutor$ScheduledFutureTask.run(ScheduledThreadPoolExecutor.java:305)
	at java.base/java.util.concurrent.ThreadPoolExecutor.runWorker(ThreadPoolExecutor.java:1136)
	at java.base/java.util.concurrent.ThreadPoolExecutor$Worker.run(ThreadPoolExecutor.java:635)
	at java.base/java.lang.Thread.run(Thread.java:842)
2024-12-27 08:33:49.058 Request 47 send & Pong throttled it 429
