2024-12-27 01:05:46.517 Starting PingApplication using Java 17.0.12 with PID 10108 (C:\code\hbsc\ping\target\classes started by joech in C:\code\hbsc)
2024-12-27 01:05:46.518 No active profile set, falling back to 1 default profile: "default"
2024-12-27 01:05:47.055 Multiple Spring Data modules found, entering strict repository configuration mode
2024-12-27 01:05:47.056 Bootstrapping Spring Data Redis repositories in DEFAULT mode.
2024-12-27 01:05:47.079 Finished Spring Data repository scanning in 10 ms. Found 0 Redis repository interfaces.
2024-12-27 01:05:47.922 Netty started on port 8083
2024-12-27 01:05:47.931 Started PingApplication in 1.669 seconds (process running for 2.115)
2024-12-27 01:05:48.246 Failed to set request count to lock
java.io.IOException: 另一个程序已锁定文件的一部分，进程无法访问。
	at java.base/java.io.RandomAccessFile.writeBytes(Native Method)
	at java.base/java.io.RandomAccessFile.writeBytes(RandomAccessFile.java:1139)
	at com.demo.service.impl.FileLockThrottlingService.setRequestCount(FileLockThrottlingService.java:109)
	at com.demo.service.impl.FileLockThrottlingService.tryAcquire(FileLockThrottlingService.java:74)
	at com.demo.service.PingService.lambda$start$0(PingService.java:39)
	at reactor.core.publisher.FluxFilter$FilterConditionalSubscriber.onNext(FluxFilter.java:233)
	at reactor.core.publisher.FluxInterval$IntervalRunnable.run(FluxInterval.java:125)
	at reactor.core.scheduler.PeriodicWorkerTask.call(PeriodicWorkerTask.java:59)
	at reactor.core.scheduler.PeriodicWorkerTask.run(PeriodicWorkerTask.java:73)
	at java.base/java.util.concurrent.Executors$RunnableAdapter.call(Executors.java:539)
	at java.base/java.util.concurrent.FutureTask.runAndReset(FutureTask.java:305)
	at java.base/java.util.concurrent.ScheduledThreadPoolExecutor$ScheduledFutureTask.run(ScheduledThreadPoolExecutor.java:305)
	at java.base/java.util.concurrent.ThreadPoolExecutor.runWorker(ThreadPoolExecutor.java:1136)
	at java.base/java.util.concurrent.ThreadPoolExecutor$Worker.run(ThreadPoolExecutor.java:635)
	at java.base/java.lang.Thread.run(Thread.java:842)
2024-12-27 01:05:48.475 Request 0 sent & Pong Respond: 200
2024-12-27 01:05:48.558 Failed to set request count to lock
java.io.IOException: 另一个程序已锁定文件的一部分，进程无法访问。
	at java.base/java.io.RandomAccessFile.writeBytes(Native Method)
	at java.base/java.io.RandomAccessFile.writeBytes(RandomAccessFile.java:1139)
	at com.demo.service.impl.FileLockThrottlingService.setRequestCount(FileLockThrottlingService.java:109)
	at com.demo.service.impl.FileLockThrottlingService.tryAcquire(FileLockThrottlingService.java:74)
	at com.demo.service.PingService.lambda$start$0(PingService.java:39)
	at reactor.core.publisher.FluxFilter$FilterConditionalSubscriber.onNext(FluxFilter.java:233)
	at reactor.core.publisher.FluxInterval$IntervalRunnable.run(FluxInterval.java:125)
	at reactor.core.scheduler.PeriodicWorkerTask.call(PeriodicWorkerTask.java:59)
	at reactor.core.scheduler.PeriodicWorkerTask.run(PeriodicWorkerTask.java:73)
	at java.base/java.util.concurrent.Executors$RunnableAdapter.call(Executors.java:539)
	at java.base/java.util.concurrent.FutureTask.runAndReset(FutureTask.java:305)
	at java.base/java.util.concurrent.ScheduledThreadPoolExecutor$ScheduledFutureTask.run(ScheduledThreadPoolExecutor.java:305)
	at java.base/java.util.concurrent.ThreadPoolExecutor.runWorker(ThreadPoolExecutor.java:1136)
	at java.base/java.util.concurrent.ThreadPoolExecutor$Worker.run(ThreadPoolExecutor.java:635)
	at java.base/java.lang.Thread.run(Thread.java:842)
2024-12-27 01:05:48.564 Request 1 sent & Pong Respond: 200
2024-12-27 01:05:48.852 Failed to set request count to lock
java.io.IOException: 另一个程序已锁定文件的一部分，进程无法访问。
	at java.base/java.io.RandomAccessFile.writeBytes(Native Method)
	at java.base/java.io.RandomAccessFile.writeBytes(RandomAccessFile.java:1139)
	at com.demo.service.impl.FileLockThrottlingService.setRequestCount(FileLockThrottlingService.java:109)
	at com.demo.service.impl.FileLockThrottlingService.tryAcquire(FileLockThrottlingService.java:74)
	at com.demo.service.PingService.lambda$start$0(PingService.java:39)
	at reactor.core.publisher.FluxFilter$FilterConditionalSubscriber.onNext(FluxFilter.java:233)
	at reactor.core.publisher.FluxInterval$IntervalRunnable.run(FluxInterval.java:125)
	at reactor.core.scheduler.PeriodicWorkerTask.call(PeriodicWorkerTask.java:59)
	at reactor.core.scheduler.PeriodicWorkerTask.run(PeriodicWorkerTask.java:73)
	at java.base/java.util.concurrent.Executors$RunnableAdapter.call(Executors.java:539)
	at java.base/java.util.concurrent.FutureTask.runAndReset(FutureTask.java:305)
	at java.base/java.util.concurrent.ScheduledThreadPoolExecutor$ScheduledFutureTask.run(ScheduledThreadPoolExecutor.java:305)
	at java.base/java.util.concurrent.ThreadPoolExecutor.runWorker(ThreadPoolExecutor.java:1136)
	at java.base/java.util.concurrent.ThreadPoolExecutor$Worker.run(ThreadPoolExecutor.java:635)
	at java.base/java.lang.Thread.run(Thread.java:842)
2024-12-27 01:05:48.909 Request 2 send & Pong throttled it 429
2024-12-27 01:05:49.149 Failed to set request count to lock
java.io.IOException: 另一个程序已锁定文件的一部分，进程无法访问。
	at java.base/java.io.RandomAccessFile.writeBytes(Native Method)
	at java.base/java.io.RandomAccessFile.writeBytes(RandomAccessFile.java:1139)
	at com.demo.service.impl.FileLockThrottlingService.setRequestCount(FileLockThrottlingService.java:109)
	at com.demo.service.impl.FileLockThrottlingService.tryAcquire(FileLockThrottlingService.java:74)
	at com.demo.service.PingService.lambda$start$0(PingService.java:39)
	at reactor.core.publisher.FluxFilter$FilterConditionalSubscriber.onNext(FluxFilter.java:233)
	at reactor.core.publisher.FluxInterval$IntervalRunnable.run(FluxInterval.java:125)
	at reactor.core.scheduler.PeriodicWorkerTask.call(PeriodicWorkerTask.java:59)
	at reactor.core.scheduler.PeriodicWorkerTask.run(PeriodicWorkerTask.java:73)
	at java.base/java.util.concurrent.Executors$RunnableAdapter.call(Executors.java:539)
	at java.base/java.util.concurrent.FutureTask.runAndReset(FutureTask.java:305)
	at java.base/java.util.concurrent.ScheduledThreadPoolExecutor$ScheduledFutureTask.run(ScheduledThreadPoolExecutor.java:305)
	at java.base/java.util.concurrent.ThreadPoolExecutor.runWorker(ThreadPoolExecutor.java:1136)
	at java.base/java.util.concurrent.ThreadPoolExecutor$Worker.run(ThreadPoolExecutor.java:635)
	at java.base/java.lang.Thread.run(Thread.java:842)
2024-12-27 01:05:49.157 Request 3 send & Pong throttled it 429
2024-12-27 01:05:49.461 Failed to set request count to lock
java.io.IOException: 另一个程序已锁定文件的一部分，进程无法访问。
	at java.base/java.io.RandomAccessFile.writeBytes(Native Method)
	at java.base/java.io.RandomAccessFile.writeBytes(RandomAccessFile.java:1139)
	at com.demo.service.impl.FileLockThrottlingService.setRequestCount(FileLockThrottlingService.java:109)
	at com.demo.service.impl.FileLockThrottlingService.tryAcquire(FileLockThrottlingService.java:74)
	at com.demo.service.PingService.lambda$start$0(PingService.java:39)
	at reactor.core.publisher.FluxFilter$FilterConditionalSubscriber.onNext(FluxFilter.java:233)
	at reactor.core.publisher.FluxInterval$IntervalRunnable.run(FluxInterval.java:125)
	at reactor.core.scheduler.PeriodicWorkerTask.call(PeriodicWorkerTask.java:59)
	at reactor.core.scheduler.PeriodicWorkerTask.run(PeriodicWorkerTask.java:73)
	at java.base/java.util.concurrent.Executors$RunnableAdapter.call(Executors.java:539)
	at java.base/java.util.concurrent.FutureTask.runAndReset(FutureTask.java:305)
	at java.base/java.util.concurrent.ScheduledThreadPoolExecutor$ScheduledFutureTask.run(ScheduledThreadPoolExecutor.java:305)
	at java.base/java.util.concurrent.ThreadPoolExecutor.runWorker(ThreadPoolExecutor.java:1136)
	at java.base/java.util.concurrent.ThreadPoolExecutor$Worker.run(ThreadPoolExecutor.java:635)
	at java.base/java.lang.Thread.run(Thread.java:842)
2024-12-27 01:05:49.465 Request 4 sent & Pong Respond: 200
2024-12-27 01:05:49.754 Failed to set request count to lock
java.io.IOException: 另一个程序已锁定文件的一部分，进程无法访问。
	at java.base/java.io.RandomAccessFile.writeBytes(Native Method)
	at java.base/java.io.RandomAccessFile.writeBytes(RandomAccessFile.java:1139)
	at com.demo.service.impl.FileLockThrottlingService.setRequestCount(FileLockThrottlingService.java:109)
	at com.demo.service.impl.FileLockThrottlingService.tryAcquire(FileLockThrottlingService.java:74)
	at com.demo.service.PingService.lambda$start$0(PingService.java:39)
	at reactor.core.publisher.FluxFilter$FilterConditionalSubscriber.onNext(FluxFilter.java:233)
	at reactor.core.publisher.FluxInterval$IntervalRunnable.run(FluxInterval.java:125)
	at reactor.core.scheduler.PeriodicWorkerTask.call(PeriodicWorkerTask.java:59)
	at reactor.core.scheduler.PeriodicWorkerTask.run(PeriodicWorkerTask.java:73)
	at java.base/java.util.concurrent.Executors$RunnableAdapter.call(Executors.java:539)
	at java.base/java.util.concurrent.FutureTask.runAndReset(FutureTask.java:305)
	at java.base/java.util.concurrent.ScheduledThreadPoolExecutor$ScheduledFutureTask.run(ScheduledThreadPoolExecutor.java:305)
	at java.base/java.util.concurrent.ThreadPoolExecutor.runWorker(ThreadPoolExecutor.java:1136)
	at java.base/java.util.concurrent.ThreadPoolExecutor$Worker.run(ThreadPoolExecutor.java:635)
	at java.base/java.lang.Thread.run(Thread.java:842)
2024-12-27 01:05:49.763 Request 5 send & Pong throttled it 429
2024-12-27 01:05:50.049 Failed to set request count to lock
java.io.IOException: 另一个程序已锁定文件的一部分，进程无法访问。
	at java.base/java.io.RandomAccessFile.writeBytes(Native Method)
	at java.base/java.io.RandomAccessFile.writeBytes(RandomAccessFile.java:1139)
	at com.demo.service.impl.FileLockThrottlingService.setRequestCount(FileLockThrottlingService.java:109)
	at com.demo.service.impl.FileLockThrottlingService.tryAcquire(FileLockThrottlingService.java:74)
	at com.demo.service.PingService.lambda$start$0(PingService.java:39)
	at reactor.core.publisher.FluxFilter$FilterConditionalSubscriber.onNext(FluxFilter.java:233)
	at reactor.core.publisher.FluxInterval$IntervalRunnable.run(FluxInterval.java:125)
	at reactor.core.scheduler.PeriodicWorkerTask.call(PeriodicWorkerTask.java:59)
	at reactor.core.scheduler.PeriodicWorkerTask.run(PeriodicWorkerTask.java:73)
	at java.base/java.util.concurrent.Executors$RunnableAdapter.call(Executors.java:539)
	at java.base/java.util.concurrent.FutureTask.runAndReset(FutureTask.java:305)
	at java.base/java.util.concurrent.ScheduledThreadPoolExecutor$ScheduledFutureTask.run(ScheduledThreadPoolExecutor.java:305)
	at java.base/java.util.concurrent.ThreadPoolExecutor.runWorker(ThreadPoolExecutor.java:1136)
	at java.base/java.util.concurrent.ThreadPoolExecutor$Worker.run(ThreadPoolExecutor.java:635)
	at java.base/java.lang.Thread.run(Thread.java:842)
2024-12-27 01:05:50.056 Request 6 send & Pong throttled it 429
2024-12-27 01:05:50.360 Failed to set request count to lock
java.io.IOException: 另一个程序已锁定文件的一部分，进程无法访问。
	at java.base/java.io.RandomAccessFile.writeBytes(Native Method)
	at java.base/java.io.RandomAccessFile.writeBytes(RandomAccessFile.java:1139)
	at com.demo.service.impl.FileLockThrottlingService.setRequestCount(FileLockThrottlingService.java:109)
	at com.demo.service.impl.FileLockThrottlingService.tryAcquire(FileLockThrottlingService.java:74)
	at com.demo.service.PingService.lambda$start$0(PingService.java:39)
	at reactor.core.publisher.FluxFilter$FilterConditionalSubscriber.onNext(FluxFilter.java:233)
	at reactor.core.publisher.FluxInterval$IntervalRunnable.run(FluxInterval.java:125)
	at reactor.core.scheduler.PeriodicWorkerTask.call(PeriodicWorkerTask.java:59)
	at reactor.core.scheduler.PeriodicWorkerTask.run(PeriodicWorkerTask.java:73)
	at java.base/java.util.concurrent.Executors$RunnableAdapter.call(Executors.java:539)
	at java.base/java.util.concurrent.FutureTask.runAndReset(FutureTask.java:305)
	at java.base/java.util.concurrent.ScheduledThreadPoolExecutor$ScheduledFutureTask.run(ScheduledThreadPoolExecutor.java:305)
	at java.base/java.util.concurrent.ThreadPoolExecutor.runWorker(ThreadPoolExecutor.java:1136)
	at java.base/java.util.concurrent.ThreadPoolExecutor$Worker.run(ThreadPoolExecutor.java:635)
	at java.base/java.lang.Thread.run(Thread.java:842)
2024-12-27 01:05:50.368 Request 7 send & Pong throttled it 429
2024-12-27 01:05:50.655 Failed to set request count to lock
java.io.IOException: 另一个程序已锁定文件的一部分，进程无法访问。
	at java.base/java.io.RandomAccessFile.writeBytes(Native Method)
	at java.base/java.io.RandomAccessFile.writeBytes(RandomAccessFile.java:1139)
	at com.demo.service.impl.FileLockThrottlingService.setRequestCount(FileLockThrottlingService.java:109)
	at com.demo.service.impl.FileLockThrottlingService.tryAcquire(FileLockThrottlingService.java:74)
	at com.demo.service.PingService.lambda$start$0(PingService.java:39)
	at reactor.core.publisher.FluxFilter$FilterConditionalSubscriber.onNext(FluxFilter.java:233)
	at reactor.core.publisher.FluxInterval$IntervalRunnable.run(FluxInterval.java:125)
	at reactor.core.scheduler.PeriodicWorkerTask.call(PeriodicWorkerTask.java:59)
	at reactor.core.scheduler.PeriodicWorkerTask.run(PeriodicWorkerTask.java:73)
	at java.base/java.util.concurrent.Executors$RunnableAdapter.call(Executors.java:539)
	at java.base/java.util.concurrent.FutureTask.runAndReset(FutureTask.java:305)
	at java.base/java.util.concurrent.ScheduledThreadPoolExecutor$ScheduledFutureTask.run(ScheduledThreadPoolExecutor.java:305)
	at java.base/java.util.concurrent.ThreadPoolExecutor.runWorker(ThreadPoolExecutor.java:1136)
	at java.base/java.util.concurrent.ThreadPoolExecutor$Worker.run(ThreadPoolExecutor.java:635)
	at java.base/java.lang.Thread.run(Thread.java:842)
2024-12-27 01:05:50.662 Request 8 sent & Pong Respond: 200
2024-12-27 01:05:50.953 Failed to set request count to lock
java.io.IOException: 另一个程序已锁定文件的一部分，进程无法访问。
	at java.base/java.io.RandomAccessFile.writeBytes(Native Method)
	at java.base/java.io.RandomAccessFile.writeBytes(RandomAccessFile.java:1139)
	at com.demo.service.impl.FileLockThrottlingService.setRequestCount(FileLockThrottlingService.java:109)
	at com.demo.service.impl.FileLockThrottlingService.tryAcquire(FileLockThrottlingService.java:74)
	at com.demo.service.PingService.lambda$start$0(PingService.java:39)
	at reactor.core.publisher.FluxFilter$FilterConditionalSubscriber.onNext(FluxFilter.java:233)
	at reactor.core.publisher.FluxInterval$IntervalRunnable.run(FluxInterval.java:125)
	at reactor.core.scheduler.PeriodicWorkerTask.call(PeriodicWorkerTask.java:59)
	at reactor.core.scheduler.PeriodicWorkerTask.run(PeriodicWorkerTask.java:73)
	at java.base/java.util.concurrent.Executors$RunnableAdapter.call(Executors.java:539)
	at java.base/java.util.concurrent.FutureTask.runAndReset(FutureTask.java:305)
	at java.base/java.util.concurrent.ScheduledThreadPoolExecutor$ScheduledFutureTask.run(ScheduledThreadPoolExecutor.java:305)
	at java.base/java.util.concurrent.ThreadPoolExecutor.runWorker(ThreadPoolExecutor.java:1136)
	at java.base/java.util.concurrent.ThreadPoolExecutor$Worker.run(ThreadPoolExecutor.java:635)
	at java.base/java.lang.Thread.run(Thread.java:842)
2024-12-27 01:05:50.960 Request 9 send & Pong throttled it 429
2024-12-27 01:05:51.248 Failed to set request count to lock
java.io.IOException: 另一个程序已锁定文件的一部分，进程无法访问。
	at java.base/java.io.RandomAccessFile.writeBytes(Native Method)
	at java.base/java.io.RandomAccessFile.writeBytes(RandomAccessFile.java:1139)
	at com.demo.service.impl.FileLockThrottlingService.setRequestCount(FileLockThrottlingService.java:109)
	at com.demo.service.impl.FileLockThrottlingService.tryAcquire(FileLockThrottlingService.java:74)
	at com.demo.service.PingService.lambda$start$0(PingService.java:39)
	at reactor.core.publisher.FluxFilter$FilterConditionalSubscriber.onNext(FluxFilter.java:233)
	at reactor.core.publisher.FluxInterval$IntervalRunnable.run(FluxInterval.java:125)
	at reactor.core.scheduler.PeriodicWorkerTask.call(PeriodicWorkerTask.java:59)
	at reactor.core.scheduler.PeriodicWorkerTask.run(PeriodicWorkerTask.java:73)
	at java.base/java.util.concurrent.Executors$RunnableAdapter.call(Executors.java:539)
	at java.base/java.util.concurrent.FutureTask.runAndReset(FutureTask.java:305)
	at java.base/java.util.concurrent.ScheduledThreadPoolExecutor$ScheduledFutureTask.run(ScheduledThreadPoolExecutor.java:305)
	at java.base/java.util.concurrent.ThreadPoolExecutor.runWorker(ThreadPoolExecutor.java:1136)
	at java.base/java.util.concurrent.ThreadPoolExecutor$Worker.run(ThreadPoolExecutor.java:635)
	at java.base/java.lang.Thread.run(Thread.java:842)
2024-12-27 01:05:51.256 Request 10 send & Pong throttled it 429
2024-12-27 01:05:51.560 Failed to set request count to lock
java.io.IOException: 另一个程序已锁定文件的一部分，进程无法访问。
	at java.base/java.io.RandomAccessFile.writeBytes(Native Method)
	at java.base/java.io.RandomAccessFile.writeBytes(RandomAccessFile.java:1139)
	at com.demo.service.impl.FileLockThrottlingService.setRequestCount(FileLockThrottlingService.java:109)
	at com.demo.service.impl.FileLockThrottlingService.tryAcquire(FileLockThrottlingService.java:74)
	at com.demo.service.PingService.lambda$start$0(PingService.java:39)
	at reactor.core.publisher.FluxFilter$FilterConditionalSubscriber.onNext(FluxFilter.java:233)
	at reactor.core.publisher.FluxInterval$IntervalRunnable.run(FluxInterval.java:125)
	at reactor.core.scheduler.PeriodicWorkerTask.call(PeriodicWorkerTask.java:59)
	at reactor.core.scheduler.PeriodicWorkerTask.run(PeriodicWorkerTask.java:73)
	at java.base/java.util.concurrent.Executors$RunnableAdapter.call(Executors.java:539)
	at java.base/java.util.concurrent.FutureTask.runAndReset(FutureTask.java:305)
	at java.base/java.util.concurrent.ScheduledThreadPoolExecutor$ScheduledFutureTask.run(ScheduledThreadPoolExecutor.java:305)
	at java.base/java.util.concurrent.ThreadPoolExecutor.runWorker(ThreadPoolExecutor.java:1136)
	at java.base/java.util.concurrent.ThreadPoolExecutor$Worker.run(ThreadPoolExecutor.java:635)
	at java.base/java.lang.Thread.run(Thread.java:842)
2024-12-27 01:05:51.565 Request 11 sent & Pong Respond: 200
2024-12-27 01:05:51.856 Failed to set request count to lock
java.io.IOException: 另一个程序已锁定文件的一部分，进程无法访问。
	at java.base/java.io.RandomAccessFile.writeBytes(Native Method)
	at java.base/java.io.RandomAccessFile.writeBytes(RandomAccessFile.java:1139)
	at com.demo.service.impl.FileLockThrottlingService.setRequestCount(FileLockThrottlingService.java:109)
	at com.demo.service.impl.FileLockThrottlingService.tryAcquire(FileLockThrottlingService.java:74)
	at com.demo.service.PingService.lambda$start$0(PingService.java:39)
	at reactor.core.publisher.FluxFilter$FilterConditionalSubscriber.onNext(FluxFilter.java:233)
	at reactor.core.publisher.FluxInterval$IntervalRunnable.run(FluxInterval.java:125)
	at reactor.core.scheduler.PeriodicWorkerTask.call(PeriodicWorkerTask.java:59)
	at reactor.core.scheduler.PeriodicWorkerTask.run(PeriodicWorkerTask.java:73)
	at java.base/java.util.concurrent.Executors$RunnableAdapter.call(Executors.java:539)
	at java.base/java.util.concurrent.FutureTask.runAndReset(FutureTask.java:305)
	at java.base/java.util.concurrent.ScheduledThreadPoolExecutor$ScheduledFutureTask.run(ScheduledThreadPoolExecutor.java:305)
	at java.base/java.util.concurrent.ThreadPoolExecutor.runWorker(ThreadPoolExecutor.java:1136)
	at java.base/java.util.concurrent.ThreadPoolExecutor$Worker.run(ThreadPoolExecutor.java:635)
	at java.base/java.lang.Thread.run(Thread.java:842)
2024-12-27 01:05:51.862 Request 12 send & Pong throttled it 429
2024-12-27 01:05:52.150 Failed to set request count to lock
java.io.IOException: 另一个程序已锁定文件的一部分，进程无法访问。
	at java.base/java.io.RandomAccessFile.writeBytes(Native Method)
	at java.base/java.io.RandomAccessFile.writeBytes(RandomAccessFile.java:1139)
	at com.demo.service.impl.FileLockThrottlingService.setRequestCount(FileLockThrottlingService.java:109)
	at com.demo.service.impl.FileLockThrottlingService.tryAcquire(FileLockThrottlingService.java:74)
	at com.demo.service.PingService.lambda$start$0(PingService.java:39)
	at reactor.core.publisher.FluxFilter$FilterConditionalSubscriber.onNext(FluxFilter.java:233)
	at reactor.core.publisher.FluxInterval$IntervalRunnable.run(FluxInterval.java:125)
	at reactor.core.scheduler.PeriodicWorkerTask.call(PeriodicWorkerTask.java:59)
	at reactor.core.scheduler.PeriodicWorkerTask.run(PeriodicWorkerTask.java:73)
	at java.base/java.util.concurrent.Executors$RunnableAdapter.call(Executors.java:539)
	at java.base/java.util.concurrent.FutureTask.runAndReset(FutureTask.java:305)
	at java.base/java.util.concurrent.ScheduledThreadPoolExecutor$ScheduledFutureTask.run(ScheduledThreadPoolExecutor.java:305)
	at java.base/java.util.concurrent.ThreadPoolExecutor.runWorker(ThreadPoolExecutor.java:1136)
	at java.base/java.util.concurrent.ThreadPoolExecutor$Worker.run(ThreadPoolExecutor.java:635)
	at java.base/java.lang.Thread.run(Thread.java:842)
2024-12-27 01:05:52.158 Request 13 send & Pong throttled it 429
2024-12-27 01:05:52.447 Failed to set request count to lock
java.io.IOException: 另一个程序已锁定文件的一部分，进程无法访问。
	at java.base/java.io.RandomAccessFile.writeBytes(Native Method)
	at java.base/java.io.RandomAccessFile.writeBytes(RandomAccessFile.java:1139)
	at com.demo.service.impl.FileLockThrottlingService.setRequestCount(FileLockThrottlingService.java:109)
	at com.demo.service.impl.FileLockThrottlingService.tryAcquire(FileLockThrottlingService.java:74)
	at com.demo.service.PingService.lambda$start$0(PingService.java:39)
	at reactor.core.publisher.FluxFilter$FilterConditionalSubscriber.onNext(FluxFilter.java:233)
	at reactor.core.publisher.FluxInterval$IntervalRunnable.run(FluxInterval.java:125)
	at reactor.core.scheduler.PeriodicWorkerTask.call(PeriodicWorkerTask.java:59)
	at reactor.core.scheduler.PeriodicWorkerTask.run(PeriodicWorkerTask.java:73)
	at java.base/java.util.concurrent.Executors$RunnableAdapter.call(Executors.java:539)
	at java.base/java.util.concurrent.FutureTask.runAndReset(FutureTask.java:305)
	at java.base/java.util.concurrent.ScheduledThreadPoolExecutor$ScheduledFutureTask.run(ScheduledThreadPoolExecutor.java:305)
	at java.base/java.util.concurrent.ThreadPoolExecutor.runWorker(ThreadPoolExecutor.java:1136)
	at java.base/java.util.concurrent.ThreadPoolExecutor$Worker.run(ThreadPoolExecutor.java:635)
	at java.base/java.lang.Thread.run(Thread.java:842)
2024-12-27 01:05:52.455 Request 14 sent & Pong Respond: 200
2024-12-27 01:05:52.759 Failed to set request count to lock
java.io.IOException: 另一个程序已锁定文件的一部分，进程无法访问。
	at java.base/java.io.RandomAccessFile.writeBytes(Native Method)
	at java.base/java.io.RandomAccessFile.writeBytes(RandomAccessFile.java:1139)
	at com.demo.service.impl.FileLockThrottlingService.setRequestCount(FileLockThrottlingService.java:109)
	at com.demo.service.impl.FileLockThrottlingService.tryAcquire(FileLockThrottlingService.java:74)
	at com.demo.service.PingService.lambda$start$0(PingService.java:39)
	at reactor.core.publisher.FluxFilter$FilterConditionalSubscriber.onNext(FluxFilter.java:233)
	at reactor.core.publisher.FluxInterval$IntervalRunnable.run(FluxInterval.java:125)
	at reactor.core.scheduler.PeriodicWorkerTask.call(PeriodicWorkerTask.java:59)
	at reactor.core.scheduler.PeriodicWorkerTask.run(PeriodicWorkerTask.java:73)
	at java.base/java.util.concurrent.Executors$RunnableAdapter.call(Executors.java:539)
	at java.base/java.util.concurrent.FutureTask.runAndReset(FutureTask.java:305)
	at java.base/java.util.concurrent.ScheduledThreadPoolExecutor$ScheduledFutureTask.run(ScheduledThreadPoolExecutor.java:305)
	at java.base/java.util.concurrent.ThreadPoolExecutor.runWorker(ThreadPoolExecutor.java:1136)
	at java.base/java.util.concurrent.ThreadPoolExecutor$Worker.run(ThreadPoolExecutor.java:635)
	at java.base/java.lang.Thread.run(Thread.java:842)
2024-12-27 01:05:52.767 Request 15 send & Pong throttled it 429
2024-12-27 01:05:53.057 Failed to set request count to lock
java.io.IOException: 另一个程序已锁定文件的一部分，进程无法访问。
	at java.base/java.io.RandomAccessFile.writeBytes(Native Method)
	at java.base/java.io.RandomAccessFile.writeBytes(RandomAccessFile.java:1139)
	at com.demo.service.impl.FileLockThrottlingService.setRequestCount(FileLockThrottlingService.java:109)
	at com.demo.service.impl.FileLockThrottlingService.tryAcquire(FileLockThrottlingService.java:74)
	at com.demo.service.PingService.lambda$start$0(PingService.java:39)
	at reactor.core.publisher.FluxFilter$FilterConditionalSubscriber.onNext(FluxFilter.java:233)
	at reactor.core.publisher.FluxInterval$IntervalRunnable.run(FluxInterval.java:125)
	at reactor.core.scheduler.PeriodicWorkerTask.call(PeriodicWorkerTask.java:59)
	at reactor.core.scheduler.PeriodicWorkerTask.run(PeriodicWorkerTask.java:73)
	at java.base/java.util.concurrent.Executors$RunnableAdapter.call(Executors.java:539)
	at java.base/java.util.concurrent.FutureTask.runAndReset(FutureTask.java:305)
	at java.base/java.util.concurrent.ScheduledThreadPoolExecutor$ScheduledFutureTask.run(ScheduledThreadPoolExecutor.java:305)
	at java.base/java.util.concurrent.ThreadPoolExecutor.runWorker(ThreadPoolExecutor.java:1136)
	at java.base/java.util.concurrent.ThreadPoolExecutor$Worker.run(ThreadPoolExecutor.java:635)
	at java.base/java.lang.Thread.run(Thread.java:842)
2024-12-27 01:05:53.063 Request 16 send & Pong throttled it 429
2024-12-27 01:05:53.350 Failed to set request count to lock
java.io.IOException: 另一个程序已锁定文件的一部分，进程无法访问。
	at java.base/java.io.RandomAccessFile.writeBytes(Native Method)
	at java.base/java.io.RandomAccessFile.writeBytes(RandomAccessFile.java:1139)
	at com.demo.service.impl.FileLockThrottlingService.setRequestCount(FileLockThrottlingService.java:109)
	at com.demo.service.impl.FileLockThrottlingService.tryAcquire(FileLockThrottlingService.java:74)
	at com.demo.service.PingService.lambda$start$0(PingService.java:39)
	at reactor.core.publisher.FluxFilter$FilterConditionalSubscriber.onNext(FluxFilter.java:233)
	at reactor.core.publisher.FluxInterval$IntervalRunnable.run(FluxInterval.java:125)
	at reactor.core.scheduler.PeriodicWorkerTask.call(PeriodicWorkerTask.java:59)
	at reactor.core.scheduler.PeriodicWorkerTask.run(PeriodicWorkerTask.java:73)
	at java.base/java.util.concurrent.Executors$RunnableAdapter.call(Executors.java:539)
	at java.base/java.util.concurrent.FutureTask.runAndReset(FutureTask.java:305)
	at java.base/java.util.concurrent.ScheduledThreadPoolExecutor$ScheduledFutureTask.run(ScheduledThreadPoolExecutor.java:305)
	at java.base/java.util.concurrent.ThreadPoolExecutor.runWorker(ThreadPoolExecutor.java:1136)
	at java.base/java.util.concurrent.ThreadPoolExecutor$Worker.run(ThreadPoolExecutor.java:635)
	at java.base/java.lang.Thread.run(Thread.java:842)
2024-12-27 01:05:53.356 Request 17 send & Pong throttled it 429
2024-12-27 01:05:53.648 Failed to set request count to lock
java.io.IOException: 另一个程序已锁定文件的一部分，进程无法访问。
	at java.base/java.io.RandomAccessFile.writeBytes(Native Method)
	at java.base/java.io.RandomAccessFile.writeBytes(RandomAccessFile.java:1139)
	at com.demo.service.impl.FileLockThrottlingService.setRequestCount(FileLockThrottlingService.java:109)
	at com.demo.service.impl.FileLockThrottlingService.tryAcquire(FileLockThrottlingService.java:74)
	at com.demo.service.PingService.lambda$start$0(PingService.java:39)
	at reactor.core.publisher.FluxFilter$FilterConditionalSubscriber.onNext(FluxFilter.java:233)
	at reactor.core.publisher.FluxInterval$IntervalRunnable.run(FluxInterval.java:125)
	at reactor.core.scheduler.PeriodicWorkerTask.call(PeriodicWorkerTask.java:59)
	at reactor.core.scheduler.PeriodicWorkerTask.run(PeriodicWorkerTask.java:73)
	at java.base/java.util.concurrent.Executors$RunnableAdapter.call(Executors.java:539)
	at java.base/java.util.concurrent.FutureTask.runAndReset(FutureTask.java:305)
	at java.base/java.util.concurrent.ScheduledThreadPoolExecutor$ScheduledFutureTask.run(ScheduledThreadPoolExecutor.java:305)
	at java.base/java.util.concurrent.ThreadPoolExecutor.runWorker(ThreadPoolExecutor.java:1136)
	at java.base/java.util.concurrent.ThreadPoolExecutor$Worker.run(ThreadPoolExecutor.java:635)
	at java.base/java.lang.Thread.run(Thread.java:842)
2024-12-27 01:05:53.653 Request 18 sent & Pong Respond: 200
2024-12-27 01:05:53.960 Failed to set request count to lock
java.io.IOException: 另一个程序已锁定文件的一部分，进程无法访问。
	at java.base/java.io.RandomAccessFile.writeBytes(Native Method)
	at java.base/java.io.RandomAccessFile.writeBytes(RandomAccessFile.java:1139)
	at com.demo.service.impl.FileLockThrottlingService.setRequestCount(FileLockThrottlingService.java:109)
	at com.demo.service.impl.FileLockThrottlingService.tryAcquire(FileLockThrottlingService.java:74)
	at com.demo.service.PingService.lambda$start$0(PingService.java:39)
	at reactor.core.publisher.FluxFilter$FilterConditionalSubscriber.onNext(FluxFilter.java:233)
	at reactor.core.publisher.FluxInterval$IntervalRunnable.run(FluxInterval.java:125)
	at reactor.core.scheduler.PeriodicWorkerTask.call(PeriodicWorkerTask.java:59)
	at reactor.core.scheduler.PeriodicWorkerTask.run(PeriodicWorkerTask.java:73)
	at java.base/java.util.concurrent.Executors$RunnableAdapter.call(Executors.java:539)
	at java.base/java.util.concurrent.FutureTask.runAndReset(FutureTask.java:305)
	at java.base/java.util.concurrent.ScheduledThreadPoolExecutor$ScheduledFutureTask.run(ScheduledThreadPoolExecutor.java:305)
	at java.base/java.util.concurrent.ThreadPoolExecutor.runWorker(ThreadPoolExecutor.java:1136)
	at java.base/java.util.concurrent.ThreadPoolExecutor$Worker.run(ThreadPoolExecutor.java:635)
	at java.base/java.lang.Thread.run(Thread.java:842)
2024-12-27 01:05:53.966 Request 19 send & Pong throttled it 429
2024-12-27 01:05:54.259 Failed to set request count to lock
java.io.IOException: 另一个程序已锁定文件的一部分，进程无法访问。
	at java.base/java.io.RandomAccessFile.writeBytes(Native Method)
	at java.base/java.io.RandomAccessFile.writeBytes(RandomAccessFile.java:1139)
	at com.demo.service.impl.FileLockThrottlingService.setRequestCount(FileLockThrottlingService.java:109)
	at com.demo.service.impl.FileLockThrottlingService.tryAcquire(FileLockThrottlingService.java:74)
	at com.demo.service.PingService.lambda$start$0(PingService.java:39)
	at reactor.core.publisher.FluxFilter$FilterConditionalSubscriber.onNext(FluxFilter.java:233)
	at reactor.core.publisher.FluxInterval$IntervalRunnable.run(FluxInterval.java:125)
	at reactor.core.scheduler.PeriodicWorkerTask.call(PeriodicWorkerTask.java:59)
	at reactor.core.scheduler.PeriodicWorkerTask.run(PeriodicWorkerTask.java:73)
	at java.base/java.util.concurrent.Executors$RunnableAdapter.call(Executors.java:539)
	at java.base/java.util.concurrent.FutureTask.runAndReset(FutureTask.java:305)
	at java.base/java.util.concurrent.ScheduledThreadPoolExecutor$ScheduledFutureTask.run(ScheduledThreadPoolExecutor.java:305)
	at java.base/java.util.concurrent.ThreadPoolExecutor.runWorker(ThreadPoolExecutor.java:1136)
	at java.base/java.util.concurrent.ThreadPoolExecutor$Worker.run(ThreadPoolExecutor.java:635)
	at java.base/java.lang.Thread.run(Thread.java:842)
2024-12-27 01:05:54.265 Request 20 send & Pong throttled it 429
2024-12-27 01:05:54.554 Failed to set request count to lock
java.io.IOException: 另一个程序已锁定文件的一部分，进程无法访问。
	at java.base/java.io.RandomAccessFile.writeBytes(Native Method)
	at java.base/java.io.RandomAccessFile.writeBytes(RandomAccessFile.java:1139)
	at com.demo.service.impl.FileLockThrottlingService.setRequestCount(FileLockThrottlingService.java:109)
	at com.demo.service.impl.FileLockThrottlingService.tryAcquire(FileLockThrottlingService.java:74)
	at com.demo.service.PingService.lambda$start$0(PingService.java:39)
	at reactor.core.publisher.FluxFilter$FilterConditionalSubscriber.onNext(FluxFilter.java:233)
	at reactor.core.publisher.FluxInterval$IntervalRunnable.run(FluxInterval.java:125)
	at reactor.core.scheduler.PeriodicWorkerTask.call(PeriodicWorkerTask.java:59)
	at reactor.core.scheduler.PeriodicWorkerTask.run(PeriodicWorkerTask.java:73)
	at java.base/java.util.concurrent.Executors$RunnableAdapter.call(Executors.java:539)
	at java.base/java.util.concurrent.FutureTask.runAndReset(FutureTask.java:305)
	at java.base/java.util.concurrent.ScheduledThreadPoolExecutor$ScheduledFutureTask.run(ScheduledThreadPoolExecutor.java:305)
	at java.base/java.util.concurrent.ThreadPoolExecutor.runWorker(ThreadPoolExecutor.java:1136)
	at java.base/java.util.concurrent.ThreadPoolExecutor$Worker.run(ThreadPoolExecutor.java:635)
	at java.base/java.lang.Thread.run(Thread.java:842)
2024-12-27 01:05:54.560 Request 21 sent & Pong Respond: 200
2024-12-27 01:05:54.851 Failed to set request count to lock
java.io.IOException: 另一个程序已锁定文件的一部分，进程无法访问。
	at java.base/java.io.RandomAccessFile.writeBytes(Native Method)
	at java.base/java.io.RandomAccessFile.writeBytes(RandomAccessFile.java:1139)
	at com.demo.service.impl.FileLockThrottlingService.setRequestCount(FileLockThrottlingService.java:109)
	at com.demo.service.impl.FileLockThrottlingService.tryAcquire(FileLockThrottlingService.java:74)
	at com.demo.service.PingService.lambda$start$0(PingService.java:39)
	at reactor.core.publisher.FluxFilter$FilterConditionalSubscriber.onNext(FluxFilter.java:233)
	at reactor.core.publisher.FluxInterval$IntervalRunnable.run(FluxInterval.java:125)
	at reactor.core.scheduler.PeriodicWorkerTask.call(PeriodicWorkerTask.java:59)
	at reactor.core.scheduler.PeriodicWorkerTask.run(PeriodicWorkerTask.java:73)
	at java.base/java.util.concurrent.Executors$RunnableAdapter.call(Executors.java:539)
	at java.base/java.util.concurrent.FutureTask.runAndReset(FutureTask.java:305)
	at java.base/java.util.concurrent.ScheduledThreadPoolExecutor$ScheduledFutureTask.run(ScheduledThreadPoolExecutor.java:305)
	at java.base/java.util.concurrent.ThreadPoolExecutor.runWorker(ThreadPoolExecutor.java:1136)
	at java.base/java.util.concurrent.ThreadPoolExecutor$Worker.run(ThreadPoolExecutor.java:635)
	at java.base/java.lang.Thread.run(Thread.java:842)
2024-12-27 01:05:54.858 Request 22 send & Pong throttled it 429
2024-12-27 01:05:55.148 Failed to set request count to lock
java.io.IOException: 另一个程序已锁定文件的一部分，进程无法访问。
	at java.base/java.io.RandomAccessFile.writeBytes(Native Method)
	at java.base/java.io.RandomAccessFile.writeBytes(RandomAccessFile.java:1139)
	at com.demo.service.impl.FileLockThrottlingService.setRequestCount(FileLockThrottlingService.java:109)
	at com.demo.service.impl.FileLockThrottlingService.tryAcquire(FileLockThrottlingService.java:74)
	at com.demo.service.PingService.lambda$start$0(PingService.java:39)
	at reactor.core.publisher.FluxFilter$FilterConditionalSubscriber.onNext(FluxFilter.java:233)
	at reactor.core.publisher.FluxInterval$IntervalRunnable.run(FluxInterval.java:125)
	at reactor.core.scheduler.PeriodicWorkerTask.call(PeriodicWorkerTask.java:59)
	at reactor.core.scheduler.PeriodicWorkerTask.run(PeriodicWorkerTask.java:73)
	at java.base/java.util.concurrent.Executors$RunnableAdapter.call(Executors.java:539)
	at java.base/java.util.concurrent.FutureTask.runAndReset(FutureTask.java:305)
	at java.base/java.util.concurrent.ScheduledThreadPoolExecutor$ScheduledFutureTask.run(ScheduledThreadPoolExecutor.java:305)
	at java.base/java.util.concurrent.ThreadPoolExecutor.runWorker(ThreadPoolExecutor.java:1136)
	at java.base/java.util.concurrent.ThreadPoolExecutor$Worker.run(ThreadPoolExecutor.java:635)
	at java.base/java.lang.Thread.run(Thread.java:842)
2024-12-27 01:05:55.156 Request 23 send & Pong throttled it 429
2024-12-27 01:05:55.447 Failed to set request count to lock
java.io.IOException: 另一个程序已锁定文件的一部分，进程无法访问。
	at java.base/java.io.RandomAccessFile.writeBytes(Native Method)
	at java.base/java.io.RandomAccessFile.writeBytes(RandomAccessFile.java:1139)
	at com.demo.service.impl.FileLockThrottlingService.setRequestCount(FileLockThrottlingService.java:109)
	at com.demo.service.impl.FileLockThrottlingService.tryAcquire(FileLockThrottlingService.java:74)
	at com.demo.service.PingService.lambda$start$0(PingService.java:39)
	at reactor.core.publisher.FluxFilter$FilterConditionalSubscriber.onNext(FluxFilter.java:233)
	at reactor.core.publisher.FluxInterval$IntervalRunnable.run(FluxInterval.java:125)
	at reactor.core.scheduler.PeriodicWorkerTask.call(PeriodicWorkerTask.java:59)
	at reactor.core.scheduler.PeriodicWorkerTask.run(PeriodicWorkerTask.java:73)
	at java.base/java.util.concurrent.Executors$RunnableAdapter.call(Executors.java:539)
	at java.base/java.util.concurrent.FutureTask.runAndReset(FutureTask.java:305)
	at java.base/java.util.concurrent.ScheduledThreadPoolExecutor$ScheduledFutureTask.run(ScheduledThreadPoolExecutor.java:305)
	at java.base/java.util.concurrent.ThreadPoolExecutor.runWorker(ThreadPoolExecutor.java:1136)
	at java.base/java.util.concurrent.ThreadPoolExecutor$Worker.run(ThreadPoolExecutor.java:635)
	at java.base/java.lang.Thread.run(Thread.java:842)
2024-12-27 01:05:55.452 Request 24 sent & Pong Respond: 200
2024-12-27 01:05:55.761 Failed to set request count to lock
java.io.IOException: 另一个程序已锁定文件的一部分，进程无法访问。
	at java.base/java.io.RandomAccessFile.writeBytes(Native Method)
	at java.base/java.io.RandomAccessFile.writeBytes(RandomAccessFile.java:1139)
	at com.demo.service.impl.FileLockThrottlingService.setRequestCount(FileLockThrottlingService.java:109)
	at com.demo.service.impl.FileLockThrottlingService.tryAcquire(FileLockThrottlingService.java:74)
	at com.demo.service.PingService.lambda$start$0(PingService.java:39)
	at reactor.core.publisher.FluxFilter$FilterConditionalSubscriber.onNext(FluxFilter.java:233)
	at reactor.core.publisher.FluxInterval$IntervalRunnable.run(FluxInterval.java:125)
	at reactor.core.scheduler.PeriodicWorkerTask.call(PeriodicWorkerTask.java:59)
	at reactor.core.scheduler.PeriodicWorkerTask.run(PeriodicWorkerTask.java:73)
	at java.base/java.util.concurrent.Executors$RunnableAdapter.call(Executors.java:539)
	at java.base/java.util.concurrent.FutureTask.runAndReset(FutureTask.java:305)
	at java.base/java.util.concurrent.ScheduledThreadPoolExecutor$ScheduledFutureTask.run(ScheduledThreadPoolExecutor.java:305)
	at java.base/java.util.concurrent.ThreadPoolExecutor.runWorker(ThreadPoolExecutor.java:1136)
	at java.base/java.util.concurrent.ThreadPoolExecutor$Worker.run(ThreadPoolExecutor.java:635)
	at java.base/java.lang.Thread.run(Thread.java:842)
2024-12-27 01:05:55.766 Request 25 send & Pong throttled it 429
2024-12-27 01:05:56.058 Failed to set request count to lock
java.io.IOException: 另一个程序已锁定文件的一部分，进程无法访问。
	at java.base/java.io.RandomAccessFile.writeBytes(Native Method)
	at java.base/java.io.RandomAccessFile.writeBytes(RandomAccessFile.java:1139)
	at com.demo.service.impl.FileLockThrottlingService.setRequestCount(FileLockThrottlingService.java:109)
	at com.demo.service.impl.FileLockThrottlingService.tryAcquire(FileLockThrottlingService.java:74)
	at com.demo.service.PingService.lambda$start$0(PingService.java:39)
	at reactor.core.publisher.FluxFilter$FilterConditionalSubscriber.onNext(FluxFilter.java:233)
	at reactor.core.publisher.FluxInterval$IntervalRunnable.run(FluxInterval.java:125)
	at reactor.core.scheduler.PeriodicWorkerTask.call(PeriodicWorkerTask.java:59)
	at reactor.core.scheduler.PeriodicWorkerTask.run(PeriodicWorkerTask.java:73)
	at java.base/java.util.concurrent.Executors$RunnableAdapter.call(Executors.java:539)
	at java.base/java.util.concurrent.FutureTask.runAndReset(FutureTask.java:305)
	at java.base/java.util.concurrent.ScheduledThreadPoolExecutor$ScheduledFutureTask.run(ScheduledThreadPoolExecutor.java:305)
	at java.base/java.util.concurrent.ThreadPoolExecutor.runWorker(ThreadPoolExecutor.java:1136)
	at java.base/java.util.concurrent.ThreadPoolExecutor$Worker.run(ThreadPoolExecutor.java:635)
	at java.base/java.lang.Thread.run(Thread.java:842)
2024-12-27 01:05:56.064 Request 26 send & Pong throttled it 429
2024-12-27 01:05:56.355 Failed to set request count to lock
java.io.IOException: 另一个程序已锁定文件的一部分，进程无法访问。
	at java.base/java.io.RandomAccessFile.writeBytes(Native Method)
	at java.base/java.io.RandomAccessFile.writeBytes(RandomAccessFile.java:1139)
	at com.demo.service.impl.FileLockThrottlingService.setRequestCount(FileLockThrottlingService.java:109)
	at com.demo.service.impl.FileLockThrottlingService.tryAcquire(FileLockThrottlingService.java:74)
	at com.demo.service.PingService.lambda$start$0(PingService.java:39)
	at reactor.core.publisher.FluxFilter$FilterConditionalSubscriber.onNext(FluxFilter.java:233)
	at reactor.core.publisher.FluxInterval$IntervalRunnable.run(FluxInterval.java:125)
	at reactor.core.scheduler.PeriodicWorkerTask.call(PeriodicWorkerTask.java:59)
	at reactor.core.scheduler.PeriodicWorkerTask.run(PeriodicWorkerTask.java:73)
	at java.base/java.util.concurrent.Executors$RunnableAdapter.call(Executors.java:539)
	at java.base/java.util.concurrent.FutureTask.runAndReset(FutureTask.java:305)
	at java.base/java.util.concurrent.ScheduledThreadPoolExecutor$ScheduledFutureTask.run(ScheduledThreadPoolExecutor.java:305)
	at java.base/java.util.concurrent.ThreadPoolExecutor.runWorker(ThreadPoolExecutor.java:1136)
	at java.base/java.util.concurrent.ThreadPoolExecutor$Worker.run(ThreadPoolExecutor.java:635)
	at java.base/java.lang.Thread.run(Thread.java:842)
2024-12-27 01:05:56.360 Request 27 send & Pong throttled it 429
2024-12-27 01:05:56.649 Failed to set request count to lock
java.io.IOException: 另一个程序已锁定文件的一部分，进程无法访问。
	at java.base/java.io.RandomAccessFile.writeBytes(Native Method)
	at java.base/java.io.RandomAccessFile.writeBytes(RandomAccessFile.java:1139)
	at com.demo.service.impl.FileLockThrottlingService.setRequestCount(FileLockThrottlingService.java:109)
	at com.demo.service.impl.FileLockThrottlingService.tryAcquire(FileLockThrottlingService.java:74)
	at com.demo.service.PingService.lambda$start$0(PingService.java:39)
	at reactor.core.publisher.FluxFilter$FilterConditionalSubscriber.onNext(FluxFilter.java:233)
	at reactor.core.publisher.FluxInterval$IntervalRunnable.run(FluxInterval.java:125)
	at reactor.core.scheduler.PeriodicWorkerTask.call(PeriodicWorkerTask.java:59)
	at reactor.core.scheduler.PeriodicWorkerTask.run(PeriodicWorkerTask.java:73)
	at java.base/java.util.concurrent.Executors$RunnableAdapter.call(Executors.java:539)
	at java.base/java.util.concurrent.FutureTask.runAndReset(FutureTask.java:305)
	at java.base/java.util.concurrent.ScheduledThreadPoolExecutor$ScheduledFutureTask.run(ScheduledThreadPoolExecutor.java:305)
	at java.base/java.util.concurrent.ThreadPoolExecutor.runWorker(ThreadPoolExecutor.java:1136)
	at java.base/java.util.concurrent.ThreadPoolExecutor$Worker.run(ThreadPoolExecutor.java:635)
	at java.base/java.lang.Thread.run(Thread.java:842)
2024-12-27 01:05:56.656 Request 28 sent & Pong Respond: 200
2024-12-27 01:05:56.948 Failed to set request count to lock
java.io.IOException: 另一个程序已锁定文件的一部分，进程无法访问。
	at java.base/java.io.RandomAccessFile.writeBytes(Native Method)
	at java.base/java.io.RandomAccessFile.writeBytes(RandomAccessFile.java:1139)
	at com.demo.service.impl.FileLockThrottlingService.setRequestCount(FileLockThrottlingService.java:109)
	at com.demo.service.impl.FileLockThrottlingService.tryAcquire(FileLockThrottlingService.java:74)
	at com.demo.service.PingService.lambda$start$0(PingService.java:39)
	at reactor.core.publisher.FluxFilter$FilterConditionalSubscriber.onNext(FluxFilter.java:233)
	at reactor.core.publisher.FluxInterval$IntervalRunnable.run(FluxInterval.java:125)
	at reactor.core.scheduler.PeriodicWorkerTask.call(PeriodicWorkerTask.java:59)
	at reactor.core.scheduler.PeriodicWorkerTask.run(PeriodicWorkerTask.java:73)
	at java.base/java.util.concurrent.Executors$RunnableAdapter.call(Executors.java:539)
	at java.base/java.util.concurrent.FutureTask.runAndReset(FutureTask.java:305)
	at java.base/java.util.concurrent.ScheduledThreadPoolExecutor$ScheduledFutureTask.run(ScheduledThreadPoolExecutor.java:305)
	at java.base/java.util.concurrent.ThreadPoolExecutor.runWorker(ThreadPoolExecutor.java:1136)
	at java.base/java.util.concurrent.ThreadPoolExecutor$Worker.run(ThreadPoolExecutor.java:635)
	at java.base/java.lang.Thread.run(Thread.java:842)
2024-12-27 01:05:56.954 Request 29 send & Pong throttled it 429
2024-12-27 01:05:57.258 Failed to set request count to lock
java.io.IOException: 另一个程序已锁定文件的一部分，进程无法访问。
	at java.base/java.io.RandomAccessFile.writeBytes(Native Method)
	at java.base/java.io.RandomAccessFile.writeBytes(RandomAccessFile.java:1139)
	at com.demo.service.impl.FileLockThrottlingService.setRequestCount(FileLockThrottlingService.java:109)
	at com.demo.service.impl.FileLockThrottlingService.tryAcquire(FileLockThrottlingService.java:74)
	at com.demo.service.PingService.lambda$start$0(PingService.java:39)
	at reactor.core.publisher.FluxFilter$FilterConditionalSubscriber.onNext(FluxFilter.java:233)
	at reactor.core.publisher.FluxInterval$IntervalRunnable.run(FluxInterval.java:125)
	at reactor.core.scheduler.PeriodicWorkerTask.call(PeriodicWorkerTask.java:59)
	at reactor.core.scheduler.PeriodicWorkerTask.run(PeriodicWorkerTask.java:73)
	at java.base/java.util.concurrent.Executors$RunnableAdapter.call(Executors.java:539)
	at java.base/java.util.concurrent.FutureTask.runAndReset(FutureTask.java:305)
	at java.base/java.util.concurrent.ScheduledThreadPoolExecutor$ScheduledFutureTask.run(ScheduledThreadPoolExecutor.java:305)
	at java.base/java.util.concurrent.ThreadPoolExecutor.runWorker(ThreadPoolExecutor.java:1136)
	at java.base/java.util.concurrent.ThreadPoolExecutor$Worker.run(ThreadPoolExecutor.java:635)
	at java.base/java.lang.Thread.run(Thread.java:842)
2024-12-27 01:05:57.265 Request 30 send & Pong throttled it 429
2024-12-27 01:05:57.554 Failed to set request count to lock
java.io.IOException: 另一个程序已锁定文件的一部分，进程无法访问。
	at java.base/java.io.RandomAccessFile.writeBytes(Native Method)
	at java.base/java.io.RandomAccessFile.writeBytes(RandomAccessFile.java:1139)
	at com.demo.service.impl.FileLockThrottlingService.setRequestCount(FileLockThrottlingService.java:109)
	at com.demo.service.impl.FileLockThrottlingService.tryAcquire(FileLockThrottlingService.java:74)
	at com.demo.service.PingService.lambda$start$0(PingService.java:39)
	at reactor.core.publisher.FluxFilter$FilterConditionalSubscriber.onNext(FluxFilter.java:233)
	at reactor.core.publisher.FluxInterval$IntervalRunnable.run(FluxInterval.java:125)
	at reactor.core.scheduler.PeriodicWorkerTask.call(PeriodicWorkerTask.java:59)
	at reactor.core.scheduler.PeriodicWorkerTask.run(PeriodicWorkerTask.java:73)
	at java.base/java.util.concurrent.Executors$RunnableAdapter.call(Executors.java:539)
	at java.base/java.util.concurrent.FutureTask.runAndReset(FutureTask.java:305)
	at java.base/java.util.concurrent.ScheduledThreadPoolExecutor$ScheduledFutureTask.run(ScheduledThreadPoolExecutor.java:305)
	at java.base/java.util.concurrent.ThreadPoolExecutor.runWorker(ThreadPoolExecutor.java:1136)
	at java.base/java.util.concurrent.ThreadPoolExecutor$Worker.run(ThreadPoolExecutor.java:635)
	at java.base/java.lang.Thread.run(Thread.java:842)
2024-12-27 01:05:57.558 Request 31 sent & Pong Respond: 200
2024-12-27 01:05:57.849 Failed to set request count to lock
java.io.IOException: 另一个程序已锁定文件的一部分，进程无法访问。
	at java.base/java.io.RandomAccessFile.writeBytes(Native Method)
	at java.base/java.io.RandomAccessFile.writeBytes(RandomAccessFile.java:1139)
	at com.demo.service.impl.FileLockThrottlingService.setRequestCount(FileLockThrottlingService.java:109)
	at com.demo.service.impl.FileLockThrottlingService.tryAcquire(FileLockThrottlingService.java:74)
	at com.demo.service.PingService.lambda$start$0(PingService.java:39)
	at reactor.core.publisher.FluxFilter$FilterConditionalSubscriber.onNext(FluxFilter.java:233)
	at reactor.core.publisher.FluxInterval$IntervalRunnable.run(FluxInterval.java:125)
	at reactor.core.scheduler.PeriodicWorkerTask.call(PeriodicWorkerTask.java:59)
	at reactor.core.scheduler.PeriodicWorkerTask.run(PeriodicWorkerTask.java:73)
	at java.base/java.util.concurrent.Executors$RunnableAdapter.call(Executors.java:539)
	at java.base/java.util.concurrent.FutureTask.runAndReset(FutureTask.java:305)
	at java.base/java.util.concurrent.ScheduledThreadPoolExecutor$ScheduledFutureTask.run(ScheduledThreadPoolExecutor.java:305)
	at java.base/java.util.concurrent.ThreadPoolExecutor.runWorker(ThreadPoolExecutor.java:1136)
	at java.base/java.util.concurrent.ThreadPoolExecutor$Worker.run(ThreadPoolExecutor.java:635)
	at java.base/java.lang.Thread.run(Thread.java:842)
2024-12-27 01:05:57.855 Request 32 send & Pong throttled it 429
2024-12-27 01:05:58.147 Failed to set request count to lock
java.io.IOException: 另一个程序已锁定文件的一部分，进程无法访问。
	at java.base/java.io.RandomAccessFile.writeBytes(Native Method)
	at java.base/java.io.RandomAccessFile.writeBytes(RandomAccessFile.java:1139)
	at com.demo.service.impl.FileLockThrottlingService.setRequestCount(FileLockThrottlingService.java:109)
	at com.demo.service.impl.FileLockThrottlingService.tryAcquire(FileLockThrottlingService.java:74)
	at com.demo.service.PingService.lambda$start$0(PingService.java:39)
	at reactor.core.publisher.FluxFilter$FilterConditionalSubscriber.onNext(FluxFilter.java:233)
	at reactor.core.publisher.FluxInterval$IntervalRunnable.run(FluxInterval.java:125)
	at reactor.core.scheduler.PeriodicWorkerTask.call(PeriodicWorkerTask.java:59)
	at reactor.core.scheduler.PeriodicWorkerTask.run(PeriodicWorkerTask.java:73)
	at java.base/java.util.concurrent.Executors$RunnableAdapter.call(Executors.java:539)
	at java.base/java.util.concurrent.FutureTask.runAndReset(FutureTask.java:305)
	at java.base/java.util.concurrent.ScheduledThreadPoolExecutor$ScheduledFutureTask.run(ScheduledThreadPoolExecutor.java:305)
	at java.base/java.util.concurrent.ThreadPoolExecutor.runWorker(ThreadPoolExecutor.java:1136)
	at java.base/java.util.concurrent.ThreadPoolExecutor$Worker.run(ThreadPoolExecutor.java:635)
	at java.base/java.lang.Thread.run(Thread.java:842)
2024-12-27 01:05:58.153 Request 33 send & Pong throttled it 429
2024-12-27 01:05:58.456 Failed to set request count to lock
java.io.IOException: 另一个程序已锁定文件的一部分，进程无法访问。
	at java.base/java.io.RandomAccessFile.writeBytes(Native Method)
	at java.base/java.io.RandomAccessFile.writeBytes(RandomAccessFile.java:1139)
	at com.demo.service.impl.FileLockThrottlingService.setRequestCount(FileLockThrottlingService.java:109)
	at com.demo.service.impl.FileLockThrottlingService.tryAcquire(FileLockThrottlingService.java:74)
	at com.demo.service.PingService.lambda$start$0(PingService.java:39)
	at reactor.core.publisher.FluxFilter$FilterConditionalSubscriber.onNext(FluxFilter.java:233)
	at reactor.core.publisher.FluxInterval$IntervalRunnable.run(FluxInterval.java:125)
	at reactor.core.scheduler.PeriodicWorkerTask.call(PeriodicWorkerTask.java:59)
	at reactor.core.scheduler.PeriodicWorkerTask.run(PeriodicWorkerTask.java:73)
	at java.base/java.util.concurrent.Executors$RunnableAdapter.call(Executors.java:539)
	at java.base/java.util.concurrent.FutureTask.runAndReset(FutureTask.java:305)
	at java.base/java.util.concurrent.ScheduledThreadPoolExecutor$ScheduledFutureTask.run(ScheduledThreadPoolExecutor.java:305)
	at java.base/java.util.concurrent.ThreadPoolExecutor.runWorker(ThreadPoolExecutor.java:1136)
	at java.base/java.util.concurrent.ThreadPoolExecutor$Worker.run(ThreadPoolExecutor.java:635)
	at java.base/java.lang.Thread.run(Thread.java:842)
2024-12-27 01:05:58.473 Request 34 sent & Pong Respond: 200
2024-12-27 01:05:58.755 Failed to set request count to lock
java.io.IOException: 另一个程序已锁定文件的一部分，进程无法访问。
	at java.base/java.io.RandomAccessFile.writeBytes(Native Method)
	at java.base/java.io.RandomAccessFile.writeBytes(RandomAccessFile.java:1139)
	at com.demo.service.impl.FileLockThrottlingService.setRequestCount(FileLockThrottlingService.java:109)
	at com.demo.service.impl.FileLockThrottlingService.tryAcquire(FileLockThrottlingService.java:74)
	at com.demo.service.PingService.lambda$start$0(PingService.java:39)
	at reactor.core.publisher.FluxFilter$FilterConditionalSubscriber.onNext(FluxFilter.java:233)
	at reactor.core.publisher.FluxInterval$IntervalRunnable.run(FluxInterval.java:125)
	at reactor.core.scheduler.PeriodicWorkerTask.call(PeriodicWorkerTask.java:59)
	at reactor.core.scheduler.PeriodicWorkerTask.run(PeriodicWorkerTask.java:73)
	at java.base/java.util.concurrent.Executors$RunnableAdapter.call(Executors.java:539)
	at java.base/java.util.concurrent.FutureTask.runAndReset(FutureTask.java:305)
	at java.base/java.util.concurrent.ScheduledThreadPoolExecutor$ScheduledFutureTask.run(ScheduledThreadPoolExecutor.java:305)
	at java.base/java.util.concurrent.ThreadPoolExecutor.runWorker(ThreadPoolExecutor.java:1136)
	at java.base/java.util.concurrent.ThreadPoolExecutor$Worker.run(ThreadPoolExecutor.java:635)
	at java.base/java.lang.Thread.run(Thread.java:842)
2024-12-27 01:05:58.762 Request 35 send & Pong throttled it 429
2024-12-27 01:05:59.049 Failed to set request count to lock
java.io.IOException: 另一个程序已锁定文件的一部分，进程无法访问。
	at java.base/java.io.RandomAccessFile.writeBytes(Native Method)
	at java.base/java.io.RandomAccessFile.writeBytes(RandomAccessFile.java:1139)
	at com.demo.service.impl.FileLockThrottlingService.setRequestCount(FileLockThrottlingService.java:109)
	at com.demo.service.impl.FileLockThrottlingService.tryAcquire(FileLockThrottlingService.java:74)
	at com.demo.service.PingService.lambda$start$0(PingService.java:39)
	at reactor.core.publisher.FluxFilter$FilterConditionalSubscriber.onNext(FluxFilter.java:233)
	at reactor.core.publisher.FluxInterval$IntervalRunnable.run(FluxInterval.java:125)
	at reactor.core.scheduler.PeriodicWorkerTask.call(PeriodicWorkerTask.java:59)
	at reactor.core.scheduler.PeriodicWorkerTask.run(PeriodicWorkerTask.java:73)
	at java.base/java.util.concurrent.Executors$RunnableAdapter.call(Executors.java:539)
	at java.base/java.util.concurrent.FutureTask.runAndReset(FutureTask.java:305)
	at java.base/java.util.concurrent.ScheduledThreadPoolExecutor$ScheduledFutureTask.run(ScheduledThreadPoolExecutor.java:305)
	at java.base/java.util.concurrent.ThreadPoolExecutor.runWorker(ThreadPoolExecutor.java:1136)
	at java.base/java.util.concurrent.ThreadPoolExecutor$Worker.run(ThreadPoolExecutor.java:635)
	at java.base/java.lang.Thread.run(Thread.java:842)
2024-12-27 01:05:59.055 Request 36 send & Pong throttled it 429
2024-12-27 01:05:59.360 Failed to acquire file lock
java.nio.channels.OverlappingFileLockException: null
	at java.base/sun.nio.ch.FileLockTable.checkList(FileLockTable.java:229)
	at java.base/sun.nio.ch.FileLockTable.add(FileLockTable.java:123)
	at java.base/sun.nio.ch.FileChannelImpl.tryLock(FileChannelImpl.java:1321)
	at java.base/java.nio.channels.FileChannel.tryLock(FileChannel.java:1191)
	at com.demo.service.impl.FileLockThrottlingService.tryAcquire(FileLockThrottlingService.java:67)
	at com.demo.service.PingService.lambda$start$0(PingService.java:39)
	at reactor.core.publisher.FluxFilter$FilterConditionalSubscriber.onNext(FluxFilter.java:233)
	at reactor.core.publisher.FluxInterval$IntervalRunnable.run(FluxInterval.java:125)
	at reactor.core.scheduler.PeriodicWorkerTask.call(PeriodicWorkerTask.java:59)
	at reactor.core.scheduler.PeriodicWorkerTask.run(PeriodicWorkerTask.java:73)
	at java.base/java.util.concurrent.Executors$RunnableAdapter.call(Executors.java:539)
	at java.base/java.util.concurrent.FutureTask.runAndReset(FutureTask.java:305)
	at java.base/java.util.concurrent.ScheduledThreadPoolExecutor$ScheduledFutureTask.run(ScheduledThreadPoolExecutor.java:305)
	at java.base/java.util.concurrent.ThreadPoolExecutor.runWorker(ThreadPoolExecutor.java:1136)
	at java.base/java.util.concurrent.ThreadPoolExecutor$Worker.run(ThreadPoolExecutor.java:635)
	at java.base/java.lang.Thread.run(Thread.java:842)
2024-12-27 01:05:59.361 Request 37 not sent as being 'ping rate limited'
2024-12-27 01:05:59.657 Failed to set request count to lock
java.io.IOException: 另一个程序已锁定文件的一部分，进程无法访问。
	at java.base/java.io.RandomAccessFile.writeBytes(Native Method)
	at java.base/java.io.RandomAccessFile.writeBytes(RandomAccessFile.java:1139)
	at com.demo.service.impl.FileLockThrottlingService.setRequestCount(FileLockThrottlingService.java:109)
	at com.demo.service.impl.FileLockThrottlingService.tryAcquire(FileLockThrottlingService.java:74)
	at com.demo.service.PingService.lambda$start$0(PingService.java:39)
	at reactor.core.publisher.FluxFilter$FilterConditionalSubscriber.onNext(FluxFilter.java:233)
	at reactor.core.publisher.FluxInterval$IntervalRunnable.run(FluxInterval.java:125)
	at reactor.core.scheduler.PeriodicWorkerTask.call(PeriodicWorkerTask.java:59)
	at reactor.core.scheduler.PeriodicWorkerTask.run(PeriodicWorkerTask.java:73)
	at java.base/java.util.concurrent.Executors$RunnableAdapter.call(Executors.java:539)
	at java.base/java.util.concurrent.FutureTask.runAndReset(FutureTask.java:305)
	at java.base/java.util.concurrent.ScheduledThreadPoolExecutor$ScheduledFutureTask.run(ScheduledThreadPoolExecutor.java:305)
	at java.base/java.util.concurrent.ThreadPoolExecutor.runWorker(ThreadPoolExecutor.java:1136)
	at java.base/java.util.concurrent.ThreadPoolExecutor$Worker.run(ThreadPoolExecutor.java:635)
	at java.base/java.lang.Thread.run(Thread.java:842)
2024-12-27 01:05:59.663 Request 38 sent & Pong Respond: 200
2024-12-27 01:05:59.953 Failed to set request count to lock
java.io.IOException: 另一个程序已锁定文件的一部分，进程无法访问。
	at java.base/java.io.RandomAccessFile.writeBytes(Native Method)
	at java.base/java.io.RandomAccessFile.writeBytes(RandomAccessFile.java:1139)
	at com.demo.service.impl.FileLockThrottlingService.setRequestCount(FileLockThrottlingService.java:109)
	at com.demo.service.impl.FileLockThrottlingService.tryAcquire(FileLockThrottlingService.java:74)
	at com.demo.service.PingService.lambda$start$0(PingService.java:39)
	at reactor.core.publisher.FluxFilter$FilterConditionalSubscriber.onNext(FluxFilter.java:233)
	at reactor.core.publisher.FluxInterval$IntervalRunnable.run(FluxInterval.java:125)
	at reactor.core.scheduler.PeriodicWorkerTask.call(PeriodicWorkerTask.java:59)
	at reactor.core.scheduler.PeriodicWorkerTask.run(PeriodicWorkerTask.java:73)
	at java.base/java.util.concurrent.Executors$RunnableAdapter.call(Executors.java:539)
	at java.base/java.util.concurrent.FutureTask.runAndReset(FutureTask.java:305)
	at java.base/java.util.concurrent.ScheduledThreadPoolExecutor$ScheduledFutureTask.run(ScheduledThreadPoolExecutor.java:305)
	at java.base/java.util.concurrent.ThreadPoolExecutor.runWorker(ThreadPoolExecutor.java:1136)
	at java.base/java.util.concurrent.ThreadPoolExecutor$Worker.run(ThreadPoolExecutor.java:635)
	at java.base/java.lang.Thread.run(Thread.java:842)
2024-12-27 01:05:59.960 Request 39 send & Pong throttled it 429
