2024-12-26 15:18:46.695 Starting PingApplication using Java 17.0.12 with PID 25108 (C:\code\hbsc\ping\target\classes started by joech in C:\code\hbsc)
2024-12-26 15:18:46.697 No active profile set, falling back to 1 default profile: "default"
2024-12-26 15:18:47.162 Multiple Spring Data modules found, entering strict repository configuration mode
2024-12-26 15:18:47.166 Bootstrapping Spring Data Redis repositories in DEFAULT mode.
2024-12-26 15:18:47.198 Finished Spring Data repository scanning in 14 ms. Found 0 Redis repository interfaces.
2024-12-26 15:18:48.341 Netty started on port 8082
2024-12-26 15:18:48.355 Started PingApplication in 1.932 seconds (process running for 2.368)
2024-12-26 15:18:48.483 Request send & Pong throttled: true
2024-12-26 15:18:48.577 Request send & Pong throttled: true
2024-12-26 15:18:48.686 Request send & Pong throttled: true
2024-12-26 15:18:48.698 Request sent & Pong Respond: World
2024-12-26 15:18:48.698 Request sent & Pong Respond: World
2024-12-26 15:18:48.718 Request send & Pong throttled it
2024-12-26 15:18:48.775 Request send & Pong throttled: true
2024-12-26 15:18:48.781 Request send & Pong throttled it
2024-12-26 15:18:48.888 Request send & Pong throttled: false
2024-12-26 15:18:48.980 Request send & Pong throttled: false
2024-12-26 15:18:49.089 Request send & Pong throttled: false
2024-12-26 15:18:49.183 Request send & Pong throttled: false
2024-12-26 15:18:49.276 Request send & Pong throttled: false
2024-12-26 15:18:49.387 Request send & Pong throttled: false
2024-12-26 15:18:49.480 Request send & Pong throttled: false
2024-12-26 15:18:49.575 Request send & Pong throttled: false
2024-12-26 15:18:49.684 Request send & Pong throttled: true
2024-12-26 15:18:49.689 Request sent & Pong Respond: World
2024-12-26 15:18:49.778 Request send & Pong throttled: true
2024-12-26 15:18:49.784 Request send & Pong throttled it
2024-12-26 15:18:49.888 Request send & Pong throttled: false
2024-12-26 15:18:49.982 Request send & Pong throttled: false
2024-12-26 15:18:50.075 Request send & Pong throttled: false
2024-12-26 15:18:50.185 Request send & Pong throttled: false
2024-12-26 15:18:50.278 Request send & Pong throttled: false
2024-12-26 15:18:50.375 Request send & Pong throttled: false
2024-12-26 15:18:50.481 Request send & Pong throttled: false
2024-12-26 15:18:50.590 Request send & Pong throttled: false
2024-12-26 15:18:50.683 Request send & Pong throttled: true
2024-12-26 15:18:50.688 Request sent & Pong Respond: World
2024-12-26 15:18:50.775 Request send & Pong throttled: true
2024-12-26 15:18:50.780 Request send & Pong throttled it
2024-12-26 15:18:50.884 Request send & Pong throttled: false
2024-12-26 15:18:50.978 Request send & Pong throttled: false
2024-12-26 15:18:51.087 Request send & Pong throttled: false
2024-12-26 15:18:51.181 Request send & Pong throttled: false
2024-12-26 15:18:51.276 Request send & Pong throttled: false
2024-12-26 15:18:51.384 Request send & Pong throttled: false
2024-12-26 15:18:51.480 Request send & Pong throttled: false
2024-12-26 15:18:51.574 Request send & Pong throttled: false
2024-12-26 15:18:51.684 Request send & Pong throttled: true
2024-12-26 15:18:51.688 Request sent & Pong Respond: World
2024-12-26 15:18:51.779 Request send & Pong throttled: true
2024-12-26 15:18:51.784 Request send & Pong throttled it
2024-12-26 15:18:51.876 Request send & Pong throttled: false
2024-12-26 15:18:51.981 Request send & Pong throttled: false
2024-12-26 15:18:52.076 Request send & Pong throttled: false
2024-12-26 15:18:52.185 Request send & Pong throttled: false
2024-12-26 15:18:52.279 Request send & Pong throttled: false
2024-12-26 15:18:52.390 Request send & Pong throttled: false
2024-12-26 15:18:52.484 Request send & Pong throttled: false
2024-12-26 15:18:52.580 Request send & Pong throttled: false
2024-12-26 15:18:52.689 Request send & Pong throttled: true
2024-12-26 15:18:52.692 Request sent & Pong Respond: World
2024-12-26 15:18:52.781 Request send & Pong throttled: true
2024-12-26 15:18:52.786 Request send & Pong throttled it
2024-12-26 15:18:52.874 Request send & Pong throttled: false
2024-12-26 15:18:52.984 Request send & Pong throttled: false
2024-12-26 15:18:53.078 Request send & Pong throttled: false
2024-12-26 15:18:53.189 Request send & Pong throttled: false
2024-12-26 15:18:53.283 Request send & Pong throttled: false
2024-12-26 15:18:53.376 Request send & Pong throttled: false
2024-12-26 15:18:53.485 Request send & Pong throttled: false
2024-12-26 15:18:53.578 Request send & Pong throttled: false
2024-12-26 15:18:53.687 Request send & Pong throttled: true
2024-12-26 15:18:53.691 Request sent & Pong Respond: World
2024-12-26 15:18:53.780 Request send & Pong throttled: true
2024-12-26 15:18:53.785 Request send & Pong throttled it
2024-12-26 15:18:53.890 Request send & Pong throttled: false
2024-12-26 15:18:53.983 Request send & Pong throttled: false
2024-12-26 15:18:54.077 Request send & Pong throttled: false
2024-12-26 15:18:54.186 Request send & Pong throttled: false
2024-12-26 15:18:54.278 Request send & Pong throttled: false
2024-12-26 15:18:54.389 Request send & Pong throttled: false
2024-12-26 15:18:54.483 Request send & Pong throttled: false
2024-12-26 15:18:54.577 Request send & Pong throttled: false
2024-12-26 15:18:54.684 Request send & Pong throttled: true
2024-12-26 15:18:54.688 Request sent & Pong Respond: World
2024-12-26 15:18:54.780 Request send & Pong throttled: true
2024-12-26 15:18:54.784 Request send & Pong throttled it
2024-12-26 15:18:54.874 Request send & Pong throttled: false
2024-12-26 15:18:54.982 Request send & Pong throttled: false
2024-12-26 15:18:55.076 Request send & Pong throttled: false
2024-12-26 15:18:55.185 Request send & Pong throttled: false
2024-12-26 15:18:55.277 Request send & Pong throttled: false
2024-12-26 15:18:55.386 Request send & Pong throttled: false
2024-12-26 15:18:55.480 Request send & Pong throttled: false
2024-12-26 15:18:55.589 Request send & Pong throttled: false
2024-12-26 15:18:55.684 Request send & Pong throttled: true
2024-12-26 15:18:55.688 Request sent & Pong Respond: World
2024-12-26 15:18:55.779 Request send & Pong throttled: true
2024-12-26 15:18:55.783 Request send & Pong throttled it
2024-12-26 15:18:55.887 Request send & Pong throttled: false
2024-12-26 15:18:55.980 Request send & Pong throttled: false
2024-12-26 15:18:56.075 Request send & Pong throttled: false
2024-12-26 15:18:56.182 Request send & Pong throttled: false
2024-12-26 15:18:56.275 Request send & Pong throttled: false
2024-12-26 15:18:56.386 Request send & Pong throttled: false
2024-12-26 15:18:56.478 Request send & Pong throttled: false
2024-12-26 15:18:56.586 Request send & Pong throttled: false
2024-12-26 15:18:56.680 Request send & Pong throttled: true
2024-12-26 15:18:56.684 Request sent & Pong Respond: World
2024-12-26 15:18:56.790 Request send & Pong throttled: true
2024-12-26 15:18:56.794 Request send & Pong throttled it
2024-12-26 15:18:56.882 Request send & Pong throttled: false
2024-12-26 15:18:56.975 Request send & Pong throttled: false
2024-12-26 15:18:57.084 Request send & Pong throttled: false
2024-12-26 15:18:57.181 Request send & Pong throttled: false
2024-12-26 15:18:57.290 Request send & Pong throttled: false
2024-12-26 15:18:57.382 Request send & Pong throttled: false
2024-12-26 15:18:57.477 Request send & Pong throttled: false
2024-12-26 15:18:57.587 Request send & Pong throttled: false
2024-12-26 15:18:57.682 Request send & Pong throttled: true
2024-12-26 15:18:57.685 Request sent & Pong Respond: World
2024-12-26 15:18:57.790 Request send & Pong throttled: true
2024-12-26 15:18:57.795 Request send & Pong throttled it
2024-12-26 15:18:57.884 Request send & Pong throttled: false
2024-12-26 15:18:57.978 Request send & Pong throttled: false
2024-12-26 15:18:58.086 Request send & Pong throttled: false
2024-12-26 15:18:58.181 Request send & Pong throttled: false
2024-12-26 15:18:58.289 Request send & Pong throttled: false
2024-12-26 15:18:58.383 Request send & Pong throttled: false
2024-12-26 15:18:58.478 Request send & Pong throttled: false
2024-12-26 15:18:58.587 Request send & Pong throttled: false
2024-12-26 15:18:58.682 Request send & Pong throttled: true
2024-12-26 15:18:58.686 Request sent & Pong Respond: World
2024-12-26 15:18:58.777 Request send & Pong throttled: true
2024-12-26 15:18:58.782 Request send & Pong throttled it
2024-12-26 15:18:58.885 Request send & Pong throttled: false
2024-12-26 15:18:58.977 Request send & Pong throttled: false
2024-12-26 15:18:59.087 Request send & Pong throttled: false
2024-12-26 15:18:59.180 Request send & Pong throttled: false
2024-12-26 15:18:59.275 Request send & Pong throttled: false
2024-12-26 15:18:59.382 Request send & Pong throttled: false
2024-12-26 15:18:59.476 Request send & Pong throttled: false
2024-12-26 15:18:59.585 Request send & Pong throttled: false
2024-12-26 15:18:59.679 Request send & Pong throttled: true
2024-12-26 15:18:59.682 Request sent & Pong Respond: World
2024-12-26 15:18:59.790 Request send & Pong throttled: true
2024-12-26 15:18:59.794 Request send & Pong throttled it
2024-12-26 15:18:59.883 Request send & Pong throttled: false
2024-12-26 15:18:59.976 Request send & Pong throttled: false
2024-12-26 15:19:00.086 Request send & Pong throttled: false
2024-12-26 15:19:00.179 Request send & Pong throttled: false
2024-12-26 15:19:00.287 Request send & Pong throttled: false
2024-12-26 15:19:00.381 Request send & Pong throttled: false
2024-12-26 15:19:00.475 Request send & Pong throttled: false
2024-12-26 15:19:00.587 Request send & Pong throttled: false
2024-12-26 15:19:00.683 Request send & Pong throttled: true
2024-12-26 15:19:00.686 Request sent & Pong Respond: World
2024-12-26 15:19:00.778 Request send & Pong throttled: true
2024-12-26 15:19:00.782 Request send & Pong throttled it
2024-12-26 15:19:00.887 Request send & Pong throttled: false
2024-12-26 15:19:00.981 Request send & Pong throttled: false
2024-12-26 15:19:01.075 Request send & Pong throttled: false
2024-12-26 15:19:01.186 Request send & Pong throttled: false
2024-12-26 15:19:01.279 Request send & Pong throttled: false
2024-12-26 15:19:01.390 Request send & Pong throttled: false
2024-12-26 15:19:01.484 Request send & Pong throttled: false
2024-12-26 15:19:01.579 Request send & Pong throttled: false
2024-12-26 15:19:01.690 Request send & Pong throttled: true
2024-12-26 15:19:01.693 Request sent & Pong Respond: World
2024-12-26 15:19:01.782 Request send & Pong throttled: true
2024-12-26 15:19:01.786 Request send & Pong throttled it
2024-12-26 15:19:01.876 Request send & Pong throttled: false
2024-12-26 15:19:01.985 Request send & Pong throttled: false
2024-12-26 15:19:02.079 Request send & Pong throttled: false
2024-12-26 15:19:02.189 Request send & Pong throttled: false
2024-12-26 15:19:02.281 Request send & Pong throttled: false
2024-12-26 15:19:02.375 Request send & Pong throttled: false
2024-12-26 15:19:02.485 Request send & Pong throttled: false
2024-12-26 15:19:02.580 Request send & Pong throttled: false
2024-12-26 15:19:02.677 Request send & Pong throttled: true
2024-12-26 15:19:02.680 Request sent & Pong Respond: World
2024-12-26 15:19:02.775 Request send & Pong throttled: true
2024-12-26 15:19:02.779 Request send & Pong throttled it
2024-12-26 15:19:02.880 Request send & Pong throttled: false
2024-12-26 15:19:02.989 Request send & Pong throttled: false
2024-12-26 15:19:03.081 Request send & Pong throttled: false
2024-12-26 15:19:03.176 Request send & Pong throttled: false
2024-12-26 15:19:03.275 Request send & Pong throttled: false
2024-12-26 15:19:03.377 Request send & Pong throttled: false
2024-12-26 15:19:03.486 Request send & Pong throttled: false
2024-12-26 15:19:03.581 Request send & Pong throttled: false
2024-12-26 15:19:03.690 Request send & Pong throttled: true
2024-12-26 15:19:03.694 Request sent & Pong Respond: World
2024-12-26 15:19:03.784 Request send & Pong throttled: true
2024-12-26 15:19:03.789 Request send & Pong throttled it
2024-12-26 15:19:03.877 Request send & Pong throttled: false
2024-12-26 15:19:03.985 Request send & Pong throttled: false
2024-12-26 15:19:04.079 Request send & Pong throttled: false
2024-12-26 15:19:04.187 Request send & Pong throttled: false
2024-12-26 15:19:04.281 Request send & Pong throttled: false
2024-12-26 15:19:04.375 Request send & Pong throttled: false
2024-12-26 15:19:04.485 Request send & Pong throttled: false
2024-12-26 15:19:04.580 Request send & Pong throttled: false
2024-12-26 15:19:04.690 Request send & Pong throttled: true
2024-12-26 15:19:04.694 Request sent & Pong Respond: World
2024-12-26 15:19:04.784 Request send & Pong throttled: true
2024-12-26 15:19:04.788 Request send & Pong throttled it
2024-12-26 15:19:04.876 Request send & Pong throttled: false
2024-12-26 15:19:04.986 Request send & Pong throttled: false
2024-12-26 15:19:05.079 Request send & Pong throttled: false
2024-12-26 15:19:05.187 Request send & Pong throttled: false
2024-12-26 15:19:05.281 Request send & Pong throttled: false
2024-12-26 15:19:05.376 Request send & Pong throttled: false
2024-12-26 15:19:05.485 Request send & Pong throttled: false
2024-12-26 15:19:05.581 Request send & Pong throttled: false
2024-12-26 15:19:05.689 Request send & Pong throttled: true
2024-12-26 15:19:05.693 Request sent & Pong Respond: World
2024-12-26 15:19:05.783 Request send & Pong throttled: true
2024-12-26 15:19:05.787 Request send & Pong throttled it
2024-12-26 15:19:05.876 Request send & Pong throttled: false
2024-12-26 15:19:05.985 Request send & Pong throttled: false
2024-12-26 15:19:06.078 Request send & Pong throttled: false
2024-12-26 15:19:06.187 Request send & Pong throttled: false
2024-12-26 15:19:06.280 Request send & Pong throttled: false
2024-12-26 15:19:06.375 Request send & Pong throttled: false
2024-12-26 15:19:06.484 Request send & Pong throttled: false
2024-12-26 15:19:06.578 Request send & Pong throttled: false
2024-12-26 15:19:06.687 Request send & Pong throttled: true
2024-12-26 15:19:06.691 Request sent & Pong Respond: World
2024-12-26 15:19:06.780 Request send & Pong throttled: true
2024-12-26 15:19:06.783 Request send & Pong throttled it
2024-12-26 15:19:06.889 Request send & Pong throttled: false
2024-12-26 15:19:06.982 Request send & Pong throttled: false
2024-12-26 15:19:07.076 Request send & Pong throttled: false
2024-12-26 15:19:07.186 Request send & Pong throttled: false
2024-12-26 15:19:07.279 Request send & Pong throttled: false
2024-12-26 15:19:07.390 Request send & Pong throttled: false
2024-12-26 15:19:07.483 Request send & Pong throttled: false
2024-12-26 15:19:07.576 Request send & Pong throttled: false
2024-12-26 15:19:07.688 Request send & Pong throttled: true
2024-12-26 15:19:07.691 Request sent & Pong Respond: World
2024-12-26 15:19:07.783 Request send & Pong throttled: true
2024-12-26 15:19:07.788 Request send & Pong throttled it
2024-12-26 15:19:07.878 Request send & Pong throttled: false
2024-12-26 15:19:07.986 Request send & Pong throttled: false
2024-12-26 15:19:08.079 Request send & Pong throttled: false
2024-12-26 15:19:08.187 Request send & Pong throttled: false
2024-12-26 15:19:08.282 Request send & Pong throttled: false
2024-12-26 15:19:08.375 Request send & Pong throttled: false
2024-12-26 15:19:08.484 Request send & Pong throttled: false
2024-12-26 15:19:08.578 Request send & Pong throttled: false
2024-12-26 15:19:08.687 Request send & Pong throttled: true
2024-12-26 15:19:08.691 Request sent & Pong Respond: World
2024-12-26 15:19:08.782 Request send & Pong throttled: true
2024-12-26 15:19:08.786 Request send & Pong throttled it
2024-12-26 15:19:08.875 Request send & Pong throttled: false
2024-12-26 15:19:08.984 Request send & Pong throttled: false
2024-12-26 15:19:09.080 Request send & Pong throttled: false
2024-12-26 15:19:09.189 Request send & Pong throttled: false
2024-12-26 15:19:09.285 Request send & Pong throttled: false
2024-12-26 15:19:09.378 Request send & Pong throttled: false
2024-12-26 15:19:09.488 Request send & Pong throttled: false
2024-12-26 15:19:09.581 Request send & Pong throttled: false
2024-12-26 15:19:09.675 Request send & Pong throttled: true
2024-12-26 15:19:09.679 Request sent & Pong Respond: World
2024-12-26 15:19:09.785 Request send & Pong throttled: true
2024-12-26 15:19:09.789 Request send & Pong throttled it
2024-12-26 15:19:09.880 Request send & Pong throttled: false
2024-12-26 15:19:09.991 Request send & Pong throttled: false
2024-12-26 15:19:10.083 Request send & Pong throttled: false
2024-12-26 15:19:10.176 Request send & Pong throttled: false
2024-12-26 15:19:10.286 Request send & Pong throttled: false
2024-12-26 15:19:10.380 Request send & Pong throttled: false
2024-12-26 15:19:10.474 Request send & Pong throttled: false
2024-12-26 15:19:10.585 Request send & Pong throttled: false
2024-12-26 15:19:10.681 Request send & Pong throttled: true
2024-12-26 15:19:10.684 Request sent & Pong Respond: World
2024-12-26 15:19:10.789 Request send & Pong throttled: true
2024-12-26 15:19:10.792 Request send & Pong throttled it
2024-12-26 15:19:10.880 Request send & Pong throttled: false
2024-12-26 15:19:10.988 Request send & Pong throttled: false
2024-12-26 15:19:11.083 Request send & Pong throttled: false
2024-12-26 15:19:11.175 Request send & Pong throttled: false
2024-12-26 15:19:11.285 Request send & Pong throttled: false
2024-12-26 15:19:11.379 Request send & Pong throttled: false
2024-12-26 15:19:11.488 Request send & Pong throttled: false
2024-12-26 15:19:11.580 Request send & Pong throttled: false
2024-12-26 15:19:11.674 Request send & Pong throttled: true
2024-12-26 15:19:11.678 Request sent & Pong Respond: World
2024-12-26 15:19:11.784 Request send & Pong throttled: true
2024-12-26 15:19:11.788 Request send & Pong throttled it
2024-12-26 15:19:11.875 Request send & Pong throttled: false
2024-12-26 15:19:11.984 Request send & Pong throttled: false
2024-12-26 15:19:12.078 Request send & Pong throttled: false
2024-12-26 15:19:12.187 Request send & Pong throttled: false
2024-12-26 15:19:12.280 Request send & Pong throttled: false
2024-12-26 15:19:12.388 Request send & Pong throttled: false
2024-12-26 15:19:12.481 Request send & Pong throttled: false
2024-12-26 15:19:12.576 Request send & Pong throttled: false
2024-12-26 15:19:12.686 Request send & Pong throttled: true
2024-12-26 15:19:12.691 Request sent & Pong Respond: World
2024-12-26 15:19:12.781 Request send & Pong throttled: true
2024-12-26 15:19:12.785 Request send & Pong throttled it
2024-12-26 15:19:12.874 Request send & Pong throttled: false
2024-12-26 15:19:12.982 Request send & Pong throttled: false
2024-12-26 15:19:13.075 Request send & Pong throttled: false
2024-12-26 15:19:13.184 Request send & Pong throttled: false
2024-12-26 15:19:13.278 Request send & Pong throttled: false
2024-12-26 15:19:13.388 Request send & Pong throttled: false
2024-12-26 15:19:13.482 Request send & Pong throttled: false
2024-12-26 15:19:13.578 Request send & Pong throttled: false
2024-12-26 15:19:13.687 Request send & Pong throttled: true
2024-12-26 15:19:13.691 Request sent & Pong Respond: World
2024-12-26 15:19:13.781 Request send & Pong throttled: true
2024-12-26 15:19:13.786 Request send & Pong throttled it
2024-12-26 15:19:13.890 Request send & Pong throttled: false
2024-12-26 15:19:13.983 Request send & Pong throttled: false
2024-12-26 15:19:14.079 Request send & Pong throttled: false
2024-12-26 15:19:14.187 Request send & Pong throttled: false
2024-12-26 15:19:14.280 Request send & Pong throttled: false
2024-12-26 15:19:14.388 Request send & Pong throttled: false
2024-12-26 15:19:14.480 Request send & Pong throttled: false
2024-12-26 15:19:14.588 Request send & Pong throttled: false
2024-12-26 15:19:14.680 Request send & Pong throttled: true
2024-12-26 15:19:14.684 Request sent & Pong Respond: World
2024-12-26 15:19:14.774 Request send & Pong throttled: true
2024-12-26 15:19:14.778 Request send & Pong throttled it
2024-12-26 15:19:14.882 Request send & Pong throttled: false
2024-12-26 15:19:14.976 Request send & Pong throttled: false
2024-12-26 15:19:15.085 Request send & Pong throttled: false
2024-12-26 15:19:15.178 Request send & Pong throttled: false
2024-12-26 15:19:15.288 Request send & Pong throttled: false
2024-12-26 15:19:15.385 Request send & Pong throttled: false
2024-12-26 15:19:15.478 Request send & Pong throttled: false
2024-12-26 15:19:15.588 Request send & Pong throttled: false
2024-12-26 15:19:15.682 Request send & Pong throttled: true
2024-12-26 15:19:15.686 Request sent & Pong Respond: World
2024-12-26 15:19:15.776 Request send & Pong throttled: true
2024-12-26 15:19:15.781 Request send & Pong throttled it
2024-12-26 15:19:15.885 Request send & Pong throttled: false
2024-12-26 15:19:15.980 Request send & Pong throttled: false
2024-12-26 15:19:16.088 Request send & Pong throttled: false
2024-12-26 15:19:16.182 Request send & Pong throttled: false
2024-12-26 15:19:16.275 Request send & Pong throttled: false
2024-12-26 15:19:16.375 Request send & Pong throttled: false
2024-12-26 15:19:16.478 Request send & Pong throttled: false
2024-12-26 15:19:16.586 Request send & Pong throttled: false
2024-12-26 15:19:16.681 Request send & Pong throttled: true
2024-12-26 15:19:16.685 Request sent & Pong Respond: World
2024-12-26 15:19:16.790 Request send & Pong throttled: true
2024-12-26 15:19:16.794 Request send & Pong throttled it
2024-12-26 15:19:16.883 Request send & Pong throttled: false
2024-12-26 15:19:16.976 Request send & Pong throttled: false
2024-12-26 15:19:17.085 Request send & Pong throttled: false
2024-12-26 15:19:17.179 Request send & Pong throttled: false
2024-12-26 15:19:17.290 Request send & Pong throttled: false
2024-12-26 15:19:17.386 Request send & Pong throttled: false
2024-12-26 15:19:17.482 Request send & Pong throttled: false
2024-12-26 15:19:17.578 Request send & Pong throttled: false
2024-12-26 15:19:17.685 Request send & Pong throttled: true
2024-12-26 15:19:17.689 Request sent & Pong Respond: World
2024-12-26 15:19:17.780 Request send & Pong throttled: true
2024-12-26 15:19:17.784 Request send & Pong throttled it
2024-12-26 15:19:17.887 Request send & Pong throttled: false
2024-12-26 15:19:17.980 Request send & Pong throttled: false
2024-12-26 15:19:18.076 Request send & Pong throttled: false
2024-12-26 15:19:18.185 Request send & Pong throttled: false
2024-12-26 15:19:18.279 Request send & Pong throttled: false
2024-12-26 15:19:18.389 Request send & Pong throttled: false
2024-12-26 15:19:18.483 Request send & Pong throttled: false
2024-12-26 15:19:18.577 Request send & Pong throttled: false
2024-12-26 15:19:18.688 Request send & Pong throttled: true
2024-12-26 15:19:18.692 Request sent & Pong Respond: World
2024-12-26 15:19:18.782 Request send & Pong throttled: true
2024-12-26 15:19:18.787 Request send & Pong throttled it
2024-12-26 15:19:18.875 Request send & Pong throttled: false
2024-12-26 15:19:18.983 Request send & Pong throttled: false
2024-12-26 15:19:19.076 Request send & Pong throttled: false
2024-12-26 15:19:19.187 Request send & Pong throttled: false
2024-12-26 15:19:19.280 Request send & Pong throttled: false
2024-12-26 15:19:19.388 Request send & Pong throttled: false
2024-12-26 15:19:19.480 Request send & Pong throttled: false
2024-12-26 15:19:19.590 Request send & Pong throttled: false
2024-12-26 15:19:19.684 Request send & Pong throttled: true
2024-12-26 15:19:19.688 Request sent & Pong Respond: World
2024-12-26 15:19:19.780 Request send & Pong throttled: true
2024-12-26 15:19:19.784 Request send & Pong throttled it
2024-12-26 15:19:19.887 Request send & Pong throttled: false
2024-12-26 15:19:19.981 Request send & Pong throttled: false
2024-12-26 15:19:20.075 Request send & Pong throttled: false
2024-12-26 15:19:20.184 Request send & Pong throttled: false
2024-12-26 15:19:20.278 Request send & Pong throttled: false
2024-12-26 15:19:20.386 Request send & Pong throttled: false
2024-12-26 15:19:20.479 Request send & Pong throttled: false
2024-12-26 15:19:20.575 Request send & Pong throttled: false
2024-12-26 15:19:20.682 Request send & Pong throttled: true
2024-12-26 15:19:20.685 Request sent & Pong Respond: World
2024-12-26 15:19:20.776 Request send & Pong throttled: true
2024-12-26 15:19:20.780 Request send & Pong throttled it
2024-12-26 15:19:20.886 Request send & Pong throttled: false
2024-12-26 15:19:20.981 Request send & Pong throttled: false
2024-12-26 15:19:21.074 Request send & Pong throttled: false
2024-12-26 15:19:21.183 Request send & Pong throttled: false
2024-12-26 15:19:21.277 Request send & Pong throttled: false
2024-12-26 15:19:21.385 Request send & Pong throttled: false
2024-12-26 15:19:21.479 Request send & Pong throttled: false
2024-12-26 15:19:21.588 Request send & Pong throttled: false
2024-12-26 15:19:21.683 Request send & Pong throttled: true
2024-12-26 15:19:21.685 Request sent & Pong Respond: World
2024-12-26 15:19:21.775 Request send & Pong throttled: true
2024-12-26 15:19:21.779 Request send & Pong throttled it
2024-12-26 15:19:21.884 Request send & Pong throttled: false
2024-12-26 15:19:21.978 Request send & Pong throttled: false
2024-12-26 15:19:22.088 Request send & Pong throttled: false
2024-12-26 15:19:22.181 Request send & Pong throttled: false
2024-12-26 15:19:22.275 Request send & Pong throttled: false
2024-12-26 15:19:22.385 Request send & Pong throttled: false
2024-12-26 15:19:22.478 Request send & Pong throttled: false
2024-12-26 15:19:22.587 Request send & Pong throttled: false
2024-12-26 15:19:22.679 Request send & Pong throttled: true
2024-12-26 15:19:22.683 Request sent & Pong Respond: World
2024-12-26 15:19:22.775 Request send & Pong throttled: true
2024-12-26 15:19:22.779 Request send & Pong throttled it
2024-12-26 15:19:22.883 Request send & Pong throttled: false
2024-12-26 15:19:22.977 Request send & Pong throttled: false
2024-12-26 15:19:23.086 Request send & Pong throttled: false
2024-12-26 15:19:23.181 Request send & Pong throttled: false
2024-12-26 15:19:23.289 Request send & Pong throttled: false
2024-12-26 15:19:23.382 Request send & Pong throttled: false
2024-12-26 15:19:23.476 Request send & Pong throttled: false
2024-12-26 15:19:23.586 Request send & Pong throttled: false
2024-12-26 15:19:23.680 Request send & Pong throttled: true
2024-12-26 15:19:23.683 Request sent & Pong Respond: World
2024-12-26 15:19:23.790 Request send & Pong throttled: true
2024-12-26 15:19:23.795 Request send & Pong throttled it
2024-12-26 15:19:23.884 Request send & Pong throttled: false
2024-12-26 15:19:23.976 Request send & Pong throttled: false
2024-12-26 15:19:24.085 Request send & Pong throttled: false
2024-12-26 15:19:24.178 Request send & Pong throttled: false
2024-12-26 15:19:24.289 Request send & Pong throttled: false
2024-12-26 15:19:24.383 Request send & Pong throttled: false
2024-12-26 15:19:24.476 Request send & Pong throttled: false
2024-12-26 15:19:24.585 Request send & Pong throttled: false
2024-12-26 15:19:24.680 Request send & Pong throttled: true
2024-12-26 15:19:24.683 Request sent & Pong Respond: World
2024-12-26 15:19:24.788 Request send & Pong throttled: true
2024-12-26 15:19:24.793 Request send & Pong throttled it
2024-12-26 15:19:24.882 Request send & Pong throttled: false
2024-12-26 15:19:24.976 Request send & Pong throttled: false
2024-12-26 15:19:25.085 Request send & Pong throttled: false
2024-12-26 15:19:25.179 Request send & Pong throttled: false
2024-12-26 15:19:25.288 Request send & Pong throttled: false
2024-12-26 15:19:25.381 Request send & Pong throttled: false
2024-12-26 15:19:25.474 Request send & Pong throttled: false
2024-12-26 15:19:25.583 Request send & Pong throttled: false
2024-12-26 15:19:25.676 Request send & Pong throttled: true
2024-12-26 15:19:25.679 Request sent & Pong Respond: World
2024-12-26 15:19:25.786 Request send & Pong throttled: true
2024-12-26 15:19:25.790 Request send & Pong throttled it
2024-12-26 15:19:25.878 Request send & Pong throttled: false
2024-12-26 15:19:25.987 Request send & Pong throttled: false
2024-12-26 15:19:26.080 Request send & Pong throttled: false
2024-12-26 15:19:26.189 Request send & Pong throttled: false
2024-12-26 15:19:26.284 Request send & Pong throttled: false
2024-12-26 15:19:26.375 Request send & Pong throttled: false
2024-12-26 15:19:26.485 Request send & Pong throttled: false
2024-12-26 15:19:26.579 Request send & Pong throttled: false
2024-12-26 15:19:26.690 Request send & Pong throttled: true
2024-12-26 15:19:26.693 Request sent & Pong Respond: World
2024-12-26 15:19:26.785 Request send & Pong throttled: true
2024-12-26 15:19:26.791 Request send & Pong throttled it
2024-12-26 15:19:26.881 Request send & Pong throttled: false
2024-12-26 15:19:26.975 Request send & Pong throttled: false
2024-12-26 15:19:27.083 Request send & Pong throttled: false
2024-12-26 15:19:27.176 Request send & Pong throttled: false
2024-12-26 15:19:27.285 Request send & Pong throttled: false
2024-12-26 15:19:27.378 Request send & Pong throttled: false
2024-12-26 15:19:27.486 Request send & Pong throttled: false
2024-12-26 15:19:27.580 Request send & Pong throttled: false
2024-12-26 15:19:27.690 Request send & Pong throttled: true
2024-12-26 15:19:27.693 Request sent & Pong Respond: World
2024-12-26 15:19:27.783 Request send & Pong throttled: true
2024-12-26 15:19:27.789 Request send & Pong throttled it
2024-12-26 15:19:27.876 Request send & Pong throttled: false
2024-12-26 15:19:27.986 Request send & Pong throttled: false
2024-12-26 15:19:28.079 Request send & Pong throttled: false
2024-12-26 15:19:28.189 Request send & Pong throttled: false
2024-12-26 15:19:28.285 Request send & Pong throttled: false
2024-12-26 15:19:28.378 Request send & Pong throttled: false
2024-12-26 15:19:28.486 Request send & Pong throttled: false
2024-12-26 15:19:28.579 Request send & Pong throttled: false
2024-12-26 15:19:28.689 Request send & Pong throttled: true
2024-12-26 15:19:28.693 Request sent & Pong Respond: World
2024-12-26 15:19:28.781 Request send & Pong throttled: true
2024-12-26 15:19:28.785 Request send & Pong throttled it
2024-12-26 15:19:28.889 Request send & Pong throttled: false
2024-12-26 15:19:28.983 Request send & Pong throttled: false
2024-12-26 15:19:29.076 Request send & Pong throttled: false
2024-12-26 15:19:29.185 Request send & Pong throttled: false
2024-12-26 15:19:29.280 Request send & Pong throttled: false
2024-12-26 15:19:29.388 Request send & Pong throttled: false
2024-12-26 15:19:29.481 Request send & Pong throttled: false
2024-12-26 15:19:29.589 Request send & Pong throttled: false
2024-12-26 15:19:29.682 Request send & Pong throttled: true
2024-12-26 15:19:29.686 Request sent & Pong Respond: World
2024-12-26 15:19:29.776 Request send & Pong throttled: true
2024-12-26 15:19:29.780 Request send & Pong throttled it
2024-12-26 15:19:29.884 Request send & Pong throttled: false
2024-12-26 15:19:29.979 Request send & Pong throttled: false
2024-12-26 15:19:30.088 Request send & Pong throttled: false
2024-12-26 15:19:30.183 Request send & Pong throttled: false
2024-12-26 15:19:30.277 Request send & Pong throttled: false
2024-12-26 15:19:30.387 Request send & Pong throttled: false
2024-12-26 15:19:30.481 Request send & Pong throttled: false
2024-12-26 15:19:30.575 Request send & Pong throttled: false
2024-12-26 15:19:30.685 Request send & Pong throttled: true
2024-12-26 15:19:30.688 Request sent & Pong Respond: World
2024-12-26 15:19:30.780 Request send & Pong throttled: true
2024-12-26 15:19:30.783 Request send & Pong throttled it
2024-12-26 15:19:30.875 Request send & Pong throttled: false
2024-12-26 15:19:30.981 Request send & Pong throttled: false
2024-12-26 15:19:31.075 Request send & Pong throttled: false
2024-12-26 15:19:31.185 Request send & Pong throttled: false
2024-12-26 15:19:31.279 Request send & Pong throttled: false
2024-12-26 15:19:31.376 Request send & Pong throttled: false
2024-12-26 15:19:31.485 Request send & Pong throttled: false
2024-12-26 15:19:31.579 Request send & Pong throttled: false
2024-12-26 15:19:31.688 Request send & Pong throttled: true
2024-12-26 15:19:31.691 Request sent & Pong Respond: World
2024-12-26 15:19:31.781 Request send & Pong throttled: true
2024-12-26 15:19:31.786 Request send & Pong throttled it
2024-12-26 15:19:31.875 Request send & Pong throttled: false
2024-12-26 15:19:31.983 Request send & Pong throttled: false
2024-12-26 15:19:32.078 Request send & Pong throttled: false
2024-12-26 15:19:32.189 Request send & Pong throttled: false
2024-12-26 15:19:32.281 Request send & Pong throttled: false
2024-12-26 15:19:32.376 Request send & Pong throttled: false
2024-12-26 15:19:32.484 Request send & Pong throttled: false
2024-12-26 15:19:32.578 Request send & Pong throttled: false
2024-12-26 15:19:32.688 Request send & Pong throttled: true
2024-12-26 15:19:32.704 Request sent & Pong Respond: World
2024-12-26 15:19:32.782 Request send & Pong throttled: true
2024-12-26 15:19:32.786 Request send & Pong throttled it
2024-12-26 15:19:32.877 Request send & Pong throttled: false
2024-12-26 15:19:32.985 Request send & Pong throttled: false
2024-12-26 15:19:33.078 Request send & Pong throttled: false
2024-12-26 15:19:33.187 Request send & Pong throttled: false
2024-12-26 15:19:33.280 Request send & Pong throttled: false
2024-12-26 15:19:33.390 Request send & Pong throttled: false
2024-12-26 15:19:33.482 Request send & Pong throttled: false
2024-12-26 15:19:33.577 Request send & Pong throttled: false
2024-12-26 15:19:33.688 Request send & Pong throttled: true
2024-12-26 15:19:33.691 Request sent & Pong Respond: World
2024-12-26 15:19:33.782 Request send & Pong throttled: true
2024-12-26 15:19:33.786 Request send & Pong throttled it
2024-12-26 15:19:33.878 Request send & Pong throttled: false
2024-12-26 15:19:33.987 Request send & Pong throttled: false
2024-12-26 15:19:34.081 Request send & Pong throttled: false
2024-12-26 15:19:34.176 Request send & Pong throttled: false
2024-12-26 15:19:34.287 Request send & Pong throttled: false
