2024-12-26 15:44:55.917 Starting PingApplication using Java 17.0.12 with PID 23760 (C:\code\hbsc\ping\target\classes started by joech in C:\code\hbsc)
2024-12-26 15:44:55.919 No active profile set, falling back to 1 default profile: "default"
2024-12-26 15:44:56.453 Multiple Spring Data modules found, entering strict repository configuration mode
2024-12-26 15:44:56.457 Bootstrapping Spring Data Redis repositories in DEFAULT mode.
2024-12-26 15:44:56.485 Finished Spring Data repository scanning in 12 ms. Found 0 Redis repository interfaces.
2024-12-26 15:44:57.537 Netty started on port 8082
2024-12-26 15:44:57.547 Started PingApplication in 1.895 seconds (process running for 2.407)
2024-12-26 15:44:57.820 Request 1 sent & Pong Respond: World
2024-12-26 15:44:57.820 Request 0 sent & Pong Respond: World
2024-12-26 15:44:57.867 Request 2 not sent as being 'ping rate limited'
2024-12-26 15:44:57.990 Request 3 send & Pong throttled it
2024-12-26 15:44:58.072 Request 4 send & Pong throttled it
2024-12-26 15:44:58.176 Request 5 not sent as being 'ping rate limited'
2024-12-26 15:44:58.268 Request 6 not sent as being 'ping rate limited'
2024-12-26 15:44:58.363 Request 7 not sent as being 'ping rate limited'
2024-12-26 15:44:58.474 Request 8 not sent as being 'ping rate limited'
2024-12-26 15:44:58.568 Request 9 not sent as being 'ping rate limited'
2024-12-26 15:44:58.675 Request 10 not sent as being 'ping rate limited'
2024-12-26 15:44:58.768 Request 11 not sent as being 'ping rate limited'
2024-12-26 15:44:58.877 Request 12 not sent as being 'ping rate limited'
2024-12-26 15:44:58.973 Request 13 sent & Pong Respond: World
2024-12-26 15:44:59.081 Request 14 send & Pong throttled it
2024-12-26 15:44:59.170 Request 15 not sent as being 'ping rate limited'
2024-12-26 15:44:59.278 Request 16 not sent as being 'ping rate limited'
2024-12-26 15:44:59.373 Request 17 not sent as being 'ping rate limited'
2024-12-26 15:44:59.466 Request 18 not sent as being 'ping rate limited'
2024-12-26 15:44:59.574 Request 19 not sent as being 'ping rate limited'
2024-12-26 15:44:59.668 Request 20 not sent as being 'ping rate limited'
2024-12-26 15:44:59.764 Request 21 not sent as being 'ping rate limited'
2024-12-26 15:44:59.873 Request 22 not sent as being 'ping rate limited'
2024-12-26 15:44:59.969 Request 23 sent & Pong Respond: World
2024-12-26 15:45:00.081 Request 24 send & Pong throttled it
2024-12-26 15:45:00.173 Request 25 not sent as being 'ping rate limited'
2024-12-26 15:45:00.266 Request 26 not sent as being 'ping rate limited'
2024-12-26 15:45:00.376 Request 27 not sent as being 'ping rate limited'
2024-12-26 15:45:00.471 Request 28 not sent as being 'ping rate limited'
2024-12-26 15:45:00.578 Request 29 not sent as being 'ping rate limited'
2024-12-26 15:45:00.672 Request 30 not sent as being 'ping rate limited'
2024-12-26 15:45:00.765 Request 31 not sent as being 'ping rate limited'
2024-12-26 15:45:00.875 Request 32 not sent as being 'ping rate limited'
2024-12-26 15:45:00.973 Request 33 sent & Pong Respond: World
2024-12-26 15:45:01.081 Request 34 send & Pong throttled it
2024-12-26 15:45:01.170 Request 35 not sent as being 'ping rate limited'
2024-12-26 15:45:01.265 Request 36 not sent as being 'ping rate limited'
2024-12-26 15:45:01.373 Request 37 not sent as being 'ping rate limited'
2024-12-26 15:45:01.468 Request 38 not sent as being 'ping rate limited'
2024-12-26 15:45:01.578 Request 39 not sent as being 'ping rate limited'
2024-12-26 15:45:01.671 Request 40 not sent as being 'ping rate limited'
2024-12-26 15:45:01.765 Request 41 not sent as being 'ping rate limited'
2024-12-26 15:45:01.875 Request 42 not sent as being 'ping rate limited'
2024-12-26 15:45:01.971 Request 43 sent & Pong Respond: World
2024-12-26 15:45:02.080 Request 44 send & Pong throttled it
2024-12-26 15:45:02.171 Request 45 not sent as being 'ping rate limited'
2024-12-26 15:45:02.265 Request 46 not sent as being 'ping rate limited'
2024-12-26 15:45:02.375 Request 47 not sent as being 'ping rate limited'
2024-12-26 15:45:02.469 Request 48 not sent as being 'ping rate limited'
2024-12-26 15:45:02.578 Request 49 not sent as being 'ping rate limited'
2024-12-26 15:45:02.671 Request 50 not sent as being 'ping rate limited'
2024-12-26 15:45:02.766 Request 51 not sent as being 'ping rate limited'
2024-12-26 15:45:02.873 Request 52 not sent as being 'ping rate limited'
2024-12-26 15:45:02.970 Request 53 sent & Pong Respond: World
2024-12-26 15:45:03.080 Request 54 send & Pong throttled it
2024-12-26 15:45:03.170 Request 55 not sent as being 'ping rate limited'
2024-12-26 15:45:03.265 Request 56 not sent as being 'ping rate limited'
2024-12-26 15:45:03.375 Request 57 not sent as being 'ping rate limited'
2024-12-26 15:45:03.468 Request 58 not sent as being 'ping rate limited'
2024-12-26 15:45:03.577 Request 59 not sent as being 'ping rate limited'
2024-12-26 15:45:03.671 Request 60 not sent as being 'ping rate limited'
2024-12-26 15:45:03.765 Request 61 not sent as being 'ping rate limited'
2024-12-26 15:45:03.876 Request 62 not sent as being 'ping rate limited'
2024-12-26 15:45:03.973 Request 63 sent & Pong Respond: World
2024-12-26 15:45:04.069 Request 64 send & Pong throttled it
2024-12-26 15:45:04.175 Request 65 not sent as being 'ping rate limited'
2024-12-26 15:45:04.268 Request 66 not sent as being 'ping rate limited'
2024-12-26 15:45:04.378 Request 67 not sent as being 'ping rate limited'
2024-12-26 15:45:04.471 Request 68 not sent as being 'ping rate limited'
2024-12-26 15:45:04.564 Request 69 not sent as being 'ping rate limited'
2024-12-26 15:45:04.674 Request 70 not sent as being 'ping rate limited'
2024-12-26 15:45:04.769 Request 71 not sent as being 'ping rate limited'
2024-12-26 15:45:04.863 Request 72 not sent as being 'ping rate limited'
2024-12-26 15:45:04.977 Request 73 sent & Pong Respond: World
2024-12-26 15:45:05.071 Request 74 send & Pong throttled it
2024-12-26 15:45:05.176 Request 75 not sent as being 'ping rate limited'
2024-12-26 15:45:05.269 Request 76 not sent as being 'ping rate limited'
2024-12-26 15:45:05.363 Request 77 not sent as being 'ping rate limited'
2024-12-26 15:45:05.471 Request 78 not sent as being 'ping rate limited'
2024-12-26 15:45:05.564 Request 79 not sent as being 'ping rate limited'
2024-12-26 15:45:05.675 Request 80 not sent as being 'ping rate limited'
2024-12-26 15:45:05.768 Request 81 not sent as being 'ping rate limited'
2024-12-26 15:45:05.877 Request 82 not sent as being 'ping rate limited'
2024-12-26 15:45:05.976 Request 83 sent & Pong Respond: World
2024-12-26 15:45:06.070 Request 84 send & Pong throttled it
2024-12-26 15:45:06.175 Request 85 not sent as being 'ping rate limited'
2024-12-26 15:45:06.268 Request 86 not sent as being 'ping rate limited'
2024-12-26 15:45:06.378 Request 87 not sent as being 'ping rate limited'
2024-12-26 15:45:06.472 Request 88 not sent as being 'ping rate limited'
2024-12-26 15:45:06.564 Request 89 not sent as being 'ping rate limited'
2024-12-26 15:45:06.674 Request 90 not sent as being 'ping rate limited'
2024-12-26 15:45:06.767 Request 91 not sent as being 'ping rate limited'
2024-12-26 15:45:06.878 Request 92 not sent as being 'ping rate limited'
2024-12-26 15:45:06.975 Request 93 sent & Pong Respond: World
2024-12-26 15:45:07.071 Request 94 send & Pong throttled it
2024-12-26 15:45:07.176 Request 95 not sent as being 'ping rate limited'
2024-12-26 15:45:07.270 Request 96 not sent as being 'ping rate limited'
2024-12-26 15:45:07.365 Request 97 not sent as being 'ping rate limited'
2024-12-26 15:45:07.476 Request 98 not sent as being 'ping rate limited'
2024-12-26 15:45:07.568 Request 99 not sent as being 'ping rate limited'
2024-12-26 15:45:07.678 Request 100 not sent as being 'ping rate limited'
2024-12-26 15:45:07.773 Request 101 not sent as being 'ping rate limited'
2024-12-26 15:45:07.868 Request 102 not sent as being 'ping rate limited'
2024-12-26 15:45:07.980 Request 103 sent & Pong Respond: World
2024-12-26 15:45:08.074 Request 104 send & Pong throttled it
2024-12-26 15:45:08.178 Request 105 not sent as being 'ping rate limited'
2024-12-26 15:45:08.272 Request 106 not sent as being 'ping rate limited'
2024-12-26 15:45:08.365 Request 107 not sent as being 'ping rate limited'
2024-12-26 15:45:08.476 Request 108 not sent as being 'ping rate limited'
2024-12-26 15:45:08.568 Request 109 not sent as being 'ping rate limited'
2024-12-26 15:45:08.676 Request 110 not sent as being 'ping rate limited'
2024-12-26 15:45:08.772 Request 111 not sent as being 'ping rate limited'
2024-12-26 15:45:08.866 Request 112 not sent as being 'ping rate limited'
2024-12-26 15:45:08.978 Request 113 sent & Pong Respond: World
2024-12-26 15:45:09.074 Request 114 send & Pong throttled it
2024-12-26 15:45:09.164 Request 115 not sent as being 'ping rate limited'
2024-12-26 15:45:09.272 Request 116 not sent as being 'ping rate limited'
2024-12-26 15:45:09.365 Request 117 not sent as being 'ping rate limited'
2024-12-26 15:45:09.474 Request 118 not sent as being 'ping rate limited'
2024-12-26 15:45:09.567 Request 119 not sent as being 'ping rate limited'
2024-12-26 15:45:09.675 Request 120 not sent as being 'ping rate limited'
2024-12-26 15:45:09.769 Request 121 not sent as being 'ping rate limited'
2024-12-26 15:45:09.863 Request 122 not sent as being 'ping rate limited'
2024-12-26 15:45:09.977 Request 123 sent & Pong Respond: World
2024-12-26 15:45:10.071 Request 124 send & Pong throttled it
2024-12-26 15:45:10.174 Request 125 not sent as being 'ping rate limited'
2024-12-26 15:45:10.267 Request 126 not sent as being 'ping rate limited'
2024-12-26 15:45:10.377 Request 127 not sent as being 'ping rate limited'
2024-12-26 15:45:10.471 Request 128 not sent as being 'ping rate limited'
2024-12-26 15:45:10.564 Request 129 not sent as being 'ping rate limited'
2024-12-26 15:45:10.674 Request 130 not sent as being 'ping rate limited'
2024-12-26 15:45:10.766 Request 131 not sent as being 'ping rate limited'
2024-12-26 15:45:10.876 Request 132 not sent as being 'ping rate limited'
2024-12-26 15:45:10.972 Request 133 sent & Pong Respond: World
2024-12-26 15:45:11.069 Request 134 send & Pong throttled it
2024-12-26 15:45:11.173 Request 135 not sent as being 'ping rate limited'
2024-12-26 15:45:11.266 Request 136 not sent as being 'ping rate limited'
2024-12-26 15:45:11.374 Request 137 not sent as being 'ping rate limited'
2024-12-26 15:45:11.467 Request 138 not sent as being 'ping rate limited'
2024-12-26 15:45:11.577 Request 139 not sent as being 'ping rate limited'
2024-12-26 15:45:11.671 Request 140 not sent as being 'ping rate limited'
2024-12-26 15:45:11.764 Request 141 not sent as being 'ping rate limited'
2024-12-26 15:45:11.874 Request 142 not sent as being 'ping rate limited'
2024-12-26 15:45:11.970 Request 143 sent & Pong Respond: World
2024-12-26 15:45:12.078 Request 144 send & Pong throttled it
2024-12-26 15:45:12.168 Request 145 not sent as being 'ping rate limited'
2024-12-26 15:45:12.277 Request 146 not sent as being 'ping rate limited'
2024-12-26 15:45:12.371 Request 147 not sent as being 'ping rate limited'
2024-12-26 15:45:12.467 Request 148 not sent as being 'ping rate limited'
2024-12-26 15:45:12.576 Request 149 not sent as being 'ping rate limited'
2024-12-26 15:45:12.670 Request 150 not sent as being 'ping rate limited'
2024-12-26 15:45:12.765 Request 151 not sent as being 'ping rate limited'
2024-12-26 15:45:12.875 Request 152 not sent as being 'ping rate limited'
2024-12-26 15:45:12.972 Request 153 sent & Pong Respond: World
2024-12-26 15:45:13.068 Request 154 send & Pong throttled it
2024-12-26 15:45:13.174 Request 155 not sent as being 'ping rate limited'
2024-12-26 15:45:13.269 Request 156 not sent as being 'ping rate limited'
2024-12-26 15:45:13.376 Request 157 not sent as being 'ping rate limited'
2024-12-26 15:45:13.470 Request 158 not sent as being 'ping rate limited'
2024-12-26 15:45:13.578 Request 159 not sent as being 'ping rate limited'
2024-12-26 15:45:13.671 Request 160 not sent as being 'ping rate limited'
2024-12-26 15:45:13.766 Request 161 not sent as being 'ping rate limited'
2024-12-26 15:45:13.875 Request 162 not sent as being 'ping rate limited'
2024-12-26 15:45:13.971 Request 163 sent & Pong Respond: World
2024-12-26 15:45:14.080 Request 164 send & Pong throttled it
2024-12-26 15:45:14.173 Request 165 not sent as being 'ping rate limited'
2024-12-26 15:45:14.266 Request 166 not sent as being 'ping rate limited'
2024-12-26 15:45:14.374 Request 167 not sent as being 'ping rate limited'
2024-12-26 15:45:14.467 Request 168 not sent as being 'ping rate limited'
2024-12-26 15:45:14.576 Request 169 not sent as being 'ping rate limited'
2024-12-26 15:45:14.669 Request 170 not sent as being 'ping rate limited'
2024-12-26 15:45:14.764 Request 171 not sent as being 'ping rate limited'
2024-12-26 15:45:14.873 Request 172 not sent as being 'ping rate limited'
2024-12-26 15:45:14.971 Request 173 sent & Pong Respond: World
2024-12-26 15:45:15.080 Request 174 send & Pong throttled it
2024-12-26 15:45:15.170 Request 175 not sent as being 'ping rate limited'
2024-12-26 15:45:15.264 Request 176 not sent as being 'ping rate limited'
2024-12-26 15:45:15.374 Request 177 not sent as being 'ping rate limited'
2024-12-26 15:45:15.469 Request 178 not sent as being 'ping rate limited'
2024-12-26 15:45:15.564 Request 179 not sent as being 'ping rate limited'
2024-12-26 15:45:15.673 Request 180 not sent as being 'ping rate limited'
2024-12-26 15:45:15.767 Request 181 not sent as being 'ping rate limited'
2024-12-26 15:45:15.875 Request 182 not sent as being 'ping rate limited'
2024-12-26 15:45:15.973 Request 183 sent & Pong Respond: World
2024-12-26 15:45:16.068 Request 184 send & Pong throttled it
2024-12-26 15:45:16.173 Request 185 not sent as being 'ping rate limited'
2024-12-26 15:45:16.267 Request 186 not sent as being 'ping rate limited'
2024-12-26 15:45:16.376 Request 187 not sent as being 'ping rate limited'
2024-12-26 15:45:16.470 Request 188 not sent as being 'ping rate limited'
2024-12-26 15:45:16.578 Request 189 not sent as being 'ping rate limited'
2024-12-26 15:45:16.671 Request 190 not sent as being 'ping rate limited'
2024-12-26 15:45:16.765 Request 191 not sent as being 'ping rate limited'
2024-12-26 15:45:16.874 Request 192 not sent as being 'ping rate limited'
2024-12-26 15:45:16.970 Request 193 sent & Pong Respond: World
2024-12-26 15:45:17.079 Request 194 send & Pong throttled it
2024-12-26 15:45:17.169 Request 195 not sent as being 'ping rate limited'
2024-12-26 15:45:17.263 Request 196 not sent as being 'ping rate limited'
2024-12-26 15:45:17.370 Request 197 not sent as being 'ping rate limited'
2024-12-26 15:45:17.464 Request 198 not sent as being 'ping rate limited'
2024-12-26 15:45:17.574 Request 199 not sent as being 'ping rate limited'
2024-12-26 15:45:17.667 Request 200 not sent as being 'ping rate limited'
2024-12-26 15:45:17.777 Request 201 not sent as being 'ping rate limited'
2024-12-26 15:45:17.871 Request 202 not sent as being 'ping rate limited'
2024-12-26 15:45:17.969 Request 203 sent & Pong Respond: World
2024-12-26 15:45:18.079 Request 204 send & Pong throttled it
2024-12-26 15:45:18.169 Request 205 not sent as being 'ping rate limited'
2024-12-26 15:45:18.263 Request 206 not sent as being 'ping rate limited'
2024-12-26 15:45:18.373 Request 207 not sent as being 'ping rate limited'
2024-12-26 15:45:18.467 Request 208 not sent as being 'ping rate limited'
2024-12-26 15:45:18.575 Request 209 not sent as being 'ping rate limited'
2024-12-26 15:45:18.670 Request 210 not sent as being 'ping rate limited'
2024-12-26 15:45:18.763 Request 211 not sent as being 'ping rate limited'
2024-12-26 15:45:18.871 Request 212 not sent as being 'ping rate limited'
2024-12-26 15:45:18.968 Request 213 sent & Pong Respond: World
2024-12-26 15:45:19.077 Request 214 send & Pong throttled it
2024-12-26 15:45:19.167 Request 215 not sent as being 'ping rate limited'
2024-12-26 15:45:19.278 Request 216 not sent as being 'ping rate limited'
2024-12-26 15:45:19.373 Request 217 not sent as being 'ping rate limited'
2024-12-26 15:45:19.466 Request 218 not sent as being 'ping rate limited'
2024-12-26 15:45:19.576 Request 219 not sent as being 'ping rate limited'
2024-12-26 15:45:19.669 Request 220 not sent as being 'ping rate limited'
2024-12-26 15:45:19.764 Request 221 not sent as being 'ping rate limited'
2024-12-26 15:45:19.874 Request 222 not sent as being 'ping rate limited'
2024-12-26 15:45:19.971 Request 223 sent & Pong Respond: World
2024-12-26 15:45:20.067 Request 224 send & Pong throttled it
2024-12-26 15:45:20.172 Request 225 not sent as being 'ping rate limited'
2024-12-26 15:45:20.266 Request 226 not sent as being 'ping rate limited'
2024-12-26 15:45:20.375 Request 227 not sent as being 'ping rate limited'
2024-12-26 15:45:20.468 Request 228 not sent as being 'ping rate limited'
2024-12-26 15:45:20.575 Request 229 not sent as being 'ping rate limited'
2024-12-26 15:45:20.669 Request 230 not sent as being 'ping rate limited'
2024-12-26 15:45:20.777 Request 231 not sent as being 'ping rate limited'
2024-12-26 15:45:20.870 Request 232 not sent as being 'ping rate limited'
2024-12-26 15:45:20.968 Request 233 sent & Pong Respond: World
2024-12-26 15:45:21.077 Request 234 send & Pong throttled it
2024-12-26 15:45:21.168 Request 235 not sent as being 'ping rate limited'
2024-12-26 15:45:21.277 Request 236 not sent as being 'ping rate limited'
2024-12-26 15:45:21.372 Request 237 not sent as being 'ping rate limited'
2024-12-26 15:45:21.465 Request 238 not sent as being 'ping rate limited'
2024-12-26 15:45:21.575 Request 239 not sent as being 'ping rate limited'
2024-12-26 15:45:21.668 Request 240 not sent as being 'ping rate limited'
2024-12-26 15:45:21.764 Request 241 not sent as being 'ping rate limited'
2024-12-26 15:45:21.874 Request 242 not sent as being 'ping rate limited'
2024-12-26 15:45:21.971 Request 243 sent & Pong Respond: World
2024-12-26 15:45:22.080 Request 244 send & Pong throttled it
2024-12-26 15:45:22.171 Request 245 not sent as being 'ping rate limited'
2024-12-26 15:45:22.266 Request 246 not sent as being 'ping rate limited'
2024-12-26 15:45:22.374 Request 247 not sent as being 'ping rate limited'
2024-12-26 15:45:22.467 Request 248 not sent as being 'ping rate limited'
2024-12-26 15:45:22.577 Request 249 not sent as being 'ping rate limited'
2024-12-26 15:45:22.671 Request 250 not sent as being 'ping rate limited'
2024-12-26 15:45:22.766 Request 251 not sent as being 'ping rate limited'
2024-12-26 15:45:22.875 Request 252 not sent as being 'ping rate limited'
2024-12-26 15:45:22.969 Request 253 sent & Pong Respond: World
2024-12-26 15:45:23.080 Request 254 send & Pong throttled it
2024-12-26 15:45:23.169 Request 255 not sent as being 'ping rate limited'
2024-12-26 15:45:23.277 Request 256 not sent as being 'ping rate limited'
2024-12-26 15:45:23.371 Request 257 not sent as being 'ping rate limited'
2024-12-26 15:45:23.463 Request 258 not sent as being 'ping rate limited'
2024-12-26 15:45:23.573 Request 259 not sent as being 'ping rate limited'
2024-12-26 15:45:23.666 Request 260 not sent as being 'ping rate limited'
2024-12-26 15:45:23.775 Request 261 not sent as being 'ping rate limited'
2024-12-26 15:45:23.869 Request 262 not sent as being 'ping rate limited'
2024-12-26 15:45:23.966 Request 263 sent & Pong Respond: World
2024-12-26 15:45:24.077 Request 264 send & Pong throttled it
2024-12-26 15:45:24.166 Request 265 not sent as being 'ping rate limited'
2024-12-26 15:45:24.275 Request 266 not sent as being 'ping rate limited'
2024-12-26 15:45:24.369 Request 267 not sent as being 'ping rate limited'
2024-12-26 15:45:24.463 Request 268 not sent as being 'ping rate limited'
2024-12-26 15:45:24.574 Request 269 not sent as being 'ping rate limited'
2024-12-26 15:45:24.667 Request 270 not sent as being 'ping rate limited'
2024-12-26 15:45:24.775 Request 271 not sent as being 'ping rate limited'
2024-12-26 15:45:24.869 Request 272 not sent as being 'ping rate limited'
2024-12-26 15:45:24.981 Request 273 sent & Pong Respond: World
2024-12-26 15:45:25.075 Request 274 send & Pong throttled it
2024-12-26 15:45:25.164 Request 275 not sent as being 'ping rate limited'
2024-12-26 15:45:25.273 Request 276 not sent as being 'ping rate limited'
2024-12-26 15:45:25.367 Request 277 not sent as being 'ping rate limited'
2024-12-26 15:45:25.476 Request 278 not sent as being 'ping rate limited'
2024-12-26 15:45:25.571 Request 279 not sent as being 'ping rate limited'
2024-12-26 15:45:25.665 Request 280 not sent as being 'ping rate limited'
2024-12-26 15:45:25.773 Request 281 not sent as being 'ping rate limited'
2024-12-26 15:45:25.865 Request 282 not sent as being 'ping rate limited'
2024-12-26 15:45:25.977 Request 283 sent & Pong Respond: World
2024-12-26 15:45:26.073 Request 284 send & Pong throttled it
2024-12-26 15:45:26.164 Request 285 not sent as being 'ping rate limited'
2024-12-26 15:45:26.273 Request 286 not sent as being 'ping rate limited'
2024-12-26 15:45:26.367 Request 287 not sent as being 'ping rate limited'
2024-12-26 15:45:26.475 Request 288 not sent as being 'ping rate limited'
2024-12-26 15:45:26.570 Request 289 not sent as being 'ping rate limited'
2024-12-26 15:45:26.664 Request 290 not sent as being 'ping rate limited'
2024-12-26 15:45:26.773 Request 291 not sent as being 'ping rate limited'
2024-12-26 15:45:26.867 Request 292 not sent as being 'ping rate limited'
2024-12-26 15:45:26.981 Request 293 sent & Pong Respond: World
2024-12-26 15:45:27.074 Request 294 send & Pong throttled it
2024-12-26 15:45:27.164 Request 295 not sent as being 'ping rate limited'
2024-12-26 15:45:27.272 Request 296 not sent as being 'ping rate limited'
2024-12-26 15:45:27.365 Request 297 not sent as being 'ping rate limited'
2024-12-26 15:45:27.475 Request 298 not sent as being 'ping rate limited'
2024-12-26 15:45:27.567 Request 299 not sent as being 'ping rate limited'
2024-12-26 15:45:27.678 Request 300 not sent as being 'ping rate limited'
2024-12-26 15:45:27.772 Request 301 not sent as being 'ping rate limited'
2024-12-26 15:45:27.866 Request 302 not sent as being 'ping rate limited'
2024-12-26 15:45:27.978 Request 303 sent & Pong Respond: World
2024-12-26 15:45:28.073 Request 304 send & Pong throttled it
2024-12-26 15:45:28.178 Request 305 not sent as being 'ping rate limited'
2024-12-26 15:45:28.273 Request 306 not sent as being 'ping rate limited'
2024-12-26 15:45:28.369 Request 307 not sent as being 'ping rate limited'
2024-12-26 15:45:28.463 Request 308 not sent as being 'ping rate limited'
2024-12-26 15:45:28.574 Request 309 not sent as being 'ping rate limited'
2024-12-26 15:45:28.669 Request 310 not sent as being 'ping rate limited'
2024-12-26 15:45:28.764 Request 311 not sent as being 'ping rate limited'
2024-12-26 15:45:28.873 Request 312 not sent as being 'ping rate limited'
2024-12-26 15:45:28.969 Request 313 sent & Pong Respond: World
2024-12-26 15:45:29.078 Request 314 send & Pong throttled it
2024-12-26 15:45:29.169 Request 315 not sent as being 'ping rate limited'
2024-12-26 15:45:29.278 Request 316 not sent as being 'ping rate limited'
2024-12-26 15:45:29.370 Request 317 not sent as being 'ping rate limited'
2024-12-26 15:45:29.477 Request 318 not sent as being 'ping rate limited'
2024-12-26 15:45:29.571 Request 319 not sent as being 'ping rate limited'
2024-12-26 15:45:29.665 Request 320 not sent as being 'ping rate limited'
2024-12-26 15:45:29.774 Request 321 not sent as being 'ping rate limited'
2024-12-26 15:45:29.868 Request 322 not sent as being 'ping rate limited'
2024-12-26 15:45:29.966 Request 323 sent & Pong Respond: World
2024-12-26 15:45:30.078 Request 324 send & Pong throttled it
2024-12-26 15:45:30.168 Request 325 not sent as being 'ping rate limited'
2024-12-26 15:45:30.276 Request 326 not sent as being 'ping rate limited'
2024-12-26 15:45:30.371 Request 327 not sent as being 'ping rate limited'
2024-12-26 15:45:30.466 Request 328 not sent as being 'ping rate limited'
2024-12-26 15:45:30.577 Request 329 not sent as being 'ping rate limited'
2024-12-26 15:45:30.669 Request 330 not sent as being 'ping rate limited'
2024-12-26 15:45:30.764 Request 331 not sent as being 'ping rate limited'
2024-12-26 15:45:30.873 Request 332 not sent as being 'ping rate limited'
2024-12-26 15:45:30.970 Request 333 sent & Pong Respond: World
2024-12-26 15:45:31.079 Request 334 send & Pong throttled it
2024-12-26 15:45:31.168 Request 335 not sent as being 'ping rate limited'
2024-12-26 15:45:31.278 Request 336 not sent as being 'ping rate limited'
2024-12-26 15:45:31.372 Request 337 not sent as being 'ping rate limited'
2024-12-26 15:45:31.465 Request 338 not sent as being 'ping rate limited'
2024-12-26 15:45:31.575 Request 339 not sent as being 'ping rate limited'
2024-12-26 15:45:31.668 Request 340 not sent as being 'ping rate limited'
2024-12-26 15:45:31.763 Request 341 not sent as being 'ping rate limited'
2024-12-26 15:45:31.874 Request 342 not sent as being 'ping rate limited'
2024-12-26 15:45:31.970 Request 343 sent & Pong Respond: World
2024-12-26 15:45:32.080 Request 344 send & Pong throttled it
2024-12-26 15:45:32.169 Request 345 not sent as being 'ping rate limited'
2024-12-26 15:45:32.263 Request 346 not sent as being 'ping rate limited'
2024-12-26 15:45:32.373 Request 347 not sent as being 'ping rate limited'
2024-12-26 15:45:32.467 Request 348 not sent as being 'ping rate limited'
2024-12-26 15:45:32.575 Request 349 not sent as being 'ping rate limited'
2024-12-26 15:45:32.671 Request 350 not sent as being 'ping rate limited'
2024-12-26 15:45:32.765 Request 351 not sent as being 'ping rate limited'
2024-12-26 15:45:32.875 Request 352 not sent as being 'ping rate limited'
2024-12-26 15:45:32.972 Request 353 sent & Pong Respond: World
2024-12-26 15:45:33.081 Request 354 send & Pong throttled it
2024-12-26 15:45:33.173 Request 355 not sent as being 'ping rate limited'
2024-12-26 15:45:33.267 Request 356 not sent as being 'ping rate limited'
2024-12-26 15:45:33.377 Request 357 not sent as being 'ping rate limited'
2024-12-26 15:45:33.472 Request 358 not sent as being 'ping rate limited'
2024-12-26 15:45:33.567 Request 359 not sent as being 'ping rate limited'
2024-12-26 15:45:33.678 Request 360 not sent as being 'ping rate limited'
2024-12-26 15:45:33.771 Request 361 not sent as being 'ping rate limited'
2024-12-26 15:45:33.864 Request 362 not sent as being 'ping rate limited'
2024-12-26 15:45:33.978 Request 363 sent & Pong Respond: World
2024-12-26 15:45:34.073 Request 364 send & Pong throttled it
2024-12-26 15:45:34.178 Request 365 not sent as being 'ping rate limited'
2024-12-26 15:45:34.270 Request 366 not sent as being 'ping rate limited'
2024-12-26 15:45:34.363 Request 367 not sent as being 'ping rate limited'
2024-12-26 15:45:34.473 Request 368 not sent as being 'ping rate limited'
2024-12-26 15:45:34.568 Request 369 not sent as being 'ping rate limited'
2024-12-26 15:45:34.677 Request 370 not sent as being 'ping rate limited'
2024-12-26 15:45:34.771 Request 371 not sent as being 'ping rate limited'
2024-12-26 15:45:34.864 Request 372 not sent as being 'ping rate limited'
2024-12-26 15:45:34.976 Request 373 sent & Pong Respond: World
2024-12-26 15:45:35.069 Request 374 send & Pong throttled it
2024-12-26 15:45:35.175 Request 375 not sent as being 'ping rate limited'
2024-12-26 15:45:35.269 Request 376 not sent as being 'ping rate limited'
2024-12-26 15:45:35.363 Request 377 not sent as being 'ping rate limited'
2024-12-26 15:45:35.473 Request 378 not sent as being 'ping rate limited'
2024-12-26 15:45:35.565 Request 379 not sent as being 'ping rate limited'
2024-12-26 15:45:35.673 Request 380 not sent as being 'ping rate limited'
2024-12-26 15:45:35.767 Request 381 not sent as being 'ping rate limited'
2024-12-26 15:45:35.876 Request 382 not sent as being 'ping rate limited'
2024-12-26 15:45:35.973 Request 383 sent & Pong Respond: World
2024-12-26 15:45:36.067 Request 384 send & Pong throttled it
2024-12-26 15:45:36.172 Request 385 not sent as being 'ping rate limited'
2024-12-26 15:45:36.266 Request 386 not sent as being 'ping rate limited'
2024-12-26 15:45:36.375 Request 387 not sent as being 'ping rate limited'
2024-12-26 15:45:36.469 Request 388 not sent as being 'ping rate limited'
2024-12-26 15:45:36.563 Request 389 not sent as being 'ping rate limited'
2024-12-26 15:45:36.674 Request 390 not sent as being 'ping rate limited'
2024-12-26 15:45:36.766 Request 391 not sent as being 'ping rate limited'
2024-12-26 15:45:36.876 Request 392 not sent as being 'ping rate limited'
2024-12-26 15:45:36.983 Request 393 sent & Pong Respond: World
2024-12-26 15:45:37.080 Request 394 send & Pong throttled it
2024-12-26 15:45:37.171 Request 395 not sent as being 'ping rate limited'
2024-12-26 15:45:37.265 Request 396 not sent as being 'ping rate limited'
2024-12-26 15:45:37.373 Request 397 not sent as being 'ping rate limited'
2024-12-26 15:45:37.466 Request 398 not sent as being 'ping rate limited'
2024-12-26 15:45:37.576 Request 399 not sent as being 'ping rate limited'
2024-12-26 15:45:37.670 Request 400 not sent as being 'ping rate limited'
2024-12-26 15:45:37.764 Request 401 not sent as being 'ping rate limited'
2024-12-26 15:45:37.873 Request 402 not sent as being 'ping rate limited'
2024-12-26 15:45:37.969 Request 403 sent & Pong Respond: World
2024-12-26 15:45:38.079 Request 404 send & Pong throttled it
2024-12-26 15:45:38.170 Request 405 not sent as being 'ping rate limited'
2024-12-26 15:45:38.265 Request 406 not sent as being 'ping rate limited'
2024-12-26 15:45:38.375 Request 407 not sent as being 'ping rate limited'
2024-12-26 15:45:38.468 Request 408 not sent as being 'ping rate limited'
2024-12-26 15:45:38.564 Request 409 not sent as being 'ping rate limited'
2024-12-26 15:45:38.672 Request 410 not sent as being 'ping rate limited'
2024-12-26 15:45:38.766 Request 411 not sent as being 'ping rate limited'
2024-12-26 15:45:38.874 Request 412 not sent as being 'ping rate limited'
