2024-12-26 15:48:41.357 Starting PingApplication using Java 17.0.12 with PID 28788 (C:\code\hbsc\ping\target\classes started by joech in C:\code\hbsc)
2024-12-26 15:48:41.359 No active profile set, falling back to 1 default profile: "default"
2024-12-26 15:48:41.748 Multiple Spring Data modules found, entering strict repository configuration mode
2024-12-26 15:48:41.749 Bootstrapping Spring Data Redis repositories in DEFAULT mode.
2024-12-26 15:48:41.769 Finished Spring Data repository scanning in 8 ms. Found 0 Redis repository interfaces.
2024-12-26 15:48:42.694 Netty started on port 8082
2024-12-26 15:48:42.702 Started PingApplication in 1.595 seconds (process running for 2.021)
2024-12-26 15:48:43.293 Request 0 send & Pong throttled it
2024-12-26 15:48:43.526 Request 1 send & Pong throttled it
2024-12-26 15:48:43.926 Request 2 not sent as being 'ping rate limited'
2024-12-26 15:48:44.322 Request 3 send & Pong throttled it
2024-12-26 15:48:44.729 Request 4 sent & Pong Respond: World
2024-12-26 15:48:45.118 Request 5 send & Pong throttled it
2024-12-26 15:48:45.522 Request 6 send & Pong throttled it
2024-12-26 15:48:45.923 Request 7 not sent as being 'ping rate limited'
2024-12-26 15:48:46.331 Request 8 send & Pong throttled it
2024-12-26 15:48:46.732 Request 9 sent & Pong Respond: World
2024-12-26 15:48:47.128 Request 10 send & Pong throttled it
2024-12-26 15:48:47.532 Request 11 send & Pong throttled it
2024-12-26 15:48:47.922 Request 12 not sent as being 'ping rate limited'
2024-12-26 15:48:48.331 Request 13 send & Pong throttled it
2024-12-26 15:48:48.720 Request 14 sent & Pong Respond: World
2024-12-26 15:48:49.124 Request 15 send & Pong throttled it
2024-12-26 15:48:49.529 Request 16 send & Pong throttled it
2024-12-26 15:48:49.916 Request 17 not sent as being 'ping rate limited'
2024-12-26 15:48:50.327 Request 18 send & Pong throttled it
2024-12-26 15:48:50.717 Request 19 sent & Pong Respond: World
2024-12-26 15:48:51.128 Request 20 send & Pong throttled it
2024-12-26 15:48:51.520 Request 21 send & Pong throttled it
2024-12-26 15:48:51.922 Request 22 not sent as being 'ping rate limited'
2024-12-26 15:48:52.330 Request 23 send & Pong throttled it
2024-12-26 15:48:52.721 Request 24 sent & Pong Respond: World
2024-12-26 15:48:53.125 Request 25 send & Pong throttled it
2024-12-26 15:48:53.530 Request 26 send & Pong throttled it
2024-12-26 15:48:53.915 Request 27 not sent as being 'ping rate limited'
2024-12-26 15:48:54.324 Request 28 send & Pong throttled it
2024-12-26 15:48:54.730 Request 29 sent & Pong Respond: World
2024-12-26 15:48:55.123 Request 30 send & Pong throttled it
2024-12-26 15:48:55.530 Request 31 send & Pong throttled it
2024-12-26 15:48:55.916 Request 32 not sent as being 'ping rate limited'
2024-12-26 15:48:56.325 Request 33 send & Pong throttled it
2024-12-26 15:48:56.730 Request 34 sent & Pong Respond: World
2024-12-26 15:48:57.119 Request 35 send & Pong throttled it
2024-12-26 15:48:57.525 Request 36 send & Pong throttled it
2024-12-26 15:48:57.914 Request 37 not sent as being 'ping rate limited'
2024-12-26 15:48:58.323 Request 38 send & Pong throttled it
2024-12-26 15:48:58.744 Request 39 sent & Pong Respond: World
2024-12-26 15:48:59.123 Request 40 send & Pong throttled it
2024-12-26 15:48:59.524 Request 41 send & Pong throttled it
2024-12-26 15:48:59.928 Request 42 not sent as being 'ping rate limited'
2024-12-26 15:49:00.318 Request 43 send & Pong throttled it
