2024-12-26 15:13:23.007 Starting PingApplication using Java 17.0.12 with PID 21948 (C:\code\hbsc\ping\target\classes started by joech in C:\code\hbsc)
2024-12-26 15:13:23.010 No active profile set, falling back to 1 default profile: "default"
2024-12-26 15:13:23.494 Multiple Spring Data modules found, entering strict repository configuration mode
2024-12-26 15:13:23.496 Bootstrapping Spring Data Redis repositories in DEFAULT mode.
2024-12-26 15:13:23.522 Finished Spring Data repository scanning in 12 ms. Found 0 Redis repository interfaces.
2024-12-26 15:13:24.417 Netty started on port 8082
2024-12-26 15:13:24.425 Started PingApplication in 1.719 seconds (process running for 2.199)
2024-12-26 15:13:24.735 Request count: 0 in current second
2024-12-26 15:13:24.869 Request sent & Pong Respond: World
2024-12-26 15:13:25.048 Request count: 0 in current second
2024-12-26 15:13:25.053 Request sent & Pong Respond: World
2024-12-26 15:13:25.346 Request count: 1 in current second
2024-12-26 15:13:25.362 Request send & Pong throttled it
2024-12-26 15:13:25.643 Request count: 2 in current second
2024-12-26 15:13:25.942 Request count: 0 in current second
2024-12-26 15:13:25.946 Request sent & Pong Respond: World
2024-12-26 15:13:26.242 Request count: 1 in current second
2024-12-26 15:13:26.249 Request send & Pong throttled it
2024-12-26 15:13:26.540 Request count: 2 in current second
2024-12-26 15:13:26.839 Request count: 0 in current second
2024-12-26 15:13:26.844 Request send & Pong throttled it
2024-12-26 15:13:27.135 Request count: 1 in current second
2024-12-26 15:13:27.140 Request sent & Pong Respond: World
2024-12-26 15:13:27.447 Request count: 2 in current second
2024-12-26 15:13:27.743 Request count: 2 in current second
2024-12-26 15:13:28.039 Request count: 0 in current second
2024-12-26 15:13:28.043 Request sent & Pong Respond: World
2024-12-26 15:13:28.336 Request count: 1 in current second
2024-12-26 15:13:28.341 Request send & Pong throttled it
2024-12-26 15:13:28.648 Request count: 2 in current second
2024-12-26 15:13:28.942 Request count: 0 in current second
2024-12-26 15:13:28.946 Request sent & Pong Respond: World
2024-12-26 15:13:29.238 Request count: 1 in current second
2024-12-26 15:13:29.244 Request send & Pong throttled it
2024-12-26 15:13:29.547 Request count: 2 in current second
2024-12-26 15:13:29.846 Request count: 0 in current second
2024-12-26 15:13:29.850 Request sent & Pong Respond: World
2024-12-26 15:13:30.141 Request count: 1 in current second
2024-12-26 15:13:30.146 Request send & Pong throttled it
2024-12-26 15:13:30.437 Request count: 2 in current second
2024-12-26 15:13:30.750 Request count: 2 in current second
2024-12-26 15:13:31.047 Request count: 0 in current second
2024-12-26 15:13:31.052 Request sent & Pong Respond: World
2024-12-26 15:13:31.343 Request count: 1 in current second
2024-12-26 15:13:31.348 Request send & Pong throttled it
2024-12-26 15:13:31.641 Request count: 2 in current second
2024-12-26 15:13:31.936 Request count: 0 in current second
2024-12-26 15:13:31.940 Request sent & Pong Respond: World
2024-12-26 15:13:32.235 Request count: 1 in current second
2024-12-26 15:13:32.240 Request send & Pong throttled it
2024-12-26 15:13:32.547 Request count: 2 in current second
2024-12-26 15:13:32.842 Request count: 0 in current second
2024-12-26 15:13:32.847 Request send & Pong throttled it
2024-12-26 15:13:33.138 Request count: 1 in current second
2024-12-26 15:13:33.142 Request sent & Pong Respond: World
2024-12-26 15:13:33.448 Request count: 2 in current second
2024-12-26 15:13:33.746 Request count: 2 in current second
2024-12-26 15:13:34.042 Request count: 0 in current second
2024-12-26 15:13:34.046 Request sent & Pong Respond: World
2024-12-26 15:13:34.337 Request count: 1 in current second
2024-12-26 15:13:34.341 Request send & Pong throttled it
2024-12-26 15:13:34.648 Request count: 2 in current second
2024-12-26 15:13:34.946 Request count: 0 in current second
2024-12-26 15:13:34.950 Request sent & Pong Respond: World
2024-12-26 15:13:35.241 Request count: 1 in current second
2024-12-26 15:13:35.248 Request send & Pong throttled it
2024-12-26 15:13:35.538 Request count: 2 in current second
2024-12-26 15:13:35.851 Request count: 0 in current second
2024-12-26 15:13:35.855 Request sent & Pong Respond: World
2024-12-26 15:13:36.146 Request count: 1 in current second
2024-12-26 15:13:36.152 Request send & Pong throttled it
2024-12-26 15:13:36.444 Request count: 2 in current second
2024-12-26 15:13:36.742 Request count: 2 in current second
2024-12-26 15:13:37.040 Request count: 0 in current second
2024-12-26 15:13:37.043 Request sent & Pong Respond: World
2024-12-26 15:13:37.337 Request count: 1 in current second
2024-12-26 15:13:37.342 Request send & Pong throttled it
2024-12-26 15:13:37.646 Request count: 2 in current second
2024-12-26 15:13:37.944 Request count: 0 in current second
2024-12-26 15:13:37.948 Request sent & Pong Respond: World
2024-12-26 15:13:38.242 Request count: 1 in current second
2024-12-26 15:13:38.247 Request send & Pong throttled it
2024-12-26 15:13:38.542 Request count: 2 in current second
2024-12-26 15:13:38.840 Request count: 0 in current second
2024-12-26 15:13:38.846 Request send & Pong throttled it
2024-12-26 15:13:39.136 Request count: 1 in current second
2024-12-26 15:13:39.140 Request sent & Pong Respond: World
2024-12-26 15:13:39.448 Request count: 2 in current second
2024-12-26 15:13:39.746 Request count: 2 in current second
2024-12-26 15:13:40.041 Request count: 0 in current second
2024-12-26 15:13:40.045 Request sent & Pong Respond: World
2024-12-26 15:13:40.338 Request count: 1 in current second
2024-12-26 15:13:40.343 Request send & Pong throttled it
2024-12-26 15:13:40.638 Request count: 2 in current second
2024-12-26 15:13:40.936 Request count: 0 in current second
2024-12-26 15:13:40.940 Request sent & Pong Respond: World
2024-12-26 15:13:41.250 Request count: 1 in current second
2024-12-26 15:13:41.255 Request send & Pong throttled it
2024-12-26 15:13:41.548 Request count: 2 in current second
2024-12-26 15:13:41.846 Request count: 0 in current second
2024-12-26 15:13:41.851 Request send & Pong throttled it
2024-12-26 15:13:42.143 Request count: 1 in current second
2024-12-26 15:13:42.148 Request sent & Pong Respond: World
2024-12-26 15:13:42.442 Request count: 2 in current second
2024-12-26 15:13:42.740 Request count: 2 in current second
2024-12-26 15:13:43.036 Request count: 0 in current second
2024-12-26 15:13:43.040 Request sent & Pong Respond: World
2024-12-26 15:13:43.348 Request count: 1 in current second
2024-12-26 15:13:43.353 Request send & Pong throttled it
2024-12-26 15:13:43.643 Request count: 2 in current second
2024-12-26 15:13:43.940 Request count: 0 in current second
2024-12-26 15:13:43.945 Request sent & Pong Respond: World
2024-12-26 15:13:44.238 Request count: 1 in current second
2024-12-26 15:13:44.243 Request send & Pong throttled it
2024-12-26 15:13:44.550 Request count: 2 in current second
2024-12-26 15:13:44.849 Request count: 0 in current second
2024-12-26 15:13:44.853 Request sent & Pong Respond: World
2024-12-26 15:13:45.146 Request count: 1 in current second
2024-12-26 15:13:45.152 Request send & Pong throttled it
2024-12-26 15:13:45.442 Request count: 2 in current second
2024-12-26 15:13:45.742 Request count: 2 in current second
2024-12-26 15:13:46.040 Request count: 0 in current second
2024-12-26 15:13:46.044 Request sent & Pong Respond: World
2024-12-26 15:13:46.337 Request count: 1 in current second
2024-12-26 15:13:46.344 Request send & Pong throttled it
2024-12-26 15:13:46.649 Request count: 2 in current second
2024-12-26 15:13:46.946 Request count: 0 in current second
2024-12-26 15:13:46.949 Request sent & Pong Respond: World
2024-12-26 15:13:47.241 Request count: 1 in current second
2024-12-26 15:13:47.246 Request send & Pong throttled it
2024-12-26 15:13:47.539 Request count: 2 in current second
2024-12-26 15:13:47.836 Request count: 0 in current second
2024-12-26 15:13:47.842 Request send & Pong throttled it
2024-12-26 15:13:48.135 Request count: 1 in current second
2024-12-26 15:13:48.139 Request sent & Pong Respond: World
2024-12-26 15:13:48.447 Request count: 2 in current second
2024-12-26 15:13:48.742 Request count: 2 in current second
2024-12-26 15:13:49.040 Request count: 0 in current second
2024-12-26 15:13:49.044 Request sent & Pong Respond: World
2024-12-26 15:13:49.338 Request count: 1 in current second
2024-12-26 15:13:49.342 Request send & Pong throttled it
2024-12-26 15:13:49.636 Request count: 2 in current second
2024-12-26 15:13:49.950 Request count: 0 in current second
2024-12-26 15:13:49.954 Request sent & Pong Respond: World
2024-12-26 15:13:50.245 Request count: 1 in current second
2024-12-26 15:13:50.250 Request send & Pong throttled it
2024-12-26 15:13:50.541 Request count: 2 in current second
2024-12-26 15:13:50.841 Request count: 0 in current second
2024-12-26 15:13:50.846 Request send & Pong throttled it
2024-12-26 15:13:51.135 Request count: 1 in current second
2024-12-26 15:13:51.139 Request sent & Pong Respond: World
2024-12-26 15:13:51.447 Request count: 2 in current second
2024-12-26 15:13:51.744 Request count: 2 in current second
2024-12-26 15:13:52.039 Request count: 0 in current second
2024-12-26 15:13:52.061 Request sent & Pong Respond: World
2024-12-26 15:13:52.335 Request count: 1 in current second
2024-12-26 15:13:52.340 Request send & Pong throttled it
2024-12-26 15:13:52.648 Request count: 2 in current second
2024-12-26 15:13:52.943 Request count: 0 in current second
2024-12-26 15:13:52.947 Request sent & Pong Respond: World
2024-12-26 15:13:53.237 Request count: 1 in current second
2024-12-26 15:13:53.242 Request send & Pong throttled it
