2024-12-26 15:46:02.613 Starting PingApplication using Java 17.0.12 with PID 13948 (C:\code\hbsc\ping\target\classes started by joech in C:\code\hbsc)
2024-12-26 15:46:02.614 No active profile set, falling back to 1 default profile: "default"
2024-12-26 15:46:03.008 Multiple Spring Data modules found, entering strict repository configuration mode
2024-12-26 15:46:03.010 Bootstrapping Spring Data Redis repositories in DEFAULT mode.
2024-12-26 15:46:03.037 Finished Spring Data repository scanning in 12 ms. Found 0 Redis repository interfaces.
2024-12-26 15:46:04.005 Netty started on port 8081
2024-12-26 15:46:04.014 Started PingApplication in 1.646 seconds (process running for 2.063)
2024-12-26 15:46:04.555 Request 0 sent & Pong Respond: World
2024-12-26 15:46:04.835 Request 1 sent & Pong Respond: World
2024-12-26 15:46:05.238 Request 2 not sent as being 'ping rate limited'
2024-12-26 15:46:05.631 Request 3 sent & Pong Respond: World
2024-12-26 15:46:06.051 Request 4 send & Pong throttled it
2024-12-26 15:46:06.446 Request 5 send & Pong throttled it
2024-12-26 15:46:06.835 Request 6 sent & Pong Respond: World
2024-12-26 15:46:07.233 Request 7 not sent as being 'ping rate limited'
2024-12-26 15:46:07.645 Request 8 sent & Pong Respond: World
2024-12-26 15:46:08.037 Request 9 send & Pong throttled it
2024-12-26 15:46:08.443 Request 10 send & Pong throttled it
2024-12-26 15:46:08.831 Request 11 sent & Pong Respond: World
2024-12-26 15:46:09.230 Request 12 not sent as being 'ping rate limited'
2024-12-26 15:46:09.640 Request 13 sent & Pong Respond: World
2024-12-26 15:46:10.033 Request 14 send & Pong throttled it
2024-12-26 15:46:10.440 Request 15 send & Pong throttled it
2024-12-26 15:46:10.830 Request 16 sent & Pong Respond: World
2024-12-26 15:46:11.235 Request 17 not sent as being 'ping rate limited'
2024-12-26 15:46:11.642 Request 18 sent & Pong Respond: World
2024-12-26 15:46:12.034 Request 19 send & Pong throttled it
2024-12-26 15:46:12.439 Request 20 send & Pong throttled it
2024-12-26 15:46:12.843 Request 21 sent & Pong Respond: World
2024-12-26 15:46:13.231 Request 22 not sent as being 'ping rate limited'
2024-12-26 15:46:13.639 Request 23 sent & Pong Respond: World
2024-12-26 15:46:14.043 Request 24 send & Pong throttled it
2024-12-26 15:46:14.433 Request 25 send & Pong throttled it
2024-12-26 15:46:14.841 Request 26 sent & Pong Respond: World
2024-12-26 15:46:15.228 Request 27 not sent as being 'ping rate limited'
2024-12-26 15:46:15.637 Request 28 sent & Pong Respond: World
2024-12-26 15:46:16.041 Request 29 send & Pong throttled it
2024-12-26 15:46:16.433 Request 30 send & Pong throttled it
2024-12-26 15:46:16.837 Request 31 sent & Pong Respond: World
2024-12-26 15:46:17.242 Request 32 not sent as being 'ping rate limited'
2024-12-26 15:46:17.637 Request 33 sent & Pong Respond: World
2024-12-26 15:46:18.044 Request 34 send & Pong throttled it
2024-12-26 15:46:18.437 Request 35 send & Pong throttled it
2024-12-26 15:46:18.831 Request 36 sent & Pong Respond: World
2024-12-26 15:46:19.235 Request 37 not sent as being 'ping rate limited'
2024-12-26 15:46:19.631 Request 38 sent & Pong Respond: World
2024-12-26 15:46:20.039 Request 39 send & Pong throttled it
2024-12-26 15:46:20.444 Request 40 send & Pong throttled it
2024-12-26 15:46:20.833 Request 41 sent & Pong Respond: World
2024-12-26 15:46:21.238 Request 42 not sent as being 'ping rate limited'
2024-12-26 15:46:21.632 Request 43 sent & Pong Respond: World
2024-12-26 15:46:22.039 Request 44 send & Pong throttled it
2024-12-26 15:46:22.432 Request 45 send & Pong throttled it
2024-12-26 15:46:22.841 Request 46 sent & Pong Respond: World
2024-12-26 15:46:23.230 Request 47 not sent as being 'ping rate limited'
2024-12-26 15:46:23.641 Request 48 sent & Pong Respond: World
2024-12-26 15:46:24.036 Request 49 send & Pong throttled it
2024-12-26 15:46:24.442 Request 50 send & Pong throttled it
2024-12-26 15:46:24.834 Request 51 sent & Pong Respond: World
2024-12-26 15:46:25.238 Request 52 not sent as being 'ping rate limited'
2024-12-26 15:46:25.634 Request 53 sent & Pong Respond: World
2024-12-26 15:46:26.042 Request 54 send & Pong throttled it
2024-12-26 15:46:26.445 Request 55 send & Pong throttled it
2024-12-26 15:46:26.835 Request 56 sent & Pong Respond: World
2024-12-26 15:46:27.228 Request 57 not sent as being 'ping rate limited'
2024-12-26 15:46:27.638 Request 58 sent & Pong Respond: World
2024-12-26 15:46:28.044 Request 59 send & Pong throttled it
2024-12-26 15:46:28.433 Request 60 send & Pong throttled it
2024-12-26 15:46:28.836 Request 61 sent & Pong Respond: World
2024-12-26 15:46:29.240 Request 62 not sent as being 'ping rate limited'
2024-12-26 15:46:29.633 Request 63 sent & Pong Respond: World
2024-12-26 15:46:30.041 Request 64 send & Pong throttled it
2024-12-26 15:46:30.430 Request 65 send & Pong throttled it
2024-12-26 15:46:30.835 Request 66 sent & Pong Respond: World
2024-12-26 15:46:31.236 Request 67 not sent as being 'ping rate limited'
2024-12-26 15:46:31.644 Request 68 sent & Pong Respond: World
2024-12-26 15:46:32.037 Request 69 send & Pong throttled it
2024-12-26 15:46:32.443 Request 70 send & Pong throttled it
2024-12-26 15:46:32.834 Request 71 sent & Pong Respond: World
2024-12-26 15:46:33.236 Request 72 not sent as being 'ping rate limited'
2024-12-26 15:46:33.630 Request 73 sent & Pong Respond: World
2024-12-26 15:46:34.035 Request 74 send & Pong throttled it
2024-12-26 15:46:34.438 Request 75 send & Pong throttled it
2024-12-26 15:46:34.843 Request 76 sent & Pong Respond: World
2024-12-26 15:46:35.229 Request 77 not sent as being 'ping rate limited'
2024-12-26 15:46:35.638 Request 78 sent & Pong Respond: World
2024-12-26 15:46:36.047 Request 79 send & Pong throttled it
2024-12-26 15:46:36.438 Request 80 send & Pong throttled it
2024-12-26 15:46:36.843 Request 81 sent & Pong Respond: World
2024-12-26 15:46:37.241 Request 82 not sent as being 'ping rate limited'
2024-12-26 15:46:37.636 Request 83 sent & Pong Respond: World
2024-12-26 15:46:38.046 Request 84 send & Pong throttled it
2024-12-26 15:46:38.437 Request 85 send & Pong throttled it
2024-12-26 15:46:38.842 Request 86 sent & Pong Respond: World
2024-12-26 15:46:39.241 Request 87 not sent as being 'ping rate limited'
2024-12-26 15:46:39.634 Request 88 sent & Pong Respond: World
2024-12-26 15:46:40.041 Request 89 send & Pong throttled it
2024-12-26 15:46:40.431 Request 90 send & Pong throttled it
2024-12-26 15:46:40.837 Request 91 sent & Pong Respond: World
2024-12-26 15:46:41.239 Request 92 not sent as being 'ping rate limited'
2024-12-26 15:46:41.645 Request 93 sent & Pong Respond: World
2024-12-26 15:46:42.038 Request 94 send & Pong throttled it
2024-12-26 15:46:42.441 Request 95 send & Pong throttled it
2024-12-26 15:46:42.832 Request 96 sent & Pong Respond: World
2024-12-26 15:46:43.236 Request 97 not sent as being 'ping rate limited'
2024-12-26 15:46:43.630 Request 98 sent & Pong Respond: World
2024-12-26 15:46:44.036 Request 99 send & Pong throttled it
2024-12-26 15:46:44.443 Request 100 send & Pong throttled it
2024-12-26 15:46:44.833 Request 101 sent & Pong Respond: World
2024-12-26 15:46:45.232 Request 102 not sent as being 'ping rate limited'
2024-12-26 15:46:45.640 Request 103 sent & Pong Respond: World
2024-12-26 15:46:46.046 Request 104 send & Pong throttled it
2024-12-26 15:46:46.435 Request 105 send & Pong throttled it
2024-12-26 15:46:46.844 Request 106 sent & Pong Respond: World
2024-12-26 15:46:47.228 Request 107 not sent as being 'ping rate limited'
2024-12-26 15:46:47.635 Request 108 sent & Pong Respond: World
2024-12-26 15:46:48.043 Request 109 send & Pong throttled it
2024-12-26 15:46:48.436 Request 110 send & Pong throttled it
2024-12-26 15:46:48.841 Request 111 sent & Pong Respond: World
2024-12-26 15:46:49.231 Request 112 not sent as being 'ping rate limited'
2024-12-26 15:46:49.639 Request 113 sent & Pong Respond: World
2024-12-26 15:46:50.032 Request 114 send & Pong throttled it
2024-12-26 15:46:50.435 Request 115 send & Pong throttled it
2024-12-26 15:46:50.841 Request 116 sent & Pong Respond: World
2024-12-26 15:46:51.227 Request 117 not sent as being 'ping rate limited'
2024-12-26 15:46:51.640 Request 118 sent & Pong Respond: World
2024-12-26 15:46:52.043 Request 119 send & Pong throttled it
2024-12-26 15:46:52.434 Request 120 send & Pong throttled it
2024-12-26 15:46:52.836 Request 121 sent & Pong Respond: World
2024-12-26 15:46:53.240 Request 122 not sent as being 'ping rate limited'
2024-12-26 15:46:53.633 Request 123 sent & Pong Respond: World
2024-12-26 15:46:54.042 Request 124 send & Pong throttled it
2024-12-26 15:46:54.435 Request 125 send & Pong throttled it
2024-12-26 15:46:54.845 Request 126 sent & Pong Respond: World
2024-12-26 15:46:55.232 Request 127 not sent as being 'ping rate limited'
2024-12-26 15:46:55.639 Request 128 sent & Pong Respond: World
2024-12-26 15:46:56.031 Request 129 send & Pong throttled it
2024-12-26 15:46:56.435 Request 130 send & Pong throttled it
2024-12-26 15:46:56.840 Request 131 sent & Pong Respond: World
2024-12-26 15:46:57.228 Request 132 not sent as being 'ping rate limited'
2024-12-26 15:46:57.637 Request 133 sent & Pong Respond: World
2024-12-26 15:46:58.044 Request 134 send & Pong throttled it
2024-12-26 15:46:58.445 Request 135 send & Pong throttled it
2024-12-26 15:46:58.835 Request 136 sent & Pong Respond: World
2024-12-26 15:46:59.240 Request 137 not sent as being 'ping rate limited'
2024-12-26 15:46:59.630 Request 138 sent & Pong Respond: World
2024-12-26 15:47:00.035 Request 139 send & Pong throttled it
2024-12-26 15:47:00.441 Request 140 send & Pong throttled it
2024-12-26 15:47:00.832 Request 141 sent & Pong Respond: World
2024-12-26 15:47:01.235 Request 142 not sent as being 'ping rate limited'
2024-12-26 15:47:01.631 Request 143 sent & Pong Respond: World
2024-12-26 15:47:02.036 Request 144 send & Pong throttled it
2024-12-26 15:47:02.443 Request 145 send & Pong throttled it
2024-12-26 15:47:02.836 Request 146 sent & Pong Respond: World
2024-12-26 15:47:03.240 Request 147 not sent as being 'ping rate limited'
2024-12-26 15:47:03.645 Request 148 sent & Pong Respond: World
2024-12-26 15:47:04.035 Request 149 send & Pong throttled it
2024-12-26 15:47:04.442 Request 150 send & Pong throttled it
2024-12-26 15:47:04.831 Request 151 sent & Pong Respond: World
2024-12-26 15:47:05.232 Request 152 not sent as being 'ping rate limited'
2024-12-26 15:47:05.645 Request 153 sent & Pong Respond: World
2024-12-26 15:47:06.034 Request 154 send & Pong throttled it
2024-12-26 15:47:06.439 Request 155 send & Pong throttled it
2024-12-26 15:47:06.844 Request 156 sent & Pong Respond: World
2024-12-26 15:47:07.229 Request 157 not sent as being 'ping rate limited'
2024-12-26 15:47:07.639 Request 158 sent & Pong Respond: World
2024-12-26 15:47:08.044 Request 159 send & Pong throttled it
2024-12-26 15:47:08.433 Request 160 send & Pong throttled it
2024-12-26 15:47:08.837 Request 161 sent & Pong Respond: World
2024-12-26 15:47:09.237 Request 162 not sent as being 'ping rate limited'
2024-12-26 15:47:09.631 Request 163 sent & Pong Respond: World
2024-12-26 15:47:10.039 Request 164 send & Pong throttled it
2024-12-26 15:47:10.445 Request 165 send & Pong throttled it
2024-12-26 15:47:10.832 Request 166 sent & Pong Respond: World
2024-12-26 15:47:11.234 Request 167 not sent as being 'ping rate limited'
2024-12-26 15:47:11.629 Request 168 sent & Pong Respond: World
2024-12-26 15:47:12.041 Request 169 send & Pong throttled it
2024-12-26 15:47:12.433 Request 170 send & Pong throttled it
2024-12-26 15:47:12.842 Request 171 sent & Pong Respond: World
2024-12-26 15:47:13.229 Request 172 not sent as being 'ping rate limited'
2024-12-26 15:47:13.638 Request 173 sent & Pong Respond: World
2024-12-26 15:47:14.041 Request 174 send & Pong throttled it
2024-12-26 15:47:14.431 Request 175 send & Pong throttled it
2024-12-26 15:47:14.838 Request 176 sent & Pong Respond: World
2024-12-26 15:47:15.228 Request 177 not sent as being 'ping rate limited'
2024-12-26 15:47:15.640 Request 178 sent & Pong Respond: World
2024-12-26 15:47:16.031 Request 179 send & Pong throttled it
2024-12-26 15:47:16.434 Request 180 send & Pong throttled it
2024-12-26 15:47:16.839 Request 181 sent & Pong Respond: World
2024-12-26 15:47:17.242 Request 182 not sent as being 'ping rate limited'
2024-12-26 15:47:17.635 Request 183 sent & Pong Respond: World
2024-12-26 15:47:18.045 Request 184 send & Pong throttled it
2024-12-26 15:47:18.437 Request 185 send & Pong throttled it
2024-12-26 15:47:18.843 Request 186 sent & Pong Respond: World
2024-12-26 15:47:19.229 Request 187 not sent as being 'ping rate limited'
2024-12-26 15:47:19.635 Request 188 sent & Pong Respond: World
2024-12-26 15:47:20.041 Request 189 send & Pong throttled it
2024-12-26 15:47:20.432 Request 190 send & Pong throttled it
2024-12-26 15:47:20.840 Request 191 sent & Pong Respond: World
2024-12-26 15:47:21.232 Request 192 not sent as being 'ping rate limited'
2024-12-26 15:47:21.640 Request 193 sent & Pong Respond: World
2024-12-26 15:47:22.032 Request 194 send & Pong throttled it
2024-12-26 15:47:22.436 Request 195 send & Pong throttled it
2024-12-26 15:47:22.841 Request 196 sent & Pong Respond: World
2024-12-26 15:47:23.231 Request 197 not sent as being 'ping rate limited'
2024-12-26 15:47:23.638 Request 198 sent & Pong Respond: World
2024-12-26 15:47:24.032 Request 199 send & Pong throttled it
2024-12-26 15:47:24.434 Request 200 send & Pong throttled it
2024-12-26 15:47:24.842 Request 201 sent & Pong Respond: World
2024-12-26 15:47:25.229 Request 202 not sent as being 'ping rate limited'
2024-12-26 15:47:25.637 Request 203 sent & Pong Respond: World
2024-12-26 15:47:26.042 Request 204 send & Pong throttled it
2024-12-26 15:47:26.445 Request 205 send & Pong throttled it
2024-12-26 15:47:26.835 Request 206 sent & Pong Respond: World
2024-12-26 15:47:27.237 Request 207 not sent as being 'ping rate limited'
2024-12-26 15:47:27.644 Request 208 sent & Pong Respond: World
2024-12-26 15:47:28.038 Request 209 send & Pong throttled it
2024-12-26 15:47:28.442 Request 210 send & Pong throttled it
2024-12-26 15:47:28.831 Request 211 sent & Pong Respond: World
2024-12-26 15:47:29.235 Request 212 not sent as being 'ping rate limited'
2024-12-26 15:47:29.642 Request 213 sent & Pong Respond: World
2024-12-26 15:47:30.031 Request 214 send & Pong throttled it
2024-12-26 15:47:30.437 Request 215 send & Pong throttled it
2024-12-26 15:47:30.843 Request 216 sent & Pong Respond: World
2024-12-26 15:47:31.229 Request 217 not sent as being 'ping rate limited'
2024-12-26 15:47:31.641 Request 218 sent & Pong Respond: World
2024-12-26 15:47:32.044 Request 219 send & Pong throttled it
2024-12-26 15:47:32.433 Request 220 send & Pong throttled it
2024-12-26 15:47:32.838 Request 221 sent & Pong Respond: World
2024-12-26 15:47:33.242 Request 222 not sent as being 'ping rate limited'
2024-12-26 15:47:33.634 Request 223 sent & Pong Respond: World
2024-12-26 15:47:34.042 Request 224 send & Pong throttled it
2024-12-26 15:47:34.435 Request 225 send & Pong throttled it
2024-12-26 15:47:34.842 Request 226 sent & Pong Respond: World
2024-12-26 15:47:35.230 Request 227 not sent as being 'ping rate limited'
2024-12-26 15:47:35.642 Request 228 sent & Pong Respond: World
2024-12-26 15:47:36.035 Request 229 send & Pong throttled it
2024-12-26 15:47:36.443 Request 230 send & Pong throttled it
2024-12-26 15:47:36.831 Request 231 sent & Pong Respond: World
2024-12-26 15:47:37.235 Request 232 not sent as being 'ping rate limited'
2024-12-26 15:47:37.642 Request 233 sent & Pong Respond: World
2024-12-26 15:47:38.033 Request 234 send & Pong throttled it
2024-12-26 15:47:38.443 Request 235 send & Pong throttled it
2024-12-26 15:47:38.832 Request 236 sent & Pong Respond: World
2024-12-26 15:47:39.233 Request 237 not sent as being 'ping rate limited'
2024-12-26 15:47:39.645 Request 238 sent & Pong Respond: World
2024-12-26 15:47:40.035 Request 239 send & Pong throttled it
2024-12-26 15:47:40.443 Request 240 send & Pong throttled it
2024-12-26 15:47:40.832 Request 241 sent & Pong Respond: World
2024-12-26 15:47:41.233 Request 242 not sent as being 'ping rate limited'
2024-12-26 15:47:41.640 Request 243 sent & Pong Respond: World
2024-12-26 15:47:42.044 Request 244 send & Pong throttled it
2024-12-26 15:47:42.437 Request 245 send & Pong throttled it
2024-12-26 15:47:42.842 Request 246 sent & Pong Respond: World
2024-12-26 15:47:43.228 Request 247 not sent as being 'ping rate limited'
2024-12-26 15:47:43.638 Request 248 sent & Pong Respond: World
2024-12-26 15:47:44.030 Request 249 send & Pong throttled it
2024-12-26 15:47:44.436 Request 250 send & Pong throttled it
2024-12-26 15:47:44.838 Request 251 sent & Pong Respond: World
2024-12-26 15:47:45.241 Request 252 not sent as being 'ping rate limited'
2024-12-26 15:47:45.635 Request 253 sent & Pong Respond: World
2024-12-26 15:47:46.039 Request 254 send & Pong throttled it
2024-12-26 15:47:46.433 Request 255 send & Pong throttled it
2024-12-26 15:47:46.844 Request 256 sent & Pong Respond: World
2024-12-26 15:47:47.233 Request 257 not sent as being 'ping rate limited'
2024-12-26 15:47:47.640 Request 258 sent & Pong Respond: World
2024-12-26 15:47:48.036 Request 259 send & Pong throttled it
2024-12-26 15:47:48.435 Request 260 send & Pong throttled it
2024-12-26 15:47:48.839 Request 261 sent & Pong Respond: World
2024-12-26 15:47:49.227 Request 262 not sent as being 'ping rate limited'
2024-12-26 15:47:49.634 Request 263 sent & Pong Respond: World
2024-12-26 15:47:50.044 Request 264 send & Pong throttled it
2024-12-26 15:47:50.434 Request 265 send & Pong throttled it
2024-12-26 15:47:50.837 Request 266 sent & Pong Respond: World
2024-12-26 15:47:51.241 Request 267 not sent as being 'ping rate limited'
2024-12-26 15:47:51.631 Request 268 sent & Pong Respond: World
2024-12-26 15:47:52.041 Request 269 send & Pong throttled it
2024-12-26 15:47:52.430 Request 270 send & Pong throttled it
2024-12-26 15:47:52.837 Request 271 sent & Pong Respond: World
2024-12-26 15:47:53.239 Request 272 not sent as being 'ping rate limited'
2024-12-26 15:47:53.630 Request 273 sent & Pong Respond: World
2024-12-26 15:47:54.036 Request 274 send & Pong throttled it
2024-12-26 15:47:54.441 Request 275 send & Pong throttled it
2024-12-26 15:47:54.829 Request 276 sent & Pong Respond: World
2024-12-26 15:47:55.230 Request 277 not sent as being 'ping rate limited'
2024-12-26 15:47:55.639 Request 278 sent & Pong Respond: World
2024-12-26 15:47:56.030 Request 279 send & Pong throttled it
2024-12-26 15:47:56.437 Request 280 send & Pong throttled it
2024-12-26 15:47:56.840 Request 281 sent & Pong Respond: World
2024-12-26 15:47:57.227 Request 282 not sent as being 'ping rate limited'
2024-12-26 15:47:57.639 Request 283 sent & Pong Respond: World
2024-12-26 15:47:58.031 Request 284 send & Pong throttled it
2024-12-26 15:47:58.434 Request 285 send & Pong throttled it
2024-12-26 15:47:58.840 Request 286 sent & Pong Respond: World
2024-12-26 15:47:59.242 Request 287 not sent as being 'ping rate limited'
2024-12-26 15:47:59.637 Request 288 sent & Pong Respond: World
2024-12-26 15:48:00.044 Request 289 send & Pong throttled it
2024-12-26 15:48:00.438 Request 290 send & Pong throttled it
2024-12-26 15:48:00.834 Request 291 sent & Pong Respond: World
2024-12-26 15:48:01.235 Request 292 not sent as being 'ping rate limited'
2024-12-26 15:48:01.640 Request 293 sent & Pong Respond: World
2024-12-26 15:48:02.032 Request 294 send & Pong throttled it
2024-12-26 15:48:02.439 Request 295 send & Pong throttled it
2024-12-26 15:48:02.845 Request 296 sent & Pong Respond: World
2024-12-26 15:48:03.232 Request 297 not sent as being 'ping rate limited'
2024-12-26 15:48:03.641 Request 298 sent & Pong Respond: World
2024-12-26 15:48:04.034 Request 299 send & Pong throttled it
2024-12-26 15:48:04.440 Request 300 send & Pong throttled it
2024-12-26 15:48:04.832 Request 301 sent & Pong Respond: World
2024-12-26 15:48:05.235 Request 302 not sent as being 'ping rate limited'
2024-12-26 15:48:05.643 Request 303 sent & Pong Respond: World
2024-12-26 15:48:06.035 Request 304 send & Pong throttled it
2024-12-26 15:48:06.441 Request 305 send & Pong throttled it
2024-12-26 15:48:06.832 Request 306 sent & Pong Respond: World
2024-12-26 15:48:07.235 Request 307 not sent as being 'ping rate limited'
2024-12-26 15:48:07.643 Request 308 sent & Pong Respond: World
2024-12-26 15:48:08.030 Request 309 send & Pong throttled it
2024-12-26 15:48:08.439 Request 310 send & Pong throttled it
2024-12-26 15:48:08.842 Request 311 sent & Pong Respond: World
2024-12-26 15:48:09.229 Request 312 not sent as being 'ping rate limited'
2024-12-26 15:48:09.640 Request 313 sent & Pong Respond: World
2024-12-26 15:48:10.031 Request 314 send & Pong throttled it
2024-12-26 15:48:10.437 Request 315 send & Pong throttled it
2024-12-26 15:48:10.829 Request 316 sent & Pong Respond: World
2024-12-26 15:48:11.233 Request 317 not sent as being 'ping rate limited'
2024-12-26 15:48:11.642 Request 318 sent & Pong Respond: World
2024-12-26 15:48:12.034 Request 319 send & Pong throttled it
2024-12-26 15:48:12.439 Request 320 send & Pong throttled it
2024-12-26 15:48:12.831 Request 321 sent & Pong Respond: World
2024-12-26 15:48:13.229 Request 322 not sent as being 'ping rate limited'
2024-12-26 15:48:13.640 Request 323 sent & Pong Respond: World
2024-12-26 15:48:14.031 Request 324 send & Pong throttled it
2024-12-26 15:48:14.435 Request 325 send & Pong throttled it
2024-12-26 15:48:14.841 Request 326 sent & Pong Respond: World
2024-12-26 15:48:15.231 Request 327 not sent as being 'ping rate limited'
2024-12-26 15:48:15.642 Request 328 sent & Pong Respond: World
2024-12-26 15:48:16.035 Request 329 send & Pong throttled it
2024-12-26 15:48:16.442 Request 330 send & Pong throttled it
2024-12-26 15:48:16.832 Request 331 sent & Pong Respond: World
2024-12-26 15:48:17.237 Request 332 not sent as being 'ping rate limited'
2024-12-26 15:48:17.631 Request 333 sent & Pong Respond: World
2024-12-26 15:48:18.037 Request 334 send & Pong throttled it
2024-12-26 15:48:18.444 Request 335 send & Pong throttled it
2024-12-26 15:48:18.834 Request 336 sent & Pong Respond: World
2024-12-26 15:48:19.238 Request 337 not sent as being 'ping rate limited'
2024-12-26 15:48:19.644 Request 338 sent & Pong Respond: World
2024-12-26 15:48:20.040 Request 339 send & Pong throttled it
2024-12-26 15:48:20.431 Request 340 send & Pong throttled it
2024-12-26 15:48:20.835 Request 341 sent & Pong Respond: World
2024-12-26 15:48:21.227 Request 342 not sent as being 'ping rate limited'
2024-12-26 15:48:21.641 Request 343 sent & Pong Respond: World
2024-12-26 15:48:22.032 Request 344 send & Pong throttled it
2024-12-26 15:48:22.438 Request 345 send & Pong throttled it
2024-12-26 15:48:22.843 Request 346 sent & Pong Respond: World
2024-12-26 15:48:23.233 Request 347 not sent as being 'ping rate limited'
2024-12-26 15:48:23.640 Request 348 sent & Pong Respond: World
2024-12-26 15:48:24.032 Request 349 send & Pong throttled it
2024-12-26 15:48:24.435 Request 350 send & Pong throttled it
2024-12-26 15:48:24.842 Request 351 sent & Pong Respond: World
2024-12-26 15:48:25.230 Request 352 not sent as being 'ping rate limited'
2024-12-26 15:48:25.640 Request 353 sent & Pong Respond: World
2024-12-26 15:48:26.033 Request 354 send & Pong throttled it
2024-12-26 15:48:26.441 Request 355 send & Pong throttled it
2024-12-26 15:48:26.831 Request 356 sent & Pong Respond: World
2024-12-26 15:48:27.237 Request 357 not sent as being 'ping rate limited'
2024-12-26 15:48:27.632 Request 358 sent & Pong Respond: World
2024-12-26 15:48:28.037 Request 359 send & Pong throttled it
2024-12-26 15:48:28.443 Request 360 send & Pong throttled it
2024-12-26 15:48:28.831 Request 361 sent & Pong Respond: World
2024-12-26 15:48:29.232 Request 362 not sent as being 'ping rate limited'
2024-12-26 15:48:29.644 Request 363 sent & Pong Respond: World
2024-12-26 15:48:30.036 Request 364 send & Pong throttled it
2024-12-26 15:48:30.444 Request 365 send & Pong throttled it
2024-12-26 15:48:30.834 Request 366 sent & Pong Respond: World
2024-12-26 15:48:31.238 Request 367 not sent as being 'ping rate limited'
2024-12-26 15:48:31.633 Request 368 sent & Pong Respond: World
2024-12-26 15:48:32.040 Request 369 send & Pong throttled it
2024-12-26 15:48:32.443 Request 370 send & Pong throttled it
2024-12-26 15:48:32.833 Request 371 sent & Pong Respond: World
2024-12-26 15:48:33.241 Request 372 not sent as being 'ping rate limited'
2024-12-26 15:48:33.636 Request 373 sent & Pong Respond: World
2024-12-26 15:48:34.040 Request 374 send & Pong throttled it
2024-12-26 15:48:34.430 Request 375 send & Pong throttled it
2024-12-26 15:48:34.837 Request 376 sent & Pong Respond: World
2024-12-26 15:48:35.241 Request 377 not sent as being 'ping rate limited'
2024-12-26 15:48:35.635 Request 378 sent & Pong Respond: World
2024-12-26 15:48:36.041 Request 379 send & Pong throttled it
2024-12-26 15:48:36.431 Request 380 send & Pong throttled it
2024-12-26 15:48:36.834 Request 381 sent & Pong Respond: World
2024-12-26 15:48:37.239 Request 382 not sent as being 'ping rate limited'
2024-12-26 15:48:37.632 Request 383 sent & Pong Respond: World
2024-12-26 15:48:38.040 Request 384 send & Pong throttled it
2024-12-26 15:48:38.431 Request 385 send & Pong throttled it
2024-12-26 15:48:38.838 Request 386 sent & Pong Respond: World
2024-12-26 15:48:39.240 Request 387 not sent as being 'ping rate limited'
2024-12-26 15:48:39.631 Request 388 sent & Pong Respond: World
2024-12-26 15:48:40.040 Request 389 send & Pong throttled it
2024-12-26 15:48:40.445 Request 390 send & Pong throttled it
2024-12-26 15:48:40.834 Request 391 sent & Pong Respond: World
2024-12-26 15:48:41.240 Request 392 not sent as being 'ping rate limited'
2024-12-26 15:48:41.632 Request 393 sent & Pong Respond: World
2024-12-26 15:48:42.040 Request 394 send & Pong throttled it
2024-12-26 15:48:42.430 Request 395 send & Pong throttled it
2024-12-26 15:48:42.837 Request 396 sent & Pong Respond: World
2024-12-26 15:48:43.246 Request 397 send & Pong throttled it
2024-12-26 15:48:43.633 Request 398 sent & Pong Respond: World
2024-12-26 15:48:44.035 Request 399 not sent as being 'ping rate limited'
2024-12-26 15:48:44.445 Request 400 send & Pong throttled it
2024-12-26 15:48:44.835 Request 401 not sent as being 'ping rate limited'
2024-12-26 15:48:45.241 Request 402 send & Pong throttled it
2024-12-26 15:48:45.645 Request 403 sent & Pong Respond: World
2024-12-26 15:48:46.033 Request 404 not sent as being 'ping rate limited'
2024-12-26 15:48:46.440 Request 405 send & Pong throttled it
2024-12-26 15:48:46.840 Request 406 not sent as being 'ping rate limited'
2024-12-26 15:48:47.235 Request 407 send & Pong throttled it
2024-12-26 15:48:47.643 Request 408 sent & Pong Respond: World
2024-12-26 15:48:48.030 Request 409 not sent as being 'ping rate limited'
2024-12-26 15:48:48.438 Request 410 send & Pong throttled it
2024-12-26 15:48:48.840 Request 411 not sent as being 'ping rate limited'
2024-12-26 15:48:49.232 Request 412 send & Pong throttled it
2024-12-26 15:48:49.638 Request 413 sent & Pong Respond: World
2024-12-26 15:48:50.042 Request 414 not sent as being 'ping rate limited'
2024-12-26 15:48:50.436 Request 415 send & Pong throttled it
2024-12-26 15:48:50.840 Request 416 not sent as being 'ping rate limited'
2024-12-26 15:48:51.237 Request 417 send & Pong throttled it
2024-12-26 15:48:51.642 Request 418 sent & Pong Respond: World
2024-12-26 15:48:52.031 Request 419 not sent as being 'ping rate limited'
2024-12-26 15:48:52.439 Request 420 send & Pong throttled it
2024-12-26 15:48:52.828 Request 421 not sent as being 'ping rate limited'
2024-12-26 15:48:53.233 Request 422 send & Pong throttled it
2024-12-26 15:48:53.638 Request 423 sent & Pong Respond: World
2024-12-26 15:48:54.040 Request 424 not sent as being 'ping rate limited'
2024-12-26 15:48:54.435 Request 425 send & Pong throttled it
2024-12-26 15:48:54.839 Request 426 not sent as being 'ping rate limited'
2024-12-26 15:48:55.233 Request 427 send & Pong throttled it
2024-12-26 15:48:55.639 Request 428 sent & Pong Respond: World
2024-12-26 15:48:56.041 Request 429 not sent as being 'ping rate limited'
2024-12-26 15:48:56.435 Request 430 send & Pong throttled it
2024-12-26 15:48:56.835 Request 431 not sent as being 'ping rate limited'
2024-12-26 15:48:57.243 Request 432 send & Pong throttled it
2024-12-26 15:48:57.633 Request 433 sent & Pong Respond: World
2024-12-26 15:48:58.040 Request 434 not sent as being 'ping rate limited'
2024-12-26 15:48:58.433 Request 435 send & Pong throttled it
2024-12-26 15:48:58.838 Request 436 not sent as being 'ping rate limited'
2024-12-26 15:48:59.244 Request 437 send & Pong throttled it
2024-12-26 15:48:59.631 Request 438 sent & Pong Respond: World
2024-12-26 15:49:00.036 Request 439 not sent as being 'ping rate limited'
2024-12-26 15:49:00.440 Request 440 send & Pong throttled it
2024-12-26 15:49:00.857 Request 441 sent & Pong Respond: World
2024-12-26 15:49:01.230 Request 442 not sent as being 'ping rate limited'
2024-12-26 15:49:01.638 Request 443 sent & Pong Respond: World
2024-12-26 15:49:02.032 Request 444 send & Pong throttled it
2024-12-26 15:49:02.438 Request 445 send & Pong throttled it
