2024-12-27 01:54:10.096 Starting PingApplication using Java 17.0.12 with PID 9104 (C:\code\hbsc\ping\target\classes started by joech in C:\code\hbsc)
2024-12-27 01:54:10.097 No active profile set, falling back to 1 default profile: "default"
2024-12-27 01:54:11.011 Multiple Spring Data modules found, entering strict repository configuration mode
2024-12-27 01:54:11.013 Bootstrapping Spring Data Redis repositories in DEFAULT mode.
2024-12-27 01:54:11.035 Finished Spring Data repository scanning in 11 ms. Found 0 Redis repository interfaces.
2024-12-27 01:54:11.925 Exposing 1 endpoint(s) beneath base path '/actuator'
2024-12-27 01:54:12.374 Netty started on port 8083
2024-12-27 01:54:12.389 Started PingApplication in 2.602 seconds (process running for 3.058)
2024-12-27 01:54:12.718 Failed to set request count to lock
java.io.IOException: 另一个程序已锁定文件的一部分，进程无法访问。
	at java.base/java.io.RandomAccessFile.writeBytes(Native Method)
	at java.base/java.io.RandomAccessFile.writeBytes(RandomAccessFile.java:1139)
	at com.demo.service.impl.FileLockThrottlingService.setRequestCount(FileLockThrottlingService.java:109)
	at com.demo.service.impl.FileLockThrottlingService.tryAcquire(FileLockThrottlingService.java:74)
	at com.demo.service.PingService.lambda$start$0(PingService.java:48)
	at reactor.core.publisher.FluxFilter$FilterConditionalSubscriber.onNext(FluxFilter.java:233)
	at reactor.core.publisher.FluxInterval$IntervalRunnable.run(FluxInterval.java:125)
	at reactor.core.scheduler.PeriodicWorkerTask.call(PeriodicWorkerTask.java:59)
	at reactor.core.scheduler.PeriodicWorkerTask.run(PeriodicWorkerTask.java:73)
	at java.base/java.util.concurrent.Executors$RunnableAdapter.call(Executors.java:539)
	at java.base/java.util.concurrent.FutureTask.runAndReset(FutureTask.java:305)
	at java.base/java.util.concurrent.ScheduledThreadPoolExecutor$ScheduledFutureTask.run(ScheduledThreadPoolExecutor.java:305)
	at java.base/java.util.concurrent.ThreadPoolExecutor.runWorker(ThreadPoolExecutor.java:1136)
	at java.base/java.util.concurrent.ThreadPoolExecutor$Worker.run(ThreadPoolExecutor.java:635)
	at java.base/java.lang.Thread.run(Thread.java:842)
2024-12-27 01:54:12.836 Request 0 sent & Pong Respond: 200
2024-12-27 01:54:13.017 Failed to set request count to lock
java.io.IOException: 另一个程序已锁定文件的一部分，进程无法访问。
	at java.base/java.io.RandomAccessFile.writeBytes(Native Method)
	at java.base/java.io.RandomAccessFile.writeBytes(RandomAccessFile.java:1139)
	at com.demo.service.impl.FileLockThrottlingService.setRequestCount(FileLockThrottlingService.java:109)
	at com.demo.service.impl.FileLockThrottlingService.tryAcquire(FileLockThrottlingService.java:74)
	at com.demo.service.PingService.lambda$start$0(PingService.java:48)
	at reactor.core.publisher.FluxFilter$FilterConditionalSubscriber.onNext(FluxFilter.java:233)
	at reactor.core.publisher.FluxInterval$IntervalRunnable.run(FluxInterval.java:125)
	at reactor.core.scheduler.PeriodicWorkerTask.call(PeriodicWorkerTask.java:59)
	at reactor.core.scheduler.PeriodicWorkerTask.run(PeriodicWorkerTask.java:73)
	at java.base/java.util.concurrent.Executors$RunnableAdapter.call(Executors.java:539)
	at java.base/java.util.concurrent.FutureTask.runAndReset(FutureTask.java:305)
	at java.base/java.util.concurrent.ScheduledThreadPoolExecutor$ScheduledFutureTask.run(ScheduledThreadPoolExecutor.java:305)
	at java.base/java.util.concurrent.ThreadPoolExecutor.runWorker(ThreadPoolExecutor.java:1136)
	at java.base/java.util.concurrent.ThreadPoolExecutor$Worker.run(ThreadPoolExecutor.java:635)
	at java.base/java.lang.Thread.run(Thread.java:842)
2024-12-27 01:54:13.023 Request 1 sent & Pong Respond: 200
2024-12-27 01:54:13.313 Failed to set request count to lock
java.io.IOException: 另一个程序已锁定文件的一部分，进程无法访问。
	at java.base/java.io.RandomAccessFile.writeBytes(Native Method)
	at java.base/java.io.RandomAccessFile.writeBytes(RandomAccessFile.java:1139)
	at com.demo.service.impl.FileLockThrottlingService.setRequestCount(FileLockThrottlingService.java:109)
	at com.demo.service.impl.FileLockThrottlingService.tryAcquire(FileLockThrottlingService.java:74)
	at com.demo.service.PingService.lambda$start$0(PingService.java:48)
	at reactor.core.publisher.FluxFilter$FilterConditionalSubscriber.onNext(FluxFilter.java:233)
	at reactor.core.publisher.FluxInterval$IntervalRunnable.run(FluxInterval.java:125)
	at reactor.core.scheduler.PeriodicWorkerTask.call(PeriodicWorkerTask.java:59)
	at reactor.core.scheduler.PeriodicWorkerTask.run(PeriodicWorkerTask.java:73)
	at java.base/java.util.concurrent.Executors$RunnableAdapter.call(Executors.java:539)
	at java.base/java.util.concurrent.FutureTask.runAndReset(FutureTask.java:305)
	at java.base/java.util.concurrent.ScheduledThreadPoolExecutor$ScheduledFutureTask.run(ScheduledThreadPoolExecutor.java:305)
	at java.base/java.util.concurrent.ThreadPoolExecutor.runWorker(ThreadPoolExecutor.java:1136)
	at java.base/java.util.concurrent.ThreadPoolExecutor$Worker.run(ThreadPoolExecutor.java:635)
	at java.base/java.lang.Thread.run(Thread.java:842)
2024-12-27 01:54:13.334 Request 2 send & Pong throttled it 429
2024-12-27 01:54:13.628 Failed to set request count to lock
java.io.IOException: 另一个程序已锁定文件的一部分，进程无法访问。
	at java.base/java.io.RandomAccessFile.writeBytes(Native Method)
	at java.base/java.io.RandomAccessFile.writeBytes(RandomAccessFile.java:1139)
	at com.demo.service.impl.FileLockThrottlingService.setRequestCount(FileLockThrottlingService.java:109)
	at com.demo.service.impl.FileLockThrottlingService.tryAcquire(FileLockThrottlingService.java:74)
	at com.demo.service.PingService.lambda$start$0(PingService.java:48)
	at reactor.core.publisher.FluxFilter$FilterConditionalSubscriber.onNext(FluxFilter.java:233)
	at reactor.core.publisher.FluxInterval$IntervalRunnable.run(FluxInterval.java:125)
	at reactor.core.scheduler.PeriodicWorkerTask.call(PeriodicWorkerTask.java:59)
	at reactor.core.scheduler.PeriodicWorkerTask.run(PeriodicWorkerTask.java:73)
	at java.base/java.util.concurrent.Executors$RunnableAdapter.call(Executors.java:539)
	at java.base/java.util.concurrent.FutureTask.runAndReset(FutureTask.java:305)
	at java.base/java.util.concurrent.ScheduledThreadPoolExecutor$ScheduledFutureTask.run(ScheduledThreadPoolExecutor.java:305)
	at java.base/java.util.concurrent.ThreadPoolExecutor.runWorker(ThreadPoolExecutor.java:1136)
	at java.base/java.util.concurrent.ThreadPoolExecutor$Worker.run(ThreadPoolExecutor.java:635)
	at java.base/java.lang.Thread.run(Thread.java:842)
2024-12-27 01:54:13.634 Request 3 send & Pong throttled it 429
2024-12-27 01:54:13.923 Failed to set request count to lock
java.io.IOException: 另一个程序已锁定文件的一部分，进程无法访问。
	at java.base/java.io.RandomAccessFile.writeBytes(Native Method)
	at java.base/java.io.RandomAccessFile.writeBytes(RandomAccessFile.java:1139)
	at com.demo.service.impl.FileLockThrottlingService.setRequestCount(FileLockThrottlingService.java:109)
	at com.demo.service.impl.FileLockThrottlingService.tryAcquire(FileLockThrottlingService.java:74)
	at com.demo.service.PingService.lambda$start$0(PingService.java:48)
	at reactor.core.publisher.FluxFilter$FilterConditionalSubscriber.onNext(FluxFilter.java:233)
	at reactor.core.publisher.FluxInterval$IntervalRunnable.run(FluxInterval.java:125)
	at reactor.core.scheduler.PeriodicWorkerTask.call(PeriodicWorkerTask.java:59)
	at reactor.core.scheduler.PeriodicWorkerTask.run(PeriodicWorkerTask.java:73)
	at java.base/java.util.concurrent.Executors$RunnableAdapter.call(Executors.java:539)
	at java.base/java.util.concurrent.FutureTask.runAndReset(FutureTask.java:305)
	at java.base/java.util.concurrent.ScheduledThreadPoolExecutor$ScheduledFutureTask.run(ScheduledThreadPoolExecutor.java:305)
	at java.base/java.util.concurrent.ThreadPoolExecutor.runWorker(ThreadPoolExecutor.java:1136)
	at java.base/java.util.concurrent.ThreadPoolExecutor$Worker.run(ThreadPoolExecutor.java:635)
	at java.base/java.lang.Thread.run(Thread.java:842)
2024-12-27 01:54:13.929 Request 4 sent & Pong Respond: 200
2024-12-27 01:54:14.220 Failed to set request count to lock
java.io.IOException: 另一个程序已锁定文件的一部分，进程无法访问。
	at java.base/java.io.RandomAccessFile.writeBytes(Native Method)
	at java.base/java.io.RandomAccessFile.writeBytes(RandomAccessFile.java:1139)
	at com.demo.service.impl.FileLockThrottlingService.setRequestCount(FileLockThrottlingService.java:109)
	at com.demo.service.impl.FileLockThrottlingService.tryAcquire(FileLockThrottlingService.java:74)
	at com.demo.service.PingService.lambda$start$0(PingService.java:48)
	at reactor.core.publisher.FluxFilter$FilterConditionalSubscriber.onNext(FluxFilter.java:233)
	at reactor.core.publisher.FluxInterval$IntervalRunnable.run(FluxInterval.java:125)
	at reactor.core.scheduler.PeriodicWorkerTask.call(PeriodicWorkerTask.java:59)
	at reactor.core.scheduler.PeriodicWorkerTask.run(PeriodicWorkerTask.java:73)
	at java.base/java.util.concurrent.Executors$RunnableAdapter.call(Executors.java:539)
	at java.base/java.util.concurrent.FutureTask.runAndReset(FutureTask.java:305)
	at java.base/java.util.concurrent.ScheduledThreadPoolExecutor$ScheduledFutureTask.run(ScheduledThreadPoolExecutor.java:305)
	at java.base/java.util.concurrent.ThreadPoolExecutor.runWorker(ThreadPoolExecutor.java:1136)
	at java.base/java.util.concurrent.ThreadPoolExecutor$Worker.run(ThreadPoolExecutor.java:635)
	at java.base/java.lang.Thread.run(Thread.java:842)
2024-12-27 01:54:14.226 Request 5 send & Pong throttled it 429
2024-12-27 01:54:14.516 Failed to set request count to lock
java.io.IOException: 另一个程序已锁定文件的一部分，进程无法访问。
	at java.base/java.io.RandomAccessFile.writeBytes(Native Method)
	at java.base/java.io.RandomAccessFile.writeBytes(RandomAccessFile.java:1139)
	at com.demo.service.impl.FileLockThrottlingService.setRequestCount(FileLockThrottlingService.java:109)
	at com.demo.service.impl.FileLockThrottlingService.tryAcquire(FileLockThrottlingService.java:74)
	at com.demo.service.PingService.lambda$start$0(PingService.java:48)
	at reactor.core.publisher.FluxFilter$FilterConditionalSubscriber.onNext(FluxFilter.java:233)
	at reactor.core.publisher.FluxInterval$IntervalRunnable.run(FluxInterval.java:125)
	at reactor.core.scheduler.PeriodicWorkerTask.call(PeriodicWorkerTask.java:59)
	at reactor.core.scheduler.PeriodicWorkerTask.run(PeriodicWorkerTask.java:73)
	at java.base/java.util.concurrent.Executors$RunnableAdapter.call(Executors.java:539)
	at java.base/java.util.concurrent.FutureTask.runAndReset(FutureTask.java:305)
	at java.base/java.util.concurrent.ScheduledThreadPoolExecutor$ScheduledFutureTask.run(ScheduledThreadPoolExecutor.java:305)
	at java.base/java.util.concurrent.ThreadPoolExecutor.runWorker(ThreadPoolExecutor.java:1136)
	at java.base/java.util.concurrent.ThreadPoolExecutor$Worker.run(ThreadPoolExecutor.java:635)
	at java.base/java.lang.Thread.run(Thread.java:842)
2024-12-27 01:54:14.524 Request 6 send & Pong throttled it 429
2024-12-27 01:54:14.827 Failed to set request count to lock
java.io.IOException: 另一个程序已锁定文件的一部分，进程无法访问。
	at java.base/java.io.RandomAccessFile.writeBytes(Native Method)
	at java.base/java.io.RandomAccessFile.writeBytes(RandomAccessFile.java:1139)
	at com.demo.service.impl.FileLockThrottlingService.setRequestCount(FileLockThrottlingService.java:109)
	at com.demo.service.impl.FileLockThrottlingService.tryAcquire(FileLockThrottlingService.java:74)
	at com.demo.service.PingService.lambda$start$0(PingService.java:48)
	at reactor.core.publisher.FluxFilter$FilterConditionalSubscriber.onNext(FluxFilter.java:233)
	at reactor.core.publisher.FluxInterval$IntervalRunnable.run(FluxInterval.java:125)
	at reactor.core.scheduler.PeriodicWorkerTask.call(PeriodicWorkerTask.java:59)
	at reactor.core.scheduler.PeriodicWorkerTask.run(PeriodicWorkerTask.java:73)
	at java.base/java.util.concurrent.Executors$RunnableAdapter.call(Executors.java:539)
	at java.base/java.util.concurrent.FutureTask.runAndReset(FutureTask.java:305)
	at java.base/java.util.concurrent.ScheduledThreadPoolExecutor$ScheduledFutureTask.run(ScheduledThreadPoolExecutor.java:305)
	at java.base/java.util.concurrent.ThreadPoolExecutor.runWorker(ThreadPoolExecutor.java:1136)
	at java.base/java.util.concurrent.ThreadPoolExecutor$Worker.run(ThreadPoolExecutor.java:635)
	at java.base/java.lang.Thread.run(Thread.java:842)
2024-12-27 01:54:14.832 Request 7 sent & Pong Respond: 200
2024-12-27 01:54:15.126 Failed to set request count to lock
java.io.IOException: 另一个程序已锁定文件的一部分，进程无法访问。
	at java.base/java.io.RandomAccessFile.writeBytes(Native Method)
	at java.base/java.io.RandomAccessFile.writeBytes(RandomAccessFile.java:1139)
	at com.demo.service.impl.FileLockThrottlingService.setRequestCount(FileLockThrottlingService.java:109)
	at com.demo.service.impl.FileLockThrottlingService.tryAcquire(FileLockThrottlingService.java:74)
	at com.demo.service.PingService.lambda$start$0(PingService.java:48)
	at reactor.core.publisher.FluxFilter$FilterConditionalSubscriber.onNext(FluxFilter.java:233)
	at reactor.core.publisher.FluxInterval$IntervalRunnable.run(FluxInterval.java:125)
	at reactor.core.scheduler.PeriodicWorkerTask.call(PeriodicWorkerTask.java:59)
	at reactor.core.scheduler.PeriodicWorkerTask.run(PeriodicWorkerTask.java:73)
	at java.base/java.util.concurrent.Executors$RunnableAdapter.call(Executors.java:539)
	at java.base/java.util.concurrent.FutureTask.runAndReset(FutureTask.java:305)
	at java.base/java.util.concurrent.ScheduledThreadPoolExecutor$ScheduledFutureTask.run(ScheduledThreadPoolExecutor.java:305)
	at java.base/java.util.concurrent.ThreadPoolExecutor.runWorker(ThreadPoolExecutor.java:1136)
	at java.base/java.util.concurrent.ThreadPoolExecutor$Worker.run(ThreadPoolExecutor.java:635)
	at java.base/java.lang.Thread.run(Thread.java:842)
2024-12-27 01:54:15.132 Request 8 send & Pong throttled it 429
2024-12-27 01:54:15.420 Failed to set request count to lock
java.io.IOException: 另一个程序已锁定文件的一部分，进程无法访问。
	at java.base/java.io.RandomAccessFile.writeBytes(Native Method)
	at java.base/java.io.RandomAccessFile.writeBytes(RandomAccessFile.java:1139)
	at com.demo.service.impl.FileLockThrottlingService.setRequestCount(FileLockThrottlingService.java:109)
	at com.demo.service.impl.FileLockThrottlingService.tryAcquire(FileLockThrottlingService.java:74)
	at com.demo.service.PingService.lambda$start$0(PingService.java:48)
	at reactor.core.publisher.FluxFilter$FilterConditionalSubscriber.onNext(FluxFilter.java:233)
	at reactor.core.publisher.FluxInterval$IntervalRunnable.run(FluxInterval.java:125)
	at reactor.core.scheduler.PeriodicWorkerTask.call(PeriodicWorkerTask.java:59)
	at reactor.core.scheduler.PeriodicWorkerTask.run(PeriodicWorkerTask.java:73)
	at java.base/java.util.concurrent.Executors$RunnableAdapter.call(Executors.java:539)
	at java.base/java.util.concurrent.FutureTask.runAndReset(FutureTask.java:305)
	at java.base/java.util.concurrent.ScheduledThreadPoolExecutor$ScheduledFutureTask.run(ScheduledThreadPoolExecutor.java:305)
	at java.base/java.util.concurrent.ThreadPoolExecutor.runWorker(ThreadPoolExecutor.java:1136)
	at java.base/java.util.concurrent.ThreadPoolExecutor$Worker.run(ThreadPoolExecutor.java:635)
	at java.base/java.lang.Thread.run(Thread.java:842)
2024-12-27 01:54:15.427 Request 9 send & Pong throttled it 429
2024-12-27 01:54:15.716 Failed to set request count to lock
java.io.IOException: 另一个程序已锁定文件的一部分，进程无法访问。
	at java.base/java.io.RandomAccessFile.writeBytes(Native Method)
	at java.base/java.io.RandomAccessFile.writeBytes(RandomAccessFile.java:1139)
	at com.demo.service.impl.FileLockThrottlingService.setRequestCount(FileLockThrottlingService.java:109)
	at com.demo.service.impl.FileLockThrottlingService.tryAcquire(FileLockThrottlingService.java:74)
	at com.demo.service.PingService.lambda$start$0(PingService.java:48)
	at reactor.core.publisher.FluxFilter$FilterConditionalSubscriber.onNext(FluxFilter.java:233)
	at reactor.core.publisher.FluxInterval$IntervalRunnable.run(FluxInterval.java:125)
	at reactor.core.scheduler.PeriodicWorkerTask.call(PeriodicWorkerTask.java:59)
	at reactor.core.scheduler.PeriodicWorkerTask.run(PeriodicWorkerTask.java:73)
	at java.base/java.util.concurrent.Executors$RunnableAdapter.call(Executors.java:539)
	at java.base/java.util.concurrent.FutureTask.runAndReset(FutureTask.java:305)
	at java.base/java.util.concurrent.ScheduledThreadPoolExecutor$ScheduledFutureTask.run(ScheduledThreadPoolExecutor.java:305)
	at java.base/java.util.concurrent.ThreadPoolExecutor.runWorker(ThreadPoolExecutor.java:1136)
	at java.base/java.util.concurrent.ThreadPoolExecutor$Worker.run(ThreadPoolExecutor.java:635)
	at java.base/java.lang.Thread.run(Thread.java:842)
2024-12-27 01:54:15.722 Request 10 send & Pong throttled it 429
2024-12-27 01:54:16.013 Failed to set request count to lock
java.io.IOException: 另一个程序已锁定文件的一部分，进程无法访问。
	at java.base/java.io.RandomAccessFile.writeBytes(Native Method)
	at java.base/java.io.RandomAccessFile.writeBytes(RandomAccessFile.java:1139)
	at com.demo.service.impl.FileLockThrottlingService.setRequestCount(FileLockThrottlingService.java:109)
	at com.demo.service.impl.FileLockThrottlingService.tryAcquire(FileLockThrottlingService.java:74)
	at com.demo.service.PingService.lambda$start$0(PingService.java:48)
	at reactor.core.publisher.FluxFilter$FilterConditionalSubscriber.onNext(FluxFilter.java:233)
	at reactor.core.publisher.FluxInterval$IntervalRunnable.run(FluxInterval.java:125)
	at reactor.core.scheduler.PeriodicWorkerTask.call(PeriodicWorkerTask.java:59)
	at reactor.core.scheduler.PeriodicWorkerTask.run(PeriodicWorkerTask.java:73)
	at java.base/java.util.concurrent.Executors$RunnableAdapter.call(Executors.java:539)
	at java.base/java.util.concurrent.FutureTask.runAndReset(FutureTask.java:305)
	at java.base/java.util.concurrent.ScheduledThreadPoolExecutor$ScheduledFutureTask.run(ScheduledThreadPoolExecutor.java:305)
	at java.base/java.util.concurrent.ThreadPoolExecutor.runWorker(ThreadPoolExecutor.java:1136)
	at java.base/java.util.concurrent.ThreadPoolExecutor$Worker.run(ThreadPoolExecutor.java:635)
	at java.base/java.lang.Thread.run(Thread.java:842)
2024-12-27 01:54:16.019 Request 11 sent & Pong Respond: 200
2024-12-27 01:54:16.323 Failed to set request count to lock
java.io.IOException: 另一个程序已锁定文件的一部分，进程无法访问。
	at java.base/java.io.RandomAccessFile.writeBytes(Native Method)
	at java.base/java.io.RandomAccessFile.writeBytes(RandomAccessFile.java:1139)
	at com.demo.service.impl.FileLockThrottlingService.setRequestCount(FileLockThrottlingService.java:109)
	at com.demo.service.impl.FileLockThrottlingService.tryAcquire(FileLockThrottlingService.java:74)
	at com.demo.service.PingService.lambda$start$0(PingService.java:48)
	at reactor.core.publisher.FluxFilter$FilterConditionalSubscriber.onNext(FluxFilter.java:233)
	at reactor.core.publisher.FluxInterval$IntervalRunnable.run(FluxInterval.java:125)
	at reactor.core.scheduler.PeriodicWorkerTask.call(PeriodicWorkerTask.java:59)
	at reactor.core.scheduler.PeriodicWorkerTask.run(PeriodicWorkerTask.java:73)
	at java.base/java.util.concurrent.Executors$RunnableAdapter.call(Executors.java:539)
	at java.base/java.util.concurrent.FutureTask.runAndReset(FutureTask.java:305)
	at java.base/java.util.concurrent.ScheduledThreadPoolExecutor$ScheduledFutureTask.run(ScheduledThreadPoolExecutor.java:305)
	at java.base/java.util.concurrent.ThreadPoolExecutor.runWorker(ThreadPoolExecutor.java:1136)
	at java.base/java.util.concurrent.ThreadPoolExecutor$Worker.run(ThreadPoolExecutor.java:635)
	at java.base/java.lang.Thread.run(Thread.java:842)
2024-12-27 01:54:16.330 Request 12 send & Pong throttled it 429
2024-12-27 01:54:16.621 Failed to set request count to lock
java.io.IOException: 另一个程序已锁定文件的一部分，进程无法访问。
	at java.base/java.io.RandomAccessFile.writeBytes(Native Method)
	at java.base/java.io.RandomAccessFile.writeBytes(RandomAccessFile.java:1139)
	at com.demo.service.impl.FileLockThrottlingService.setRequestCount(FileLockThrottlingService.java:109)
	at com.demo.service.impl.FileLockThrottlingService.tryAcquire(FileLockThrottlingService.java:74)
	at com.demo.service.PingService.lambda$start$0(PingService.java:48)
	at reactor.core.publisher.FluxFilter$FilterConditionalSubscriber.onNext(FluxFilter.java:233)
	at reactor.core.publisher.FluxInterval$IntervalRunnable.run(FluxInterval.java:125)
	at reactor.core.scheduler.PeriodicWorkerTask.call(PeriodicWorkerTask.java:59)
	at reactor.core.scheduler.PeriodicWorkerTask.run(PeriodicWorkerTask.java:73)
	at java.base/java.util.concurrent.Executors$RunnableAdapter.call(Executors.java:539)
	at java.base/java.util.concurrent.FutureTask.runAndReset(FutureTask.java:305)
	at java.base/java.util.concurrent.ScheduledThreadPoolExecutor$ScheduledFutureTask.run(ScheduledThreadPoolExecutor.java:305)
	at java.base/java.util.concurrent.ThreadPoolExecutor.runWorker(ThreadPoolExecutor.java:1136)
	at java.base/java.util.concurrent.ThreadPoolExecutor$Worker.run(ThreadPoolExecutor.java:635)
	at java.base/java.lang.Thread.run(Thread.java:842)
2024-12-27 01:54:16.629 Request 13 send & Pong throttled it 429
2024-12-27 01:54:16.919 Failed to set request count to lock
java.io.IOException: 另一个程序已锁定文件的一部分，进程无法访问。
	at java.base/java.io.RandomAccessFile.writeBytes(Native Method)
	at java.base/java.io.RandomAccessFile.writeBytes(RandomAccessFile.java:1139)
	at com.demo.service.impl.FileLockThrottlingService.setRequestCount(FileLockThrottlingService.java:109)
	at com.demo.service.impl.FileLockThrottlingService.tryAcquire(FileLockThrottlingService.java:74)
	at com.demo.service.PingService.lambda$start$0(PingService.java:48)
	at reactor.core.publisher.FluxFilter$FilterConditionalSubscriber.onNext(FluxFilter.java:233)
	at reactor.core.publisher.FluxInterval$IntervalRunnable.run(FluxInterval.java:125)
	at reactor.core.scheduler.PeriodicWorkerTask.call(PeriodicWorkerTask.java:59)
	at reactor.core.scheduler.PeriodicWorkerTask.run(PeriodicWorkerTask.java:73)
	at java.base/java.util.concurrent.Executors$RunnableAdapter.call(Executors.java:539)
	at java.base/java.util.concurrent.FutureTask.runAndReset(FutureTask.java:305)
	at java.base/java.util.concurrent.ScheduledThreadPoolExecutor$ScheduledFutureTask.run(ScheduledThreadPoolExecutor.java:305)
	at java.base/java.util.concurrent.ThreadPoolExecutor.runWorker(ThreadPoolExecutor.java:1136)
	at java.base/java.util.concurrent.ThreadPoolExecutor$Worker.run(ThreadPoolExecutor.java:635)
	at java.base/java.lang.Thread.run(Thread.java:842)
2024-12-27 01:54:16.923 Request 14 sent & Pong Respond: 200
2024-12-27 01:54:17.216 Failed to set request count to lock
java.io.IOException: 另一个程序已锁定文件的一部分，进程无法访问。
	at java.base/java.io.RandomAccessFile.writeBytes(Native Method)
	at java.base/java.io.RandomAccessFile.writeBytes(RandomAccessFile.java:1139)
	at com.demo.service.impl.FileLockThrottlingService.setRequestCount(FileLockThrottlingService.java:109)
	at com.demo.service.impl.FileLockThrottlingService.tryAcquire(FileLockThrottlingService.java:74)
	at com.demo.service.PingService.lambda$start$0(PingService.java:48)
	at reactor.core.publisher.FluxFilter$FilterConditionalSubscriber.onNext(FluxFilter.java:233)
	at reactor.core.publisher.FluxInterval$IntervalRunnable.run(FluxInterval.java:125)
	at reactor.core.scheduler.PeriodicWorkerTask.call(PeriodicWorkerTask.java:59)
	at reactor.core.scheduler.PeriodicWorkerTask.run(PeriodicWorkerTask.java:73)
	at java.base/java.util.concurrent.Executors$RunnableAdapter.call(Executors.java:539)
	at java.base/java.util.concurrent.FutureTask.runAndReset(FutureTask.java:305)
	at java.base/java.util.concurrent.ScheduledThreadPoolExecutor$ScheduledFutureTask.run(ScheduledThreadPoolExecutor.java:305)
	at java.base/java.util.concurrent.ThreadPoolExecutor.runWorker(ThreadPoolExecutor.java:1136)
	at java.base/java.util.concurrent.ThreadPoolExecutor$Worker.run(ThreadPoolExecutor.java:635)
	at java.base/java.lang.Thread.run(Thread.java:842)
2024-12-27 01:54:17.224 Request 15 send & Pong throttled it 429
2024-12-27 01:54:17.511 Failed to set request count to lock
java.io.IOException: 另一个程序已锁定文件的一部分，进程无法访问。
	at java.base/java.io.RandomAccessFile.writeBytes(Native Method)
	at java.base/java.io.RandomAccessFile.writeBytes(RandomAccessFile.java:1139)
	at com.demo.service.impl.FileLockThrottlingService.setRequestCount(FileLockThrottlingService.java:109)
	at com.demo.service.impl.FileLockThrottlingService.tryAcquire(FileLockThrottlingService.java:74)
	at com.demo.service.PingService.lambda$start$0(PingService.java:48)
	at reactor.core.publisher.FluxFilter$FilterConditionalSubscriber.onNext(FluxFilter.java:233)
	at reactor.core.publisher.FluxInterval$IntervalRunnable.run(FluxInterval.java:125)
	at reactor.core.scheduler.PeriodicWorkerTask.call(PeriodicWorkerTask.java:59)
	at reactor.core.scheduler.PeriodicWorkerTask.run(PeriodicWorkerTask.java:73)
	at java.base/java.util.concurrent.Executors$RunnableAdapter.call(Executors.java:539)
	at java.base/java.util.concurrent.FutureTask.runAndReset(FutureTask.java:305)
	at java.base/java.util.concurrent.ScheduledThreadPoolExecutor$ScheduledFutureTask.run(ScheduledThreadPoolExecutor.java:305)
	at java.base/java.util.concurrent.ThreadPoolExecutor.runWorker(ThreadPoolExecutor.java:1136)
	at java.base/java.util.concurrent.ThreadPoolExecutor$Worker.run(ThreadPoolExecutor.java:635)
	at java.base/java.lang.Thread.run(Thread.java:842)
2024-12-27 01:54:17.518 Request 16 send & Pong throttled it 429
2024-12-27 01:54:17.823 Failed to set request count to lock
java.io.IOException: 另一个程序已锁定文件的一部分，进程无法访问。
	at java.base/java.io.RandomAccessFile.writeBytes(Native Method)
	at java.base/java.io.RandomAccessFile.writeBytes(RandomAccessFile.java:1139)
	at com.demo.service.impl.FileLockThrottlingService.setRequestCount(FileLockThrottlingService.java:109)
	at com.demo.service.impl.FileLockThrottlingService.tryAcquire(FileLockThrottlingService.java:74)
	at com.demo.service.PingService.lambda$start$0(PingService.java:48)
	at reactor.core.publisher.FluxFilter$FilterConditionalSubscriber.onNext(FluxFilter.java:233)
	at reactor.core.publisher.FluxInterval$IntervalRunnable.run(FluxInterval.java:125)
	at reactor.core.scheduler.PeriodicWorkerTask.call(PeriodicWorkerTask.java:59)
	at reactor.core.scheduler.PeriodicWorkerTask.run(PeriodicWorkerTask.java:73)
	at java.base/java.util.concurrent.Executors$RunnableAdapter.call(Executors.java:539)
	at java.base/java.util.concurrent.FutureTask.runAndReset(FutureTask.java:305)
	at java.base/java.util.concurrent.ScheduledThreadPoolExecutor$ScheduledFutureTask.run(ScheduledThreadPoolExecutor.java:305)
	at java.base/java.util.concurrent.ThreadPoolExecutor.runWorker(ThreadPoolExecutor.java:1136)
	at java.base/java.util.concurrent.ThreadPoolExecutor$Worker.run(ThreadPoolExecutor.java:635)
	at java.base/java.lang.Thread.run(Thread.java:842)
2024-12-27 01:54:17.827 Request 17 sent & Pong Respond: 200
2024-12-27 01:54:18.119 Failed to set request count to lock
java.io.IOException: 另一个程序已锁定文件的一部分，进程无法访问。
	at java.base/java.io.RandomAccessFile.writeBytes(Native Method)
	at java.base/java.io.RandomAccessFile.writeBytes(RandomAccessFile.java:1139)
	at com.demo.service.impl.FileLockThrottlingService.setRequestCount(FileLockThrottlingService.java:109)
	at com.demo.service.impl.FileLockThrottlingService.tryAcquire(FileLockThrottlingService.java:74)
	at com.demo.service.PingService.lambda$start$0(PingService.java:48)
	at reactor.core.publisher.FluxFilter$FilterConditionalSubscriber.onNext(FluxFilter.java:233)
	at reactor.core.publisher.FluxInterval$IntervalRunnable.run(FluxInterval.java:125)
	at reactor.core.scheduler.PeriodicWorkerTask.call(PeriodicWorkerTask.java:59)
	at reactor.core.scheduler.PeriodicWorkerTask.run(PeriodicWorkerTask.java:73)
	at java.base/java.util.concurrent.Executors$RunnableAdapter.call(Executors.java:539)
	at java.base/java.util.concurrent.FutureTask.runAndReset(FutureTask.java:305)
	at java.base/java.util.concurrent.ScheduledThreadPoolExecutor$ScheduledFutureTask.run(ScheduledThreadPoolExecutor.java:305)
	at java.base/java.util.concurrent.ThreadPoolExecutor.runWorker(ThreadPoolExecutor.java:1136)
	at java.base/java.util.concurrent.ThreadPoolExecutor$Worker.run(ThreadPoolExecutor.java:635)
	at java.base/java.lang.Thread.run(Thread.java:842)
2024-12-27 01:54:18.126 Request 18 send & Pong throttled it 429
2024-12-27 01:54:18.416 Failed to set request count to lock
java.io.IOException: 另一个程序已锁定文件的一部分，进程无法访问。
	at java.base/java.io.RandomAccessFile.writeBytes(Native Method)
	at java.base/java.io.RandomAccessFile.writeBytes(RandomAccessFile.java:1139)
	at com.demo.service.impl.FileLockThrottlingService.setRequestCount(FileLockThrottlingService.java:109)
	at com.demo.service.impl.FileLockThrottlingService.tryAcquire(FileLockThrottlingService.java:74)
	at com.demo.service.PingService.lambda$start$0(PingService.java:48)
	at reactor.core.publisher.FluxFilter$FilterConditionalSubscriber.onNext(FluxFilter.java:233)
	at reactor.core.publisher.FluxInterval$IntervalRunnable.run(FluxInterval.java:125)
	at reactor.core.scheduler.PeriodicWorkerTask.call(PeriodicWorkerTask.java:59)
	at reactor.core.scheduler.PeriodicWorkerTask.run(PeriodicWorkerTask.java:73)
	at java.base/java.util.concurrent.Executors$RunnableAdapter.call(Executors.java:539)
	at java.base/java.util.concurrent.FutureTask.runAndReset(FutureTask.java:305)
	at java.base/java.util.concurrent.ScheduledThreadPoolExecutor$ScheduledFutureTask.run(ScheduledThreadPoolExecutor.java:305)
	at java.base/java.util.concurrent.ThreadPoolExecutor.runWorker(ThreadPoolExecutor.java:1136)
	at java.base/java.util.concurrent.ThreadPoolExecutor$Worker.run(ThreadPoolExecutor.java:635)
	at java.base/java.lang.Thread.run(Thread.java:842)
2024-12-27 01:54:18.421 Request 19 send & Pong throttled it 429
2024-12-27 01:54:18.712 Failed to set request count to lock
java.io.IOException: 另一个程序已锁定文件的一部分，进程无法访问。
	at java.base/java.io.RandomAccessFile.writeBytes(Native Method)
	at java.base/java.io.RandomAccessFile.writeBytes(RandomAccessFile.java:1139)
	at com.demo.service.impl.FileLockThrottlingService.setRequestCount(FileLockThrottlingService.java:109)
	at com.demo.service.impl.FileLockThrottlingService.tryAcquire(FileLockThrottlingService.java:74)
	at com.demo.service.PingService.lambda$start$0(PingService.java:48)
	at reactor.core.publisher.FluxFilter$FilterConditionalSubscriber.onNext(FluxFilter.java:233)
	at reactor.core.publisher.FluxInterval$IntervalRunnable.run(FluxInterval.java:125)
	at reactor.core.scheduler.PeriodicWorkerTask.call(PeriodicWorkerTask.java:59)
	at reactor.core.scheduler.PeriodicWorkerTask.run(PeriodicWorkerTask.java:73)
	at java.base/java.util.concurrent.Executors$RunnableAdapter.call(Executors.java:539)
	at java.base/java.util.concurrent.FutureTask.runAndReset(FutureTask.java:305)
	at java.base/java.util.concurrent.ScheduledThreadPoolExecutor$ScheduledFutureTask.run(ScheduledThreadPoolExecutor.java:305)
	at java.base/java.util.concurrent.ThreadPoolExecutor.runWorker(ThreadPoolExecutor.java:1136)
	at java.base/java.util.concurrent.ThreadPoolExecutor$Worker.run(ThreadPoolExecutor.java:635)
	at java.base/java.lang.Thread.run(Thread.java:842)
2024-12-27 01:54:18.718 Request 20 send & Pong throttled it 429
2024-12-27 01:54:19.024 Failed to set request count to lock
java.io.IOException: 另一个程序已锁定文件的一部分，进程无法访问。
	at java.base/java.io.RandomAccessFile.writeBytes(Native Method)
	at java.base/java.io.RandomAccessFile.writeBytes(RandomAccessFile.java:1139)
	at com.demo.service.impl.FileLockThrottlingService.setRequestCount(FileLockThrottlingService.java:109)
	at com.demo.service.impl.FileLockThrottlingService.tryAcquire(FileLockThrottlingService.java:74)
	at com.demo.service.PingService.lambda$start$0(PingService.java:48)
	at reactor.core.publisher.FluxFilter$FilterConditionalSubscriber.onNext(FluxFilter.java:233)
	at reactor.core.publisher.FluxInterval$IntervalRunnable.run(FluxInterval.java:125)
	at reactor.core.scheduler.PeriodicWorkerTask.call(PeriodicWorkerTask.java:59)
	at reactor.core.scheduler.PeriodicWorkerTask.run(PeriodicWorkerTask.java:73)
	at java.base/java.util.concurrent.Executors$RunnableAdapter.call(Executors.java:539)
	at java.base/java.util.concurrent.FutureTask.runAndReset(FutureTask.java:305)
	at java.base/java.util.concurrent.ScheduledThreadPoolExecutor$ScheduledFutureTask.run(ScheduledThreadPoolExecutor.java:305)
	at java.base/java.util.concurrent.ThreadPoolExecutor.runWorker(ThreadPoolExecutor.java:1136)
	at java.base/java.util.concurrent.ThreadPoolExecutor$Worker.run(ThreadPoolExecutor.java:635)
	at java.base/java.lang.Thread.run(Thread.java:842)
2024-12-27 01:54:19.028 Request 21 sent & Pong Respond: 200
2024-12-27 01:54:19.325 Failed to set request count to lock
java.io.IOException: 另一个程序已锁定文件的一部分，进程无法访问。
	at java.base/java.io.RandomAccessFile.writeBytes(Native Method)
	at java.base/java.io.RandomAccessFile.writeBytes(RandomAccessFile.java:1139)
	at com.demo.service.impl.FileLockThrottlingService.setRequestCount(FileLockThrottlingService.java:109)
	at com.demo.service.impl.FileLockThrottlingService.tryAcquire(FileLockThrottlingService.java:74)
	at com.demo.service.PingService.lambda$start$0(PingService.java:48)
	at reactor.core.publisher.FluxFilter$FilterConditionalSubscriber.onNext(FluxFilter.java:233)
	at reactor.core.publisher.FluxInterval$IntervalRunnable.run(FluxInterval.java:125)
	at reactor.core.scheduler.PeriodicWorkerTask.call(PeriodicWorkerTask.java:59)
	at reactor.core.scheduler.PeriodicWorkerTask.run(PeriodicWorkerTask.java:73)
	at java.base/java.util.concurrent.Executors$RunnableAdapter.call(Executors.java:539)
	at java.base/java.util.concurrent.FutureTask.runAndReset(FutureTask.java:305)
	at java.base/java.util.concurrent.ScheduledThreadPoolExecutor$ScheduledFutureTask.run(ScheduledThreadPoolExecutor.java:305)
	at java.base/java.util.concurrent.ThreadPoolExecutor.runWorker(ThreadPoolExecutor.java:1136)
	at java.base/java.util.concurrent.ThreadPoolExecutor$Worker.run(ThreadPoolExecutor.java:635)
	at java.base/java.lang.Thread.run(Thread.java:842)
2024-12-27 01:54:19.331 Request 22 send & Pong throttled it 429
2024-12-27 01:54:19.619 Failed to set request count to lock
java.io.IOException: 另一个程序已锁定文件的一部分，进程无法访问。
	at java.base/java.io.RandomAccessFile.writeBytes(Native Method)
	at java.base/java.io.RandomAccessFile.writeBytes(RandomAccessFile.java:1139)
	at com.demo.service.impl.FileLockThrottlingService.setRequestCount(FileLockThrottlingService.java:109)
	at com.demo.service.impl.FileLockThrottlingService.tryAcquire(FileLockThrottlingService.java:74)
	at com.demo.service.PingService.lambda$start$0(PingService.java:48)
	at reactor.core.publisher.FluxFilter$FilterConditionalSubscriber.onNext(FluxFilter.java:233)
	at reactor.core.publisher.FluxInterval$IntervalRunnable.run(FluxInterval.java:125)
	at reactor.core.scheduler.PeriodicWorkerTask.call(PeriodicWorkerTask.java:59)
	at reactor.core.scheduler.PeriodicWorkerTask.run(PeriodicWorkerTask.java:73)
	at java.base/java.util.concurrent.Executors$RunnableAdapter.call(Executors.java:539)
	at java.base/java.util.concurrent.FutureTask.runAndReset(FutureTask.java:305)
	at java.base/java.util.concurrent.ScheduledThreadPoolExecutor$ScheduledFutureTask.run(ScheduledThreadPoolExecutor.java:305)
	at java.base/java.util.concurrent.ThreadPoolExecutor.runWorker(ThreadPoolExecutor.java:1136)
	at java.base/java.util.concurrent.ThreadPoolExecutor$Worker.run(ThreadPoolExecutor.java:635)
	at java.base/java.lang.Thread.run(Thread.java:842)
2024-12-27 01:54:19.624 Request 23 send & Pong throttled it 429
2024-12-27 01:54:19.915 Failed to set request count to lock
java.io.IOException: 另一个程序已锁定文件的一部分，进程无法访问。
	at java.base/java.io.RandomAccessFile.writeBytes(Native Method)
	at java.base/java.io.RandomAccessFile.writeBytes(RandomAccessFile.java:1139)
	at com.demo.service.impl.FileLockThrottlingService.setRequestCount(FileLockThrottlingService.java:109)
	at com.demo.service.impl.FileLockThrottlingService.tryAcquire(FileLockThrottlingService.java:74)
	at com.demo.service.PingService.lambda$start$0(PingService.java:48)
	at reactor.core.publisher.FluxFilter$FilterConditionalSubscriber.onNext(FluxFilter.java:233)
	at reactor.core.publisher.FluxInterval$IntervalRunnable.run(FluxInterval.java:125)
	at reactor.core.scheduler.PeriodicWorkerTask.call(PeriodicWorkerTask.java:59)
	at reactor.core.scheduler.PeriodicWorkerTask.run(PeriodicWorkerTask.java:73)
	at java.base/java.util.concurrent.Executors$RunnableAdapter.call(Executors.java:539)
	at java.base/java.util.concurrent.FutureTask.runAndReset(FutureTask.java:305)
	at java.base/java.util.concurrent.ScheduledThreadPoolExecutor$ScheduledFutureTask.run(ScheduledThreadPoolExecutor.java:305)
	at java.base/java.util.concurrent.ThreadPoolExecutor.runWorker(ThreadPoolExecutor.java:1136)
	at java.base/java.util.concurrent.ThreadPoolExecutor$Worker.run(ThreadPoolExecutor.java:635)
	at java.base/java.lang.Thread.run(Thread.java:842)
2024-12-27 01:54:19.921 Request 24 sent & Pong Respond: 200
2024-12-27 01:54:20.211 Failed to set request count to lock
java.io.IOException: 另一个程序已锁定文件的一部分，进程无法访问。
	at java.base/java.io.RandomAccessFile.writeBytes(Native Method)
	at java.base/java.io.RandomAccessFile.writeBytes(RandomAccessFile.java:1139)
	at com.demo.service.impl.FileLockThrottlingService.setRequestCount(FileLockThrottlingService.java:109)
	at com.demo.service.impl.FileLockThrottlingService.tryAcquire(FileLockThrottlingService.java:74)
	at com.demo.service.PingService.lambda$start$0(PingService.java:48)
	at reactor.core.publisher.FluxFilter$FilterConditionalSubscriber.onNext(FluxFilter.java:233)
	at reactor.core.publisher.FluxInterval$IntervalRunnable.run(FluxInterval.java:125)
	at reactor.core.scheduler.PeriodicWorkerTask.call(PeriodicWorkerTask.java:59)
	at reactor.core.scheduler.PeriodicWorkerTask.run(PeriodicWorkerTask.java:73)
	at java.base/java.util.concurrent.Executors$RunnableAdapter.call(Executors.java:539)
	at java.base/java.util.concurrent.FutureTask.runAndReset(FutureTask.java:305)
	at java.base/java.util.concurrent.ScheduledThreadPoolExecutor$ScheduledFutureTask.run(ScheduledThreadPoolExecutor.java:305)
	at java.base/java.util.concurrent.ThreadPoolExecutor.runWorker(ThreadPoolExecutor.java:1136)
	at java.base/java.util.concurrent.ThreadPoolExecutor$Worker.run(ThreadPoolExecutor.java:635)
	at java.base/java.lang.Thread.run(Thread.java:842)
2024-12-27 01:54:20.217 Request 25 send & Pong throttled it 429
2024-12-27 01:54:20.522 Failed to set request count to lock
java.io.IOException: 另一个程序已锁定文件的一部分，进程无法访问。
	at java.base/java.io.RandomAccessFile.writeBytes(Native Method)
	at java.base/java.io.RandomAccessFile.writeBytes(RandomAccessFile.java:1139)
	at com.demo.service.impl.FileLockThrottlingService.setRequestCount(FileLockThrottlingService.java:109)
	at com.demo.service.impl.FileLockThrottlingService.tryAcquire(FileLockThrottlingService.java:74)
	at com.demo.service.PingService.lambda$start$0(PingService.java:48)
	at reactor.core.publisher.FluxFilter$FilterConditionalSubscriber.onNext(FluxFilter.java:233)
	at reactor.core.publisher.FluxInterval$IntervalRunnable.run(FluxInterval.java:125)
	at reactor.core.scheduler.PeriodicWorkerTask.call(PeriodicWorkerTask.java:59)
	at reactor.core.scheduler.PeriodicWorkerTask.run(PeriodicWorkerTask.java:73)
	at java.base/java.util.concurrent.Executors$RunnableAdapter.call(Executors.java:539)
	at java.base/java.util.concurrent.FutureTask.runAndReset(FutureTask.java:305)
	at java.base/java.util.concurrent.ScheduledThreadPoolExecutor$ScheduledFutureTask.run(ScheduledThreadPoolExecutor.java:305)
	at java.base/java.util.concurrent.ThreadPoolExecutor.runWorker(ThreadPoolExecutor.java:1136)
	at java.base/java.util.concurrent.ThreadPoolExecutor$Worker.run(ThreadPoolExecutor.java:635)
	at java.base/java.lang.Thread.run(Thread.java:842)
2024-12-27 01:54:20.527 Request 26 send & Pong throttled it 429
2024-12-27 01:54:20.822 Failed to set request count to lock
java.io.IOException: 另一个程序已锁定文件的一部分，进程无法访问。
	at java.base/java.io.RandomAccessFile.writeBytes(Native Method)
	at java.base/java.io.RandomAccessFile.writeBytes(RandomAccessFile.java:1139)
	at com.demo.service.impl.FileLockThrottlingService.setRequestCount(FileLockThrottlingService.java:109)
	at com.demo.service.impl.FileLockThrottlingService.tryAcquire(FileLockThrottlingService.java:74)
	at com.demo.service.PingService.lambda$start$0(PingService.java:48)
	at reactor.core.publisher.FluxFilter$FilterConditionalSubscriber.onNext(FluxFilter.java:233)
	at reactor.core.publisher.FluxInterval$IntervalRunnable.run(FluxInterval.java:125)
	at reactor.core.scheduler.PeriodicWorkerTask.call(PeriodicWorkerTask.java:59)
	at reactor.core.scheduler.PeriodicWorkerTask.run(PeriodicWorkerTask.java:73)
	at java.base/java.util.concurrent.Executors$RunnableAdapter.call(Executors.java:539)
	at java.base/java.util.concurrent.FutureTask.runAndReset(FutureTask.java:305)
	at java.base/java.util.concurrent.ScheduledThreadPoolExecutor$ScheduledFutureTask.run(ScheduledThreadPoolExecutor.java:305)
	at java.base/java.util.concurrent.ThreadPoolExecutor.runWorker(ThreadPoolExecutor.java:1136)
	at java.base/java.util.concurrent.ThreadPoolExecutor$Worker.run(ThreadPoolExecutor.java:635)
	at java.base/java.lang.Thread.run(Thread.java:842)
2024-12-27 01:54:20.842 Request 27 sent & Pong Respond: 200
2024-12-27 01:54:21.119 Failed to set request count to lock
java.io.IOException: 另一个程序已锁定文件的一部分，进程无法访问。
	at java.base/java.io.RandomAccessFile.writeBytes(Native Method)
	at java.base/java.io.RandomAccessFile.writeBytes(RandomAccessFile.java:1139)
	at com.demo.service.impl.FileLockThrottlingService.setRequestCount(FileLockThrottlingService.java:109)
	at com.demo.service.impl.FileLockThrottlingService.tryAcquire(FileLockThrottlingService.java:74)
	at com.demo.service.PingService.lambda$start$0(PingService.java:48)
	at reactor.core.publisher.FluxFilter$FilterConditionalSubscriber.onNext(FluxFilter.java:233)
	at reactor.core.publisher.FluxInterval$IntervalRunnable.run(FluxInterval.java:125)
	at reactor.core.scheduler.PeriodicWorkerTask.call(PeriodicWorkerTask.java:59)
	at reactor.core.scheduler.PeriodicWorkerTask.run(PeriodicWorkerTask.java:73)
	at java.base/java.util.concurrent.Executors$RunnableAdapter.call(Executors.java:539)
	at java.base/java.util.concurrent.FutureTask.runAndReset(FutureTask.java:305)
	at java.base/java.util.concurrent.ScheduledThreadPoolExecutor$ScheduledFutureTask.run(ScheduledThreadPoolExecutor.java:305)
	at java.base/java.util.concurrent.ThreadPoolExecutor.runWorker(ThreadPoolExecutor.java:1136)
	at java.base/java.util.concurrent.ThreadPoolExecutor$Worker.run(ThreadPoolExecutor.java:635)
	at java.base/java.lang.Thread.run(Thread.java:842)
2024-12-27 01:54:21.126 Request 28 send & Pong throttled it 429
2024-12-27 01:54:21.416 Failed to set request count to lock
java.io.IOException: 另一个程序已锁定文件的一部分，进程无法访问。
	at java.base/java.io.RandomAccessFile.writeBytes(Native Method)
	at java.base/java.io.RandomAccessFile.writeBytes(RandomAccessFile.java:1139)
	at com.demo.service.impl.FileLockThrottlingService.setRequestCount(FileLockThrottlingService.java:109)
	at com.demo.service.impl.FileLockThrottlingService.tryAcquire(FileLockThrottlingService.java:74)
	at com.demo.service.PingService.lambda$start$0(PingService.java:48)
	at reactor.core.publisher.FluxFilter$FilterConditionalSubscriber.onNext(FluxFilter.java:233)
	at reactor.core.publisher.FluxInterval$IntervalRunnable.run(FluxInterval.java:125)
	at reactor.core.scheduler.PeriodicWorkerTask.call(PeriodicWorkerTask.java:59)
	at reactor.core.scheduler.PeriodicWorkerTask.run(PeriodicWorkerTask.java:73)
	at java.base/java.util.concurrent.Executors$RunnableAdapter.call(Executors.java:539)
	at java.base/java.util.concurrent.FutureTask.runAndReset(FutureTask.java:305)
	at java.base/java.util.concurrent.ScheduledThreadPoolExecutor$ScheduledFutureTask.run(ScheduledThreadPoolExecutor.java:305)
	at java.base/java.util.concurrent.ThreadPoolExecutor.runWorker(ThreadPoolExecutor.java:1136)
	at java.base/java.util.concurrent.ThreadPoolExecutor$Worker.run(ThreadPoolExecutor.java:635)
	at java.base/java.lang.Thread.run(Thread.java:842)
2024-12-27 01:54:21.424 Request 29 send & Pong throttled it 429
2024-12-27 01:54:21.715 Failed to set request count to lock
java.io.IOException: 另一个程序已锁定文件的一部分，进程无法访问。
	at java.base/java.io.RandomAccessFile.writeBytes(Native Method)
	at java.base/java.io.RandomAccessFile.writeBytes(RandomAccessFile.java:1139)
	at com.demo.service.impl.FileLockThrottlingService.setRequestCount(FileLockThrottlingService.java:109)
	at com.demo.service.impl.FileLockThrottlingService.tryAcquire(FileLockThrottlingService.java:74)
	at com.demo.service.PingService.lambda$start$0(PingService.java:48)
	at reactor.core.publisher.FluxFilter$FilterConditionalSubscriber.onNext(FluxFilter.java:233)
	at reactor.core.publisher.FluxInterval$IntervalRunnable.run(FluxInterval.java:125)
	at reactor.core.scheduler.PeriodicWorkerTask.call(PeriodicWorkerTask.java:59)
	at reactor.core.scheduler.PeriodicWorkerTask.run(PeriodicWorkerTask.java:73)
	at java.base/java.util.concurrent.Executors$RunnableAdapter.call(Executors.java:539)
	at java.base/java.util.concurrent.FutureTask.runAndReset(FutureTask.java:305)
	at java.base/java.util.concurrent.ScheduledThreadPoolExecutor$ScheduledFutureTask.run(ScheduledThreadPoolExecutor.java:305)
	at java.base/java.util.concurrent.ThreadPoolExecutor.runWorker(ThreadPoolExecutor.java:1136)
	at java.base/java.util.concurrent.ThreadPoolExecutor$Worker.run(ThreadPoolExecutor.java:635)
	at java.base/java.lang.Thread.run(Thread.java:842)
2024-12-27 01:54:21.721 Request 30 send & Pong throttled it 429
2024-12-27 01:54:22.011 Failed to set request count to lock
java.io.IOException: 另一个程序已锁定文件的一部分，进程无法访问。
	at java.base/java.io.RandomAccessFile.writeBytes(Native Method)
	at java.base/java.io.RandomAccessFile.writeBytes(RandomAccessFile.java:1139)
	at com.demo.service.impl.FileLockThrottlingService.setRequestCount(FileLockThrottlingService.java:109)
	at com.demo.service.impl.FileLockThrottlingService.tryAcquire(FileLockThrottlingService.java:74)
	at com.demo.service.PingService.lambda$start$0(PingService.java:48)
	at reactor.core.publisher.FluxFilter$FilterConditionalSubscriber.onNext(FluxFilter.java:233)
	at reactor.core.publisher.FluxInterval$IntervalRunnable.run(FluxInterval.java:125)
	at reactor.core.scheduler.PeriodicWorkerTask.call(PeriodicWorkerTask.java:59)
	at reactor.core.scheduler.PeriodicWorkerTask.run(PeriodicWorkerTask.java:73)
	at java.base/java.util.concurrent.Executors$RunnableAdapter.call(Executors.java:539)
	at java.base/java.util.concurrent.FutureTask.runAndReset(FutureTask.java:305)
	at java.base/java.util.concurrent.ScheduledThreadPoolExecutor$ScheduledFutureTask.run(ScheduledThreadPoolExecutor.java:305)
	at java.base/java.util.concurrent.ThreadPoolExecutor.runWorker(ThreadPoolExecutor.java:1136)
	at java.base/java.util.concurrent.ThreadPoolExecutor$Worker.run(ThreadPoolExecutor.java:635)
	at java.base/java.lang.Thread.run(Thread.java:842)
2024-12-27 01:54:22.016 Request 31 sent & Pong Respond: 200
2024-12-27 01:54:22.323 Failed to set request count to lock
java.io.IOException: 另一个程序已锁定文件的一部分，进程无法访问。
	at java.base/java.io.RandomAccessFile.writeBytes(Native Method)
	at java.base/java.io.RandomAccessFile.writeBytes(RandomAccessFile.java:1139)
	at com.demo.service.impl.FileLockThrottlingService.setRequestCount(FileLockThrottlingService.java:109)
	at com.demo.service.impl.FileLockThrottlingService.tryAcquire(FileLockThrottlingService.java:74)
	at com.demo.service.PingService.lambda$start$0(PingService.java:48)
	at reactor.core.publisher.FluxFilter$FilterConditionalSubscriber.onNext(FluxFilter.java:233)
	at reactor.core.publisher.FluxInterval$IntervalRunnable.run(FluxInterval.java:125)
	at reactor.core.scheduler.PeriodicWorkerTask.call(PeriodicWorkerTask.java:59)
	at reactor.core.scheduler.PeriodicWorkerTask.run(PeriodicWorkerTask.java:73)
	at java.base/java.util.concurrent.Executors$RunnableAdapter.call(Executors.java:539)
	at java.base/java.util.concurrent.FutureTask.runAndReset(FutureTask.java:305)
	at java.base/java.util.concurrent.ScheduledThreadPoolExecutor$ScheduledFutureTask.run(ScheduledThreadPoolExecutor.java:305)
	at java.base/java.util.concurrent.ThreadPoolExecutor.runWorker(ThreadPoolExecutor.java:1136)
	at java.base/java.util.concurrent.ThreadPoolExecutor$Worker.run(ThreadPoolExecutor.java:635)
	at java.base/java.lang.Thread.run(Thread.java:842)
2024-12-27 01:54:22.329 Request 32 send & Pong throttled it 429
2024-12-27 01:54:22.617 Failed to set request count to lock
java.io.IOException: 另一个程序已锁定文件的一部分，进程无法访问。
	at java.base/java.io.RandomAccessFile.writeBytes(Native Method)
	at java.base/java.io.RandomAccessFile.writeBytes(RandomAccessFile.java:1139)
	at com.demo.service.impl.FileLockThrottlingService.setRequestCount(FileLockThrottlingService.java:109)
	at com.demo.service.impl.FileLockThrottlingService.tryAcquire(FileLockThrottlingService.java:74)
	at com.demo.service.PingService.lambda$start$0(PingService.java:48)
	at reactor.core.publisher.FluxFilter$FilterConditionalSubscriber.onNext(FluxFilter.java:233)
	at reactor.core.publisher.FluxInterval$IntervalRunnable.run(FluxInterval.java:125)
	at reactor.core.scheduler.PeriodicWorkerTask.call(PeriodicWorkerTask.java:59)
	at reactor.core.scheduler.PeriodicWorkerTask.run(PeriodicWorkerTask.java:73)
	at java.base/java.util.concurrent.Executors$RunnableAdapter.call(Executors.java:539)
	at java.base/java.util.concurrent.FutureTask.runAndReset(FutureTask.java:305)
	at java.base/java.util.concurrent.ScheduledThreadPoolExecutor$ScheduledFutureTask.run(ScheduledThreadPoolExecutor.java:305)
	at java.base/java.util.concurrent.ThreadPoolExecutor.runWorker(ThreadPoolExecutor.java:1136)
	at java.base/java.util.concurrent.ThreadPoolExecutor$Worker.run(ThreadPoolExecutor.java:635)
	at java.base/java.lang.Thread.run(Thread.java:842)
2024-12-27 01:54:22.623 Request 33 send & Pong throttled it 429
