2025-01-04 00:06:45.308 Starting PingApplication using Java 17.0.12 with PID 30372 (C:\code\hsbc\demo\ping\target\classes started by joech in C:\code\hsbc\demo)
2025-01-04 00:06:45.319 No active profile set, falling back to 1 default profile: "default"
2025-01-04 00:06:46.705 Multiple Spring Data modules found, entering strict repository configuration mode
2025-01-04 00:06:46.707 Bootstrapping Spring Data Redis repositories in DEFAULT mode.
2025-01-04 00:06:46.730 Finished Spring Data repository scanning in 12 ms. Found 0 Redis repository interfaces.
2025-01-04 00:06:47.676 Exposing 1 endpoint(s) beneath base path '/actuator'
2025-01-04 00:06:48.278 Netty started on port 8084
2025-01-04 00:06:48.292 Started PingApplication in 3.866 seconds (process running for 4.835)
2025-01-04 00:06:49.318 Request 0 not sent as being 'ping rate limited'
2025-01-04 00:06:50.309 Request 1 not sent as being 'ping rate limited'
2025-01-04 00:06:51.310 Request 2 not sent as being 'ping rate limited'
2025-01-04 00:06:52.318 Request 3 not sent as being 'ping rate limited'
2025-01-04 00:06:53.317 Request 4 not sent as being 'ping rate limited'
2025-01-04 00:06:54.313 Request 5 not sent as being 'ping rate limited'
2025-01-04 00:06:55.320 Request 6 not sent as being 'ping rate limited'
2025-01-04 00:06:56.314 Request 7 not sent as being 'ping rate limited'
2025-01-04 00:06:57.313 Request 8 not sent as being 'ping rate limited'
2025-01-04 00:06:58.311 Request 9 not sent as being 'ping rate limited'
2025-01-04 00:06:59.580 Request 10 sent & Pong Respond: 200
2025-01-04 00:07:00.372 Request 11 send & Pong throttled it 429
2025-01-04 00:07:01.329 Request 12 send & Pong throttled it 429
2025-01-04 00:07:02.325 Request 13 send & Pong throttled it 429
2025-01-04 00:07:03.313 Request 14 send & Pong throttled it 429
2025-01-04 00:07:04.331 Request 15 send & Pong throttled it 429
2025-01-04 00:07:05.317 Request 16 send & Pong throttled it 429
2025-01-04 00:07:06.323 Request 17 sent & Pong Respond: 200
2025-01-04 00:07:07.321 Request 18 send & Pong throttled it 429
2025-01-04 00:07:08.314 Request 19 send & Pong throttled it 429
2025-01-04 00:07:09.320 Request 20 send & Pong throttled it 429
2025-01-04 00:07:10.316 Request 21 not sent as being 'ping rate limited'
2025-01-04 00:07:11.315 Request 22 not sent as being 'ping rate limited'
2025-01-04 00:07:12.320 Request 23 not sent as being 'ping rate limited'
2025-01-04 00:07:13.311 Request 24 not sent as being 'ping rate limited'
2025-01-04 00:07:14.308 Request 25 not sent as being 'ping rate limited'
2025-01-04 00:07:15.318 Request 26 not sent as being 'ping rate limited'
2025-01-04 00:07:16.317 Request 27 not sent as being 'ping rate limited'
2025-01-04 00:07:17.312 Request 28 not sent as being 'ping rate limited'
2025-01-04 00:07:18.308 Request 29 not sent as being 'ping rate limited'
2025-01-04 00:07:19.327 Request 30 send & Pong throttled it 429
2025-01-04 00:07:20.315 Request 31 send & Pong throttled it 429
2025-01-04 00:07:21.325 Request 32 send & Pong throttled it 429
2025-01-04 00:07:22.322 Request 33 send & Pong throttled it 429
2025-01-04 00:07:23.330 Request 34 send & Pong throttled it 429
2025-01-04 00:07:24.319 Request 35 send & Pong throttled it 429
2025-01-04 00:07:25.321 Request 36 send & Pong throttled it 429
2025-01-04 00:07:26.323 Request 37 send & Pong throttled it 429
2025-01-04 00:07:27.328 Request 38 send & Pong throttled it 429
2025-01-04 00:07:28.324 Request 39 sent & Pong Respond: 200
2025-01-04 00:07:29.327 Request 40 send & Pong throttled it 429
2025-01-04 00:07:30.332 Request 41 send & Pong throttled it 429
2025-01-04 00:07:31.316 Request 42 not sent as being 'ping rate limited'
2025-01-04 00:07:32.311 Request 43 not sent as being 'ping rate limited'
2025-01-04 00:07:33.317 Request 44 not sent as being 'ping rate limited'
2025-01-04 00:07:34.313 Request 45 not sent as being 'ping rate limited'
2025-01-04 00:07:35.322 Request 46 not sent as being 'ping rate limited'
2025-01-04 00:07:36.318 Request 47 not sent as being 'ping rate limited'
2025-01-04 00:07:37.320 Request 48 not sent as being 'ping rate limited'
2025-01-04 00:07:38.318 Request 49 send & Pong throttled it 429
2025-01-04 00:07:39.310 Request 50 not sent as being 'ping rate limited'
2025-01-04 00:07:40.307 Request 51 not sent as being 'ping rate limited'
2025-01-04 00:07:41.322 Request 52 not sent as being 'ping rate limited'
2025-01-04 00:07:42.319 Request 53 not sent as being 'ping rate limited'
2025-01-04 00:07:43.315 Request 54 send & Pong throttled it 429
2025-01-04 00:07:44.330 Request 55 send & Pong throttled it 429
2025-01-04 00:07:45.313 Request 56 send & Pong throttled it 429
2025-01-04 00:07:46.322 Request 57 send & Pong throttled it 429
2025-01-04 00:07:47.324 Request 58 sent & Pong Respond: 200
2025-01-04 00:07:48.320 Request 59 send & Pong throttled it 429
2025-01-04 00:07:49.317 Request 60 send & Pong throttled it 429
2025-01-04 00:07:50.333 Request 61 send & Pong throttled it 429
2025-01-04 00:07:51.327 Request 62 send & Pong throttled it 429
2025-01-04 00:07:52.312 Request 63 not sent as being 'ping rate limited'
2025-01-04 00:07:53.308 Request 64 not sent as being 'ping rate limited'
2025-01-04 00:07:54.320 Request 65 not sent as being 'ping rate limited'
2025-01-04 23:12:06.950 Starting PingApplication using Java 17.0.12 with PID 27636 (C:\code\hsbc\demo\ping\target\classes started by joech in C:\code\hsbc\demo)
2025-01-04 23:12:06.954 No active profile set, falling back to 1 default profile: "default"
2025-01-04 23:12:08.649 Multiple Spring Data modules found, entering strict repository configuration mode
2025-01-04 23:12:08.652 Bootstrapping Spring Data Redis repositories in DEFAULT mode.
2025-01-04 23:12:08.699 Finished Spring Data repository scanning in 23 ms. Found 0 Redis repository interfaces.
2025-01-04 23:12:09.938 Exposing 1 endpoint(s) beneath base path '/actuator'
2025-01-04 23:12:10.399 Netty started on port 8084
2025-01-04 23:12:10.410 Started PingApplication in 3.866 seconds (process running for 4.574)
2025-01-04 23:12:11.425 Request 0 not sent as being 'ping rate limited'
2025-01-04 23:12:12.426 Request 1 not sent as being 'ping rate limited'
2025-01-04 23:12:13.423 Request 2 not sent as being 'ping rate limited'
2025-01-04 23:12:14.437 Request 3 not sent as being 'ping rate limited'
2025-01-04 23:12:15.598 Request 4 send & Pong throttled it 429
2025-01-04 23:12:16.435 Request 5 send & Pong throttled it 429
2025-01-04 23:12:17.435 Request 6 sent & Pong Respond: 200
2025-01-04 23:12:18.436 Request 7 sent & Pong Respond: 200
2025-01-04 23:12:19.433 Request 8 sent & Pong Respond: 200
2025-01-04 23:12:20.443 Request 9 sent & Pong Respond: 200
2025-01-04 23:12:21.437 Request 10 sent & Pong Respond: 200
2025-01-04 23:12:22.434 Request 11 sent & Pong Respond: 200
2025-01-04 23:12:23.429 Request 12 sent & Pong Respond: 200
2025-01-04 23:12:24.431 Request 13 sent & Pong Respond: 200
2025-01-04 23:12:25.440 Request 14 sent & Pong Respond: 200
2025-01-04 23:12:26.438 Request 15 sent & Pong Respond: 200
2025-01-04 23:12:27.436 Request 16 not sent as being 'ping rate limited'
2025-01-04 23:12:28.443 Request 17 send & Pong throttled it 429
2025-01-04 23:12:29.422 Request 18 not sent as being 'ping rate limited'
2025-01-04 23:12:30.435 Request 19 not sent as being 'ping rate limited'
2025-01-04 23:12:31.427 Request 20 not sent as being 'ping rate limited'
2025-01-04 23:12:32.437 Request 21 not sent as being 'ping rate limited'
2025-01-04 23:12:33.434 Request 22 not sent as being 'ping rate limited'
2025-01-04 23:12:34.434 Request 23 not sent as being 'ping rate limited'
2025-01-04 23:12:35.436 Request 24 sent & Pong Respond: 200
2025-01-04 23:12:36.434 Request 25 sent & Pong Respond: 200
2025-01-04 23:12:37.434 Request 26 sent & Pong Respond: 200
2025-01-04 23:12:38.430 Request 27 sent & Pong Respond: 200
2025-01-04 23:12:39.429 Request 28 sent & Pong Respond: 200
2025-01-04 23:12:40.426 Request 29 not sent as being 'ping rate limited'
2025-01-04 23:12:41.439 Request 30 sent & Pong Respond: 200
2025-01-04 23:12:42.424 Request 31 not sent as being 'ping rate limited'
2025-01-04 23:12:43.436 Request 32 send & Pong throttled it 429
2025-01-04 23:12:44.437 Request 33 sent & Pong Respond: 200
2025-01-04 23:12:45.434 Request 34 sent & Pong Respond: 200
2025-01-04 23:12:46.428 Request 35 sent & Pong Respond: 200
2025-01-04 23:12:47.446 Request 36 sent & Pong Respond: 200
2025-01-04 23:12:48.439 Request 37 sent & Pong Respond: 200
2025-01-04 23:12:49.442 Request 38 not sent as being 'ping rate limited'
2025-01-04 23:12:50.437 Request 39 not sent as being 'ping rate limited'
2025-01-04 23:12:51.435 Request 40 not sent as being 'ping rate limited'
2025-01-04 23:12:52.436 Request 41 not sent as being 'ping rate limited'
2025-01-04 23:12:53.424 Request 42 not sent as being 'ping rate limited'
2025-01-04 23:12:54.441 Request 43 sent & Pong Respond: 200
2025-01-04 23:12:55.440 Request 44 sent & Pong Respond: 200
2025-01-04 23:12:56.434 Request 45 not sent as being 'ping rate limited'
2025-01-04 23:12:57.440 Request 46 sent & Pong Respond: 200
2025-01-04 23:12:58.456 Request 47 sent & Pong Respond: 200
2025-01-04 23:12:59.438 Request 48 sent & Pong Respond: 200
