2025-01-08 02:07:59.789 Starting PingApplication using Java 17.0.12 with PID 29184 (C:\code\hsbc\demo\ping\target\classes started by joech in C:\code\hsbc\demo)
2025-01-08 02:07:59.793 No active profile set, falling back to 1 default profile: "default"
2025-01-08 02:08:02.070 Multiple Spring Data modules found, entering strict repository configuration mode
2025-01-08 02:08:02.077 Bootstrapping Spring Data Redis repositories in DEFAULT mode.
2025-01-08 02:08:02.142 Finished Spring Data repository scanning in 35 ms. Found 0 Redis repository interfaces.
2025-01-08 02:08:03.514 Exposing 1 endpoint(s) beneath base path '/actuator'
2025-01-08 02:08:04.006 Netty started on port 8084
2025-01-08 02:08:04.026 Started PingApplication in 4.647 seconds (process running for 5.409)
2025-01-08 02:09:01.145 Request 0 not sent as being 'ping rate limited'
2025-01-08 02:09:02.267 Request 1 not sent as being 'ping rate limited'
2025-01-08 02:09:03.569 Request 2 sent & Pong Respond: 200
2025-01-08 02:09:04.146 Request 3 send & Pong throttled it 429
2025-01-08 02:09:05.253 Request 4 not sent as being 'ping rate limited'
2025-01-08 02:09:06.092 Request 5 sent & Pong Respond: 200
2025-01-08 02:09:07.036 Request 6 not sent as being 'ping rate limited'
2025-01-08 02:09:08.268 Request 7 sent & Pong Respond: 200
2025-01-08 02:09:09.144 Request 8 not sent as being 'ping rate limited'
2025-01-08 02:09:10.047 Request 9 not sent as being 'ping rate limited'
2025-01-08 02:09:11.147 Request 10 not sent as being 'ping rate limited'
2025-01-08 02:09:12.044 Request 11 sent & Pong Respond: 200
2025-01-08 02:09:13.252 Request 12 not sent as being 'ping rate limited'
2025-01-08 02:09:14.264 Request 13 not sent as being 'ping rate limited'
2025-01-08 02:09:15.162 Request 14 send & Pong throttled it 429
2025-01-08 02:09:16.083 Request 15 send & Pong throttled it 429
2025-01-08 02:09:17.153 Request 16 not sent as being 'ping rate limited'
2025-01-08 02:09:18.056 Request 17 sent & Pong Respond: 200
2025-01-08 02:09:19.146 Request 18 not sent as being 'ping rate limited'
2025-01-08 02:09:20.148 Request 19 send & Pong throttled it 429
2025-01-08 02:09:21.078 Request 20 send & Pong throttled it 429
2025-01-08 02:09:22.046 Request 21 sent & Pong Respond: 200
2025-01-08 02:09:23.371 Request 22 not sent as being 'ping rate limited'
2025-01-08 02:09:24.257 Request 23 not sent as being 'ping rate limited'
2025-01-08 02:09:25.184 Request 24 not sent as being 'ping rate limited'
2025-01-08 02:09:26.042 Request 25 sent & Pong Respond: 200
2025-01-08 02:09:27.050 Request 26 sent & Pong Respond: 200
2025-01-08 02:09:28.050 Request 27 send & Pong throttled it 429
2025-01-08 02:09:29.263 Request 28 not sent as being 'ping rate limited'
2025-01-08 02:09:30.157 Request 29 send & Pong throttled it 429
2025-01-08 02:09:31.088 Request 30 send & Pong throttled it 429
2025-01-08 02:09:32.093 Request 31 send & Pong throttled it 429
2025-01-08 02:09:33.152 Request 32 send & Pong throttled it 429
2025-01-08 02:09:34.252 Request 33 not sent as being 'ping rate limited'
2025-01-08 02:09:35.264 Request 34 not sent as being 'ping rate limited'
2025-01-08 02:09:36.256 Request 35 not sent as being 'ping rate limited'
2025-01-08 02:09:37.080 Request 36 send & Pong throttled it 429
2025-01-08 02:09:38.042 Request 37 sent & Pong Respond: 200
2025-01-08 02:09:39.250 Request 38 not sent as being 'ping rate limited'
2025-01-08 02:09:40.156 Request 39 send & Pong throttled it 429
2025-01-08 02:09:41.474 Request 40 not sent as being 'ping rate limited'
2025-01-08 02:09:42.038 Request 41 sent & Pong Respond: 200
2025-01-08 02:09:43.050 Request 42 sent & Pong Respond: 200
2025-01-08 02:09:44.256 Request 43 not sent as being 'ping rate limited'
2025-01-08 02:09:45.036 Request 44 sent & Pong Respond: 200
2025-01-08 02:09:46.256 Request 45 not sent as being 'ping rate limited'
2025-01-08 02:09:47.035 Request 46 not sent as being 'ping rate limited'
2025-01-08 02:09:48.045 Request 47 not sent as being 'ping rate limited'
2025-01-08 02:09:49.261 Request 48 send & Pong throttled it 429
2025-01-08 02:09:50.037 Request 49 not sent as being 'ping rate limited'
2025-01-08 02:09:51.039 Request 50 sent & Pong Respond: 200
2025-01-08 02:09:52.265 Request 51 send & Pong throttled it 429
2025-01-08 02:09:53.049 Request 52 sent & Pong Respond: 200
2025-01-08 02:09:54.258 Request 53 send & Pong throttled it 429
2025-01-08 02:09:55.041 Request 54 sent & Pong Respond: 200
2025-01-08 02:09:56.160 Request 55 send & Pong throttled it 429
2025-01-08 02:09:57.075 Request 56 not sent as being 'ping rate limited'
2025-01-08 02:09:58.046 Request 57 sent & Pong Respond: 200
2025-01-08 02:09:59.258 Request 58 not sent as being 'ping rate limited'
2025-01-08 02:10:00.143 Request 59 not sent as being 'ping rate limited'
2025-01-08 02:10:01.159 Request 60 send & Pong throttled it 429
2025-01-08 02:10:02.363 Request 61 not sent as being 'ping rate limited'
2025-01-08 02:10:03.142 Request 62 not sent as being 'ping rate limited'
2025-01-08 02:10:04.166 Request 63 send & Pong throttled it 429
2025-01-08 02:10:05.481 Request 64 sent & Pong Respond: 200
2025-01-08 02:10:06.052 Request 65 send & Pong throttled it 429
2025-01-08 02:10:07.365 Request 66 not sent as being 'ping rate limited'
2025-01-08 02:10:08.251 Request 67 not sent as being 'ping rate limited'
2025-01-08 02:10:09.580 Request 68 not sent as being 'ping rate limited'
2025-01-08 02:10:10.266 Request 69 not sent as being 'ping rate limited'
2025-01-08 02:10:11.150 Request 70 not sent as being 'ping rate limited'
2025-01-08 02:10:12.257 Request 71 not sent as being 'ping rate limited'
2025-01-08 02:10:13.583 Request 72 not sent as being 'ping rate limited'
2025-01-08 02:10:14.253 Request 73 not sent as being 'ping rate limited'
2025-01-08 02:10:15.053 Request 74 sent & Pong Respond: 200
2025-01-08 02:10:16.041 Request 75 sent & Pong Respond: 200
2025-01-08 02:10:17.253 Request 76 not sent as being 'ping rate limited'
2025-01-08 02:10:18.156 Request 77 not sent as being 'ping rate limited'
2025-01-08 02:10:19.150 Request 78 not sent as being 'ping rate limited'
2025-01-08 02:10:20.045 Request 79 sent & Pong Respond: 200
2025-01-08 02:10:21.257 Request 80 not sent as being 'ping rate limited'
2025-01-08 02:10:22.043 Request 81 sent & Pong Respond: 200
2025-01-08 02:10:23.252 Request 82 not sent as being 'ping rate limited'
2025-01-08 02:10:24.080 Request 83 send & Pong throttled it 429
2025-01-08 02:10:25.040 Request 84 sent & Pong Respond: 200
2025-01-08 02:10:26.250 Request 85 not sent as being 'ping rate limited'
2025-01-08 02:10:27.256 Request 86 not sent as being 'ping rate limited'
2025-01-08 02:10:28.094 Request 87 not sent as being 'ping rate limited'
2025-01-08 02:10:29.046 Request 88 sent & Pong Respond: 200
2025-01-08 02:10:30.155 Request 89 send & Pong throttled it 429
2025-01-08 02:10:31.098 Request 90 send & Pong throttled it 429
2025-01-08 02:10:32.144 Request 91 not sent as being 'ping rate limited'
2025-01-08 02:10:33.042 Request 92 sent & Pong Respond: 200
2025-01-08 02:10:34.149 Request 93 not sent as being 'ping rate limited'
2025-01-08 02:10:35.087 Request 94 send & Pong throttled it 429
2025-01-08 02:10:36.049 Request 95 sent & Pong Respond: 200
2025-01-08 02:10:37.080 Request 96 send & Pong throttled it 429
2025-01-08 02:10:38.472 Request 97 not sent as being 'ping rate limited'
2025-01-08 02:10:39.088 Request 98 sent & Pong Respond: 200
2025-01-08 02:10:40.082 Request 99 sent & Pong Respond: 200
2025-01-08 02:10:41.154 Request 100 send & Pong throttled it 429
2025-01-08 02:10:42.259 Request 101 send & Pong throttled it 429
2025-01-08 02:10:43.479 Request 102 sent & Pong Respond: 200
2025-01-08 02:10:44.259 Request 103 send & Pong throttled it 429
2025-01-08 02:10:45.483 Request 104 sent & Pong Respond: 200
2025-01-08 02:10:46.039 Request 105 not sent as being 'ping rate limited'
2025-01-08 02:10:47.264 Request 106 not sent as being 'ping rate limited'
2025-01-08 02:10:48.252 Request 107 not sent as being 'ping rate limited'
2025-01-08 02:10:49.048 Request 108 sent & Pong Respond: 200
2025-01-08 02:10:50.153 Request 109 not sent as being 'ping rate limited'
2025-01-08 02:10:51.046 Request 110 sent & Pong Respond: 200
2025-01-08 02:10:52.151 Request 111 not sent as being 'ping rate limited'
2025-01-08 02:10:53.251 Request 112 not sent as being 'ping rate limited'
2025-01-08 02:10:54.077 Request 113 send & Pong throttled it 429
2025-01-08 02:10:55.153 Request 114 send & Pong throttled it 429
2025-01-08 02:10:56.049 Request 115 sent & Pong Respond: 200
2025-01-08 02:10:57.148 Request 116 not sent as being 'ping rate limited'
2025-01-08 02:10:58.141 Request 117 not sent as being 'ping rate limited'
2025-01-08 02:10:59.048 Request 118 sent & Pong Respond: 200
2025-01-08 02:11:00.365 Request 119 not sent as being 'ping rate limited'
2025-01-08 02:11:01.147 Request 120 not sent as being 'ping rate limited'
2025-01-08 02:11:02.090 Request 121 send & Pong throttled it 429
2025-01-08 02:11:03.041 Request 122 sent & Pong Respond: 200
2025-01-08 02:11:04.045 Request 123 sent & Pong Respond: 200
2025-01-08 02:11:05.183 Request 124 not sent as being 'ping rate limited'
2025-01-08 02:11:06.255 Request 125 not sent as being 'ping rate limited'
2025-01-08 02:11:07.251 Request 126 not sent as being 'ping rate limited'
2025-01-08 02:11:08.048 Request 127 sent & Pong Respond: 200
2025-01-08 02:11:09.252 Request 128 not sent as being 'ping rate limited'
2025-01-08 02:11:10.374 Request 129 not sent as being 'ping rate limited'
2025-01-08 02:11:11.261 Request 130 not sent as being 'ping rate limited'
2025-01-08 02:11:12.035 Request 131 sent & Pong Respond: 200
2025-01-08 02:11:13.261 Request 132 not sent as being 'ping rate limited'
2025-01-08 02:11:14.043 Request 133 sent & Pong Respond: 200
2025-01-08 02:11:15.257 Request 134 not sent as being 'ping rate limited'
2025-01-08 02:11:16.035 Request 135 sent & Pong Respond: 200
2025-01-08 02:11:17.046 Request 136 sent & Pong Respond: 200
2025-01-08 02:11:18.039 Request 137 sent & Pong Respond: 200
2025-01-08 02:11:19.255 Request 138 not sent as being 'ping rate limited'
2025-01-08 02:11:20.089 Request 139 send & Pong throttled it 429
2025-01-08 02:11:21.076 Request 140 send & Pong throttled it 429
2025-01-08 02:11:22.039 Request 141 not sent as being 'ping rate limited'
2025-01-08 02:11:23.255 Request 142 not sent as being 'ping rate limited'
2025-01-08 02:11:24.148 Request 143 sent & Pong Respond: 200
2025-01-08 02:11:25.073 Request 144 not sent as being 'ping rate limited'
2025-01-08 02:11:26.042 Request 145 sent & Pong Respond: 200
2025-01-08 02:11:27.142 Request 146 not sent as being 'ping rate limited'
2025-01-08 02:11:28.046 Request 147 sent & Pong Respond: 200
2025-01-08 02:11:29.045 Request 148 sent & Pong Respond: 200
2025-01-08 02:11:30.476 Request 149 sent & Pong Respond: 200
2025-01-08 02:11:31.085 Request 150 not sent as being 'ping rate limited'
2025-01-08 02:11:32.487 Request 151 sent & Pong Respond: 200
2025-01-08 02:11:33.037 Request 152 send & Pong throttled it 429
2025-01-08 02:11:34.149 Request 153 not sent as being 'ping rate limited'
2025-01-08 02:11:35.151 Request 154 send & Pong throttled it 429
2025-01-08 02:11:36.372 Request 155 not sent as being 'ping rate limited'
2025-01-08 02:11:37.152 Request 156 not sent as being 'ping rate limited'
2025-01-08 02:11:38.257 Request 157 not sent as being 'ping rate limited'
2025-01-08 02:11:39.043 Request 158 sent & Pong Respond: 200
2025-01-08 02:11:40.372 Request 159 not sent as being 'ping rate limited'
2025-01-08 02:11:41.257 Request 160 not sent as being 'ping rate limited'
2025-01-08 02:11:42.146 Request 161 not sent as being 'ping rate limited'
2025-01-08 02:11:43.144 Request 162 not sent as being 'ping rate limited'
2025-01-08 02:11:44.263 Request 163 not sent as being 'ping rate limited'
2025-01-08 02:11:45.256 Request 164 not sent as being 'ping rate limited'
2025-01-08 02:11:46.144 Request 165 not sent as being 'ping rate limited'
2025-01-08 02:11:47.035 Request 166 sent & Pong Respond: 200
2025-01-08 02:11:48.367 Request 167 not sent as being 'ping rate limited'
2025-01-08 02:11:49.038 Request 168 sent & Pong Respond: 200
2025-01-08 02:11:50.077 Request 169 send & Pong throttled it 429
2025-01-08 02:11:51.476 Request 170 not sent as being 'ping rate limited'
2025-01-08 02:11:52.252 Request 171 not sent as being 'ping rate limited'
2025-01-08 02:11:53.147 Request 172 send & Pong throttled it 429
2025-01-08 02:11:54.075 Request 173 send & Pong throttled it 429
2025-01-08 02:11:55.042 Request 174 sent & Pong Respond: 200
2025-01-08 02:11:56.153 Request 175 not sent as being 'ping rate limited'
2025-01-08 02:11:57.078 Request 176 send & Pong throttled it 429
2025-01-08 02:11:58.040 Request 177 sent & Pong Respond: 200
2025-01-08 02:11:59.078 Request 178 send & Pong throttled it 429
2025-01-08 02:12:00.361 Request 179 not sent as being 'ping rate limited'
2025-01-08 02:12:01.062 Request 180 sent & Pong Respond: 200
2025-01-08 02:12:02.257 Request 181 not sent as being 'ping rate limited'
2025-01-08 02:12:03.101 Request 182 sent & Pong Respond: 200
2025-01-08 02:12:04.263 Request 183 sent & Pong Respond: 200
2025-01-08 02:12:05.040 Request 184 not sent as being 'ping rate limited'
2025-01-08 02:12:06.255 Request 185 sent & Pong Respond: 200
2025-01-08 02:12:07.149 Request 186 not sent as being 'ping rate limited'
2025-01-08 02:12:08.142 Request 187 not sent as being 'ping rate limited'
2025-01-08 02:12:09.043 Request 188 sent & Pong Respond: 200
2025-01-08 02:12:10.043 Request 189 sent & Pong Respond: 200
2025-01-08 02:12:11.041 Request 190 sent & Pong Respond: 200
2025-01-08 02:12:12.141 Request 191 not sent as being 'ping rate limited'
2025-01-08 02:12:13.379 Request 192 send & Pong throttled it 429
2025-01-08 02:12:14.154 Request 193 not sent as being 'ping rate limited'
2025-01-08 02:12:15.076 Request 194 send & Pong throttled it 429
2025-01-08 02:12:16.140 Request 195 not sent as being 'ping rate limited'
2025-01-08 02:12:17.044 Request 196 sent & Pong Respond: 200
2025-01-08 02:12:18.261 Request 197 not sent as being 'ping rate limited'
2025-01-08 02:12:19.040 Request 198 sent & Pong Respond: 200
2025-01-08 02:12:20.084 Request 199 send & Pong throttled it 429
2025-01-08 02:12:21.256 Request 200 not sent as being 'ping rate limited'
2025-01-08 02:12:22.035 Request 201 sent & Pong Respond: 200
2025-01-08 02:12:23.259 Request 202 not sent as being 'ping rate limited'
2025-01-08 02:12:24.266 Request 203 not sent as being 'ping rate limited'
2025-01-08 02:12:25.263 Request 204 not sent as being 'ping rate limited'
2025-01-08 02:12:26.038 Request 205 sent & Pong Respond: 200
2025-01-08 02:12:27.259 Request 206 not sent as being 'ping rate limited'
2025-01-08 02:12:28.049 Request 207 sent & Pong Respond: 200
2025-01-08 02:12:29.368 Request 208 not sent as being 'ping rate limited'
2025-01-08 02:12:30.252 Request 209 not sent as being 'ping rate limited'
2025-01-08 02:12:31.260 Request 210 not sent as being 'ping rate limited'
2025-01-08 02:12:32.040 Request 211 sent & Pong Respond: 200
2025-01-08 02:12:33.141 Request 212 not sent as being 'ping rate limited'
2025-01-08 02:12:34.262 Request 213 not sent as being 'ping rate limited'
2025-01-08 02:12:35.096 Request 214 sent & Pong Respond: 200
