2024-12-26 15:13:03.943 Starting PingApplication using Java 17.0.12 with PID 24768 (C:\code\hbsc\ping\target\classes started by joech in C:\code\hbsc)
2024-12-26 15:13:03.945 No active profile set, falling back to 1 default profile: "default"
2024-12-26 15:13:04.405 Multiple Spring Data modules found, entering strict repository configuration mode
2024-12-26 15:13:04.408 Bootstrapping Spring Data Redis repositories in DEFAULT mode.
2024-12-26 15:13:04.436 Finished Spring Data repository scanning in 13 ms. Found 0 Redis repository interfaces.
2024-12-26 15:13:05.415 Netty started on port 8082
2024-12-26 15:13:05.425 Started PingApplication in 1.754 seconds (process running for 2.166)
2024-12-26 15:13:05.876 Request sent & Pong Respond: World
2024-12-26 15:13:06.046 Request sent & Pong Respond: World
2024-12-26 15:13:06.368 Request send & Pong throttled it
2024-12-26 15:13:06.952 Request sent & Pong Respond: World
2024-12-26 15:13:07.249 Request send & Pong throttled it
2024-12-26 15:13:07.857 Request send & Pong throttled it
2024-12-26 15:13:08.153 Request sent & Pong Respond: World
2024-12-26 15:13:09.046 Request sent & Pong Respond: World
2024-12-26 15:13:09.359 Request send & Pong throttled it
2024-12-26 15:13:09.954 Request sent & Pong Respond: World
2024-12-26 15:13:10.253 Request send & Pong throttled it
2024-12-26 15:13:10.849 Request send & Pong throttled it
2024-12-26 15:13:11.158 Request sent & Pong Respond: World
2024-12-26 15:13:12.059 Request sent & Pong Respond: World
2024-12-26 15:13:12.356 Request send & Pong throttled it
2024-12-26 15:13:12.951 Request sent & Pong Respond: World
2024-12-26 15:13:13.247 Request send & Pong throttled it
2024-12-26 15:13:13.869 Request sent & Pong Respond: World
2024-12-26 15:13:14.151 Request send & Pong throttled it
2024-12-26 15:13:15.053 Request sent & Pong Respond: World
2024-12-26 15:13:15.350 Request send & Pong throttled it
