2024-12-27 12:18:38.363 Starting PingApplication using Java 17.0.12 with PID 11976 (C:\code\hbsc\ping\target\classes started by joech in C:\code\hbsc)
2024-12-27 12:18:38.365 No active profile set, falling back to 1 default profile: "default"
2024-12-27 12:18:39.155 Multiple Spring Data modules found, entering strict repository configuration mode
2024-12-27 12:18:39.157 Bootstrapping Spring Data Redis repositories in DEFAULT mode.
2024-12-27 12:18:39.179 Finished Spring Data repository scanning in 11 ms. Found 0 Redis repository interfaces.
2024-12-27 12:18:40.040 Exposing 1 endpoint(s) beneath base path '/actuator'
2024-12-27 12:18:40.382 Netty started on port 8082
2024-12-27 12:18:40.394 Started PingApplication in 2.338 seconds (process running for 2.959)
2024-12-27 12:18:40.713 Request count: 2 in current second
2024-12-27 12:18:40.715 Request 0 not sent as being 'ping rate limited'
2024-12-27 12:18:41.011 Request count: 2 in current second
2024-12-27 12:18:41.011 Request 1 not sent as being 'ping rate limited'
2024-12-27 12:18:41.307 Request count: 2 in current second
2024-12-27 12:18:41.308 Request 2 not sent as being 'ping rate limited'
2024-12-27 12:18:41.609 Request count: 2 in current second
2024-12-27 12:18:41.609 Request 3 not sent as being 'ping rate limited'
2024-12-27 12:18:41.910 Request count: 2 in current second
2024-12-27 12:18:41.911 Request 4 not sent as being 'ping rate limited'
2024-12-27 12:18:42.221 Request count: 2 in current second
2024-12-27 12:18:42.221 Request 5 not sent as being 'ping rate limited'
2024-12-27 12:18:42.507 Request count: 2 in current second
2024-12-27 12:18:42.507 Request 6 not sent as being 'ping rate limited'
2024-12-27 12:18:42.820 Request count: 2 in current second
2024-12-27 12:18:42.822 Request 7 not sent as being 'ping rate limited'
2024-12-27 12:18:43.120 Request count: 2 in current second
2024-12-27 12:18:43.120 Request 8 not sent as being 'ping rate limited'
2024-12-27 12:18:43.419 Request count: 2 in current second
2024-12-27 12:18:43.419 Request 9 not sent as being 'ping rate limited'
2024-12-27 12:18:43.716 Request count: 2 in current second
2024-12-27 12:18:43.718 Request 10 not sent as being 'ping rate limited'
2024-12-27 12:18:44.013 Request count: 2 in current second
2024-12-27 12:18:44.013 Request 11 not sent as being 'ping rate limited'
2024-12-27 12:18:44.308 Request count: 2 in current second
2024-12-27 12:18:44.310 Request 12 not sent as being 'ping rate limited'
2024-12-27 12:18:44.608 Request count: 2 in current second
2024-12-27 12:18:44.608 Request 13 not sent as being 'ping rate limited'
2024-12-27 12:18:44.907 Request count: 2 in current second
2024-12-27 12:18:44.907 Request 14 not sent as being 'ping rate limited'
2024-12-27 12:18:45.208 Request count: 2 in current second
2024-12-27 12:18:45.208 Request 15 not sent as being 'ping rate limited'
2024-12-27 12:18:45.519 Request count: 2 in current second
2024-12-27 12:18:45.520 Request 16 not sent as being 'ping rate limited'
2024-12-27 12:18:45.819 Request count: 2 in current second
2024-12-27 12:18:45.819 Request 17 not sent as being 'ping rate limited'
2024-12-27 12:18:46.115 Request count: 2 in current second
2024-12-27 12:18:46.115 Request 18 not sent as being 'ping rate limited'
2024-12-27 12:18:46.409 Request count: 2 in current second
2024-12-27 12:18:46.410 Request 19 not sent as being 'ping rate limited'
2024-12-27 12:18:46.708 Request count: 2 in current second
2024-12-27 12:18:46.708 Request 20 not sent as being 'ping rate limited'
2024-12-27 12:18:47.008 Request count: 2 in current second
2024-12-27 12:18:47.009 Request 21 not sent as being 'ping rate limited'
2024-12-27 12:18:47.307 Request count: 2 in current second
2024-12-27 12:18:47.307 Request 22 not sent as being 'ping rate limited'
2024-12-27 12:18:47.621 Request count: 2 in current second
2024-12-27 12:18:47.621 Request 23 not sent as being 'ping rate limited'
2024-12-27 12:18:47.919 Request count: 2 in current second
2024-12-27 12:18:47.919 Request 24 not sent as being 'ping rate limited'
2024-12-27 12:18:48.213 Request count: 2 in current second
2024-12-27 12:18:48.214 Request 25 not sent as being 'ping rate limited'
2024-12-27 12:18:48.513 Request count: 2 in current second
2024-12-27 12:18:48.514 Request 26 not sent as being 'ping rate limited'
2024-12-27 12:18:48.811 Request count: 2 in current second
2024-12-27 12:18:48.812 Request 27 not sent as being 'ping rate limited'
2024-12-27 12:18:49.121 Request count: 2 in current second
2024-12-27 12:18:49.122 Request 28 not sent as being 'ping rate limited'
2024-12-27 12:18:49.419 Request count: 2 in current second
2024-12-27 12:18:49.422 Request 29 not sent as being 'ping rate limited'
2024-12-27 12:18:49.715 Request count: 2 in current second
2024-12-27 12:18:49.715 Request 30 not sent as being 'ping rate limited'
2024-12-27 12:18:50.012 Request count: 2 in current second
2024-12-27 12:18:50.012 Request 31 not sent as being 'ping rate limited'
2024-12-27 12:18:50.310 Request count: 2 in current second
2024-12-27 12:18:50.311 Request 32 not sent as being 'ping rate limited'
2024-12-27 12:18:50.609 Request count: 2 in current second
2024-12-27 12:18:50.609 Request 33 not sent as being 'ping rate limited'
2024-12-27 12:18:50.907 Request count: 2 in current second
2024-12-27 12:18:50.907 Request 34 not sent as being 'ping rate limited'
