2024-12-27 01:04:35.779 Starting PingApplication using Java 17.0.12 with PID 33560 (C:\code\hbsc\ping\target\classes started by joech in C:\code\hbsc)
2024-12-27 01:04:35.780 No active profile set, falling back to 1 default profile: "default"
2024-12-27 01:04:36.476 Multiple Spring Data modules found, entering strict repository configuration mode
2024-12-27 01:04:36.479 Bootstrapping Spring Data Redis repositories in DEFAULT mode.
2024-12-27 01:04:36.507 Finished Spring Data repository scanning in 12 ms. Found 0 Redis repository interfaces.
2024-12-27 01:04:37.550 Netty started on port 8083
2024-12-27 01:04:37.561 Started PingApplication in 2.075 seconds (process running for 2.613)
2024-12-27 01:04:37.875 Failed to reset counter file
java.nio.channels.OverlappingFileLockException: null
	at java.base/sun.nio.ch.FileLockTable.checkList(FileLockTable.java:229)
	at java.base/sun.nio.ch.FileLockTable.add(FileLockTable.java:123)
	at java.base/sun.nio.ch.FileChannelImpl.tryLock(FileChannelImpl.java:1321)
	at java.base/java.nio.channels.FileChannel.tryLock(FileChannel.java:1191)
	at com.demo.service.impl.FileLockThrottlingService.run(FileLockThrottlingService.java:45)
	at java.base/java.util.concurrent.Executors$RunnableAdapter.call(Executors.java:539)
	at java.base/java.util.concurrent.FutureTask.runAndReset(FutureTask.java:305)
	at java.base/java.util.concurrent.ScheduledThreadPoolExecutor$ScheduledFutureTask.run(ScheduledThreadPoolExecutor.java:305)
	at java.base/java.util.concurrent.ThreadPoolExecutor.runWorker(ThreadPoolExecutor.java:1136)
	at java.base/java.util.concurrent.ThreadPoolExecutor$Worker.run(ThreadPoolExecutor.java:635)
	at java.base/java.lang.Thread.run(Thread.java:842)
2024-12-27 01:04:37.876 Failed to set request count to lock
java.io.IOException: 另一个程序已锁定文件的一部分，进程无法访问。
	at java.base/java.io.RandomAccessFile.writeBytes(Native Method)
	at java.base/java.io.RandomAccessFile.writeBytes(RandomAccessFile.java:1139)
	at com.demo.service.impl.FileLockThrottlingService.setRequestCount(FileLockThrottlingService.java:109)
	at com.demo.service.impl.FileLockThrottlingService.tryAcquire(FileLockThrottlingService.java:74)
	at com.demo.service.PingService.lambda$start$0(PingService.java:39)
	at reactor.core.publisher.FluxFilter$FilterConditionalSubscriber.onNext(FluxFilter.java:233)
	at reactor.core.publisher.FluxInterval$IntervalRunnable.run(FluxInterval.java:125)
	at reactor.core.scheduler.PeriodicWorkerTask.call(PeriodicWorkerTask.java:59)
	at reactor.core.scheduler.PeriodicWorkerTask.run(PeriodicWorkerTask.java:73)
	at java.base/java.util.concurrent.Executors$RunnableAdapter.call(Executors.java:539)
	at java.base/java.util.concurrent.FutureTask.runAndReset(FutureTask.java:305)
	at java.base/java.util.concurrent.ScheduledThreadPoolExecutor$ScheduledFutureTask.run(ScheduledThreadPoolExecutor.java:305)
	at java.base/java.util.concurrent.ThreadPoolExecutor.runWorker(ThreadPoolExecutor.java:1136)
	at java.base/java.util.concurrent.ThreadPoolExecutor$Worker.run(ThreadPoolExecutor.java:635)
	at java.base/java.lang.Thread.run(Thread.java:842)
2024-12-27 01:04:37.956 Request 0 failed with unexpected error: Connection refused: no further information: localhost/127.0.0.1:8080
2024-12-27 01:04:38.186 Failed to set request count to lock
java.io.IOException: 另一个程序已锁定文件的一部分，进程无法访问。
	at java.base/java.io.RandomAccessFile.writeBytes(Native Method)
	at java.base/java.io.RandomAccessFile.writeBytes(RandomAccessFile.java:1139)
	at com.demo.service.impl.FileLockThrottlingService.setRequestCount(FileLockThrottlingService.java:109)
	at com.demo.service.impl.FileLockThrottlingService.tryAcquire(FileLockThrottlingService.java:74)
	at com.demo.service.PingService.lambda$start$0(PingService.java:39)
	at reactor.core.publisher.FluxFilter$FilterConditionalSubscriber.onNext(FluxFilter.java:233)
	at reactor.core.publisher.FluxInterval$IntervalRunnable.run(FluxInterval.java:125)
	at reactor.core.scheduler.PeriodicWorkerTask.call(PeriodicWorkerTask.java:59)
	at reactor.core.scheduler.PeriodicWorkerTask.run(PeriodicWorkerTask.java:73)
	at java.base/java.util.concurrent.Executors$RunnableAdapter.call(Executors.java:539)
	at java.base/java.util.concurrent.FutureTask.runAndReset(FutureTask.java:305)
	at java.base/java.util.concurrent.ScheduledThreadPoolExecutor$ScheduledFutureTask.run(ScheduledThreadPoolExecutor.java:305)
	at java.base/java.util.concurrent.ThreadPoolExecutor.runWorker(ThreadPoolExecutor.java:1136)
	at java.base/java.util.concurrent.ThreadPoolExecutor$Worker.run(ThreadPoolExecutor.java:635)
	at java.base/java.lang.Thread.run(Thread.java:842)
2024-12-27 01:04:38.190 Request 1 failed with unexpected error: Connection refused: no further information: localhost/127.0.0.1:8080
2024-12-27 01:04:38.482 Failed to set request count to lock
java.io.IOException: 另一个程序已锁定文件的一部分，进程无法访问。
	at java.base/java.io.RandomAccessFile.writeBytes(Native Method)
	at java.base/java.io.RandomAccessFile.writeBytes(RandomAccessFile.java:1139)
	at com.demo.service.impl.FileLockThrottlingService.setRequestCount(FileLockThrottlingService.java:109)
	at com.demo.service.impl.FileLockThrottlingService.tryAcquire(FileLockThrottlingService.java:74)
	at com.demo.service.PingService.lambda$start$0(PingService.java:39)
	at reactor.core.publisher.FluxFilter$FilterConditionalSubscriber.onNext(FluxFilter.java:233)
	at reactor.core.publisher.FluxInterval$IntervalRunnable.run(FluxInterval.java:125)
	at reactor.core.scheduler.PeriodicWorkerTask.call(PeriodicWorkerTask.java:59)
	at reactor.core.scheduler.PeriodicWorkerTask.run(PeriodicWorkerTask.java:73)
	at java.base/java.util.concurrent.Executors$RunnableAdapter.call(Executors.java:539)
	at java.base/java.util.concurrent.FutureTask.runAndReset(FutureTask.java:305)
	at java.base/java.util.concurrent.ScheduledThreadPoolExecutor$ScheduledFutureTask.run(ScheduledThreadPoolExecutor.java:305)
	at java.base/java.util.concurrent.ThreadPoolExecutor.runWorker(ThreadPoolExecutor.java:1136)
	at java.base/java.util.concurrent.ThreadPoolExecutor$Worker.run(ThreadPoolExecutor.java:635)
	at java.base/java.lang.Thread.run(Thread.java:842)
2024-12-27 01:04:38.485 Request 2 failed with unexpected error: Connection refused: no further information: localhost/127.0.0.1:8080
2024-12-27 01:04:38.778 Failed to set request count to lock
java.io.IOException: 另一个程序已锁定文件的一部分，进程无法访问。
	at java.base/java.io.RandomAccessFile.writeBytes(Native Method)
	at java.base/java.io.RandomAccessFile.writeBytes(RandomAccessFile.java:1139)
	at com.demo.service.impl.FileLockThrottlingService.setRequestCount(FileLockThrottlingService.java:109)
	at com.demo.service.impl.FileLockThrottlingService.tryAcquire(FileLockThrottlingService.java:74)
	at com.demo.service.PingService.lambda$start$0(PingService.java:39)
	at reactor.core.publisher.FluxFilter$FilterConditionalSubscriber.onNext(FluxFilter.java:233)
	at reactor.core.publisher.FluxInterval$IntervalRunnable.run(FluxInterval.java:125)
	at reactor.core.scheduler.PeriodicWorkerTask.call(PeriodicWorkerTask.java:59)
	at reactor.core.scheduler.PeriodicWorkerTask.run(PeriodicWorkerTask.java:73)
	at java.base/java.util.concurrent.Executors$RunnableAdapter.call(Executors.java:539)
	at java.base/java.util.concurrent.FutureTask.runAndReset(FutureTask.java:305)
	at java.base/java.util.concurrent.ScheduledThreadPoolExecutor$ScheduledFutureTask.run(ScheduledThreadPoolExecutor.java:305)
	at java.base/java.util.concurrent.ThreadPoolExecutor.runWorker(ThreadPoolExecutor.java:1136)
	at java.base/java.util.concurrent.ThreadPoolExecutor$Worker.run(ThreadPoolExecutor.java:635)
	at java.base/java.lang.Thread.run(Thread.java:842)
2024-12-27 01:04:38.782 Request 3 failed with unexpected error: Connection refused: no further information: localhost/127.0.0.1:8080
2024-12-27 01:04:39.076 Failed to set request count to lock
java.io.IOException: 另一个程序已锁定文件的一部分，进程无法访问。
	at java.base/java.io.RandomAccessFile.writeBytes(Native Method)
	at java.base/java.io.RandomAccessFile.writeBytes(RandomAccessFile.java:1139)
	at com.demo.service.impl.FileLockThrottlingService.setRequestCount(FileLockThrottlingService.java:109)
	at com.demo.service.impl.FileLockThrottlingService.tryAcquire(FileLockThrottlingService.java:74)
	at com.demo.service.PingService.lambda$start$0(PingService.java:39)
	at reactor.core.publisher.FluxFilter$FilterConditionalSubscriber.onNext(FluxFilter.java:233)
	at reactor.core.publisher.FluxInterval$IntervalRunnable.run(FluxInterval.java:125)
	at reactor.core.scheduler.PeriodicWorkerTask.call(PeriodicWorkerTask.java:59)
	at reactor.core.scheduler.PeriodicWorkerTask.run(PeriodicWorkerTask.java:73)
	at java.base/java.util.concurrent.Executors$RunnableAdapter.call(Executors.java:539)
	at java.base/java.util.concurrent.FutureTask.runAndReset(FutureTask.java:305)
	at java.base/java.util.concurrent.ScheduledThreadPoolExecutor$ScheduledFutureTask.run(ScheduledThreadPoolExecutor.java:305)
	at java.base/java.util.concurrent.ThreadPoolExecutor.runWorker(ThreadPoolExecutor.java:1136)
	at java.base/java.util.concurrent.ThreadPoolExecutor$Worker.run(ThreadPoolExecutor.java:635)
	at java.base/java.lang.Thread.run(Thread.java:842)
2024-12-27 01:04:39.079 Request 4 failed with unexpected error: Connection refused: no further information: localhost/127.0.0.1:8080
2024-12-27 01:04:39.383 Failed to set request count to lock
java.io.IOException: 另一个程序已锁定文件的一部分，进程无法访问。
	at java.base/java.io.RandomAccessFile.writeBytes(Native Method)
	at java.base/java.io.RandomAccessFile.writeBytes(RandomAccessFile.java:1139)
	at com.demo.service.impl.FileLockThrottlingService.setRequestCount(FileLockThrottlingService.java:109)
	at com.demo.service.impl.FileLockThrottlingService.tryAcquire(FileLockThrottlingService.java:74)
	at com.demo.service.PingService.lambda$start$0(PingService.java:39)
	at reactor.core.publisher.FluxFilter$FilterConditionalSubscriber.onNext(FluxFilter.java:233)
	at reactor.core.publisher.FluxInterval$IntervalRunnable.run(FluxInterval.java:125)
	at reactor.core.scheduler.PeriodicWorkerTask.call(PeriodicWorkerTask.java:59)
	at reactor.core.scheduler.PeriodicWorkerTask.run(PeriodicWorkerTask.java:73)
	at java.base/java.util.concurrent.Executors$RunnableAdapter.call(Executors.java:539)
	at java.base/java.util.concurrent.FutureTask.runAndReset(FutureTask.java:305)
	at java.base/java.util.concurrent.ScheduledThreadPoolExecutor$ScheduledFutureTask.run(ScheduledThreadPoolExecutor.java:305)
	at java.base/java.util.concurrent.ThreadPoolExecutor.runWorker(ThreadPoolExecutor.java:1136)
	at java.base/java.util.concurrent.ThreadPoolExecutor$Worker.run(ThreadPoolExecutor.java:635)
	at java.base/java.lang.Thread.run(Thread.java:842)
2024-12-27 01:04:39.386 Request 5 failed with unexpected error: Connection refused: no further information: localhost/127.0.0.1:8080
2024-12-27 01:04:39.682 Failed to set request count to lock
java.io.IOException: 另一个程序已锁定文件的一部分，进程无法访问。
	at java.base/java.io.RandomAccessFile.writeBytes(Native Method)
	at java.base/java.io.RandomAccessFile.writeBytes(RandomAccessFile.java:1139)
	at com.demo.service.impl.FileLockThrottlingService.setRequestCount(FileLockThrottlingService.java:109)
	at com.demo.service.impl.FileLockThrottlingService.tryAcquire(FileLockThrottlingService.java:74)
	at com.demo.service.PingService.lambda$start$0(PingService.java:39)
	at reactor.core.publisher.FluxFilter$FilterConditionalSubscriber.onNext(FluxFilter.java:233)
	at reactor.core.publisher.FluxInterval$IntervalRunnable.run(FluxInterval.java:125)
	at reactor.core.scheduler.PeriodicWorkerTask.call(PeriodicWorkerTask.java:59)
	at reactor.core.scheduler.PeriodicWorkerTask.run(PeriodicWorkerTask.java:73)
	at java.base/java.util.concurrent.Executors$RunnableAdapter.call(Executors.java:539)
	at java.base/java.util.concurrent.FutureTask.runAndReset(FutureTask.java:305)
	at java.base/java.util.concurrent.ScheduledThreadPoolExecutor$ScheduledFutureTask.run(ScheduledThreadPoolExecutor.java:305)
	at java.base/java.util.concurrent.ThreadPoolExecutor.runWorker(ThreadPoolExecutor.java:1136)
	at java.base/java.util.concurrent.ThreadPoolExecutor$Worker.run(ThreadPoolExecutor.java:635)
	at java.base/java.lang.Thread.run(Thread.java:842)
2024-12-27 01:04:39.685 Request 6 failed with unexpected error: Connection refused: no further information: localhost/127.0.0.1:8080
2024-12-27 01:04:39.977 Failed to set request count to lock
java.io.IOException: 另一个程序已锁定文件的一部分，进程无法访问。
	at java.base/java.io.RandomAccessFile.writeBytes(Native Method)
	at java.base/java.io.RandomAccessFile.writeBytes(RandomAccessFile.java:1139)
	at com.demo.service.impl.FileLockThrottlingService.setRequestCount(FileLockThrottlingService.java:109)
	at com.demo.service.impl.FileLockThrottlingService.tryAcquire(FileLockThrottlingService.java:74)
	at com.demo.service.PingService.lambda$start$0(PingService.java:39)
	at reactor.core.publisher.FluxFilter$FilterConditionalSubscriber.onNext(FluxFilter.java:233)
	at reactor.core.publisher.FluxInterval$IntervalRunnable.run(FluxInterval.java:125)
	at reactor.core.scheduler.PeriodicWorkerTask.call(PeriodicWorkerTask.java:59)
	at reactor.core.scheduler.PeriodicWorkerTask.run(PeriodicWorkerTask.java:73)
	at java.base/java.util.concurrent.Executors$RunnableAdapter.call(Executors.java:539)
	at java.base/java.util.concurrent.FutureTask.runAndReset(FutureTask.java:305)
	at java.base/java.util.concurrent.ScheduledThreadPoolExecutor$ScheduledFutureTask.run(ScheduledThreadPoolExecutor.java:305)
	at java.base/java.util.concurrent.ThreadPoolExecutor.runWorker(ThreadPoolExecutor.java:1136)
	at java.base/java.util.concurrent.ThreadPoolExecutor$Worker.run(ThreadPoolExecutor.java:635)
	at java.base/java.lang.Thread.run(Thread.java:842)
2024-12-27 01:04:39.979 Request 7 failed with unexpected error: Connection refused: no further information: localhost/127.0.0.1:8080
2024-12-27 01:04:40.276 Failed to set request count to lock
java.io.IOException: 另一个程序已锁定文件的一部分，进程无法访问。
	at java.base/java.io.RandomAccessFile.writeBytes(Native Method)
	at java.base/java.io.RandomAccessFile.writeBytes(RandomAccessFile.java:1139)
	at com.demo.service.impl.FileLockThrottlingService.setRequestCount(FileLockThrottlingService.java:109)
	at com.demo.service.impl.FileLockThrottlingService.tryAcquire(FileLockThrottlingService.java:74)
	at com.demo.service.PingService.lambda$start$0(PingService.java:39)
	at reactor.core.publisher.FluxFilter$FilterConditionalSubscriber.onNext(FluxFilter.java:233)
	at reactor.core.publisher.FluxInterval$IntervalRunnable.run(FluxInterval.java:125)
	at reactor.core.scheduler.PeriodicWorkerTask.call(PeriodicWorkerTask.java:59)
	at reactor.core.scheduler.PeriodicWorkerTask.run(PeriodicWorkerTask.java:73)
	at java.base/java.util.concurrent.Executors$RunnableAdapter.call(Executors.java:539)
	at java.base/java.util.concurrent.FutureTask.runAndReset(FutureTask.java:305)
	at java.base/java.util.concurrent.ScheduledThreadPoolExecutor$ScheduledFutureTask.run(ScheduledThreadPoolExecutor.java:305)
	at java.base/java.util.concurrent.ThreadPoolExecutor.runWorker(ThreadPoolExecutor.java:1136)
	at java.base/java.util.concurrent.ThreadPoolExecutor$Worker.run(ThreadPoolExecutor.java:635)
	at java.base/java.lang.Thread.run(Thread.java:842)
2024-12-27 01:04:40.279 Request 8 failed with unexpected error: Connection refused: no further information: localhost/127.0.0.1:8080
2024-12-27 01:04:40.587 Failed to set request count to lock
java.io.IOException: 另一个程序已锁定文件的一部分，进程无法访问。
	at java.base/java.io.RandomAccessFile.writeBytes(Native Method)
	at java.base/java.io.RandomAccessFile.writeBytes(RandomAccessFile.java:1139)
	at com.demo.service.impl.FileLockThrottlingService.setRequestCount(FileLockThrottlingService.java:109)
	at com.demo.service.impl.FileLockThrottlingService.tryAcquire(FileLockThrottlingService.java:74)
	at com.demo.service.PingService.lambda$start$0(PingService.java:39)
	at reactor.core.publisher.FluxFilter$FilterConditionalSubscriber.onNext(FluxFilter.java:233)
	at reactor.core.publisher.FluxInterval$IntervalRunnable.run(FluxInterval.java:125)
	at reactor.core.scheduler.PeriodicWorkerTask.call(PeriodicWorkerTask.java:59)
	at reactor.core.scheduler.PeriodicWorkerTask.run(PeriodicWorkerTask.java:73)
	at java.base/java.util.concurrent.Executors$RunnableAdapter.call(Executors.java:539)
	at java.base/java.util.concurrent.FutureTask.runAndReset(FutureTask.java:305)
	at java.base/java.util.concurrent.ScheduledThreadPoolExecutor$ScheduledFutureTask.run(ScheduledThreadPoolExecutor.java:305)
	at java.base/java.util.concurrent.ThreadPoolExecutor.runWorker(ThreadPoolExecutor.java:1136)
	at java.base/java.util.concurrent.ThreadPoolExecutor$Worker.run(ThreadPoolExecutor.java:635)
	at java.base/java.lang.Thread.run(Thread.java:842)
2024-12-27 01:04:40.591 Request 9 failed with unexpected error: Connection refused: no further information: localhost/127.0.0.1:8080
2024-12-27 01:04:40.882 Failed to reset counter file
java.nio.channels.OverlappingFileLockException: null
	at java.base/sun.nio.ch.FileLockTable.checkList(FileLockTable.java:229)
	at java.base/sun.nio.ch.FileLockTable.add(FileLockTable.java:123)
	at java.base/sun.nio.ch.FileChannelImpl.tryLock(FileChannelImpl.java:1321)
	at java.base/java.nio.channels.FileChannel.tryLock(FileChannel.java:1191)
	at com.demo.service.impl.FileLockThrottlingService.run(FileLockThrottlingService.java:45)
	at java.base/java.util.concurrent.Executors$RunnableAdapter.call(Executors.java:539)
	at java.base/java.util.concurrent.FutureTask.runAndReset(FutureTask.java:305)
	at java.base/java.util.concurrent.ScheduledThreadPoolExecutor$ScheduledFutureTask.run(ScheduledThreadPoolExecutor.java:305)
	at java.base/java.util.concurrent.ThreadPoolExecutor.runWorker(ThreadPoolExecutor.java:1136)
	at java.base/java.util.concurrent.ThreadPoolExecutor$Worker.run(ThreadPoolExecutor.java:635)
	at java.base/java.lang.Thread.run(Thread.java:842)
2024-12-27 01:04:40.882 Failed to set request count to lock
java.io.IOException: 另一个程序已锁定文件的一部分，进程无法访问。
	at java.base/java.io.RandomAccessFile.writeBytes(Native Method)
	at java.base/java.io.RandomAccessFile.writeBytes(RandomAccessFile.java:1139)
	at com.demo.service.impl.FileLockThrottlingService.setRequestCount(FileLockThrottlingService.java:109)
	at com.demo.service.impl.FileLockThrottlingService.tryAcquire(FileLockThrottlingService.java:74)
	at com.demo.service.PingService.lambda$start$0(PingService.java:39)
	at reactor.core.publisher.FluxFilter$FilterConditionalSubscriber.onNext(FluxFilter.java:233)
	at reactor.core.publisher.FluxInterval$IntervalRunnable.run(FluxInterval.java:125)
	at reactor.core.scheduler.PeriodicWorkerTask.call(PeriodicWorkerTask.java:59)
	at reactor.core.scheduler.PeriodicWorkerTask.run(PeriodicWorkerTask.java:73)
	at java.base/java.util.concurrent.Executors$RunnableAdapter.call(Executors.java:539)
	at java.base/java.util.concurrent.FutureTask.runAndReset(FutureTask.java:305)
	at java.base/java.util.concurrent.ScheduledThreadPoolExecutor$ScheduledFutureTask.run(ScheduledThreadPoolExecutor.java:305)
	at java.base/java.util.concurrent.ThreadPoolExecutor.runWorker(ThreadPoolExecutor.java:1136)
	at java.base/java.util.concurrent.ThreadPoolExecutor$Worker.run(ThreadPoolExecutor.java:635)
	at java.base/java.lang.Thread.run(Thread.java:842)
2024-12-27 01:04:40.884 Request 10 failed with unexpected error: Connection refused: no further information: localhost/127.0.0.1:8080
2024-12-27 01:04:41.182 Failed to set request count to lock
java.io.IOException: 另一个程序已锁定文件的一部分，进程无法访问。
	at java.base/java.io.RandomAccessFile.writeBytes(Native Method)
	at java.base/java.io.RandomAccessFile.writeBytes(RandomAccessFile.java:1139)
	at com.demo.service.impl.FileLockThrottlingService.setRequestCount(FileLockThrottlingService.java:109)
	at com.demo.service.impl.FileLockThrottlingService.tryAcquire(FileLockThrottlingService.java:74)
	at com.demo.service.PingService.lambda$start$0(PingService.java:39)
	at reactor.core.publisher.FluxFilter$FilterConditionalSubscriber.onNext(FluxFilter.java:233)
	at reactor.core.publisher.FluxInterval$IntervalRunnable.run(FluxInterval.java:125)
	at reactor.core.scheduler.PeriodicWorkerTask.call(PeriodicWorkerTask.java:59)
	at reactor.core.scheduler.PeriodicWorkerTask.run(PeriodicWorkerTask.java:73)
	at java.base/java.util.concurrent.Executors$RunnableAdapter.call(Executors.java:539)
	at java.base/java.util.concurrent.FutureTask.runAndReset(FutureTask.java:305)
	at java.base/java.util.concurrent.ScheduledThreadPoolExecutor$ScheduledFutureTask.run(ScheduledThreadPoolExecutor.java:305)
	at java.base/java.util.concurrent.ThreadPoolExecutor.runWorker(ThreadPoolExecutor.java:1136)
	at java.base/java.util.concurrent.ThreadPoolExecutor$Worker.run(ThreadPoolExecutor.java:635)
	at java.base/java.lang.Thread.run(Thread.java:842)
2024-12-27 01:04:41.184 Request 11 failed with unexpected error: Connection refused: no further information: localhost/127.0.0.1:8080
2024-12-27 01:04:41.476 Failed to set request count to lock
java.io.IOException: 另一个程序已锁定文件的一部分，进程无法访问。
	at java.base/java.io.RandomAccessFile.writeBytes(Native Method)
	at java.base/java.io.RandomAccessFile.writeBytes(RandomAccessFile.java:1139)
	at com.demo.service.impl.FileLockThrottlingService.setRequestCount(FileLockThrottlingService.java:109)
	at com.demo.service.impl.FileLockThrottlingService.tryAcquire(FileLockThrottlingService.java:74)
	at com.demo.service.PingService.lambda$start$0(PingService.java:39)
	at reactor.core.publisher.FluxFilter$FilterConditionalSubscriber.onNext(FluxFilter.java:233)
	at reactor.core.publisher.FluxInterval$IntervalRunnable.run(FluxInterval.java:125)
	at reactor.core.scheduler.PeriodicWorkerTask.call(PeriodicWorkerTask.java:59)
	at reactor.core.scheduler.PeriodicWorkerTask.run(PeriodicWorkerTask.java:73)
	at java.base/java.util.concurrent.Executors$RunnableAdapter.call(Executors.java:539)
	at java.base/java.util.concurrent.FutureTask.runAndReset(FutureTask.java:305)
	at java.base/java.util.concurrent.ScheduledThreadPoolExecutor$ScheduledFutureTask.run(ScheduledThreadPoolExecutor.java:305)
	at java.base/java.util.concurrent.ThreadPoolExecutor.runWorker(ThreadPoolExecutor.java:1136)
	at java.base/java.util.concurrent.ThreadPoolExecutor$Worker.run(ThreadPoolExecutor.java:635)
	at java.base/java.lang.Thread.run(Thread.java:842)
2024-12-27 01:04:41.479 Request 12 failed with unexpected error: Connection refused: no further information: localhost/127.0.0.1:8080
2024-12-27 01:04:41.786 Failed to set request count to lock
java.io.IOException: 另一个程序已锁定文件的一部分，进程无法访问。
	at java.base/java.io.RandomAccessFile.writeBytes(Native Method)
	at java.base/java.io.RandomAccessFile.writeBytes(RandomAccessFile.java:1139)
	at com.demo.service.impl.FileLockThrottlingService.setRequestCount(FileLockThrottlingService.java:109)
	at com.demo.service.impl.FileLockThrottlingService.tryAcquire(FileLockThrottlingService.java:74)
	at com.demo.service.PingService.lambda$start$0(PingService.java:39)
	at reactor.core.publisher.FluxFilter$FilterConditionalSubscriber.onNext(FluxFilter.java:233)
	at reactor.core.publisher.FluxInterval$IntervalRunnable.run(FluxInterval.java:125)
	at reactor.core.scheduler.PeriodicWorkerTask.call(PeriodicWorkerTask.java:59)
	at reactor.core.scheduler.PeriodicWorkerTask.run(PeriodicWorkerTask.java:73)
	at java.base/java.util.concurrent.Executors$RunnableAdapter.call(Executors.java:539)
	at java.base/java.util.concurrent.FutureTask.runAndReset(FutureTask.java:305)
	at java.base/java.util.concurrent.ScheduledThreadPoolExecutor$ScheduledFutureTask.run(ScheduledThreadPoolExecutor.java:305)
	at java.base/java.util.concurrent.ThreadPoolExecutor.runWorker(ThreadPoolExecutor.java:1136)
	at java.base/java.util.concurrent.ThreadPoolExecutor$Worker.run(ThreadPoolExecutor.java:635)
	at java.base/java.lang.Thread.run(Thread.java:842)
2024-12-27 01:04:41.789 Request 13 failed with unexpected error: Connection refused: no further information: localhost/127.0.0.1:8080
2024-12-27 01:04:42.083 Failed to set request count to lock
java.io.IOException: 另一个程序已锁定文件的一部分，进程无法访问。
	at java.base/java.io.RandomAccessFile.writeBytes(Native Method)
	at java.base/java.io.RandomAccessFile.writeBytes(RandomAccessFile.java:1139)
	at com.demo.service.impl.FileLockThrottlingService.setRequestCount(FileLockThrottlingService.java:109)
	at com.demo.service.impl.FileLockThrottlingService.tryAcquire(FileLockThrottlingService.java:74)
	at com.demo.service.PingService.lambda$start$0(PingService.java:39)
	at reactor.core.publisher.FluxFilter$FilterConditionalSubscriber.onNext(FluxFilter.java:233)
	at reactor.core.publisher.FluxInterval$IntervalRunnable.run(FluxInterval.java:125)
	at reactor.core.scheduler.PeriodicWorkerTask.call(PeriodicWorkerTask.java:59)
	at reactor.core.scheduler.PeriodicWorkerTask.run(PeriodicWorkerTask.java:73)
	at java.base/java.util.concurrent.Executors$RunnableAdapter.call(Executors.java:539)
	at java.base/java.util.concurrent.FutureTask.runAndReset(FutureTask.java:305)
	at java.base/java.util.concurrent.ScheduledThreadPoolExecutor$ScheduledFutureTask.run(ScheduledThreadPoolExecutor.java:305)
	at java.base/java.util.concurrent.ThreadPoolExecutor.runWorker(ThreadPoolExecutor.java:1136)
	at java.base/java.util.concurrent.ThreadPoolExecutor$Worker.run(ThreadPoolExecutor.java:635)
	at java.base/java.lang.Thread.run(Thread.java:842)
2024-12-27 01:04:42.086 Request 14 failed with unexpected error: Connection refused: no further information: localhost/127.0.0.1:8080
2024-12-27 01:04:42.377 Failed to set request count to lock
java.io.IOException: 另一个程序已锁定文件的一部分，进程无法访问。
	at java.base/java.io.RandomAccessFile.writeBytes(Native Method)
	at java.base/java.io.RandomAccessFile.writeBytes(RandomAccessFile.java:1139)
	at com.demo.service.impl.FileLockThrottlingService.setRequestCount(FileLockThrottlingService.java:109)
	at com.demo.service.impl.FileLockThrottlingService.tryAcquire(FileLockThrottlingService.java:74)
	at com.demo.service.PingService.lambda$start$0(PingService.java:39)
	at reactor.core.publisher.FluxFilter$FilterConditionalSubscriber.onNext(FluxFilter.java:233)
	at reactor.core.publisher.FluxInterval$IntervalRunnable.run(FluxInterval.java:125)
	at reactor.core.scheduler.PeriodicWorkerTask.call(PeriodicWorkerTask.java:59)
	at reactor.core.scheduler.PeriodicWorkerTask.run(PeriodicWorkerTask.java:73)
	at java.base/java.util.concurrent.Executors$RunnableAdapter.call(Executors.java:539)
	at java.base/java.util.concurrent.FutureTask.runAndReset(FutureTask.java:305)
	at java.base/java.util.concurrent.ScheduledThreadPoolExecutor$ScheduledFutureTask.run(ScheduledThreadPoolExecutor.java:305)
	at java.base/java.util.concurrent.ThreadPoolExecutor.runWorker(ThreadPoolExecutor.java:1136)
	at java.base/java.util.concurrent.ThreadPoolExecutor$Worker.run(ThreadPoolExecutor.java:635)
	at java.base/java.lang.Thread.run(Thread.java:842)
2024-12-27 01:04:42.380 Request 15 failed with unexpected error: Connection refused: no further information: localhost/127.0.0.1:8080
2024-12-27 01:04:42.688 Failed to set request count to lock
java.io.IOException: 另一个程序已锁定文件的一部分，进程无法访问。
	at java.base/java.io.RandomAccessFile.writeBytes(Native Method)
	at java.base/java.io.RandomAccessFile.writeBytes(RandomAccessFile.java:1139)
	at com.demo.service.impl.FileLockThrottlingService.setRequestCount(FileLockThrottlingService.java:109)
	at com.demo.service.impl.FileLockThrottlingService.tryAcquire(FileLockThrottlingService.java:74)
	at com.demo.service.PingService.lambda$start$0(PingService.java:39)
	at reactor.core.publisher.FluxFilter$FilterConditionalSubscriber.onNext(FluxFilter.java:233)
	at reactor.core.publisher.FluxInterval$IntervalRunnable.run(FluxInterval.java:125)
	at reactor.core.scheduler.PeriodicWorkerTask.call(PeriodicWorkerTask.java:59)
	at reactor.core.scheduler.PeriodicWorkerTask.run(PeriodicWorkerTask.java:73)
	at java.base/java.util.concurrent.Executors$RunnableAdapter.call(Executors.java:539)
	at java.base/java.util.concurrent.FutureTask.runAndReset(FutureTask.java:305)
	at java.base/java.util.concurrent.ScheduledThreadPoolExecutor$ScheduledFutureTask.run(ScheduledThreadPoolExecutor.java:305)
	at java.base/java.util.concurrent.ThreadPoolExecutor.runWorker(ThreadPoolExecutor.java:1136)
	at java.base/java.util.concurrent.ThreadPoolExecutor$Worker.run(ThreadPoolExecutor.java:635)
	at java.base/java.lang.Thread.run(Thread.java:842)
2024-12-27 01:04:42.692 Request 16 failed with unexpected error: Connection refused: no further information: localhost/127.0.0.1:8080
2024-12-27 01:04:42.982 Failed to set request count to lock
java.io.IOException: 另一个程序已锁定文件的一部分，进程无法访问。
	at java.base/java.io.RandomAccessFile.writeBytes(Native Method)
	at java.base/java.io.RandomAccessFile.writeBytes(RandomAccessFile.java:1139)
	at com.demo.service.impl.FileLockThrottlingService.setRequestCount(FileLockThrottlingService.java:109)
	at com.demo.service.impl.FileLockThrottlingService.tryAcquire(FileLockThrottlingService.java:74)
	at com.demo.service.PingService.lambda$start$0(PingService.java:39)
	at reactor.core.publisher.FluxFilter$FilterConditionalSubscriber.onNext(FluxFilter.java:233)
	at reactor.core.publisher.FluxInterval$IntervalRunnable.run(FluxInterval.java:125)
	at reactor.core.scheduler.PeriodicWorkerTask.call(PeriodicWorkerTask.java:59)
	at reactor.core.scheduler.PeriodicWorkerTask.run(PeriodicWorkerTask.java:73)
	at java.base/java.util.concurrent.Executors$RunnableAdapter.call(Executors.java:539)
	at java.base/java.util.concurrent.FutureTask.runAndReset(FutureTask.java:305)
	at java.base/java.util.concurrent.ScheduledThreadPoolExecutor$ScheduledFutureTask.run(ScheduledThreadPoolExecutor.java:305)
	at java.base/java.util.concurrent.ThreadPoolExecutor.runWorker(ThreadPoolExecutor.java:1136)
	at java.base/java.util.concurrent.ThreadPoolExecutor$Worker.run(ThreadPoolExecutor.java:635)
	at java.base/java.lang.Thread.run(Thread.java:842)
2024-12-27 01:04:42.986 Request 17 failed with unexpected error: Connection refused: no further information: localhost/127.0.0.1:8080
2024-12-27 01:04:43.280 Failed to set request count to lock
java.io.IOException: 另一个程序已锁定文件的一部分，进程无法访问。
	at java.base/java.io.RandomAccessFile.writeBytes(Native Method)
	at java.base/java.io.RandomAccessFile.writeBytes(RandomAccessFile.java:1139)
	at com.demo.service.impl.FileLockThrottlingService.setRequestCount(FileLockThrottlingService.java:109)
	at com.demo.service.impl.FileLockThrottlingService.tryAcquire(FileLockThrottlingService.java:74)
	at com.demo.service.PingService.lambda$start$0(PingService.java:39)
	at reactor.core.publisher.FluxFilter$FilterConditionalSubscriber.onNext(FluxFilter.java:233)
	at reactor.core.publisher.FluxInterval$IntervalRunnable.run(FluxInterval.java:125)
	at reactor.core.scheduler.PeriodicWorkerTask.call(PeriodicWorkerTask.java:59)
	at reactor.core.scheduler.PeriodicWorkerTask.run(PeriodicWorkerTask.java:73)
	at java.base/java.util.concurrent.Executors$RunnableAdapter.call(Executors.java:539)
	at java.base/java.util.concurrent.FutureTask.runAndReset(FutureTask.java:305)
	at java.base/java.util.concurrent.ScheduledThreadPoolExecutor$ScheduledFutureTask.run(ScheduledThreadPoolExecutor.java:305)
	at java.base/java.util.concurrent.ThreadPoolExecutor.runWorker(ThreadPoolExecutor.java:1136)
	at java.base/java.util.concurrent.ThreadPoolExecutor$Worker.run(ThreadPoolExecutor.java:635)
	at java.base/java.lang.Thread.run(Thread.java:842)
2024-12-27 01:04:43.282 Request 18 failed with unexpected error: Connection refused: no further information: localhost/127.0.0.1:8080
2024-12-27 01:04:43.577 Failed to set request count to lock
java.io.IOException: 另一个程序已锁定文件的一部分，进程无法访问。
	at java.base/java.io.RandomAccessFile.writeBytes(Native Method)
	at java.base/java.io.RandomAccessFile.writeBytes(RandomAccessFile.java:1139)
	at com.demo.service.impl.FileLockThrottlingService.setRequestCount(FileLockThrottlingService.java:109)
	at com.demo.service.impl.FileLockThrottlingService.tryAcquire(FileLockThrottlingService.java:74)
	at com.demo.service.PingService.lambda$start$0(PingService.java:39)
	at reactor.core.publisher.FluxFilter$FilterConditionalSubscriber.onNext(FluxFilter.java:233)
	at reactor.core.publisher.FluxInterval$IntervalRunnable.run(FluxInterval.java:125)
	at reactor.core.scheduler.PeriodicWorkerTask.call(PeriodicWorkerTask.java:59)
	at reactor.core.scheduler.PeriodicWorkerTask.run(PeriodicWorkerTask.java:73)
	at java.base/java.util.concurrent.Executors$RunnableAdapter.call(Executors.java:539)
	at java.base/java.util.concurrent.FutureTask.runAndReset(FutureTask.java:305)
	at java.base/java.util.concurrent.ScheduledThreadPoolExecutor$ScheduledFutureTask.run(ScheduledThreadPoolExecutor.java:305)
	at java.base/java.util.concurrent.ThreadPoolExecutor.runWorker(ThreadPoolExecutor.java:1136)
	at java.base/java.util.concurrent.ThreadPoolExecutor$Worker.run(ThreadPoolExecutor.java:635)
	at java.base/java.lang.Thread.run(Thread.java:842)
2024-12-27 01:04:43.580 Request 19 failed with unexpected error: Connection refused: no further information: localhost/127.0.0.1:8080
2024-12-27 01:04:43.888 Failed to set request count to lock
java.io.IOException: 另一个程序已锁定文件的一部分，进程无法访问。
	at java.base/java.io.RandomAccessFile.writeBytes(Native Method)
	at java.base/java.io.RandomAccessFile.writeBytes(RandomAccessFile.java:1139)
	at com.demo.service.impl.FileLockThrottlingService.setRequestCount(FileLockThrottlingService.java:109)
	at com.demo.service.impl.FileLockThrottlingService.tryAcquire(FileLockThrottlingService.java:74)
	at com.demo.service.PingService.lambda$start$0(PingService.java:39)
	at reactor.core.publisher.FluxFilter$FilterConditionalSubscriber.onNext(FluxFilter.java:233)
	at reactor.core.publisher.FluxInterval$IntervalRunnable.run(FluxInterval.java:125)
	at reactor.core.scheduler.PeriodicWorkerTask.call(PeriodicWorkerTask.java:59)
	at reactor.core.scheduler.PeriodicWorkerTask.run(PeriodicWorkerTask.java:73)
	at java.base/java.util.concurrent.Executors$RunnableAdapter.call(Executors.java:539)
	at java.base/java.util.concurrent.FutureTask.runAndReset(FutureTask.java:305)
	at java.base/java.util.concurrent.ScheduledThreadPoolExecutor$ScheduledFutureTask.run(ScheduledThreadPoolExecutor.java:305)
	at java.base/java.util.concurrent.ThreadPoolExecutor.runWorker(ThreadPoolExecutor.java:1136)
	at java.base/java.util.concurrent.ThreadPoolExecutor$Worker.run(ThreadPoolExecutor.java:635)
	at java.base/java.lang.Thread.run(Thread.java:842)
2024-12-27 01:04:43.902 Request 20 failed with unexpected error: Connection refused: no further information: localhost/127.0.0.1:8080
2024-12-27 01:04:44.186 Failed to set request count to lock
java.io.IOException: 另一个程序已锁定文件的一部分，进程无法访问。
	at java.base/java.io.RandomAccessFile.writeBytes(Native Method)
	at java.base/java.io.RandomAccessFile.writeBytes(RandomAccessFile.java:1139)
	at com.demo.service.impl.FileLockThrottlingService.setRequestCount(FileLockThrottlingService.java:109)
	at com.demo.service.impl.FileLockThrottlingService.tryAcquire(FileLockThrottlingService.java:74)
	at com.demo.service.PingService.lambda$start$0(PingService.java:39)
	at reactor.core.publisher.FluxFilter$FilterConditionalSubscriber.onNext(FluxFilter.java:233)
	at reactor.core.publisher.FluxInterval$IntervalRunnable.run(FluxInterval.java:125)
	at reactor.core.scheduler.PeriodicWorkerTask.call(PeriodicWorkerTask.java:59)
	at reactor.core.scheduler.PeriodicWorkerTask.run(PeriodicWorkerTask.java:73)
	at java.base/java.util.concurrent.Executors$RunnableAdapter.call(Executors.java:539)
	at java.base/java.util.concurrent.FutureTask.runAndReset(FutureTask.java:305)
	at java.base/java.util.concurrent.ScheduledThreadPoolExecutor$ScheduledFutureTask.run(ScheduledThreadPoolExecutor.java:305)
	at java.base/java.util.concurrent.ThreadPoolExecutor.runWorker(ThreadPoolExecutor.java:1136)
	at java.base/java.util.concurrent.ThreadPoolExecutor$Worker.run(ThreadPoolExecutor.java:635)
	at java.base/java.lang.Thread.run(Thread.java:842)
2024-12-27 01:04:44.189 Request 21 failed with unexpected error: Connection refused: no further information: localhost/127.0.0.1:8080
2024-12-27 01:04:44.486 Failed to set request count to lock
java.io.IOException: 另一个程序已锁定文件的一部分，进程无法访问。
	at java.base/java.io.RandomAccessFile.writeBytes(Native Method)
	at java.base/java.io.RandomAccessFile.writeBytes(RandomAccessFile.java:1139)
	at com.demo.service.impl.FileLockThrottlingService.setRequestCount(FileLockThrottlingService.java:109)
	at com.demo.service.impl.FileLockThrottlingService.tryAcquire(FileLockThrottlingService.java:74)
	at com.demo.service.PingService.lambda$start$0(PingService.java:39)
	at reactor.core.publisher.FluxFilter$FilterConditionalSubscriber.onNext(FluxFilter.java:233)
	at reactor.core.publisher.FluxInterval$IntervalRunnable.run(FluxInterval.java:125)
	at reactor.core.scheduler.PeriodicWorkerTask.call(PeriodicWorkerTask.java:59)
	at reactor.core.scheduler.PeriodicWorkerTask.run(PeriodicWorkerTask.java:73)
	at java.base/java.util.concurrent.Executors$RunnableAdapter.call(Executors.java:539)
	at java.base/java.util.concurrent.FutureTask.runAndReset(FutureTask.java:305)
	at java.base/java.util.concurrent.ScheduledThreadPoolExecutor$ScheduledFutureTask.run(ScheduledThreadPoolExecutor.java:305)
	at java.base/java.util.concurrent.ThreadPoolExecutor.runWorker(ThreadPoolExecutor.java:1136)
	at java.base/java.util.concurrent.ThreadPoolExecutor$Worker.run(ThreadPoolExecutor.java:635)
	at java.base/java.lang.Thread.run(Thread.java:842)
2024-12-27 01:04:44.488 Request 22 failed with unexpected error: Connection refused: no further information: localhost/127.0.0.1:8080
2024-12-27 01:04:44.781 Failed to set request count to lock
java.io.IOException: 另一个程序已锁定文件的一部分，进程无法访问。
	at java.base/java.io.RandomAccessFile.writeBytes(Native Method)
	at java.base/java.io.RandomAccessFile.writeBytes(RandomAccessFile.java:1139)
	at com.demo.service.impl.FileLockThrottlingService.setRequestCount(FileLockThrottlingService.java:109)
	at com.demo.service.impl.FileLockThrottlingService.tryAcquire(FileLockThrottlingService.java:74)
	at com.demo.service.PingService.lambda$start$0(PingService.java:39)
	at reactor.core.publisher.FluxFilter$FilterConditionalSubscriber.onNext(FluxFilter.java:233)
	at reactor.core.publisher.FluxInterval$IntervalRunnable.run(FluxInterval.java:125)
	at reactor.core.scheduler.PeriodicWorkerTask.call(PeriodicWorkerTask.java:59)
	at reactor.core.scheduler.PeriodicWorkerTask.run(PeriodicWorkerTask.java:73)
	at java.base/java.util.concurrent.Executors$RunnableAdapter.call(Executors.java:539)
	at java.base/java.util.concurrent.FutureTask.runAndReset(FutureTask.java:305)
	at java.base/java.util.concurrent.ScheduledThreadPoolExecutor$ScheduledFutureTask.run(ScheduledThreadPoolExecutor.java:305)
	at java.base/java.util.concurrent.ThreadPoolExecutor.runWorker(ThreadPoolExecutor.java:1136)
	at java.base/java.util.concurrent.ThreadPoolExecutor$Worker.run(ThreadPoolExecutor.java:635)
	at java.base/java.lang.Thread.run(Thread.java:842)
2024-12-27 01:04:44.783 Request 23 failed with unexpected error: Connection refused: no further information: localhost/127.0.0.1:8080
2024-12-27 01:04:45.089 Failed to set request count to lock
java.io.IOException: 另一个程序已锁定文件的一部分，进程无法访问。
	at java.base/java.io.RandomAccessFile.writeBytes(Native Method)
	at java.base/java.io.RandomAccessFile.writeBytes(RandomAccessFile.java:1139)
	at com.demo.service.impl.FileLockThrottlingService.setRequestCount(FileLockThrottlingService.java:109)
	at com.demo.service.impl.FileLockThrottlingService.tryAcquire(FileLockThrottlingService.java:74)
	at com.demo.service.PingService.lambda$start$0(PingService.java:39)
	at reactor.core.publisher.FluxFilter$FilterConditionalSubscriber.onNext(FluxFilter.java:233)
	at reactor.core.publisher.FluxInterval$IntervalRunnable.run(FluxInterval.java:125)
	at reactor.core.scheduler.PeriodicWorkerTask.call(PeriodicWorkerTask.java:59)
	at reactor.core.scheduler.PeriodicWorkerTask.run(PeriodicWorkerTask.java:73)
	at java.base/java.util.concurrent.Executors$RunnableAdapter.call(Executors.java:539)
	at java.base/java.util.concurrent.FutureTask.runAndReset(FutureTask.java:305)
	at java.base/java.util.concurrent.ScheduledThreadPoolExecutor$ScheduledFutureTask.run(ScheduledThreadPoolExecutor.java:305)
	at java.base/java.util.concurrent.ThreadPoolExecutor.runWorker(ThreadPoolExecutor.java:1136)
	at java.base/java.util.concurrent.ThreadPoolExecutor$Worker.run(ThreadPoolExecutor.java:635)
	at java.base/java.lang.Thread.run(Thread.java:842)
2024-12-27 01:04:45.091 Request 24 failed with unexpected error: Connection refused: no further information: localhost/127.0.0.1:8080
2024-12-27 01:04:45.387 Failed to set request count to lock
java.io.IOException: 另一个程序已锁定文件的一部分，进程无法访问。
	at java.base/java.io.RandomAccessFile.writeBytes(Native Method)
	at java.base/java.io.RandomAccessFile.writeBytes(RandomAccessFile.java:1139)
	at com.demo.service.impl.FileLockThrottlingService.setRequestCount(FileLockThrottlingService.java:109)
	at com.demo.service.impl.FileLockThrottlingService.tryAcquire(FileLockThrottlingService.java:74)
	at com.demo.service.PingService.lambda$start$0(PingService.java:39)
	at reactor.core.publisher.FluxFilter$FilterConditionalSubscriber.onNext(FluxFilter.java:233)
	at reactor.core.publisher.FluxInterval$IntervalRunnable.run(FluxInterval.java:125)
	at reactor.core.scheduler.PeriodicWorkerTask.call(PeriodicWorkerTask.java:59)
	at reactor.core.scheduler.PeriodicWorkerTask.run(PeriodicWorkerTask.java:73)
	at java.base/java.util.concurrent.Executors$RunnableAdapter.call(Executors.java:539)
	at java.base/java.util.concurrent.FutureTask.runAndReset(FutureTask.java:305)
	at java.base/java.util.concurrent.ScheduledThreadPoolExecutor$ScheduledFutureTask.run(ScheduledThreadPoolExecutor.java:305)
	at java.base/java.util.concurrent.ThreadPoolExecutor.runWorker(ThreadPoolExecutor.java:1136)
	at java.base/java.util.concurrent.ThreadPoolExecutor$Worker.run(ThreadPoolExecutor.java:635)
	at java.base/java.lang.Thread.run(Thread.java:842)
2024-12-27 01:04:45.390 Request 25 failed with unexpected error: Connection refused: no further information: localhost/127.0.0.1:8080
2024-12-27 01:04:45.683 Failed to set request count to lock
java.io.IOException: 另一个程序已锁定文件的一部分，进程无法访问。
	at java.base/java.io.RandomAccessFile.writeBytes(Native Method)
	at java.base/java.io.RandomAccessFile.writeBytes(RandomAccessFile.java:1139)
	at com.demo.service.impl.FileLockThrottlingService.setRequestCount(FileLockThrottlingService.java:109)
	at com.demo.service.impl.FileLockThrottlingService.tryAcquire(FileLockThrottlingService.java:74)
	at com.demo.service.PingService.lambda$start$0(PingService.java:39)
	at reactor.core.publisher.FluxFilter$FilterConditionalSubscriber.onNext(FluxFilter.java:233)
	at reactor.core.publisher.FluxInterval$IntervalRunnable.run(FluxInterval.java:125)
	at reactor.core.scheduler.PeriodicWorkerTask.call(PeriodicWorkerTask.java:59)
	at reactor.core.scheduler.PeriodicWorkerTask.run(PeriodicWorkerTask.java:73)
	at java.base/java.util.concurrent.Executors$RunnableAdapter.call(Executors.java:539)
	at java.base/java.util.concurrent.FutureTask.runAndReset(FutureTask.java:305)
	at java.base/java.util.concurrent.ScheduledThreadPoolExecutor$ScheduledFutureTask.run(ScheduledThreadPoolExecutor.java:305)
	at java.base/java.util.concurrent.ThreadPoolExecutor.runWorker(ThreadPoolExecutor.java:1136)
	at java.base/java.util.concurrent.ThreadPoolExecutor$Worker.run(ThreadPoolExecutor.java:635)
	at java.base/java.lang.Thread.run(Thread.java:842)
2024-12-27 01:04:45.686 Request 26 failed with unexpected error: Connection refused: no further information: localhost/127.0.0.1:8080
