2024-12-26 15:09:30.741 Starting PingApplication using Java 17.0.12 with PID 30024 (C:\code\hbsc\ping\target\classes started by joech in C:\code\hbsc)
2024-12-26 15:09:30.744 No active profile set, falling back to 1 default profile: "default"
2024-12-26 15:09:31.196 Multiple Spring Data modules found, entering strict repository configuration mode
2024-12-26 15:09:31.199 Bootstrapping Spring Data Redis repositories in DEFAULT mode.
2024-12-26 15:09:31.221 Finished Spring Data repository scanning in 10 ms. Found 0 Redis repository interfaces.
2024-12-26 15:09:32.207 Netty started on port 8081
2024-12-26 15:09:32.217 Started PingApplication in 1.75 seconds (process running for 2.313)
2024-12-26 15:09:33.366 Request sent & Pong Respond: World
2024-12-26 15:09:34.244 Request sent & Pong Respond: World
2024-12-26 15:09:35.235 Request sent & Pong Respond: World
2024-12-26 15:09:36.237 Request sent & Pong Respond: World
2024-12-26 15:09:37.241 Request sent & Pong Respond: World
2024-12-26 15:09:38.245 Request sent & Pong Respond: World
2024-12-26 15:09:39.250 Request sent & Pong Respond: World
2024-12-26 15:09:40.239 Request sent & Pong Respond: World
2024-12-26 15:09:41.243 Request sent & Pong Respond: World
2024-12-26 15:09:42.250 Request sent & Pong Respond: World
2024-12-26 15:09:43.249 Request sent & Pong Respond: World
2024-12-26 15:09:44.246 Request sent & Pong Respond: World
2024-12-26 15:09:45.247 Request sent & Pong Respond: World
2024-12-26 15:09:46.244 Request sent & Pong Respond: World
2024-12-26 15:09:47.244 Request sent & Pong Respond: World
2024-12-26 15:09:48.245 Request sent & Pong Respond: World
2024-12-26 15:09:49.245 Request sent & Pong Respond: World
2024-12-26 15:09:50.240 Request sent & Pong Respond: World
2024-12-26 15:09:51.237 Request sent & Pong Respond: World
2024-12-26 15:09:52.236 Request sent & Pong Respond: World
2024-12-26 15:09:53.261 Request sent & Pong Respond: World
2024-12-26 15:09:54.245 Request sent & Pong Respond: World
