2025-01-04 00:01:30.978 Starting PingApplication using Java 17.0.12 with PID 29840 (C:\code\hsbc\demo\ping\target\classes started by joech in C:\code\hsbc\demo)
2025-01-04 00:01:30.982 No active profile set, falling back to 1 default profile: "default"
2025-01-04 00:01:32.063 Multiple Spring Data modules found, entering strict repository configuration mode
2025-01-04 00:01:32.065 Bootstrapping Spring Data Redis repositories in DEFAULT mode.
2025-01-04 00:01:32.090 Finished Spring Data repository scanning in 12 ms. Found 0 Redis repository interfaces.
2025-01-04 00:01:33.048 Exposing 1 endpoint(s) beneath base path '/actuator'
2025-01-04 00:01:33.488 Netty started on port 8082
2025-01-04 00:01:33.501 Started PingApplication in 2.825 seconds (process running for 3.33)
2025-01-04 00:01:34.669 Request 0 sent & Pong Respond: 200
2025-01-04 00:01:35.525 Request 1 sent & Pong Respond: 200
2025-01-04 00:01:36.535 Request 2 sent & Pong Respond: 200
2025-01-04 00:01:37.535 Request 3 sent & Pong Respond: 200
2025-01-04 00:01:38.538 Request 4 sent & Pong Respond: 200
2025-01-04 00:01:39.546 Request 5 sent & Pong Respond: 200
2025-01-04 00:01:40.520 Request 6 not sent as being 'ping rate limited'
2025-01-04 00:01:41.534 Request 7 sent & Pong Respond: 200
2025-01-04 00:01:42.529 Request 8 sent & Pong Respond: 200
2025-01-04 00:01:43.532 Request 9 sent & Pong Respond: 200
2025-01-04 00:01:44.527 Request 10 sent & Pong Respond: 200
2025-01-04 00:01:45.535 Request 11 sent & Pong Respond: 200
2025-01-04 00:01:46.528 Request 12 sent & Pong Respond: 200
2025-01-04 00:01:47.528 Request 13 sent & Pong Respond: 200
2025-01-04 00:01:48.527 Request 14 sent & Pong Respond: 200
2025-01-04 00:01:49.541 Request 15 sent & Pong Respond: 200
2025-01-04 00:01:50.539 Request 16 sent & Pong Respond: 200
2025-01-04 00:01:51.529 Request 17 sent & Pong Respond: 200
2025-01-04 00:01:52.531 Request 18 sent & Pong Respond: 200
2025-01-04 00:01:53.527 Request 19 sent & Pong Respond: 200
2025-01-04 00:01:54.547 Request 20 sent & Pong Respond: 200
2025-01-04 00:01:55.546 Request 21 sent & Pong Respond: 200
2025-01-04 00:01:56.525 Request 22 not sent as being 'ping rate limited'
2025-01-04 00:01:57.531 Request 23 sent & Pong Respond: 200
2025-01-04 00:01:58.530 Request 24 sent & Pong Respond: 200
2025-01-04 00:01:59.529 Request 25 sent & Pong Respond: 200
2025-01-04 00:02:00.528 Request 26 sent & Pong Respond: 200
2025-01-04 00:02:01.537 Request 27 sent & Pong Respond: 200
2025-01-04 00:02:02.527 Request 28 sent & Pong Respond: 200
2025-01-04 00:02:03.521 Request 29 sent & Pong Respond: 200
2025-01-04 00:02:04.533 Request 30 sent & Pong Respond: 200
2025-01-04 00:02:05.526 Request 31 sent & Pong Respond: 200
2025-01-04 00:02:06.528 Request 32 sent & Pong Respond: 200
2025-01-04 00:02:07.538 Request 33 sent & Pong Respond: 200
2025-01-04 00:02:08.532 Request 34 sent & Pong Respond: 200
2025-01-04 00:02:09.538 Request 35 sent & Pong Respond: 200
2025-01-04 00:02:10.520 Request 36 not sent as being 'ping rate limited'
2025-01-04 00:02:11.530 Request 37 sent & Pong Respond: 200
2025-01-04 00:02:12.534 Request 38 sent & Pong Respond: 200
2025-01-04 00:02:13.535 Request 39 sent & Pong Respond: 200
2025-01-04 00:02:14.526 Request 40 sent & Pong Respond: 200
2025-01-04 00:02:15.535 Request 41 sent & Pong Respond: 200
2025-01-04 00:02:16.533 Request 42 sent & Pong Respond: 200
2025-01-04 00:02:17.528 Request 43 sent & Pong Respond: 200
2025-01-04 00:02:18.532 Request 44 sent & Pong Respond: 200
2025-01-04 00:02:19.532 Request 45 sent & Pong Respond: 200
2025-01-04 00:02:20.523 Request 46 sent & Pong Respond: 200
2025-01-04 00:02:21.532 Request 47 sent & Pong Respond: 200
2025-01-04 00:02:22.526 Request 48 sent & Pong Respond: 200
2025-01-04 00:02:23.534 Request 49 sent & Pong Respond: 200
2025-01-04 00:02:24.545 Request 50 sent & Pong Respond: 200
2025-01-04 00:02:25.531 Request 51 not sent as being 'ping rate limited'
2025-01-04 00:02:26.537 Request 52 sent & Pong Respond: 200
2025-01-04 00:02:27.533 Request 53 sent & Pong Respond: 200
2025-01-04 00:02:28.528 Request 54 sent & Pong Respond: 200
2025-01-04 00:02:29.530 Request 55 sent & Pong Respond: 200
2025-01-04 00:02:30.524 Request 56 sent & Pong Respond: 200
2025-01-04 00:02:31.536 Request 57 sent & Pong Respond: 200
2025-01-04 00:02:32.532 Request 58 sent & Pong Respond: 200
2025-01-04 00:02:33.522 Request 59 sent & Pong Respond: 200
2025-01-04 00:02:34.533 Request 60 sent & Pong Respond: 200
2025-01-04 00:02:35.526 Request 61 sent & Pong Respond: 200
2025-01-04 00:02:36.534 Request 62 sent & Pong Respond: 200
2025-01-04 00:02:37.525 Request 63 sent & Pong Respond: 200
2025-01-04 00:02:38.529 Request 64 sent & Pong Respond: 200
2025-01-04 00:02:39.529 Request 65 sent & Pong Respond: 200
2025-01-04 00:02:40.524 Request 66 sent & Pong Respond: 200
2025-01-04 00:02:41.525 Request 67 sent & Pong Respond: 200
2025-01-04 00:02:42.534 Request 68 sent & Pong Respond: 200
2025-01-04 00:02:43.537 Request 69 sent & Pong Respond: 200
2025-01-04 00:02:44.530 Request 70 not sent as being 'ping rate limited'
2025-01-04 00:02:45.518 Request 71 not sent as being 'ping rate limited'
2025-01-04 00:02:46.517 Request 72 not sent as being 'ping rate limited'
2025-01-04 00:02:47.530 Request 73 not sent as being 'ping rate limited'
2025-01-04 00:02:48.534 Request 74 sent & Pong Respond: 200
2025-01-04 00:02:49.528 Request 75 sent & Pong Respond: 200
2025-01-04 00:02:50.528 Request 76 sent & Pong Respond: 200
2025-01-04 00:02:51.536 Request 77 sent & Pong Respond: 200
2025-01-04 00:02:52.524 Request 78 sent & Pong Respond: 200
2025-01-04 00:02:53.538 Request 79 sent & Pong Respond: 200
2025-01-04 00:02:54.532 Request 80 sent & Pong Respond: 200
2025-01-04 00:02:55.537 Request 81 sent & Pong Respond: 200
2025-01-04 00:02:56.532 Request 82 sent & Pong Respond: 200
2025-01-04 00:02:57.530 Request 83 sent & Pong Respond: 200
2025-01-04 00:02:58.530 Request 84 sent & Pong Respond: 200
2025-01-04 00:02:59.528 Request 85 sent & Pong Respond: 200
2025-01-04 00:03:00.530 Request 86 sent & Pong Respond: 200
2025-01-04 00:03:01.528 Request 87 sent & Pong Respond: 200
2025-01-04 00:03:02.532 Request 88 sent & Pong Respond: 200
2025-01-04 00:03:03.535 Request 89 sent & Pong Respond: 200
2025-01-04 00:03:04.531 Request 90 not sent as being 'ping rate limited'
2025-01-04 00:03:05.525 Request 91 not sent as being 'ping rate limited'
2025-01-04 00:03:06.520 Request 92 not sent as being 'ping rate limited'
2025-01-04 00:03:07.531 Request 93 not sent as being 'ping rate limited'
2025-01-04 00:03:08.529 Request 94 sent & Pong Respond: 200
2025-01-04 00:03:09.524 Request 95 sent & Pong Respond: 200
2025-01-04 00:03:10.535 Request 96 sent & Pong Respond: 200
2025-01-04 00:03:11.533 Request 97 sent & Pong Respond: 200
2025-01-04 00:03:12.526 Request 98 sent & Pong Respond: 200
2025-01-04 00:03:13.522 Request 99 sent & Pong Respond: 200
2025-01-04 00:03:14.524 Request 100 sent & Pong Respond: 200
2025-01-04 00:03:15.531 Request 101 sent & Pong Respond: 200
2025-01-04 00:03:16.528 Request 102 sent & Pong Respond: 200
2025-01-04 00:03:17.535 Request 103 sent & Pong Respond: 200
2025-01-04 00:03:18.519 Request 104 not sent as being 'ping rate limited'
2025-01-04 00:03:19.532 Request 105 not sent as being 'ping rate limited'
2025-01-04 00:03:20.526 Request 106 not sent as being 'ping rate limited'
2025-01-04 00:03:21.523 Request 107 not sent as being 'ping rate limited'
2025-01-04 00:03:22.522 Request 108 sent & Pong Respond: 200
2025-01-04 00:03:23.538 Request 109 sent & Pong Respond: 200
2025-01-04 00:03:24.533 Request 110 sent & Pong Respond: 200
2025-01-04 00:03:25.528 Request 111 sent & Pong Respond: 200
2025-01-04 00:03:26.537 Request 112 sent & Pong Respond: 200
2025-01-04 00:03:27.534 Request 113 sent & Pong Respond: 200
2025-01-04 00:03:28.527 Request 114 sent & Pong Respond: 200
2025-01-04 00:03:29.528 Request 115 sent & Pong Respond: 200
2025-01-04 00:03:30.524 Request 116 sent & Pong Respond: 200
2025-01-04 00:03:31.535 Request 117 sent & Pong Respond: 200
2025-01-04 00:03:32.528 Request 118 sent & Pong Respond: 200
2025-01-04 00:03:33.539 Request 119 sent & Pong Respond: 200
2025-01-04 00:03:34.533 Request 120 sent & Pong Respond: 200
2025-01-04 00:03:35.538 Request 121 sent & Pong Respond: 200
2025-01-04 00:03:36.540 Request 122 sent & Pong Respond: 200
2025-01-04 00:03:37.520 Request 123 not sent as being 'ping rate limited'
2025-01-04 00:03:38.529 Request 124 not sent as being 'ping rate limited'
2025-01-04 00:03:39.531 Request 125 not sent as being 'ping rate limited'
2025-01-04 00:03:40.529 Request 126 not sent as being 'ping rate limited'
2025-01-04 00:03:41.527 Request 127 not sent as being 'ping rate limited'
2025-01-04 00:03:42.525 Request 128 sent & Pong Respond: 200
2025-01-04 00:03:43.523 Request 129 sent & Pong Respond: 200
2025-01-04 00:03:44.531 Request 130 sent & Pong Respond: 200
2025-01-04 00:03:45.526 Request 131 sent & Pong Respond: 200
2025-01-04 00:03:46.521 Request 132 sent & Pong Respond: 200
2025-01-04 00:03:47.531 Request 133 sent & Pong Respond: 200
2025-01-04 00:03:48.529 Request 134 sent & Pong Respond: 200
2025-01-04 00:03:49.526 Request 135 sent & Pong Respond: 200
2025-01-04 00:03:50.531 Request 136 sent & Pong Respond: 200
2025-01-04 00:03:51.526 Request 137 sent & Pong Respond: 200
2025-01-04 00:03:52.536 Request 138 sent & Pong Respond: 200
2025-01-04 00:03:53.534 Request 139 sent & Pong Respond: 200
2025-01-04 00:03:54.528 Request 140 sent & Pong Respond: 200
2025-01-04 00:03:55.523 Request 141 sent & Pong Respond: 200
2025-01-04 00:03:56.527 Request 142 sent & Pong Respond: 200
2025-01-04 00:03:57.533 Request 143 sent & Pong Respond: 200
2025-01-04 00:03:58.531 Request 144 sent & Pong Respond: 200
2025-01-04 00:03:59.519 Request 145 not sent as being 'ping rate limited'
2025-01-04 00:04:00.528 Request 146 not sent as being 'ping rate limited'
2025-01-04 00:04:01.530 Request 147 sent & Pong Respond: 200
2025-01-04 00:04:02.518 Request 148 not sent as being 'ping rate limited'
2025-01-04 00:04:03.532 Request 149 sent & Pong Respond: 200
2025-01-04 00:04:04.533 Request 150 sent & Pong Respond: 200
2025-01-04 00:04:05.530 Request 151 sent & Pong Respond: 200
2025-01-04 00:04:06.522 Request 152 sent & Pong Respond: 200
2025-01-04 00:04:07.531 Request 153 sent & Pong Respond: 200
2025-01-04 00:04:08.524 Request 154 sent & Pong Respond: 200
2025-01-04 00:04:09.524 Request 155 sent & Pong Respond: 200
2025-01-04 00:04:10.533 Request 156 sent & Pong Respond: 200
2025-01-04 00:04:11.531 Request 157 sent & Pong Respond: 200
2025-01-04 00:04:12.534 Request 158 sent & Pong Respond: 200
2025-01-04 00:04:13.524 Request 159 sent & Pong Respond: 200
2025-01-04 00:04:14.531 Request 160 sent & Pong Respond: 200
2025-01-04 00:04:15.540 Request 161 sent & Pong Respond: 200
2025-01-04 00:04:16.523 Request 162 not sent as being 'ping rate limited'
2025-01-04 00:04:17.522 Request 163 not sent as being 'ping rate limited'
2025-01-04 00:04:18.517 Request 164 not sent as being 'ping rate limited'
2025-01-04 00:04:19.528 Request 165 not sent as being 'ping rate limited'
2025-01-04 00:04:20.530 Request 166 sent & Pong Respond: 200
2025-01-04 00:04:21.526 Request 167 sent & Pong Respond: 200
2025-01-04 00:04:22.529 Request 168 sent & Pong Respond: 200
2025-01-04 00:04:23.525 Request 169 sent & Pong Respond: 200
2025-01-04 00:04:24.521 Request 170 sent & Pong Respond: 200
2025-01-04 00:04:25.523 Request 171 sent & Pong Respond: 200
2025-01-04 00:04:26.524 Request 172 sent & Pong Respond: 200
2025-01-04 00:04:27.534 Request 173 sent & Pong Respond: 200
2025-01-04 00:04:28.531 Request 174 sent & Pong Respond: 200
2025-01-04 00:04:29.528 Request 175 sent & Pong Respond: 200
2025-01-04 00:04:30.523 Request 176 sent & Pong Respond: 200
2025-01-04 00:04:31.535 Request 177 sent & Pong Respond: 200
2025-01-04 00:04:32.527 Request 178 sent & Pong Respond: 200
2025-01-04 00:04:33.529 Request 179 sent & Pong Respond: 200
2025-01-04 00:04:34.531 Request 180 sent & Pong Respond: 200
2025-01-04 00:04:35.545 Request 181 sent & Pong Respond: 200
2025-01-04 00:04:36.534 Request 182 sent & Pong Respond: 200
2025-01-04 00:04:37.532 Request 183 sent & Pong Respond: 200
2025-01-04 00:04:38.519 Request 184 not sent as being 'ping rate limited'
2025-01-04 00:04:39.534 Request 185 sent & Pong Respond: 200
2025-01-04 00:04:40.525 Request 186 not sent as being 'ping rate limited'
2025-01-04 00:04:41.525 Request 187 sent & Pong Respond: 200
2025-01-04 00:04:42.519 Request 188 not sent as being 'ping rate limited'
2025-01-04 00:04:43.522 Request 189 sent & Pong Respond: 200
2025-01-04 00:04:44.530 Request 190 sent & Pong Respond: 200
2025-01-04 00:04:45.526 Request 191 sent & Pong Respond: 200
2025-01-04 00:04:46.534 Request 192 sent & Pong Respond: 200
2025-01-04 00:04:47.533 Request 193 sent & Pong Respond: 200
2025-01-04 00:04:48.530 Request 194 sent & Pong Respond: 200
2025-01-04 00:04:49.532 Request 195 sent & Pong Respond: 200
2025-01-04 00:04:50.528 Request 196 sent & Pong Respond: 200
2025-01-04 00:04:51.527 Request 197 sent & Pong Respond: 200
2025-01-04 00:04:52.535 Request 198 sent & Pong Respond: 200
2025-01-04 00:04:53.533 Request 199 sent & Pong Respond: 200
2025-01-04 00:04:54.535 Request 200 sent & Pong Respond: 200
2025-01-04 00:04:55.544 Request 201 sent & Pong Respond: 200
2025-01-04 00:04:56.523 Request 202 not sent as being 'ping rate limited'
2025-01-04 00:04:57.520 Request 203 not sent as being 'ping rate limited'
2025-01-04 00:04:58.524 Request 204 not sent as being 'ping rate limited'
2025-01-04 00:04:59.531 Request 205 not sent as being 'ping rate limited'
2025-01-04 00:05:00.521 Request 206 not sent as being 'ping rate limited'
2025-01-04 00:05:01.536 Request 207 sent & Pong Respond: 200
2025-01-04 00:05:02.526 Request 208 sent & Pong Respond: 200
2025-01-04 00:05:03.527 Request 209 sent & Pong Respond: 200
2025-01-04 00:05:04.524 Request 210 sent & Pong Respond: 200
2025-01-04 00:05:05.532 Request 211 sent & Pong Respond: 200
2025-01-04 00:05:06.529 Request 212 sent & Pong Respond: 200
2025-01-04 00:05:07.523 Request 213 sent & Pong Respond: 200
2025-01-04 00:05:08.527 Request 214 sent & Pong Respond: 200
2025-01-04 00:05:09.534 Request 215 sent & Pong Respond: 200
2025-01-04 00:05:10.531 Request 216 sent & Pong Respond: 200
2025-01-04 00:05:11.527 Request 217 sent & Pong Respond: 200
2025-01-04 00:05:12.524 Request 218 sent & Pong Respond: 200
2025-01-04 00:05:13.531 Request 219 sent & Pong Respond: 200
2025-01-04 00:05:14.529 Request 220 sent & Pong Respond: 200
2025-01-04 00:05:15.530 Request 221 sent & Pong Respond: 200
2025-01-04 00:05:16.540 Request 222 sent & Pong Respond: 200
2025-01-04 00:05:17.538 Request 223 sent & Pong Respond: 200
2025-01-04 00:05:18.522 Request 224 not sent as being 'ping rate limited'
2025-01-04 00:05:19.517 Request 225 not sent as being 'ping rate limited'
2025-01-04 00:05:20.528 Request 226 not sent as being 'ping rate limited'
2025-01-04 00:05:21.527 Request 227 not sent as being 'ping rate limited'
2025-01-04 00:05:22.523 Request 228 not sent as being 'ping rate limited'
2025-01-04 00:05:23.527 Request 229 sent & Pong Respond: 200
2025-01-04 00:05:24.528 Request 230 sent & Pong Respond: 200
2025-01-04 00:05:25.529 Request 231 sent & Pong Respond: 200
2025-01-04 00:05:26.530 Request 232 sent & Pong Respond: 200
2025-01-04 00:05:27.527 Request 233 sent & Pong Respond: 200
2025-01-04 00:05:28.538 Request 234 sent & Pong Respond: 200
2025-01-04 00:05:29.522 Request 235 sent & Pong Respond: 200
2025-01-04 00:05:30.532 Request 236 sent & Pong Respond: 200
2025-01-04 00:05:31.529 Request 237 sent & Pong Respond: 200
2025-01-04 00:05:32.533 Request 238 sent & Pong Respond: 200
2025-01-04 00:05:33.531 Request 239 sent & Pong Respond: 200
2025-01-04 00:05:34.538 Request 240 sent & Pong Respond: 200
2025-01-04 00:05:35.519 Request 241 not sent as being 'ping rate limited'
2025-01-04 00:05:36.530 Request 242 not sent as being 'ping rate limited'
2025-01-04 00:05:37.526 Request 243 not sent as being 'ping rate limited'
2025-01-04 00:05:38.529 Request 244 not sent as being 'ping rate limited'
2025-01-04 00:05:39.527 Request 245 not sent as being 'ping rate limited'
2025-01-04 00:05:40.528 Request 246 sent & Pong Respond: 200
2025-01-04 00:05:41.530 Request 247 sent & Pong Respond: 200
2025-01-04 00:05:42.526 Request 248 sent & Pong Respond: 200
2025-01-04 00:05:43.524 Request 249 sent & Pong Respond: 200
2025-01-04 00:05:44.534 Request 250 sent & Pong Respond: 200
2025-01-04 00:05:45.524 Request 251 sent & Pong Respond: 200
2025-01-04 00:05:46.521 Request 252 sent & Pong Respond: 200
2025-01-04 00:05:47.534 Request 253 sent & Pong Respond: 200
2025-01-04 00:05:48.528 Request 254 sent & Pong Respond: 200
2025-01-04 00:05:49.527 Request 255 sent & Pong Respond: 200
2025-01-04 00:05:50.527 Request 256 sent & Pong Respond: 200
2025-01-04 00:05:51.523 Request 257 sent & Pong Respond: 200
2025-01-04 00:05:52.533 Request 258 sent & Pong Respond: 200
2025-01-04 00:05:53.532 Request 259 sent & Pong Respond: 200
2025-01-04 00:05:54.540 Request 260 sent & Pong Respond: 200
2025-01-04 00:05:55.517 Request 261 not sent as being 'ping rate limited'
2025-01-04 00:05:56.527 Request 262 not sent as being 'ping rate limited'
2025-01-04 00:05:57.527 Request 263 sent & Pong Respond: 200
2025-01-04 00:05:58.527 Request 264 sent & Pong Respond: 200
2025-01-04 00:05:59.529 Request 265 sent & Pong Respond: 200
2025-01-04 00:06:00.524 Request 266 sent & Pong Respond: 200
2025-01-04 00:06:01.536 Request 267 sent & Pong Respond: 200
2025-01-04 00:06:02.532 Request 268 sent & Pong Respond: 200
2025-01-04 00:06:03.527 Request 269 sent & Pong Respond: 200
2025-01-04 00:06:04.533 Request 270 sent & Pong Respond: 200
2025-01-04 00:06:05.522 Request 271 sent & Pong Respond: 200
2025-01-04 00:06:06.533 Request 272 sent & Pong Respond: 200
2025-01-04 00:06:07.530 Request 273 sent & Pong Respond: 200
2025-01-04 00:06:08.527 Request 274 sent & Pong Respond: 200
2025-01-04 00:06:09.524 Request 275 sent & Pong Respond: 200
2025-01-04 00:06:10.522 Request 276 sent & Pong Respond: 200
2025-01-04 00:06:11.524 Request 277 sent & Pong Respond: 200
2025-01-04 00:06:12.547 Request 278 sent & Pong Respond: 200
2025-01-04 00:06:13.538 Request 279 sent & Pong Respond: 200
2025-01-04 00:06:14.521 Request 280 not sent as being 'ping rate limited'
2025-01-04 00:06:15.529 Request 281 not sent as being 'ping rate limited'
2025-01-04 00:06:16.522 Request 282 not sent as being 'ping rate limited'
2025-01-04 00:06:17.530 Request 283 not sent as being 'ping rate limited'
2025-01-04 00:06:18.520 Request 284 not sent as being 'ping rate limited'
2025-01-04 00:06:19.522 Request 285 sent & Pong Respond: 200
2025-01-04 00:06:20.534 Request 286 sent & Pong Respond: 200
2025-01-04 00:06:21.534 Request 287 sent & Pong Respond: 200
2025-01-04 00:06:22.531 Request 288 sent & Pong Respond: 200
2025-01-04 00:06:23.529 Request 289 sent & Pong Respond: 200
2025-01-04 00:06:24.533 Request 290 sent & Pong Respond: 200
2025-01-04 00:06:25.533 Request 291 sent & Pong Respond: 200
2025-01-04 00:06:26.528 Request 292 sent & Pong Respond: 200
2025-01-04 00:06:27.524 Request 293 sent & Pong Respond: 200
2025-01-04 00:06:28.538 Request 294 sent & Pong Respond: 200
2025-01-04 00:06:29.531 Request 295 sent & Pong Respond: 200
2025-01-04 00:06:30.530 Request 296 sent & Pong Respond: 200
2025-01-04 00:06:31.538 Request 297 sent & Pong Respond: 200
2025-01-04 00:06:32.520 Request 298 not sent as being 'ping rate limited'
2025-01-04 00:06:33.531 Request 299 not sent as being 'ping rate limited'
2025-01-04 00:06:34.527 Request 300 not sent as being 'ping rate limited'
2025-01-04 00:06:35.535 Request 301 sent & Pong Respond: 200
2025-01-04 00:06:36.532 Request 302 not sent as being 'ping rate limited'
2025-01-04 00:06:37.525 Request 303 not sent as being 'ping rate limited'
2025-01-04 00:06:38.528 Request 304 not sent as being 'ping rate limited'
2025-01-04 00:06:39.525 Request 305 sent & Pong Respond: 200
2025-01-04 00:06:40.528 Request 306 sent & Pong Respond: 200
2025-01-04 00:06:41.528 Request 307 sent & Pong Respond: 200
2025-01-04 00:06:42.529 Request 308 sent & Pong Respond: 200
2025-01-04 00:06:43.530 Request 309 sent & Pong Respond: 200
2025-01-04 00:06:44.530 Request 310 sent & Pong Respond: 200
2025-01-04 00:06:45.535 Request 311 sent & Pong Respond: 200
2025-01-04 00:06:46.521 Request 312 sent & Pong Respond: 200
2025-01-04 00:06:47.530 Request 313 not sent as being 'ping rate limited'
2025-01-04 00:06:48.532 Request 314 sent & Pong Respond: 200
2025-01-04 00:06:49.525 Request 315 sent & Pong Respond: 200
2025-01-04 00:06:50.531 Request 316 not sent as being 'ping rate limited'
2025-01-04 00:06:51.526 Request 317 not sent as being 'ping rate limited'
2025-01-04 00:06:52.538 Request 318 sent & Pong Respond: 200
2025-01-04 00:06:53.522 Request 319 not sent as being 'ping rate limited'
2025-01-04 00:06:54.517 Request 320 not sent as being 'ping rate limited'
2025-01-04 00:06:55.519 Request 321 not sent as being 'ping rate limited'
2025-01-04 00:06:56.519 Request 322 not sent as being 'ping rate limited'
2025-01-04 00:06:57.531 Request 323 not sent as being 'ping rate limited'
2025-01-04 00:06:58.528 Request 324 not sent as being 'ping rate limited'
2025-01-04 00:06:59.517 Request 325 not sent as being 'ping rate limited'
2025-01-04 00:07:00.524 Request 326 not sent as being 'ping rate limited'
2025-01-04 00:07:01.525 Request 327 not sent as being 'ping rate limited'
2025-01-04 00:07:02.529 Request 328 not sent as being 'ping rate limited'
2025-01-04 00:07:03.526 Request 329 not sent as being 'ping rate limited'
2025-01-04 00:07:04.521 Request 330 not sent as being 'ping rate limited'
2025-01-04 00:07:05.528 Request 331 not sent as being 'ping rate limited'
2025-01-04 00:07:06.524 Request 332 sent & Pong Respond: 200
2025-01-04 00:07:07.517 Request 333 not sent as being 'ping rate limited'
2025-01-04 00:07:08.528 Request 334 not sent as being 'ping rate limited'
2025-01-04 00:07:09.530 Request 335 sent & Pong Respond: 200
2025-01-04 00:07:10.519 Request 336 not sent as being 'ping rate limited'
2025-01-04 00:07:11.530 Request 337 not sent as being 'ping rate limited'
2025-01-04 00:07:12.518 Request 338 not sent as being 'ping rate limited'
2025-01-04 00:07:13.528 Request 339 not sent as being 'ping rate limited'
2025-01-04 00:07:14.541 Request 340 sent & Pong Respond: 200
2025-01-04 00:07:15.519 Request 341 not sent as being 'ping rate limited'
2025-01-04 00:07:16.518 Request 342 not sent as being 'ping rate limited'
2025-01-04 00:07:17.529 Request 343 not sent as being 'ping rate limited'
2025-01-04 00:07:18.527 Request 344 not sent as being 'ping rate limited'
2025-01-04 00:07:19.524 Request 345 not sent as being 'ping rate limited'
2025-01-04 00:07:20.524 Request 346 not sent as being 'ping rate limited'
2025-01-04 00:07:21.523 Request 347 not sent as being 'ping rate limited'
2025-01-04 00:07:22.531 Request 348 not sent as being 'ping rate limited'
2025-01-04 00:07:23.523 Request 349 not sent as being 'ping rate limited'
2025-01-04 00:07:24.530 Request 350 not sent as being 'ping rate limited'
2025-01-04 00:07:25.518 Request 351 not sent as being 'ping rate limited'
2025-01-04 00:07:26.518 Request 352 not sent as being 'ping rate limited'
2025-01-04 00:07:27.523 Request 353 not sent as being 'ping rate limited'
2025-01-04 00:07:28.522 Request 354 not sent as being 'ping rate limited'
2025-01-04 00:07:29.528 Request 355 sent & Pong Respond: 200
2025-01-04 00:07:30.525 Request 356 sent & Pong Respond: 200
2025-01-04 00:07:31.521 Request 357 sent & Pong Respond: 200
2025-01-04 00:07:32.530 Request 358 not sent as being 'ping rate limited'
2025-01-04 00:07:33.531 Request 359 sent & Pong Respond: 200
2025-01-04 00:07:34.540 Request 360 sent & Pong Respond: 200
2025-01-04 00:07:35.522 Request 361 not sent as being 'ping rate limited'
2025-01-04 00:07:36.533 Request 362 sent & Pong Respond: 200
2025-01-04 00:07:37.520 Request 363 not sent as being 'ping rate limited'
2025-01-04 00:07:38.531 Request 364 not sent as being 'ping rate limited'
2025-01-04 00:07:39.529 Request 365 not sent as being 'ping rate limited'
2025-01-04 00:07:40.529 Request 366 not sent as being 'ping rate limited'
2025-01-04 00:07:41.523 Request 367 not sent as being 'ping rate limited'
2025-01-04 00:07:42.519 Request 368 not sent as being 'ping rate limited'
2025-01-04 00:07:43.528 Request 369 not sent as being 'ping rate limited'
2025-01-04 00:07:44.519 Request 370 not sent as being 'ping rate limited'
2025-01-04 00:07:45.524 Request 371 not sent as being 'ping rate limited'
2025-01-04 00:07:46.520 Request 372 not sent as being 'ping rate limited'
2025-01-04 00:07:47.522 Request 373 sent & Pong Respond: 200
2025-01-04 00:07:48.520 Request 374 sent & Pong Respond: 200
2025-01-04 00:07:49.534 Request 375 sent & Pong Respond: 200
2025-01-04 00:07:50.521 Request 376 sent & Pong Respond: 200
2025-01-04 00:07:51.527 Request 377 sent & Pong Respond: 200
2025-01-04 00:07:52.531 Request 378 not sent as being 'ping rate limited'
2025-01-04 00:07:53.532 Request 379 sent & Pong Respond: 200
2025-01-04 00:07:54.546 Request 380 sent & Pong Respond: 200
2025-01-04 00:07:55.536 Request 381 sent & Pong Respond: 200
2025-01-04 00:07:56.576 Request 382 sent & Pong Respond: 200
2025-01-04 00:07:57.528 Request 383 not sent as being 'ping rate limited'
2025-01-04 00:07:58.549 Request 384 sent & Pong Respond: 200
