2024-12-26 15:24:25.756 Starting PingApplication using Java 17.0.12 with PID 24104 (C:\code\hbsc\ping\target\classes started by joech in C:\code\hbsc)
2024-12-26 15:24:25.758 No active profile set, falling back to 1 default profile: "default"
2024-12-26 15:24:26.295 Multiple Spring Data modules found, entering strict repository configuration mode
2024-12-26 15:24:26.298 Bootstrapping Spring Data Redis repositories in DEFAULT mode.
2024-12-26 15:24:26.326 Finished Spring Data repository scanning in 12 ms. Found 0 Redis repository interfaces.
2024-12-26 15:24:27.433 Netty started on port 8082
2024-12-26 15:24:27.443 Started PingApplication in 1.988 seconds (process running for 2.437)
2024-12-26 15:24:27.567 Request send & Pong throttled: true
2024-12-26 15:24:27.568 Beging to send request to Pong
2024-12-26 15:24:27.660 Request send & Pong throttled: true
2024-12-26 15:24:27.661 Beging to send request to Pong
2024-12-26 15:24:27.736 Request sent & Pong Respond: World
2024-12-26 15:24:27.736 Request sent & Pong Respond: World
2024-12-26 15:24:27.770 Request send & Pong throttled: true
2024-12-26 15:24:27.770 Beging to send request to Pong
2024-12-26 15:24:27.790 Request send & Pong throttled it
2024-12-26 15:24:27.864 Request send & Pong throttled: true
2024-12-26 15:24:27.865 Beging to send request to Pong
2024-12-26 15:24:27.870 Request send & Pong throttled it
2024-12-26 15:24:27.958 Request send & Pong throttled: false
2024-12-26 15:24:28.070 Request send & Pong throttled: false
2024-12-26 15:24:28.165 Request send & Pong throttled: false
2024-12-26 15:24:28.258 Request send & Pong throttled: false
2024-12-26 15:24:28.367 Request send & Pong throttled: false
2024-12-26 15:24:28.456 Request send & Pong throttled: false
2024-12-26 15:24:28.571 Request send & Pong throttled: false
2024-12-26 15:24:28.665 Request send & Pong throttled: false
2024-12-26 15:24:28.757 Request send & Pong throttled: true
2024-12-26 15:24:28.758 Beging to send request to Pong
2024-12-26 15:24:28.761 Request sent & Pong Respond: World
2024-12-26 15:24:28.864 Request send & Pong throttled: true
2024-12-26 15:24:28.864 Beging to send request to Pong
2024-12-26 15:24:28.869 Request send & Pong throttled it
2024-12-26 15:24:28.959 Request send & Pong throttled: false
2024-12-26 15:24:29.067 Request send & Pong throttled: false
2024-12-26 15:24:29.161 Request send & Pong throttled: false
2024-12-26 15:24:29.270 Request send & Pong throttled: false
2024-12-26 15:24:29.363 Request send & Pong throttled: false
2024-12-26 15:24:29.456 Request send & Pong throttled: false
2024-12-26 15:24:29.565 Request send & Pong throttled: false
2024-12-26 15:24:29.658 Request send & Pong throttled: false
2024-12-26 15:24:29.766 Request send & Pong throttled: true
2024-12-26 15:24:29.766 Beging to send request to Pong
2024-12-26 15:24:29.770 Request sent & Pong Respond: World
2024-12-26 15:24:29.860 Request send & Pong throttled: true
2024-12-26 15:24:29.861 Beging to send request to Pong
2024-12-26 15:24:29.865 Request send & Pong throttled it
2024-12-26 15:24:29.968 Request send & Pong throttled: false
2024-12-26 15:24:30.060 Request send & Pong throttled: false
2024-12-26 15:24:30.170 Request send & Pong throttled: false
2024-12-26 15:24:30.264 Request send & Pong throttled: false
2024-12-26 15:24:30.357 Request send & Pong throttled: false
2024-12-26 15:24:30.467 Request send & Pong throttled: false
2024-12-26 15:24:30.556 Request send & Pong throttled: false
2024-12-26 15:24:30.669 Request send & Pong throttled: false
2024-12-26 15:24:30.764 Request send & Pong throttled: true
2024-12-26 15:24:30.764 Beging to send request to Pong
2024-12-26 15:24:30.767 Request sent & Pong Respond: World
2024-12-26 15:24:30.872 Request send & Pong throttled: true
2024-12-26 15:24:30.872 Beging to send request to Pong
2024-12-26 15:24:30.876 Request send & Pong throttled it
2024-12-26 15:24:30.965 Request send & Pong throttled: false
2024-12-26 15:24:31.058 Request send & Pong throttled: false
2024-12-26 15:24:31.167 Request send & Pong throttled: false
2024-12-26 15:24:31.261 Request send & Pong throttled: false
2024-12-26 15:24:31.369 Request send & Pong throttled: false
2024-12-26 15:24:31.463 Request send & Pong throttled: false
2024-12-26 15:24:31.572 Request send & Pong throttled: false
2024-12-26 15:24:31.665 Request send & Pong throttled: false
2024-12-26 15:24:31.759 Request send & Pong throttled: true
2024-12-26 15:24:31.759 Beging to send request to Pong
2024-12-26 15:24:31.763 Request sent & Pong Respond: World
2024-12-26 15:24:31.867 Request send & Pong throttled: true
2024-12-26 15:24:31.869 Beging to send request to Pong
2024-12-26 15:24:31.873 Request send & Pong throttled it
2024-12-26 15:24:31.960 Request send & Pong throttled: false
2024-12-26 15:24:32.069 Request send & Pong throttled: false
2024-12-26 15:24:32.163 Request send & Pong throttled: false
2024-12-26 15:24:32.257 Request send & Pong throttled: false
2024-12-26 15:24:32.365 Request send & Pong throttled: false
2024-12-26 15:24:32.458 Request send & Pong throttled: false
2024-12-26 15:24:32.567 Request send & Pong throttled: false
2024-12-26 15:24:32.660 Request send & Pong throttled: false
2024-12-26 15:24:32.769 Request send & Pong throttled: true
2024-12-26 15:24:32.769 Beging to send request to Pong
2024-12-26 15:24:32.779 Request sent & Pong Respond: World
2024-12-26 15:24:32.864 Request send & Pong throttled: true
2024-12-26 15:24:32.864 Beging to send request to Pong
2024-12-26 15:24:32.869 Request send & Pong throttled it
2024-12-26 15:24:32.956 Request send & Pong throttled: false
2024-12-26 15:24:33.066 Request send & Pong throttled: false
2024-12-26 15:24:33.159 Request send & Pong throttled: false
2024-12-26 15:24:33.269 Request send & Pong throttled: false
2024-12-26 15:24:33.362 Request send & Pong throttled: false
2024-12-26 15:24:33.458 Request send & Pong throttled: false
2024-12-26 15:24:33.568 Request send & Pong throttled: false
2024-12-26 15:24:33.656 Request send & Pong throttled: false
2024-12-26 15:24:33.760 Request send & Pong throttled: true
2024-12-26 15:24:33.760 Beging to send request to Pong
2024-12-26 15:24:33.764 Request sent & Pong Respond: World
2024-12-26 15:24:33.869 Request send & Pong throttled: true
2024-12-26 15:24:33.870 Beging to send request to Pong
2024-12-26 15:24:33.873 Request send & Pong throttled it
2024-12-26 15:24:33.963 Request send & Pong throttled: false
2024-12-26 15:24:34.071 Request send & Pong throttled: false
2024-12-26 15:24:34.164 Request send & Pong throttled: false
2024-12-26 15:24:34.257 Request send & Pong throttled: false
2024-12-26 15:24:34.366 Request send & Pong throttled: false
2024-12-26 15:24:34.460 Request send & Pong throttled: false
2024-12-26 15:24:34.569 Request send & Pong throttled: false
2024-12-26 15:24:34.663 Request send & Pong throttled: false
2024-12-26 15:24:34.771 Request send & Pong throttled: true
2024-12-26 15:24:34.772 Beging to send request to Pong
2024-12-26 15:24:34.775 Request sent & Pong Respond: World
2024-12-26 15:24:34.864 Request send & Pong throttled: true
2024-12-26 15:24:34.865 Beging to send request to Pong
2024-12-26 15:24:34.868 Request send & Pong throttled it
2024-12-26 15:24:34.957 Request send & Pong throttled: false
2024-12-26 15:24:35.066 Request send & Pong throttled: false
2024-12-26 15:24:35.159 Request send & Pong throttled: false
2024-12-26 15:24:35.269 Request send & Pong throttled: false
2024-12-26 15:24:35.361 Request send & Pong throttled: false
2024-12-26 15:24:35.456 Request send & Pong throttled: false
2024-12-26 15:24:35.565 Request send & Pong throttled: false
2024-12-26 15:24:35.658 Request send & Pong throttled: false
2024-12-26 15:24:35.767 Request send & Pong throttled: true
2024-12-26 15:24:35.768 Beging to send request to Pong
2024-12-26 15:24:35.771 Request sent & Pong Respond: World
2024-12-26 15:24:35.863 Request send & Pong throttled: true
2024-12-26 15:24:35.863 Beging to send request to Pong
2024-12-26 15:24:35.867 Request send & Pong throttled it
2024-12-26 15:24:35.970 Request send & Pong throttled: false
2024-12-26 15:24:36.065 Request send & Pong throttled: false
2024-12-26 15:24:36.159 Request send & Pong throttled: false
2024-12-26 15:24:36.270 Request send & Pong throttled: false
2024-12-26 15:24:36.364 Request send & Pong throttled: false
2024-12-26 15:24:36.457 Request send & Pong throttled: false
2024-12-26 15:24:36.567 Request send & Pong throttled: false
2024-12-26 15:24:36.662 Request send & Pong throttled: false
2024-12-26 15:24:36.770 Request send & Pong throttled: true
2024-12-26 15:24:36.770 Beging to send request to Pong
2024-12-26 15:24:36.773 Request sent & Pong Respond: World
2024-12-26 15:24:36.864 Request send & Pong throttled: true
2024-12-26 15:24:36.865 Beging to send request to Pong
2024-12-26 15:24:36.869 Request send & Pong throttled it
2024-12-26 15:24:36.956 Request send & Pong throttled: false
2024-12-26 15:24:37.066 Request send & Pong throttled: false
2024-12-26 15:24:37.161 Request send & Pong throttled: false
2024-12-26 15:24:37.270 Request send & Pong throttled: false
2024-12-26 15:24:37.365 Request send & Pong throttled: false
2024-12-26 15:24:37.457 Request send & Pong throttled: false
2024-12-26 15:24:37.566 Request send & Pong throttled: false
2024-12-26 15:24:37.658 Request send & Pong throttled: false
2024-12-26 15:24:37.767 Request send & Pong throttled: true
2024-12-26 15:24:37.767 Beging to send request to Pong
2024-12-26 15:24:37.789 Request sent & Pong Respond: World
2024-12-26 15:24:37.860 Request send & Pong throttled: true
2024-12-26 15:24:37.861 Beging to send request to Pong
2024-12-26 15:24:37.865 Request send & Pong throttled it
2024-12-26 15:24:37.970 Request send & Pong throttled: false
2024-12-26 15:24:38.065 Request send & Pong throttled: false
2024-12-26 15:24:38.158 Request send & Pong throttled: false
2024-12-26 15:24:38.267 Request send & Pong throttled: false
2024-12-26 15:24:38.361 Request send & Pong throttled: false
2024-12-26 15:24:38.471 Request send & Pong throttled: false
2024-12-26 15:24:38.566 Request send & Pong throttled: false
2024-12-26 15:24:38.659 Request send & Pong throttled: false
2024-12-26 15:24:38.769 Request send & Pong throttled: true
2024-12-26 15:24:38.769 Beging to send request to Pong
2024-12-26 15:24:38.773 Request sent & Pong Respond: World
2024-12-26 15:24:38.863 Request send & Pong throttled: true
2024-12-26 15:24:38.864 Beging to send request to Pong
2024-12-26 15:24:38.868 Request send & Pong throttled it
2024-12-26 15:24:38.958 Request send & Pong throttled: false
2024-12-26 15:24:39.068 Request send & Pong throttled: false
