2024-12-26 15:42:48.262 Starting PingApplication using Java 17.0.12 with PID 24596 (C:\code\hbsc\ping\target\classes started by joech in C:\code\hbsc)
2024-12-26 15:42:48.264 No active profile set, falling back to 1 default profile: "default"
2024-12-26 15:42:48.751 Multiple Spring Data modules found, entering strict repository configuration mode
2024-12-26 15:42:48.754 Bootstrapping Spring Data Redis repositories in DEFAULT mode.
2024-12-26 15:42:48.778 Finished Spring Data repository scanning in 10 ms. Found 0 Redis repository interfaces.
2024-12-26 15:42:49.900 Netty started on port 8082
2024-12-26 15:42:49.912 Started PingApplication in 1.939 seconds (process running for 2.386)
2024-12-26 15:42:50.244 Request 1 sent & Pong Respond: World
2024-12-26 15:42:50.244 Request 0 sent & Pong Respond: World
2024-12-26 15:42:50.270 Request 2 send & Pong throttled it
2024-12-26 15:42:50.340 Request 3 send & Pong throttled it
2024-12-26 15:42:50.429 Request 4 not sent as being 'rate limited'
2024-12-26 15:42:50.537 Request 5 not sent as being 'rate limited'
2024-12-26 15:42:50.631 Request 6 not sent as being 'rate limited'
2024-12-26 15:42:50.740 Request 7 not sent as being 'rate limited'
2024-12-26 15:42:50.834 Request 8 not sent as being 'rate limited'
2024-12-26 15:42:50.929 Request 9 not sent as being 'rate limited'
2024-12-26 15:42:51.036 Request 10 not sent as being 'rate limited'
2024-12-26 15:42:51.131 Request 11 not sent as being 'rate limited'
2024-12-26 15:42:51.245 Request 12 sent & Pong Respond: World
2024-12-26 15:42:51.339 Request 13 send & Pong throttled it
2024-12-26 15:42:51.429 Request 14 not sent as being 'rate limited'
2024-12-26 15:42:51.536 Request 15 not sent as being 'rate limited'
2024-12-26 15:42:51.630 Request 16 not sent as being 'rate limited'
2024-12-26 15:42:51.740 Request 17 not sent as being 'rate limited'
2024-12-26 15:42:51.834 Request 18 not sent as being 'rate limited'
2024-12-26 15:42:51.929 Request 19 not sent as being 'rate limited'
2024-12-26 15:42:52.029 Request 20 not sent as being 'rate limited'
2024-12-26 15:42:52.136 Request 21 not sent as being 'rate limited'
2024-12-26 15:42:52.233 Request 22 sent & Pong Respond: World
2024-12-26 15:42:52.344 Request 23 send & Pong throttled it
2024-12-26 15:42:52.433 Request 24 not sent as being 'rate limited'
2024-12-26 15:42:52.542 Request 25 not sent as being 'rate limited'
2024-12-26 15:42:52.635 Request 26 not sent as being 'rate limited'
2024-12-26 15:42:52.743 Request 27 not sent as being 'rate limited'
2024-12-26 15:42:52.838 Request 28 not sent as being 'rate limited'
2024-12-26 15:42:52.932 Request 29 not sent as being 'rate limited'
2024-12-26 15:42:53.044 Request 30 not sent as being 'rate limited'
2024-12-26 15:42:53.138 Request 31 not sent as being 'rate limited'
2024-12-26 15:42:53.236 Request 32 sent & Pong Respond: World
2024-12-26 15:42:53.346 Request 33 send & Pong throttled it
2024-12-26 15:42:53.437 Request 34 not sent as being 'rate limited'
2024-12-26 15:42:53.532 Request 35 not sent as being 'rate limited'
2024-12-26 15:42:53.641 Request 36 not sent as being 'rate limited'
2024-12-26 15:42:53.737 Request 37 not sent as being 'rate limited'
2024-12-26 15:42:53.831 Request 38 not sent as being 'rate limited'
2024-12-26 15:42:53.929 Request 39 not sent as being 'rate limited'
2024-12-26 15:42:54.034 Request 40 not sent as being 'rate limited'
2024-12-26 15:42:54.142 Request 41 not sent as being 'rate limited'
2024-12-26 15:42:54.239 Request 42 sent & Pong Respond: World
2024-12-26 15:42:54.335 Request 43 send & Pong throttled it
2024-12-26 15:42:54.438 Request 44 not sent as being 'rate limited'
2024-12-26 15:42:54.531 Request 45 not sent as being 'rate limited'
2024-12-26 15:42:54.641 Request 46 not sent as being 'rate limited'
2024-12-26 15:42:54.734 Request 47 not sent as being 'rate limited'
2024-12-26 15:42:54.829 Request 48 not sent as being 'rate limited'
2024-12-26 15:42:54.938 Request 49 not sent as being 'rate limited'
2024-12-26 15:42:55.030 Request 50 not sent as being 'rate limited'
2024-12-26 15:42:55.139 Request 51 not sent as being 'rate limited'
2024-12-26 15:42:55.236 Request 52 sent & Pong Respond: World
2024-12-26 15:42:55.333 Request 53 send & Pong throttled it
2024-12-26 15:42:55.437 Request 54 not sent as being 'rate limited'
2024-12-26 15:42:55.531 Request 55 not sent as being 'rate limited'
2024-12-26 15:42:55.640 Request 56 not sent as being 'rate limited'
2024-12-26 15:42:55.735 Request 57 not sent as being 'rate limited'
2024-12-26 15:42:55.843 Request 58 not sent as being 'rate limited'
2024-12-26 15:42:55.937 Request 59 not sent as being 'rate limited'
2024-12-26 15:42:56.031 Request 60 not sent as being 'rate limited'
2024-12-26 15:42:56.142 Request 61 not sent as being 'rate limited'
2024-12-26 15:42:56.239 Request 62 sent & Pong Respond: World
2024-12-26 15:42:56.333 Request 63 send & Pong throttled it
2024-12-26 15:42:56.439 Request 64 not sent as being 'rate limited'
2024-12-26 15:42:56.533 Request 65 not sent as being 'rate limited'
2024-12-26 15:42:56.642 Request 66 not sent as being 'rate limited'
2024-12-26 15:42:56.737 Request 67 not sent as being 'rate limited'
2024-12-26 15:42:56.833 Request 68 not sent as being 'rate limited'
2024-12-26 15:42:56.941 Request 69 not sent as being 'rate limited'
2024-12-26 15:42:57.036 Request 70 not sent as being 'rate limited'
2024-12-26 15:42:57.129 Request 71 not sent as being 'rate limited'
2024-12-26 15:42:57.242 Request 72 sent & Pong Respond: World
2024-12-26 15:42:57.338 Request 73 send & Pong throttled it
2024-12-26 15:42:57.430 Request 74 not sent as being 'rate limited'
2024-12-26 15:42:57.540 Request 75 not sent as being 'rate limited'
2024-12-26 15:42:57.634 Request 76 not sent as being 'rate limited'
2024-12-26 15:42:57.743 Request 77 not sent as being 'rate limited'
2024-12-26 15:42:57.836 Request 78 not sent as being 'rate limited'
2024-12-26 15:42:57.930 Request 79 not sent as being 'rate limited'
2024-12-26 15:42:58.039 Request 80 not sent as being 'rate limited'
2024-12-26 15:42:58.133 Request 81 not sent as being 'rate limited'
2024-12-26 15:42:58.244 Request 82 sent & Pong Respond: World
2024-12-26 15:42:58.339 Request 83 send & Pong throttled it
2024-12-26 15:42:58.430 Request 84 not sent as being 'rate limited'
2024-12-26 15:42:58.529 Request 85 not sent as being 'rate limited'
2024-12-26 15:42:58.632 Request 86 not sent as being 'rate limited'
2024-12-26 15:42:58.743 Request 87 not sent as being 'rate limited'
2024-12-26 15:42:58.836 Request 88 not sent as being 'rate limited'
2024-12-26 15:42:58.929 Request 89 not sent as being 'rate limited'
2024-12-26 15:42:59.029 Request 90 not sent as being 'rate limited'
2024-12-26 15:42:59.131 Request 91 not sent as being 'rate limited'
2024-12-26 15:42:59.244 Request 92 sent & Pong Respond: World
2024-12-26 15:42:59.338 Request 93 send & Pong throttled it
2024-12-26 15:42:59.429 Request 94 not sent as being 'rate limited'
2024-12-26 15:42:59.537 Request 95 not sent as being 'rate limited'
2024-12-26 15:42:59.631 Request 96 not sent as being 'rate limited'
2024-12-26 15:42:59.729 Request 97 not sent as being 'rate limited'
2024-12-26 15:42:59.833 Request 98 not sent as being 'rate limited'
2024-12-26 15:42:59.943 Request 99 not sent as being 'rate limited'
2024-12-26 15:43:00.037 Request 100 not sent as being 'rate limited'
2024-12-26 15:43:00.131 Request 101 not sent as being 'rate limited'
2024-12-26 15:43:00.242 Request 102 sent & Pong Respond: World
2024-12-26 15:43:00.337 Request 103 send & Pong throttled it
2024-12-26 15:43:00.442 Request 104 not sent as being 'rate limited'
2024-12-26 15:43:00.537 Request 105 not sent as being 'rate limited'
2024-12-26 15:43:00.632 Request 106 not sent as being 'rate limited'
2024-12-26 15:43:00.729 Request 107 not sent as being 'rate limited'
2024-12-26 15:43:00.832 Request 108 not sent as being 'rate limited'
2024-12-26 15:43:00.941 Request 109 not sent as being 'rate limited'
2024-12-26 15:43:01.035 Request 110 not sent as being 'rate limited'
2024-12-26 15:43:01.128 Request 111 not sent as being 'rate limited'
2024-12-26 15:43:01.241 Request 112 sent & Pong Respond: World
2024-12-26 15:43:01.334 Request 113 send & Pong throttled it
2024-12-26 15:43:01.438 Request 114 not sent as being 'rate limited'
2024-12-26 15:43:01.532 Request 115 not sent as being 'rate limited'
2024-12-26 15:43:01.643 Request 116 not sent as being 'rate limited'
2024-12-26 15:43:01.739 Request 117 not sent as being 'rate limited'
2024-12-26 15:43:01.832 Request 118 not sent as being 'rate limited'
2024-12-26 15:43:01.940 Request 119 not sent as being 'rate limited'
2024-12-26 15:43:02.035 Request 120 not sent as being 'rate limited'
2024-12-26 15:43:02.129 Request 121 not sent as being 'rate limited'
2024-12-26 15:43:02.241 Request 122 sent & Pong Respond: World
2024-12-26 15:43:02.337 Request 123 send & Pong throttled it
2024-12-26 15:43:02.443 Request 124 not sent as being 'rate limited'
2024-12-26 15:43:02.539 Request 125 not sent as being 'rate limited'
2024-12-26 15:43:02.633 Request 126 not sent as being 'rate limited'
2024-12-26 15:43:02.742 Request 127 not sent as being 'rate limited'
2024-12-26 15:43:02.835 Request 128 not sent as being 'rate limited'
2024-12-26 15:43:02.929 Request 129 not sent as being 'rate limited'
2024-12-26 15:43:03.029 Request 130 not sent as being 'rate limited'
2024-12-26 15:43:03.133 Request 131 not sent as being 'rate limited'
2024-12-26 15:43:03.233 Request 132 sent & Pong Respond: World
2024-12-26 15:43:03.341 Request 133 send & Pong throttled it
2024-12-26 15:43:03.432 Request 134 not sent as being 'rate limited'
2024-12-26 15:43:03.543 Request 135 not sent as being 'rate limited'
2024-12-26 15:43:03.638 Request 136 not sent as being 'rate limited'
2024-12-26 15:43:03.730 Request 137 not sent as being 'rate limited'
2024-12-26 15:43:03.839 Request 138 not sent as being 'rate limited'
2024-12-26 15:43:03.933 Request 139 not sent as being 'rate limited'
2024-12-26 15:43:04.042 Request 140 not sent as being 'rate limited'
2024-12-26 15:43:04.137 Request 141 not sent as being 'rate limited'
2024-12-26 15:43:04.234 Request 142 sent & Pong Respond: World
2024-12-26 15:43:04.343 Request 143 send & Pong throttled it
2024-12-26 15:43:04.432 Request 144 not sent as being 'rate limited'
2024-12-26 15:43:04.542 Request 145 not sent as being 'rate limited'
2024-12-26 15:43:04.635 Request 146 not sent as being 'rate limited'
2024-12-26 15:43:04.730 Request 147 not sent as being 'rate limited'
2024-12-26 15:43:04.841 Request 148 not sent as being 'rate limited'
2024-12-26 15:43:04.936 Request 149 not sent as being 'rate limited'
2024-12-26 15:43:05.029 Request 150 not sent as being 'rate limited'
2024-12-26 15:43:05.140 Request 151 not sent as being 'rate limited'
2024-12-26 15:43:05.236 Request 152 sent & Pong Respond: World
2024-12-26 15:43:05.348 Request 153 send & Pong throttled it
2024-12-26 15:43:05.437 Request 154 not sent as being 'rate limited'
2024-12-26 15:43:05.532 Request 155 not sent as being 'rate limited'
2024-12-26 15:43:05.641 Request 156 not sent as being 'rate limited'
2024-12-26 15:43:05.735 Request 157 not sent as being 'rate limited'
2024-12-26 15:43:05.829 Request 158 not sent as being 'rate limited'
2024-12-26 15:43:05.929 Request 159 not sent as being 'rate limited'
2024-12-26 15:43:06.034 Request 160 not sent as being 'rate limited'
2024-12-26 15:43:06.130 Request 161 not sent as being 'rate limited'
2024-12-26 15:43:06.243 Request 162 sent & Pong Respond: World
2024-12-26 15:43:06.340 Request 163 send & Pong throttled it
2024-12-26 15:43:06.429 Request 164 not sent as being 'rate limited'
2024-12-26 15:43:06.538 Request 165 not sent as being 'rate limited'
2024-12-26 15:43:06.632 Request 166 not sent as being 'rate limited'
2024-12-26 15:43:06.742 Request 167 not sent as being 'rate limited'
2024-12-26 15:43:06.835 Request 168 not sent as being 'rate limited'
2024-12-26 15:43:06.929 Request 169 not sent as being 'rate limited'
2024-12-26 15:43:07.029 Request 170 not sent as being 'rate limited'
2024-12-26 15:43:07.128 Request 171 not sent as being 'rate limited'
2024-12-26 15:43:07.245 Request 172 sent & Pong Respond: World
2024-12-26 15:43:07.339 Request 173 send & Pong throttled it
2024-12-26 15:43:07.429 Request 174 not sent as being 'rate limited'
2024-12-26 15:43:07.529 Request 175 not sent as being 'rate limited'
2024-12-26 15:43:07.628 Request 176 not sent as being 'rate limited'
2024-12-26 15:43:07.742 Request 177 not sent as being 'rate limited'
2024-12-26 15:43:07.837 Request 178 not sent as being 'rate limited'
2024-12-26 15:43:07.932 Request 179 not sent as being 'rate limited'
2024-12-26 15:43:08.041 Request 180 not sent as being 'rate limited'
2024-12-26 15:43:08.135 Request 181 not sent as being 'rate limited'
2024-12-26 15:43:08.234 Request 182 sent & Pong Respond: World
2024-12-26 15:43:08.332 Request 183 send & Pong throttled it
2024-12-26 15:43:08.434 Request 184 not sent as being 'rate limited'
2024-12-26 15:43:08.528 Request 185 not sent as being 'rate limited'
2024-12-26 15:43:08.638 Request 186 not sent as being 'rate limited'
2024-12-26 15:43:08.732 Request 187 not sent as being 'rate limited'
2024-12-26 15:43:08.841 Request 188 not sent as being 'rate limited'
2024-12-26 15:43:08.934 Request 189 not sent as being 'rate limited'
2024-12-26 15:43:09.043 Request 190 not sent as being 'rate limited'
2024-12-26 15:43:09.138 Request 191 not sent as being 'rate limited'
2024-12-26 15:43:09.235 Request 192 sent & Pong Respond: World
2024-12-26 15:43:09.346 Request 193 send & Pong throttled it
2024-12-26 15:43:09.434 Request 194 not sent as being 'rate limited'
2024-12-26 15:43:09.544 Request 195 not sent as being 'rate limited'
2024-12-26 15:43:09.638 Request 196 not sent as being 'rate limited'
2024-12-26 15:43:09.733 Request 197 not sent as being 'rate limited'
2024-12-26 15:43:09.843 Request 198 not sent as being 'rate limited'
2024-12-26 15:43:09.937 Request 199 not sent as being 'rate limited'
2024-12-26 15:43:10.032 Request 200 not sent as being 'rate limited'
2024-12-26 15:43:10.141 Request 201 not sent as being 'rate limited'
2024-12-26 15:43:10.239 Request 202 sent & Pong Respond: World
2024-12-26 15:43:10.333 Request 203 send & Pong throttled it
2024-12-26 15:43:10.438 Request 204 not sent as being 'rate limited'
2024-12-26 15:43:10.531 Request 205 not sent as being 'rate limited'
2024-12-26 15:43:10.640 Request 206 not sent as being 'rate limited'
2024-12-26 15:43:10.732 Request 207 not sent as being 'rate limited'
2024-12-26 15:43:10.841 Request 208 not sent as being 'rate limited'
2024-12-26 15:43:10.936 Request 209 not sent as being 'rate limited'
2024-12-26 15:43:11.029 Request 210 not sent as being 'rate limited'
2024-12-26 15:43:11.137 Request 211 not sent as being 'rate limited'
2024-12-26 15:43:11.232 Request 212 sent & Pong Respond: World
2024-12-26 15:43:11.342 Request 213 send & Pong throttled it
2024-12-26 15:43:11.432 Request 214 not sent as being 'rate limited'
2024-12-26 15:43:11.543 Request 215 not sent as being 'rate limited'
2024-12-26 15:43:11.636 Request 216 not sent as being 'rate limited'
2024-12-26 15:43:11.729 Request 217 not sent as being 'rate limited'
2024-12-26 15:43:11.838 Request 218 not sent as being 'rate limited'
2024-12-26 15:43:11.932 Request 219 not sent as being 'rate limited'
2024-12-26 15:43:12.042 Request 220 not sent as being 'rate limited'
2024-12-26 15:43:12.136 Request 221 not sent as being 'rate limited'
2024-12-26 15:43:12.232 Request 222 sent & Pong Respond: World
2024-12-26 15:43:12.332 Request 223 send & Pong throttled it
2024-12-26 15:43:12.431 Request 224 not sent as being 'rate limited'
2024-12-26 15:43:12.540 Request 225 not sent as being 'rate limited'
2024-12-26 15:43:12.633 Request 226 not sent as being 'rate limited'
2024-12-26 15:43:12.742 Request 227 not sent as being 'rate limited'
2024-12-26 15:43:12.836 Request 228 not sent as being 'rate limited'
2024-12-26 15:43:12.930 Request 229 not sent as being 'rate limited'
2024-12-26 15:43:13.041 Request 230 not sent as being 'rate limited'
2024-12-26 15:43:13.135 Request 231 not sent as being 'rate limited'
2024-12-26 15:43:13.233 Request 232 sent & Pong Respond: World
2024-12-26 15:43:13.341 Request 233 send & Pong throttled it
2024-12-26 15:43:13.432 Request 234 not sent as being 'rate limited'
2024-12-26 15:43:13.541 Request 235 not sent as being 'rate limited'
2024-12-26 15:43:13.635 Request 236 not sent as being 'rate limited'
2024-12-26 15:43:13.729 Request 237 not sent as being 'rate limited'
2024-12-26 15:43:13.837 Request 238 not sent as being 'rate limited'
2024-12-26 15:43:13.929 Request 239 not sent as being 'rate limited'
2024-12-26 15:43:14.038 Request 240 not sent as being 'rate limited'
2024-12-26 15:43:14.132 Request 241 not sent as being 'rate limited'
2024-12-26 15:43:14.245 Request 242 sent & Pong Respond: World
2024-12-26 15:43:14.341 Request 243 send & Pong throttled it
2024-12-26 15:43:14.429 Request 244 not sent as being 'rate limited'
2024-12-26 15:43:14.538 Request 245 not sent as being 'rate limited'
2024-12-26 15:43:14.632 Request 246 not sent as being 'rate limited'
2024-12-26 15:43:14.742 Request 247 not sent as being 'rate limited'
2024-12-26 15:43:14.834 Request 248 not sent as being 'rate limited'
2024-12-26 15:43:14.943 Request 249 not sent as being 'rate limited'
2024-12-26 15:43:15.037 Request 250 not sent as being 'rate limited'
2024-12-26 15:43:15.131 Request 251 not sent as being 'rate limited'
2024-12-26 15:43:15.232 Request 252 sent & Pong Respond: World
2024-12-26 15:43:15.337 Request 253 send & Pong throttled it
2024-12-26 15:43:15.429 Request 254 not sent as being 'rate limited'
2024-12-26 15:43:15.537 Request 255 not sent as being 'rate limited'
2024-12-26 15:43:15.631 Request 256 not sent as being 'rate limited'
2024-12-26 15:43:15.741 Request 257 not sent as being 'rate limited'
2024-12-26 15:43:15.834 Request 258 not sent as being 'rate limited'
2024-12-26 15:43:15.929 Request 259 not sent as being 'rate limited'
2024-12-26 15:43:16.037 Request 260 not sent as being 'rate limited'
2024-12-26 15:43:16.131 Request 261 not sent as being 'rate limited'
2024-12-26 15:43:16.245 Request 262 sent & Pong Respond: World
2024-12-26 15:43:16.339 Request 263 send & Pong throttled it
2024-12-26 15:43:16.444 Request 264 not sent as being 'rate limited'
2024-12-26 15:43:16.538 Request 265 not sent as being 'rate limited'
2024-12-26 15:43:16.631 Request 266 not sent as being 'rate limited'
2024-12-26 15:43:16.740 Request 267 not sent as being 'rate limited'
2024-12-26 15:43:16.834 Request 268 not sent as being 'rate limited'
2024-12-26 15:43:16.944 Request 269 not sent as being 'rate limited'
2024-12-26 15:43:17.039 Request 270 not sent as being 'rate limited'
2024-12-26 15:43:17.134 Request 271 not sent as being 'rate limited'
2024-12-26 15:43:17.233 Request 272 sent & Pong Respond: World
2024-12-26 15:43:17.332 Request 273 send & Pong throttled it
2024-12-26 15:43:17.433 Request 274 not sent as being 'rate limited'
2024-12-26 15:43:17.542 Request 275 not sent as being 'rate limited'
2024-12-26 15:43:17.637 Request 276 not sent as being 'rate limited'
2024-12-26 15:43:17.731 Request 277 not sent as being 'rate limited'
2024-12-26 15:43:17.842 Request 278 not sent as being 'rate limited'
2024-12-26 15:43:17.935 Request 279 not sent as being 'rate limited'
2024-12-26 15:43:18.043 Request 280 not sent as being 'rate limited'
2024-12-26 15:43:18.137 Request 281 not sent as being 'rate limited'
2024-12-26 15:43:18.232 Request 282 sent & Pong Respond: World
2024-12-26 15:43:18.342 Request 283 send & Pong throttled it
2024-12-26 15:43:18.433 Request 284 not sent as being 'rate limited'
2024-12-26 15:43:18.542 Request 285 not sent as being 'rate limited'
2024-12-26 15:43:18.635 Request 286 not sent as being 'rate limited'
2024-12-26 15:43:18.729 Request 287 not sent as being 'rate limited'
2024-12-26 15:43:18.837 Request 288 not sent as being 'rate limited'
2024-12-26 15:43:18.932 Request 289 not sent as being 'rate limited'
2024-12-26 15:43:19.041 Request 290 not sent as being 'rate limited'
2024-12-26 15:43:19.134 Request 291 not sent as being 'rate limited'
2024-12-26 15:43:19.245 Request 292 sent & Pong Respond: World
2024-12-26 15:43:19.338 Request 293 send & Pong throttled it
2024-12-26 15:43:19.443 Request 294 not sent as being 'rate limited'
2024-12-26 15:43:19.538 Request 295 not sent as being 'rate limited'
2024-12-26 15:43:19.634 Request 296 not sent as being 'rate limited'
2024-12-26 15:43:19.743 Request 297 not sent as being 'rate limited'
2024-12-26 15:43:19.837 Request 298 not sent as being 'rate limited'
2024-12-26 15:43:19.930 Request 299 not sent as being 'rate limited'
2024-12-26 15:43:20.040 Request 300 not sent as being 'rate limited'
2024-12-26 15:43:20.135 Request 301 not sent as being 'rate limited'
2024-12-26 15:43:20.232 Request 302 sent & Pong Respond: World
2024-12-26 15:43:20.332 Request 303 send & Pong throttled it
2024-12-26 15:43:20.431 Request 304 not sent as being 'rate limited'
2024-12-26 15:43:20.529 Request 305 not sent as being 'rate limited'
2024-12-26 15:43:20.628 Request 306 not sent as being 'rate limited'
2024-12-26 15:43:20.728 Request 307 not sent as being 'rate limited'
2024-12-26 15:43:20.838 Request 308 not sent as being 'rate limited'
2024-12-26 15:43:20.934 Request 309 not sent as being 'rate limited'
2024-12-26 15:43:21.041 Request 310 not sent as being 'rate limited'
2024-12-26 15:43:21.136 Request 311 not sent as being 'rate limited'
2024-12-26 15:43:21.233 Request 312 sent & Pong Respond: World
2024-12-26 15:43:21.333 Request 313 send & Pong throttled it
2024-12-26 15:43:21.435 Request 314 not sent as being 'rate limited'
2024-12-26 15:43:21.530 Request 315 not sent as being 'rate limited'
2024-12-26 15:43:21.629 Request 316 not sent as being 'rate limited'
2024-12-26 15:43:21.735 Request 317 not sent as being 'rate limited'
2024-12-26 15:43:21.828 Request 318 not sent as being 'rate limited'
2024-12-26 15:43:21.937 Request 319 not sent as being 'rate limited'
2024-12-26 15:43:22.032 Request 320 not sent as being 'rate limited'
2024-12-26 15:43:22.141 Request 321 not sent as being 'rate limited'
2024-12-26 15:43:22.238 Request 322 sent & Pong Respond: World
2024-12-26 15:43:22.334 Request 323 send & Pong throttled it
2024-12-26 15:43:22.429 Request 324 not sent as being 'rate limited'
2024-12-26 15:43:22.529 Request 325 not sent as being 'rate limited'
2024-12-26 15:43:22.643 Request 326 not sent as being 'rate limited'
2024-12-26 15:43:22.736 Request 327 not sent as being 'rate limited'
2024-12-26 15:43:22.830 Request 328 not sent as being 'rate limited'
2024-12-26 15:43:22.938 Request 329 not sent as being 'rate limited'
2024-12-26 15:43:23.033 Request 330 not sent as being 'rate limited'
2024-12-26 15:43:23.142 Request 331 not sent as being 'rate limited'
2024-12-26 15:43:23.238 Request 332 sent & Pong Respond: World
2024-12-26 15:43:23.333 Request 333 send & Pong throttled it
2024-12-26 15:43:23.429 Request 334 not sent as being 'rate limited'
2024-12-26 15:43:23.532 Request 335 not sent as being 'rate limited'
2024-12-26 15:43:23.629 Request 336 not sent as being 'rate limited'
2024-12-26 15:43:23.735 Request 337 not sent as being 'rate limited'
2024-12-26 15:43:23.829 Request 338 not sent as being 'rate limited'
2024-12-26 15:43:23.939 Request 339 not sent as being 'rate limited'
2024-12-26 15:43:24.032 Request 340 not sent as being 'rate limited'
2024-12-26 15:43:24.142 Request 341 not sent as being 'rate limited'
2024-12-26 15:43:24.240 Request 342 sent & Pong Respond: World
2024-12-26 15:43:24.334 Request 343 send & Pong throttled it
2024-12-26 15:43:24.429 Request 344 not sent as being 'rate limited'
2024-12-26 15:43:24.533 Request 345 not sent as being 'rate limited'
2024-12-26 15:43:24.642 Request 346 not sent as being 'rate limited'
2024-12-26 15:43:24.736 Request 347 not sent as being 'rate limited'
2024-12-26 15:43:24.829 Request 348 not sent as being 'rate limited'
2024-12-26 15:43:24.937 Request 349 not sent as being 'rate limited'
2024-12-26 15:43:25.030 Request 350 not sent as being 'rate limited'
2024-12-26 15:43:25.141 Request 351 not sent as being 'rate limited'
2024-12-26 15:43:25.237 Request 352 sent & Pong Respond: World
2024-12-26 15:43:25.345 Request 353 send & Pong throttled it
2024-12-26 15:43:25.435 Request 354 not sent as being 'rate limited'
2024-12-26 15:43:25.530 Request 355 not sent as being 'rate limited'
2024-12-26 15:43:25.640 Request 356 not sent as being 'rate limited'
2024-12-26 15:43:25.733 Request 357 not sent as being 'rate limited'
2024-12-26 15:43:25.842 Request 358 not sent as being 'rate limited'
2024-12-26 15:43:25.936 Request 359 not sent as being 'rate limited'
2024-12-26 15:43:26.029 Request 360 not sent as being 'rate limited'
2024-12-26 15:43:26.139 Request 361 not sent as being 'rate limited'
2024-12-26 15:43:26.236 Request 362 sent & Pong Respond: World
2024-12-26 15:43:26.345 Request 363 send & Pong throttled it
2024-12-26 15:43:26.435 Request 364 not sent as being 'rate limited'
2024-12-26 15:43:26.544 Request 365 not sent as being 'rate limited'
2024-12-26 15:43:26.637 Request 366 not sent as being 'rate limited'
2024-12-26 15:43:26.730 Request 367 not sent as being 'rate limited'
2024-12-26 15:43:26.829 Request 368 not sent as being 'rate limited'
2024-12-26 15:43:26.934 Request 369 not sent as being 'rate limited'
2024-12-26 15:43:27.029 Request 370 not sent as being 'rate limited'
2024-12-26 15:43:27.138 Request 371 not sent as being 'rate limited'
2024-12-26 15:43:27.235 Request 372 sent & Pong Respond: World
2024-12-26 15:43:27.345 Request 373 send & Pong throttled it
2024-12-26 15:43:27.435 Request 374 not sent as being 'rate limited'
2024-12-26 15:43:27.543 Request 375 not sent as being 'rate limited'
2024-12-26 15:43:27.635 Request 376 not sent as being 'rate limited'
2024-12-26 15:43:27.743 Request 377 not sent as being 'rate limited'
2024-12-26 15:43:27.838 Request 378 not sent as being 'rate limited'
2024-12-26 15:43:27.931 Request 379 not sent as being 'rate limited'
2024-12-26 15:43:28.029 Request 380 not sent as being 'rate limited'
2024-12-26 15:43:28.136 Request 381 not sent as being 'rate limited'
2024-12-26 15:43:28.232 Request 382 sent & Pong Respond: World
2024-12-26 15:43:28.345 Request 383 send & Pong throttled it
2024-12-26 15:43:28.434 Request 384 not sent as being 'rate limited'
2024-12-26 15:43:28.530 Request 385 not sent as being 'rate limited'
2024-12-26 15:43:28.635 Request 386 not sent as being 'rate limited'
2024-12-26 15:43:28.728 Request 387 not sent as being 'rate limited'
2024-12-26 15:43:28.837 Request 388 not sent as being 'rate limited'
2024-12-26 15:43:28.930 Request 389 not sent as being 'rate limited'
2024-12-26 15:43:29.038 Request 390 not sent as being 'rate limited'
2024-12-26 15:43:29.131 Request 391 not sent as being 'rate limited'
2024-12-26 15:43:29.231 Request 392 sent & Pong Respond: World
2024-12-26 15:43:29.331 Request 393 send & Pong throttled it
2024-12-26 15:43:29.444 Request 394 not sent as being 'rate limited'
2024-12-26 15:43:29.537 Request 395 not sent as being 'rate limited'
2024-12-26 15:43:29.630 Request 396 not sent as being 'rate limited'
2024-12-26 15:43:29.740 Request 397 not sent as being 'rate limited'
2024-12-26 15:43:29.833 Request 398 not sent as being 'rate limited'
2024-12-26 15:43:29.942 Request 399 not sent as being 'rate limited'
2024-12-26 15:43:30.035 Request 400 not sent as being 'rate limited'
2024-12-26 15:43:30.145 Request 401 not sent as being 'rate limited'
2024-12-26 15:43:30.241 Request 402 sent & Pong Respond: World
2024-12-26 15:43:30.336 Request 403 send & Pong throttled it
2024-12-26 15:43:30.441 Request 404 not sent as being 'rate limited'
2024-12-26 15:43:30.533 Request 405 not sent as being 'rate limited'
2024-12-26 15:43:30.642 Request 406 not sent as being 'rate limited'
2024-12-26 15:43:30.736 Request 407 not sent as being 'rate limited'
2024-12-26 15:43:30.843 Request 408 not sent as being 'rate limited'
2024-12-26 15:43:30.937 Request 409 not sent as being 'rate limited'
2024-12-26 15:43:31.031 Request 410 not sent as being 'rate limited'
2024-12-26 15:43:31.139 Request 411 not sent as being 'rate limited'
2024-12-26 15:43:31.238 Request 412 sent & Pong Respond: World
2024-12-26 15:43:31.347 Request 413 send & Pong throttled it
2024-12-26 15:43:31.437 Request 414 not sent as being 'rate limited'
2024-12-26 15:43:31.530 Request 415 not sent as being 'rate limited'
2024-12-26 15:43:31.629 Request 416 not sent as being 'rate limited'
2024-12-26 15:43:31.734 Request 417 not sent as being 'rate limited'
2024-12-26 15:43:31.842 Request 418 not sent as being 'rate limited'
2024-12-26 15:43:31.935 Request 419 not sent as being 'rate limited'
2024-12-26 15:43:32.029 Request 420 not sent as being 'rate limited'
2024-12-26 15:43:32.139 Request 421 not sent as being 'rate limited'
2024-12-26 15:43:32.235 Request 422 sent & Pong Respond: World
2024-12-26 15:43:32.345 Request 423 send & Pong throttled it
2024-12-26 15:43:32.435 Request 424 not sent as being 'rate limited'
2024-12-26 15:43:32.542 Request 425 not sent as being 'rate limited'
2024-12-26 15:43:32.637 Request 426 not sent as being 'rate limited'
2024-12-26 15:43:32.729 Request 427 not sent as being 'rate limited'
2024-12-26 15:43:32.839 Request 428 not sent as being 'rate limited'
2024-12-26 15:43:32.932 Request 429 not sent as being 'rate limited'
2024-12-26 15:43:33.042 Request 430 not sent as being 'rate limited'
2024-12-26 15:43:33.136 Request 431 not sent as being 'rate limited'
2024-12-26 15:43:33.233 Request 432 sent & Pong Respond: World
2024-12-26 15:43:33.343 Request 433 send & Pong throttled it
2024-12-26 15:43:33.432 Request 434 not sent as being 'rate limited'
2024-12-26 15:43:33.541 Request 435 not sent as being 'rate limited'
2024-12-26 15:43:33.635 Request 436 not sent as being 'rate limited'
2024-12-26 15:43:33.743 Request 437 not sent as being 'rate limited'
2024-12-26 15:43:33.837 Request 438 not sent as being 'rate limited'
2024-12-26 15:43:33.931 Request 439 not sent as being 'rate limited'
2024-12-26 15:43:34.030 Request 440 not sent as being 'rate limited'
2024-12-26 15:43:34.133 Request 441 not sent as being 'rate limited'
2024-12-26 15:43:34.246 Request 442 sent & Pong Respond: World
2024-12-26 15:43:34.341 Request 443 send & Pong throttled it
2024-12-26 15:43:34.430 Request 444 not sent as being 'rate limited'
2024-12-26 15:43:34.529 Request 445 not sent as being 'rate limited'
2024-12-26 15:43:34.635 Request 446 not sent as being 'rate limited'
2024-12-26 15:43:34.729 Request 447 not sent as being 'rate limited'
2024-12-26 15:43:34.839 Request 448 not sent as being 'rate limited'
2024-12-26 15:43:34.931 Request 449 not sent as being 'rate limited'
2024-12-26 15:43:35.038 Request 450 not sent as being 'rate limited'
2024-12-26 15:43:35.133 Request 451 not sent as being 'rate limited'
2024-12-26 15:43:35.245 Request 452 sent & Pong Respond: World
2024-12-26 15:43:35.339 Request 453 send & Pong throttled it
2024-12-26 15:43:35.429 Request 454 not sent as being 'rate limited'
2024-12-26 15:43:35.538 Request 455 not sent as being 'rate limited'
2024-12-26 15:43:35.631 Request 456 not sent as being 'rate limited'
2024-12-26 15:43:35.741 Request 457 not sent as being 'rate limited'
2024-12-26 15:43:35.835 Request 458 not sent as being 'rate limited'
2024-12-26 15:43:35.929 Request 459 not sent as being 'rate limited'
2024-12-26 15:43:36.038 Request 460 not sent as being 'rate limited'
2024-12-26 15:43:36.131 Request 461 not sent as being 'rate limited'
2024-12-26 15:43:36.232 Request 462 sent & Pong Respond: World
2024-12-26 15:43:36.333 Request 463 send & Pong throttled it
2024-12-26 15:43:36.429 Request 464 not sent as being 'rate limited'
2024-12-26 15:43:36.537 Request 465 not sent as being 'rate limited'
2024-12-26 15:43:36.630 Request 466 not sent as being 'rate limited'
2024-12-26 15:43:36.740 Request 467 not sent as being 'rate limited'
2024-12-26 15:43:36.834 Request 468 not sent as being 'rate limited'
2024-12-26 15:43:36.944 Request 469 not sent as being 'rate limited'
2024-12-26 15:43:37.037 Request 470 not sent as being 'rate limited'
2024-12-26 15:43:37.131 Request 471 not sent as being 'rate limited'
2024-12-26 15:43:37.232 Request 472 sent & Pong Respond: World
2024-12-26 15:43:37.338 Request 473 send & Pong throttled it
2024-12-26 15:43:37.444 Request 474 not sent as being 'rate limited'
2024-12-26 15:43:37.536 Request 475 not sent as being 'rate limited'
2024-12-26 15:43:37.631 Request 476 not sent as being 'rate limited'
2024-12-26 15:43:37.729 Request 477 not sent as being 'rate limited'
2024-12-26 15:43:37.833 Request 478 not sent as being 'rate limited'
2024-12-26 15:43:37.941 Request 479 not sent as being 'rate limited'
2024-12-26 15:43:38.036 Request 480 not sent as being 'rate limited'
2024-12-26 15:43:38.144 Request 481 not sent as being 'rate limited'
2024-12-26 15:43:38.240 Request 482 sent & Pong Respond: World
2024-12-26 15:43:38.337 Request 483 send & Pong throttled it
2024-12-26 15:43:38.442 Request 484 not sent as being 'rate limited'
2024-12-26 15:43:38.536 Request 485 not sent as being 'rate limited'
2024-12-26 15:43:38.629 Request 486 not sent as being 'rate limited'
2024-12-26 15:43:38.729 Request 487 not sent as being 'rate limited'
2024-12-26 15:43:38.834 Request 488 not sent as being 'rate limited'
2024-12-26 15:43:38.942 Request 489 not sent as being 'rate limited'
2024-12-26 15:43:39.035 Request 490 not sent as being 'rate limited'
2024-12-26 15:43:39.129 Request 491 not sent as being 'rate limited'
2024-12-26 15:43:39.242 Request 492 sent & Pong Respond: World
2024-12-26 15:43:39.337 Request 493 send & Pong throttled it
2024-12-26 15:43:39.442 Request 494 not sent as being 'rate limited'
2024-12-26 15:43:39.536 Request 495 not sent as being 'rate limited'
2024-12-26 15:43:39.629 Request 496 not sent as being 'rate limited'
2024-12-26 15:43:39.738 Request 497 not sent as being 'rate limited'
2024-12-26 15:43:39.832 Request 498 not sent as being 'rate limited'
2024-12-26 15:43:39.942 Request 499 not sent as being 'rate limited'
2024-12-26 15:43:40.037 Request 500 not sent as being 'rate limited'
2024-12-26 15:43:40.131 Request 501 not sent as being 'rate limited'
2024-12-26 15:43:40.245 Request 502 sent & Pong Respond: World
2024-12-26 15:43:40.338 Request 503 send & Pong throttled it
2024-12-26 15:43:40.429 Request 504 not sent as being 'rate limited'
2024-12-26 15:43:40.538 Request 505 not sent as being 'rate limited'
2024-12-26 15:43:40.631 Request 506 not sent as being 'rate limited'
2024-12-26 15:43:40.742 Request 507 not sent as being 'rate limited'
2024-12-26 15:43:40.836 Request 508 not sent as being 'rate limited'
2024-12-26 15:43:40.929 Request 509 not sent as being 'rate limited'
2024-12-26 15:43:41.038 Request 510 not sent as being 'rate limited'
2024-12-26 15:43:41.132 Request 511 not sent as being 'rate limited'
2024-12-26 15:43:41.243 Request 512 sent & Pong Respond: World
2024-12-26 15:43:41.338 Request 513 send & Pong throttled it
2024-12-26 15:43:41.441 Request 514 not sent as being 'rate limited'
2024-12-26 15:43:41.535 Request 515 not sent as being 'rate limited'
2024-12-26 15:43:41.630 Request 516 not sent as being 'rate limited'
2024-12-26 15:43:41.738 Request 517 not sent as being 'rate limited'
2024-12-26 15:43:41.831 Request 518 not sent as being 'rate limited'
2024-12-26 15:43:41.939 Request 519 not sent as being 'rate limited'
2024-12-26 15:43:42.033 Request 520 not sent as being 'rate limited'
2024-12-26 15:43:42.143 Request 521 not sent as being 'rate limited'
2024-12-26 15:43:42.239 Request 522 sent & Pong Respond: World
2024-12-26 15:43:42.334 Request 523 send & Pong throttled it
2024-12-26 15:43:42.439 Request 524 not sent as being 'rate limited'
2024-12-26 15:43:42.534 Request 525 not sent as being 'rate limited'
2024-12-26 15:43:42.629 Request 526 not sent as being 'rate limited'
2024-12-26 15:43:42.729 Request 527 not sent as being 'rate limited'
2024-12-26 15:43:42.829 Request 528 not sent as being 'rate limited'
2024-12-26 15:43:42.940 Request 529 not sent as being 'rate limited'
2024-12-26 15:43:43.035 Request 530 not sent as being 'rate limited'
2024-12-26 15:43:43.131 Request 531 not sent as being 'rate limited'
2024-12-26 15:43:43.244 Request 532 sent & Pong Respond: World
2024-12-26 15:43:43.336 Request 533 send & Pong throttled it
2024-12-26 15:43:43.442 Request 534 not sent as being 'rate limited'
2024-12-26 15:43:43.537 Request 535 not sent as being 'rate limited'
2024-12-26 15:43:43.631 Request 536 not sent as being 'rate limited'
2024-12-26 15:43:43.729 Request 537 not sent as being 'rate limited'
2024-12-26 15:43:43.829 Request 538 not sent as being 'rate limited'
2024-12-26 15:43:43.929 Request 539 not sent as being 'rate limited'
2024-12-26 15:43:44.037 Request 540 not sent as being 'rate limited'
2024-12-26 15:43:44.131 Request 541 not sent as being 'rate limited'
2024-12-26 15:43:44.231 Request 542 sent & Pong Respond: World
2024-12-26 15:43:44.332 Request 543 send & Pong throttled it
2024-12-26 15:43:44.429 Request 544 not sent as being 'rate limited'
2024-12-26 15:43:44.539 Request 545 not sent as being 'rate limited'
2024-12-26 15:43:44.633 Request 546 not sent as being 'rate limited'
2024-12-26 15:43:44.742 Request 547 not sent as being 'rate limited'
2024-12-26 15:43:44.835 Request 548 not sent as being 'rate limited'
2024-12-26 15:43:44.944 Request 549 not sent as being 'rate limited'
2024-12-26 15:43:45.039 Request 550 not sent as being 'rate limited'
2024-12-26 15:43:45.132 Request 551 not sent as being 'rate limited'
2024-12-26 15:43:45.245 Request 552 sent & Pong Respond: World
2024-12-26 15:43:45.338 Request 553 send & Pong throttled it
2024-12-26 15:43:45.429 Request 554 not sent as being 'rate limited'
2024-12-26 15:43:45.537 Request 555 not sent as being 'rate limited'
2024-12-26 15:43:45.632 Request 556 not sent as being 'rate limited'
2024-12-26 15:43:45.741 Request 557 not sent as being 'rate limited'
2024-12-26 15:43:45.834 Request 558 not sent as being 'rate limited'
2024-12-26 15:43:45.944 Request 559 not sent as being 'rate limited'
2024-12-26 15:43:46.038 Request 560 not sent as being 'rate limited'
2024-12-26 15:43:46.132 Request 561 not sent as being 'rate limited'
2024-12-26 15:43:46.244 Request 562 sent & Pong Respond: World
2024-12-26 15:43:46.339 Request 563 send & Pong throttled it
2024-12-26 15:43:46.431 Request 564 not sent as being 'rate limited'
2024-12-26 15:43:46.529 Request 565 not sent as being 'rate limited'
2024-12-26 15:43:46.634 Request 566 not sent as being 'rate limited'
2024-12-26 15:43:46.744 Request 567 not sent as being 'rate limited'
2024-12-26 15:43:46.837 Request 568 not sent as being 'rate limited'
2024-12-26 15:43:46.931 Request 569 not sent as being 'rate limited'
2024-12-26 15:43:47.029 Request 570 not sent as being 'rate limited'
2024-12-26 15:43:47.136 Request 571 not sent as being 'rate limited'
2024-12-26 15:43:47.232 Request 572 sent & Pong Respond: World
2024-12-26 15:43:47.331 Request 573 send & Pong throttled it
2024-12-26 15:43:47.434 Request 574 not sent as being 'rate limited'
2024-12-26 15:43:47.528 Request 575 not sent as being 'rate limited'
2024-12-26 15:43:47.629 Request 576 not sent as being 'rate limited'
2024-12-26 15:43:47.729 Request 577 not sent as being 'rate limited'
2024-12-26 15:43:47.844 Request 578 not sent as being 'rate limited'
2024-12-26 15:43:47.939 Request 579 not sent as being 'rate limited'
2024-12-26 15:43:48.032 Request 580 not sent as being 'rate limited'
2024-12-26 15:43:48.142 Request 581 not sent as being 'rate limited'
2024-12-26 15:43:48.239 Request 582 sent & Pong Respond: World
2024-12-26 15:43:48.335 Request 583 send & Pong throttled it
2024-12-26 15:43:48.441 Request 584 not sent as being 'rate limited'
2024-12-26 15:43:48.535 Request 585 not sent as being 'rate limited'
2024-12-26 15:43:48.643 Request 586 not sent as being 'rate limited'
2024-12-26 15:43:48.737 Request 587 not sent as being 'rate limited'
2024-12-26 15:43:48.831 Request 588 not sent as being 'rate limited'
2024-12-26 15:43:48.941 Request 589 not sent as being 'rate limited'
2024-12-26 15:43:49.035 Request 590 not sent as being 'rate limited'
2024-12-26 15:43:49.129 Request 591 not sent as being 'rate limited'
2024-12-26 15:43:49.242 Request 592 sent & Pong Respond: World
2024-12-26 15:43:49.340 Request 593 send & Pong throttled it
2024-12-26 15:43:49.442 Request 594 not sent as being 'rate limited'
2024-12-26 15:43:49.535 Request 595 not sent as being 'rate limited'
2024-12-26 15:43:49.629 Request 596 not sent as being 'rate limited'
2024-12-26 15:43:49.729 Request 597 not sent as being 'rate limited'
2024-12-26 15:43:49.834 Request 598 not sent as being 'rate limited'
2024-12-26 15:43:49.929 Request 599 not sent as being 'rate limited'
2024-12-26 15:43:50.037 Request 600 not sent as being 'rate limited'
2024-12-26 15:43:50.129 Request 601 not sent as being 'rate limited'
2024-12-26 15:43:50.242 Request 602 sent & Pong Respond: World
2024-12-26 15:43:50.335 Request 603 send & Pong throttled it
2024-12-26 15:43:50.443 Request 604 not sent as being 'rate limited'
2024-12-26 15:43:50.537 Request 605 not sent as being 'rate limited'
2024-12-26 15:43:50.633 Request 606 not sent as being 'rate limited'
2024-12-26 15:43:50.742 Request 607 not sent as being 'rate limited'
2024-12-26 15:43:50.835 Request 608 not sent as being 'rate limited'
2024-12-26 15:43:50.929 Request 609 not sent as being 'rate limited'
2024-12-26 15:43:51.037 Request 610 not sent as being 'rate limited'
2024-12-26 15:43:51.130 Request 611 not sent as being 'rate limited'
2024-12-26 15:43:51.241 Request 612 sent & Pong Respond: World
2024-12-26 15:43:51.336 Request 613 send & Pong throttled it
2024-12-26 15:43:51.442 Request 614 not sent as being 'rate limited'
2024-12-26 15:43:51.535 Request 615 not sent as being 'rate limited'
2024-12-26 15:43:51.629 Request 616 not sent as being 'rate limited'
2024-12-26 15:43:51.738 Request 617 not sent as being 'rate limited'
2024-12-26 15:43:51.832 Request 618 not sent as being 'rate limited'
2024-12-26 15:43:51.942 Request 619 not sent as being 'rate limited'
2024-12-26 15:43:52.036 Request 620 not sent as being 'rate limited'
2024-12-26 15:43:52.143 Request 621 not sent as being 'rate limited'
2024-12-26 15:43:52.238 Request 622 sent & Pong Respond: World
2024-12-26 15:43:52.334 Request 623 send & Pong throttled it
2024-12-26 15:43:52.429 Request 624 not sent as being 'rate limited'
2024-12-26 15:43:52.533 Request 625 not sent as being 'rate limited'
2024-12-26 15:43:52.644 Request 626 not sent as being 'rate limited'
2024-12-26 15:43:52.738 Request 627 not sent as being 'rate limited'
2024-12-26 15:43:52.831 Request 628 not sent as being 'rate limited'
2024-12-26 15:43:52.938 Request 629 not sent as being 'rate limited'
2024-12-26 15:43:53.031 Request 630 not sent as being 'rate limited'
2024-12-26 15:43:53.140 Request 631 not sent as being 'rate limited'
2024-12-26 15:43:53.237 Request 632 sent & Pong Respond: World
2024-12-26 15:43:53.349 Request 633 send & Pong throttled it
2024-12-26 15:43:53.437 Request 634 not sent as being 'rate limited'
2024-12-26 15:43:53.531 Request 635 not sent as being 'rate limited'
2024-12-26 15:43:53.640 Request 636 not sent as being 'rate limited'
2024-12-26 15:43:53.733 Request 637 not sent as being 'rate limited'
2024-12-26 15:43:53.830 Request 638 not sent as being 'rate limited'
2024-12-26 15:43:53.937 Request 639 not sent as being 'rate limited'
2024-12-26 15:43:54.031 Request 640 not sent as being 'rate limited'
2024-12-26 15:43:54.142 Request 641 not sent as being 'rate limited'
2024-12-26 15:43:54.239 Request 642 sent & Pong Respond: World
2024-12-26 15:43:54.335 Request 643 send & Pong throttled it
2024-12-26 15:43:54.429 Request 644 not sent as being 'rate limited'
2024-12-26 15:43:54.533 Request 645 not sent as being 'rate limited'
2024-12-26 15:43:54.644 Request 646 not sent as being 'rate limited'
2024-12-26 15:43:54.739 Request 647 not sent as being 'rate limited'
2024-12-26 15:43:54.832 Request 648 not sent as being 'rate limited'
2024-12-26 15:43:54.940 Request 649 not sent as being 'rate limited'
2024-12-26 15:43:55.033 Request 650 not sent as being 'rate limited'
2024-12-26 15:43:55.144 Request 651 not sent as being 'rate limited'
2024-12-26 15:43:55.240 Request 652 sent & Pong Respond: World
2024-12-26 15:43:55.334 Request 653 send & Pong throttled it
2024-12-26 15:43:55.441 Request 654 not sent as being 'rate limited'
2024-12-26 15:43:55.535 Request 655 not sent as being 'rate limited'
2024-12-26 15:43:55.629 Request 656 not sent as being 'rate limited'
2024-12-26 15:43:55.729 Request 657 not sent as being 'rate limited'
2024-12-26 15:43:55.828 Request 658 not sent as being 'rate limited'
2024-12-26 15:43:55.941 Request 659 not sent as being 'rate limited'
2024-12-26 15:43:56.036 Request 660 not sent as being 'rate limited'
2024-12-26 15:43:56.130 Request 661 not sent as being 'rate limited'
2024-12-26 15:43:56.233 Request 662 sent & Pong Respond: World
2024-12-26 15:43:56.336 Request 663 send & Pong throttled it
2024-12-26 15:43:56.441 Request 664 not sent as being 'rate limited'
2024-12-26 15:43:56.534 Request 665 not sent as being 'rate limited'
2024-12-26 15:43:56.643 Request 666 not sent as being 'rate limited'
2024-12-26 15:43:56.736 Request 667 not sent as being 'rate limited'
2024-12-26 15:43:56.829 Request 668 not sent as being 'rate limited'
2024-12-26 15:43:56.937 Request 669 not sent as being 'rate limited'
2024-12-26 15:43:57.032 Request 670 not sent as being 'rate limited'
2024-12-26 15:43:57.142 Request 671 not sent as being 'rate limited'
2024-12-26 15:43:57.238 Request 672 sent & Pong Respond: World
2024-12-26 15:43:57.333 Request 673 send & Pong throttled it
2024-12-26 15:43:57.439 Request 674 not sent as being 'rate limited'
2024-12-26 15:43:57.532 Request 675 not sent as being 'rate limited'
2024-12-26 15:43:57.641 Request 676 not sent as being 'rate limited'
2024-12-26 15:43:57.737 Request 677 not sent as being 'rate limited'
2024-12-26 15:43:57.831 Request 678 not sent as being 'rate limited'
2024-12-26 15:43:57.941 Request 679 not sent as being 'rate limited'
2024-12-26 15:43:58.035 Request 680 not sent as being 'rate limited'
2024-12-26 15:43:58.129 Request 681 not sent as being 'rate limited'
2024-12-26 15:43:58.240 Request 682 sent & Pong Respond: World
2024-12-26 15:43:58.336 Request 683 send & Pong throttled it
2024-12-26 15:43:58.440 Request 684 not sent as being 'rate limited'
2024-12-26 15:43:58.533 Request 685 not sent as being 'rate limited'
2024-12-26 15:43:58.641 Request 686 not sent as being 'rate limited'
2024-12-26 15:43:58.735 Request 687 not sent as being 'rate limited'
2024-12-26 15:43:58.843 Request 688 not sent as being 'rate limited'
2024-12-26 15:43:58.937 Request 689 not sent as being 'rate limited'
2024-12-26 15:43:59.031 Request 690 not sent as being 'rate limited'
2024-12-26 15:43:59.139 Request 691 not sent as being 'rate limited'
2024-12-26 15:43:59.236 Request 692 sent & Pong Respond: World
2024-12-26 15:43:59.346 Request 693 send & Pong throttled it
2024-12-26 15:43:59.435 Request 694 not sent as being 'rate limited'
2024-12-26 15:43:59.530 Request 695 not sent as being 'rate limited'
2024-12-26 15:43:59.639 Request 696 not sent as being 'rate limited'
2024-12-26 15:43:59.734 Request 697 not sent as being 'rate limited'
2024-12-26 15:43:59.842 Request 698 not sent as being 'rate limited'
2024-12-26 15:43:59.936 Request 699 not sent as being 'rate limited'
2024-12-26 15:44:00.029 Request 700 not sent as being 'rate limited'
2024-12-26 15:44:00.138 Request 701 not sent as being 'rate limited'
2024-12-26 15:44:00.234 Request 702 sent & Pong Respond: World
2024-12-26 15:44:00.345 Request 703 send & Pong throttled it
2024-12-26 15:44:00.434 Request 704 not sent as being 'rate limited'
2024-12-26 15:44:00.529 Request 705 not sent as being 'rate limited'
2024-12-26 15:44:00.637 Request 706 not sent as being 'rate limited'
2024-12-26 15:44:00.730 Request 707 not sent as being 'rate limited'
2024-12-26 15:44:00.839 Request 708 not sent as being 'rate limited'
2024-12-26 15:44:00.932 Request 709 not sent as being 'rate limited'
2024-12-26 15:44:01.043 Request 710 not sent as being 'rate limited'
2024-12-26 15:44:01.136 Request 711 not sent as being 'rate limited'
2024-12-26 15:44:01.231 Request 712 sent & Pong Respond: World
2024-12-26 15:44:01.342 Request 713 send & Pong throttled it
2024-12-26 15:44:01.433 Request 714 not sent as being 'rate limited'
2024-12-26 15:44:01.543 Request 715 not sent as being 'rate limited'
2024-12-26 15:44:01.636 Request 716 not sent as being 'rate limited'
2024-12-26 15:44:01.730 Request 717 not sent as being 'rate limited'
2024-12-26 15:44:01.839 Request 718 not sent as being 'rate limited'
2024-12-26 15:44:01.933 Request 719 not sent as being 'rate limited'
2024-12-26 15:44:02.041 Request 720 not sent as being 'rate limited'
2024-12-26 15:44:02.136 Request 721 not sent as being 'rate limited'
2024-12-26 15:44:02.233 Request 722 sent & Pong Respond: World
2024-12-26 15:44:02.342 Request 723 send & Pong throttled it
2024-12-26 15:44:02.434 Request 724 not sent as being 'rate limited'
2024-12-26 15:44:02.543 Request 725 not sent as being 'rate limited'
2024-12-26 15:44:02.636 Request 726 not sent as being 'rate limited'
2024-12-26 15:44:02.744 Request 727 not sent as being 'rate limited'
2024-12-26 15:44:02.837 Request 728 not sent as being 'rate limited'
2024-12-26 15:44:02.931 Request 729 not sent as being 'rate limited'
2024-12-26 15:44:03.041 Request 730 not sent as being 'rate limited'
2024-12-26 15:44:03.134 Request 731 not sent as being 'rate limited'
2024-12-26 15:44:03.233 Request 732 sent & Pong Respond: World
2024-12-26 15:44:03.342 Request 733 send & Pong throttled it
2024-12-26 15:44:03.431 Request 734 not sent as being 'rate limited'
2024-12-26 15:44:03.528 Request 735 not sent as being 'rate limited'
2024-12-26 15:44:03.634 Request 736 not sent as being 'rate limited'
2024-12-26 15:44:03.744 Request 737 not sent as being 'rate limited'
2024-12-26 15:44:03.837 Request 738 not sent as being 'rate limited'
2024-12-26 15:44:03.932 Request 739 not sent as being 'rate limited'
2024-12-26 15:44:04.029 Request 740 not sent as being 'rate limited'
2024-12-26 15:44:04.136 Request 741 not sent as being 'rate limited'
2024-12-26 15:44:04.231 Request 742 sent & Pong Respond: World
2024-12-26 15:44:04.332 Request 743 send & Pong throttled it
2024-12-26 15:44:04.433 Request 744 not sent as being 'rate limited'
2024-12-26 15:44:04.529 Request 745 not sent as being 'rate limited'
2024-12-26 15:44:04.639 Request 746 not sent as being 'rate limited'
2024-12-26 15:44:04.734 Request 747 not sent as being 'rate limited'
2024-12-26 15:44:04.829 Request 748 not sent as being 'rate limited'
2024-12-26 15:44:04.929 Request 749 not sent as being 'rate limited'
2024-12-26 15:44:05.032 Request 750 not sent as being 'rate limited'
2024-12-26 15:44:05.141 Request 751 not sent as being 'rate limited'
2024-12-26 15:44:05.237 Request 752 sent & Pong Respond: World
2024-12-26 15:44:05.332 Request 753 send & Pong throttled it
2024-12-26 15:44:05.429 Request 754 not sent as being 'rate limited'
2024-12-26 15:44:05.531 Request 755 not sent as being 'rate limited'
2024-12-26 15:44:05.629 Request 756 not sent as being 'rate limited'
2024-12-26 15:44:05.733 Request 757 not sent as being 'rate limited'
2024-12-26 15:44:05.844 Request 758 not sent as being 'rate limited'
2024-12-26 15:44:05.938 Request 759 not sent as being 'rate limited'
2024-12-26 15:44:06.031 Request 760 not sent as being 'rate limited'
2024-12-26 15:44:06.142 Request 761 not sent as being 'rate limited'
2024-12-26 15:44:06.237 Request 762 sent & Pong Respond: World
2024-12-26 15:44:06.346 Request 763 send & Pong throttled it
2024-12-26 15:44:06.435 Request 764 not sent as being 'rate limited'
2024-12-26 15:44:06.530 Request 765 not sent as being 'rate limited'
2024-12-26 15:44:06.629 Request 766 not sent as being 'rate limited'
2024-12-26 15:44:06.733 Request 767 not sent as being 'rate limited'
2024-12-26 15:44:06.842 Request 768 not sent as being 'rate limited'
2024-12-26 15:44:06.934 Request 769 not sent as being 'rate limited'
2024-12-26 15:44:07.029 Request 770 not sent as being 'rate limited'
2024-12-26 15:44:07.138 Request 771 not sent as being 'rate limited'
2024-12-26 15:44:07.235 Request 772 sent & Pong Respond: World
2024-12-26 15:44:07.344 Request 773 send & Pong throttled it
2024-12-26 15:44:07.434 Request 774 not sent as being 'rate limited'
2024-12-26 15:44:07.544 Request 775 not sent as being 'rate limited'
2024-12-26 15:44:07.638 Request 776 not sent as being 'rate limited'
2024-12-26 15:44:07.732 Request 777 not sent as being 'rate limited'
2024-12-26 15:44:07.841 Request 778 not sent as being 'rate limited'
2024-12-26 15:44:07.935 Request 779 not sent as being 'rate limited'
2024-12-26 15:44:08.030 Request 780 not sent as being 'rate limited'
2024-12-26 15:44:08.129 Request 781 not sent as being 'rate limited'
2024-12-26 15:44:08.231 Request 782 sent & Pong Respond: World
2024-12-26 15:44:08.334 Request 783 send & Pong throttled it
2024-12-26 15:44:08.438 Request 784 not sent as being 'rate limited'
2024-12-26 15:44:08.532 Request 785 not sent as being 'rate limited'
2024-12-26 15:44:08.642 Request 786 not sent as being 'rate limited'
2024-12-26 15:44:08.736 Request 787 not sent as being 'rate limited'
2024-12-26 15:44:08.842 Request 788 not sent as being 'rate limited'
2024-12-26 15:44:08.938 Request 789 not sent as being 'rate limited'
2024-12-26 15:44:09.032 Request 790 not sent as being 'rate limited'
2024-12-26 15:44:09.141 Request 791 not sent as being 'rate limited'
2024-12-26 15:44:09.238 Request 792 sent & Pong Respond: World
2024-12-26 15:44:09.347 Request 793 send & Pong throttled it
2024-12-26 15:44:09.436 Request 794 not sent as being 'rate limited'
2024-12-26 15:44:09.530 Request 795 not sent as being 'rate limited'
2024-12-26 15:44:09.641 Request 796 not sent as being 'rate limited'
2024-12-26 15:44:09.735 Request 797 not sent as being 'rate limited'
2024-12-26 15:44:09.844 Request 798 not sent as being 'rate limited'
2024-12-26 15:44:09.938 Request 799 not sent as being 'rate limited'
2024-12-26 15:44:10.031 Request 800 not sent as being 'rate limited'
2024-12-26 15:44:10.139 Request 801 not sent as being 'rate limited'
2024-12-26 15:44:10.235 Request 802 sent & Pong Respond: World
2024-12-26 15:44:10.346 Request 803 send & Pong throttled it
2024-12-26 15:44:10.436 Request 804 not sent as being 'rate limited'
2024-12-26 15:44:10.529 Request 805 not sent as being 'rate limited'
2024-12-26 15:44:10.629 Request 806 not sent as being 'rate limited'
2024-12-26 15:44:10.733 Request 807 not sent as being 'rate limited'
2024-12-26 15:44:10.842 Request 808 not sent as being 'rate limited'
2024-12-26 15:44:10.935 Request 809 not sent as being 'rate limited'
2024-12-26 15:44:11.029 Request 810 not sent as being 'rate limited'
2024-12-26 15:44:11.129 Request 811 not sent as being 'rate limited'
2024-12-26 15:44:11.237 Request 812 sent & Pong Respond: World
2024-12-26 15:44:11.331 Request 813 send & Pong throttled it
2024-12-26 15:44:11.436 Request 814 not sent as being 'rate limited'
2024-12-26 15:44:11.531 Request 815 not sent as being 'rate limited'
2024-12-26 15:44:11.629 Request 816 not sent as being 'rate limited'
2024-12-26 15:44:11.733 Request 817 not sent as being 'rate limited'
2024-12-26 15:44:11.842 Request 818 not sent as being 'rate limited'
2024-12-26 15:44:11.937 Request 819 not sent as being 'rate limited'
2024-12-26 15:44:12.031 Request 820 not sent as being 'rate limited'
2024-12-26 15:44:12.140 Request 821 not sent as being 'rate limited'
2024-12-26 15:44:12.237 Request 822 sent & Pong Respond: World
2024-12-26 15:44:12.346 Request 823 send & Pong throttled it
2024-12-26 15:44:12.439 Request 824 not sent as being 'rate limited'
2024-12-26 15:44:12.533 Request 825 not sent as being 'rate limited'
2024-12-26 15:44:12.642 Request 826 not sent as being 'rate limited'
2024-12-26 15:44:12.734 Request 827 not sent as being 'rate limited'
2024-12-26 15:44:12.842 Request 828 not sent as being 'rate limited'
2024-12-26 15:44:12.936 Request 829 not sent as being 'rate limited'
2024-12-26 15:44:13.030 Request 830 not sent as being 'rate limited'
2024-12-26 15:44:13.129 Request 831 not sent as being 'rate limited'
2024-12-26 15:44:13.234 Request 832 sent & Pong Respond: World
2024-12-26 15:44:13.345 Request 833 send & Pong throttled it
2024-12-26 15:44:13.437 Request 834 not sent as being 'rate limited'
2024-12-26 15:44:13.530 Request 835 not sent as being 'rate limited'
2024-12-26 15:44:13.640 Request 836 not sent as being 'rate limited'
2024-12-26 15:44:13.734 Request 837 not sent as being 'rate limited'
2024-12-26 15:44:13.829 Request 838 not sent as being 'rate limited'
2024-12-26 15:44:13.938 Request 839 not sent as being 'rate limited'
2024-12-26 15:44:14.032 Request 840 not sent as being 'rate limited'
2024-12-26 15:44:14.141 Request 841 not sent as being 'rate limited'
2024-12-26 15:44:14.236 Request 842 sent & Pong Respond: World
2024-12-26 15:44:14.346 Request 843 send & Pong throttled it
2024-12-26 15:44:14.437 Request 844 not sent as being 'rate limited'
2024-12-26 15:44:14.530 Request 845 not sent as being 'rate limited'
2024-12-26 15:44:14.628 Request 846 not sent as being 'rate limited'
2024-12-26 15:44:14.732 Request 847 not sent as being 'rate limited'
2024-12-26 15:44:14.840 Request 848 not sent as being 'rate limited'
2024-12-26 15:44:14.932 Request 849 not sent as being 'rate limited'
2024-12-26 15:44:15.040 Request 850 not sent as being 'rate limited'
2024-12-26 15:44:15.132 Request 851 not sent as being 'rate limited'
2024-12-26 15:44:15.243 Request 852 sent & Pong Respond: World
2024-12-26 15:44:15.337 Request 853 send & Pong throttled it
2024-12-26 15:44:15.442 Request 854 not sent as being 'rate limited'
2024-12-26 15:44:15.536 Request 855 not sent as being 'rate limited'
2024-12-26 15:44:15.630 Request 856 not sent as being 'rate limited'
2024-12-26 15:44:15.729 Request 857 not sent as being 'rate limited'
2024-12-26 15:44:15.831 Request 858 not sent as being 'rate limited'
2024-12-26 15:44:15.941 Request 859 not sent as being 'rate limited'
2024-12-26 15:44:16.033 Request 860 not sent as being 'rate limited'
2024-12-26 15:44:16.129 Request 861 not sent as being 'rate limited'
2024-12-26 15:44:16.239 Request 862 sent & Pong Respond: World
2024-12-26 15:44:16.332 Request 863 send & Pong throttled it
2024-12-26 15:44:16.437 Request 864 not sent as being 'rate limited'
2024-12-26 15:44:16.531 Request 865 not sent as being 'rate limited'
2024-12-26 15:44:16.628 Request 866 not sent as being 'rate limited'
2024-12-26 15:44:16.736 Request 867 not sent as being 'rate limited'
2024-12-26 15:44:16.830 Request 868 not sent as being 'rate limited'
2024-12-26 15:44:16.939 Request 869 not sent as being 'rate limited'
2024-12-26 15:44:17.035 Request 870 not sent as being 'rate limited'
2024-12-26 15:44:17.144 Request 871 not sent as being 'rate limited'
2024-12-26 15:44:17.238 Request 872 sent & Pong Respond: World
2024-12-26 15:44:17.333 Request 873 send & Pong throttled it
2024-12-26 15:44:17.436 Request 874 not sent as being 'rate limited'
2024-12-26 15:44:17.531 Request 875 not sent as being 'rate limited'
2024-12-26 15:44:17.643 Request 876 not sent as being 'rate limited'
2024-12-26 15:44:17.738 Request 877 not sent as being 'rate limited'
2024-12-26 15:44:17.834 Request 878 not sent as being 'rate limited'
2024-12-26 15:44:17.929 Request 879 not sent as being 'rate limited'
2024-12-26 15:44:18.039 Request 880 not sent as being 'rate limited'
2024-12-26 15:44:18.133 Request 881 not sent as being 'rate limited'
2024-12-26 15:44:18.245 Request 882 sent & Pong Respond: World
2024-12-26 15:44:18.341 Request 883 send & Pong throttled it
2024-12-26 15:44:18.431 Request 884 not sent as being 'rate limited'
2024-12-26 15:44:18.541 Request 885 not sent as being 'rate limited'
2024-12-26 15:44:18.634 Request 886 not sent as being 'rate limited'
2024-12-26 15:44:18.743 Request 887 not sent as being 'rate limited'
2024-12-26 15:44:18.836 Request 888 not sent as being 'rate limited'
2024-12-26 15:44:18.930 Request 889 not sent as being 'rate limited'
2024-12-26 15:44:19.040 Request 890 not sent as being 'rate limited'
2024-12-26 15:44:19.134 Request 891 not sent as being 'rate limited'
2024-12-26 15:44:19.230 Request 892 sent & Pong Respond: World
2024-12-26 15:44:19.339 Request 893 send & Pong throttled it
2024-12-26 15:44:19.428 Request 894 not sent as being 'rate limited'
2024-12-26 15:44:19.538 Request 895 not sent as being 'rate limited'
2024-12-26 15:44:19.631 Request 896 not sent as being 'rate limited'
2024-12-26 15:44:19.742 Request 897 not sent as being 'rate limited'
2024-12-26 15:44:19.837 Request 898 not sent as being 'rate limited'
2024-12-26 15:44:19.930 Request 899 not sent as being 'rate limited'
2024-12-26 15:44:20.029 Request 900 not sent as being 'rate limited'
2024-12-26 15:44:20.133 Request 901 not sent as being 'rate limited'
2024-12-26 15:44:20.245 Request 902 sent & Pong Respond: World
2024-12-26 15:44:20.338 Request 903 send & Pong throttled it
2024-12-26 15:44:20.429 Request 904 not sent as being 'rate limited'
2024-12-26 15:44:20.538 Request 905 not sent as being 'rate limited'
2024-12-26 15:44:20.631 Request 906 not sent as being 'rate limited'
2024-12-26 15:44:20.729 Request 907 not sent as being 'rate limited'
2024-12-26 15:44:20.833 Request 908 not sent as being 'rate limited'
2024-12-26 15:44:20.941 Request 909 not sent as being 'rate limited'
2024-12-26 15:44:21.035 Request 910 not sent as being 'rate limited'
2024-12-26 15:44:21.129 Request 911 not sent as being 'rate limited'
2024-12-26 15:44:21.241 Request 912 sent & Pong Respond: World
2024-12-26 15:44:21.334 Request 913 send & Pong throttled it
2024-12-26 15:44:21.442 Request 914 not sent as being 'rate limited'
2024-12-26 15:44:21.535 Request 915 not sent as being 'rate limited'
2024-12-26 15:44:21.630 Request 916 not sent as being 'rate limited'
2024-12-26 15:44:21.738 Request 917 not sent as being 'rate limited'
2024-12-26 15:44:21.832 Request 918 not sent as being 'rate limited'
2024-12-26 15:44:21.941 Request 919 not sent as being 'rate limited'
2024-12-26 15:44:22.037 Request 920 not sent as being 'rate limited'
2024-12-26 15:44:22.129 Request 921 not sent as being 'rate limited'
2024-12-26 15:44:22.239 Request 922 sent & Pong Respond: World
2024-12-26 15:44:22.334 Request 923 send & Pong throttled it
2024-12-26 15:44:22.442 Request 924 not sent as being 'rate limited'
2024-12-26 15:44:22.534 Request 925 not sent as being 'rate limited'
2024-12-26 15:44:22.629 Request 926 not sent as being 'rate limited'
2024-12-26 15:44:22.728 Request 927 not sent as being 'rate limited'
2024-12-26 15:44:22.834 Request 928 not sent as being 'rate limited'
2024-12-26 15:44:22.944 Request 929 not sent as being 'rate limited'
2024-12-26 15:44:23.037 Request 930 not sent as being 'rate limited'
2024-12-26 15:44:23.132 Request 931 not sent as being 'rate limited'
2024-12-26 15:44:23.245 Request 932 sent & Pong Respond: World
2024-12-26 15:44:23.338 Request 933 send & Pong throttled it
2024-12-26 15:44:23.430 Request 934 not sent as being 'rate limited'
2024-12-26 15:44:23.538 Request 935 not sent as being 'rate limited'
2024-12-26 15:44:23.631 Request 936 not sent as being 'rate limited'
2024-12-26 15:44:23.729 Request 937 not sent as being 'rate limited'
2024-12-26 15:44:23.833 Request 938 not sent as being 'rate limited'
2024-12-26 15:44:23.941 Request 939 not sent as being 'rate limited'
2024-12-26 15:44:24.035 Request 940 not sent as being 'rate limited'
2024-12-26 15:44:24.128 Request 941 not sent as being 'rate limited'
2024-12-26 15:44:24.231 Request 942 sent & Pong Respond: World
2024-12-26 15:44:24.336 Request 943 send & Pong throttled it
2024-12-26 15:44:24.442 Request 944 not sent as being 'rate limited'
2024-12-26 15:44:24.535 Request 945 not sent as being 'rate limited'
2024-12-26 15:44:24.630 Request 946 not sent as being 'rate limited'
2024-12-26 15:44:24.729 Request 947 not sent as being 'rate limited'
2024-12-26 15:44:24.835 Request 948 not sent as being 'rate limited'
2024-12-26 15:44:24.943 Request 949 not sent as being 'rate limited'
2024-12-26 15:44:25.037 Request 950 not sent as being 'rate limited'
2024-12-26 15:44:25.132 Request 951 not sent as being 'rate limited'
2024-12-26 15:44:25.245 Request 952 sent & Pong Respond: World
2024-12-26 15:44:25.339 Request 953 send & Pong throttled it
2024-12-26 15:44:25.429 Request 954 not sent as being 'rate limited'
2024-12-26 15:44:25.540 Request 955 not sent as being 'rate limited'
2024-12-26 15:44:25.635 Request 956 not sent as being 'rate limited'
2024-12-26 15:44:25.728 Request 957 not sent as being 'rate limited'
2024-12-26 15:44:25.837 Request 958 not sent as being 'rate limited'
2024-12-26 15:44:25.930 Request 959 not sent as being 'rate limited'
2024-12-26 15:44:26.040 Request 960 not sent as being 'rate limited'
2024-12-26 15:44:26.135 Request 961 not sent as being 'rate limited'
2024-12-26 15:44:26.230 Request 962 sent & Pong Respond: World
2024-12-26 15:44:26.341 Request 963 send & Pong throttled it
2024-12-26 15:44:26.431 Request 964 not sent as being 'rate limited'
2024-12-26 15:44:26.529 Request 965 not sent as being 'rate limited'
2024-12-26 15:44:26.636 Request 966 not sent as being 'rate limited'
2024-12-26 15:44:26.729 Request 967 not sent as being 'rate limited'
2024-12-26 15:44:26.838 Request 968 not sent as being 'rate limited'
2024-12-26 15:44:26.933 Request 969 not sent as being 'rate limited'
2024-12-26 15:44:27.044 Request 970 not sent as being 'rate limited'
2024-12-26 15:44:27.137 Request 971 not sent as being 'rate limited'
2024-12-26 15:44:27.233 Request 972 sent & Pong Respond: World
2024-12-26 15:44:27.333 Request 973 send & Pong throttled it
2024-12-26 15:44:27.434 Request 974 not sent as being 'rate limited'
2024-12-26 15:44:27.544 Request 975 not sent as being 'rate limited'
2024-12-26 15:44:27.638 Request 976 not sent as being 'rate limited'
2024-12-26 15:44:27.733 Request 977 not sent as being 'rate limited'
2024-12-26 15:44:27.841 Request 978 not sent as being 'rate limited'
2024-12-26 15:44:27.936 Request 979 not sent as being 'rate limited'
2024-12-26 15:44:28.029 Request 980 not sent as being 'rate limited'
2024-12-26 15:44:28.129 Request 981 not sent as being 'rate limited'
2024-12-26 15:44:28.232 Request 982 sent & Pong Respond: World
2024-12-26 15:44:28.344 Request 983 send & Pong throttled it
2024-12-26 15:44:28.432 Request 984 not sent as being 'rate limited'
2024-12-26 15:44:28.543 Request 985 not sent as being 'rate limited'
2024-12-26 15:44:28.638 Request 986 not sent as being 'rate limited'
2024-12-26 15:44:28.732 Request 987 not sent as being 'rate limited'
2024-12-26 15:44:28.842 Request 988 not sent as being 'rate limited'
2024-12-26 15:44:28.936 Request 989 not sent as being 'rate limited'
2024-12-26 15:44:29.029 Request 990 not sent as being 'rate limited'
2024-12-26 15:44:29.129 Request 991 not sent as being 'rate limited'
2024-12-26 15:44:29.236 Request 992 sent & Pong Respond: World
2024-12-26 15:44:29.347 Request 993 send & Pong throttled it
2024-12-26 15:44:29.436 Request 994 not sent as being 'rate limited'
2024-12-26 15:44:29.529 Request 995 not sent as being 'rate limited'
2024-12-26 15:44:29.639 Request 996 not sent as being 'rate limited'
2024-12-26 15:44:29.731 Request 997 not sent as being 'rate limited'
2024-12-26 15:44:29.842 Request 998 not sent as being 'rate limited'
2024-12-26 15:44:29.936 Request 999 not sent as being 'rate limited'
2024-12-26 15:44:30.029 Request 1000 not sent as being 'rate limited'
2024-12-26 15:44:30.139 Request 1001 not sent as being 'rate limited'
2024-12-26 15:44:30.235 Request 1002 sent & Pong Respond: World
2024-12-26 15:44:30.345 Request 1003 send & Pong throttled it
2024-12-26 15:44:30.435 Request 1004 not sent as being 'rate limited'
2024-12-26 15:44:30.529 Request 1005 not sent as being 'rate limited'
2024-12-26 15:44:30.639 Request 1006 not sent as being 'rate limited'
2024-12-26 15:44:30.733 Request 1007 not sent as being 'rate limited'
2024-12-26 15:44:30.841 Request 1008 not sent as being 'rate limited'
2024-12-26 15:44:30.936 Request 1009 not sent as being 'rate limited'
2024-12-26 15:44:31.044 Request 1010 not sent as being 'rate limited'
2024-12-26 15:44:31.138 Request 1011 not sent as being 'rate limited'
2024-12-26 15:44:31.235 Request 1012 sent & Pong Respond: World
2024-12-26 15:44:31.343 Request 1013 send & Pong throttled it
2024-12-26 15:44:31.433 Request 1014 not sent as being 'rate limited'
2024-12-26 15:44:31.529 Request 1015 not sent as being 'rate limited'
2024-12-26 15:44:31.629 Request 1016 not sent as being 'rate limited'
2024-12-26 15:44:31.730 Request 1017 not sent as being 'rate limited'
2024-12-26 15:44:31.839 Request 1018 not sent as being 'rate limited'
2024-12-26 15:44:31.933 Request 1019 not sent as being 'rate limited'
2024-12-26 15:44:32.042 Request 1020 not sent as being 'rate limited'
2024-12-26 15:44:32.136 Request 1021 not sent as being 'rate limited'
2024-12-26 15:44:32.232 Request 1022 sent & Pong Respond: World
2024-12-26 15:44:32.344 Request 1023 send & Pong throttled it
2024-12-26 15:44:32.435 Request 1024 not sent as being 'rate limited'
2024-12-26 15:44:32.529 Request 1025 not sent as being 'rate limited'
2024-12-26 15:44:32.638 Request 1026 not sent as being 'rate limited'
2024-12-26 15:44:32.732 Request 1027 not sent as being 'rate limited'
2024-12-26 15:44:32.840 Request 1028 not sent as being 'rate limited'
2024-12-26 15:44:32.934 Request 1029 not sent as being 'rate limited'
2024-12-26 15:44:33.029 Request 1030 not sent as being 'rate limited'
2024-12-26 15:44:33.138 Request 1031 not sent as being 'rate limited'
2024-12-26 15:44:33.235 Request 1032 sent & Pong Respond: World
2024-12-26 15:44:33.345 Request 1033 send & Pong throttled it
2024-12-26 15:44:33.434 Request 1034 not sent as being 'rate limited'
2024-12-26 15:44:33.528 Request 1035 not sent as being 'rate limited'
2024-12-26 15:44:33.637 Request 1036 not sent as being 'rate limited'
2024-12-26 15:44:33.732 Request 1037 not sent as being 'rate limited'
2024-12-26 15:44:33.840 Request 1038 not sent as being 'rate limited'
2024-12-26 15:44:33.934 Request 1039 not sent as being 'rate limited'
2024-12-26 15:44:34.044 Request 1040 not sent as being 'rate limited'
2024-12-26 15:44:34.139 Request 1041 not sent as being 'rate limited'
2024-12-26 15:44:34.236 Request 1042 sent & Pong Respond: World
2024-12-26 15:44:34.346 Request 1043 send & Pong throttled it
2024-12-26 15:44:34.438 Request 1044 not sent as being 'rate limited'
2024-12-26 15:44:34.531 Request 1045 not sent as being 'rate limited'
2024-12-26 15:44:34.629 Request 1046 not sent as being 'rate limited'
2024-12-26 15:44:34.728 Request 1047 not sent as being 'rate limited'
2024-12-26 15:44:34.829 Request 1048 not sent as being 'rate limited'
2024-12-26 15:44:34.939 Request 1049 not sent as being 'rate limited'
2024-12-26 15:44:35.036 Request 1050 not sent as being 'rate limited'
2024-12-26 15:44:35.131 Request 1051 not sent as being 'rate limited'
2024-12-26 15:44:35.230 Request 1052 sent & Pong Respond: World
2024-12-26 15:44:35.339 Request 1053 send & Pong throttled it
2024-12-26 15:44:35.428 Request 1054 not sent as being 'rate limited'
2024-12-26 15:44:35.537 Request 1055 not sent as being 'rate limited'
2024-12-26 15:44:35.632 Request 1056 not sent as being 'rate limited'
2024-12-26 15:44:35.740 Request 1057 not sent as being 'rate limited'
2024-12-26 15:44:35.835 Request 1058 not sent as being 'rate limited'
2024-12-26 15:44:35.929 Request 1059 not sent as being 'rate limited'
2024-12-26 15:44:36.039 Request 1060 not sent as being 'rate limited'
2024-12-26 15:44:36.133 Request 1061 not sent as being 'rate limited'
2024-12-26 15:44:36.243 Request 1062 sent & Pong Respond: World
2024-12-26 15:44:36.337 Request 1063 send & Pong throttled it
2024-12-26 15:44:36.443 Request 1064 not sent as being 'rate limited'
2024-12-26 15:44:36.537 Request 1065 not sent as being 'rate limited'
2024-12-26 15:44:36.630 Request 1066 not sent as being 'rate limited'
2024-12-26 15:44:36.739 Request 1067 not sent as being 'rate limited'
2024-12-26 15:44:36.833 Request 1068 not sent as being 'rate limited'
2024-12-26 15:44:36.943 Request 1069 not sent as being 'rate limited'
2024-12-26 15:44:37.038 Request 1070 not sent as being 'rate limited'
2024-12-26 15:44:37.132 Request 1071 not sent as being 'rate limited'
2024-12-26 15:44:37.243 Request 1072 sent & Pong Respond: World
2024-12-26 15:44:37.340 Request 1073 send & Pong throttled it
2024-12-26 15:44:37.430 Request 1074 not sent as being 'rate limited'
2024-12-26 15:44:37.529 Request 1075 not sent as being 'rate limited'
2024-12-26 15:44:37.628 Request 1076 not sent as being 'rate limited'
2024-12-26 15:44:37.729 Request 1077 not sent as being 'rate limited'
2024-12-26 15:44:37.838 Request 1078 not sent as being 'rate limited'
2024-12-26 15:44:37.932 Request 1079 not sent as being 'rate limited'
2024-12-26 15:44:38.041 Request 1080 not sent as being 'rate limited'
2024-12-26 15:44:38.137 Request 1081 not sent as being 'rate limited'
2024-12-26 15:44:38.231 Request 1082 sent & Pong Respond: World
2024-12-26 15:44:38.333 Request 1083 send & Pong throttled it
2024-12-26 15:44:38.432 Request 1084 not sent as being 'rate limited'
2024-12-26 15:44:38.540 Request 1085 not sent as being 'rate limited'
2024-12-26 15:44:38.633 Request 1086 not sent as being 'rate limited'
2024-12-26 15:44:38.744 Request 1087 not sent as being 'rate limited'
2024-12-26 15:44:38.841 Request 1088 not sent as being 'rate limited'
2024-12-26 15:44:38.935 Request 1089 not sent as being 'rate limited'
2024-12-26 15:44:39.030 Request 1090 not sent as being 'rate limited'
2024-12-26 15:44:39.139 Request 1091 not sent as being 'rate limited'
2024-12-26 15:44:39.236 Request 1092 sent & Pong Respond: World
2024-12-26 15:44:39.345 Request 1093 send & Pong throttled it
2024-12-26 15:44:39.434 Request 1094 not sent as being 'rate limited'
2024-12-26 15:44:39.542 Request 1095 not sent as being 'rate limited'
2024-12-26 15:44:39.635 Request 1096 not sent as being 'rate limited'
2024-12-26 15:44:39.729 Request 1097 not sent as being 'rate limited'
2024-12-26 15:44:39.839 Request 1098 not sent as being 'rate limited'
2024-12-26 15:44:39.934 Request 1099 not sent as being 'rate limited'
2024-12-26 15:44:40.044 Request 1100 not sent as being 'rate limited'
2024-12-26 15:44:40.138 Request 1101 not sent as being 'rate limited'
2024-12-26 15:44:40.233 Request 1102 sent & Pong Respond: World
2024-12-26 15:44:40.343 Request 1103 send & Pong throttled it
2024-12-26 15:44:40.434 Request 1104 not sent as being 'rate limited'
2024-12-26 15:44:40.543 Request 1105 not sent as being 'rate limited'
2024-12-26 15:44:40.636 Request 1106 not sent as being 'rate limited'
2024-12-26 15:44:40.743 Request 1107 not sent as being 'rate limited'
2024-12-26 15:44:40.838 Request 1108 not sent as being 'rate limited'
2024-12-26 15:44:40.931 Request 1109 not sent as being 'rate limited'
2024-12-26 15:44:41.040 Request 1110 not sent as being 'rate limited'
2024-12-26 15:44:41.133 Request 1111 not sent as being 'rate limited'
2024-12-26 15:44:41.244 Request 1112 sent & Pong Respond: World
2024-12-26 15:44:41.339 Request 1113 send & Pong throttled it
2024-12-26 15:44:41.429 Request 1114 not sent as being 'rate limited'
2024-12-26 15:44:41.538 Request 1115 not sent as being 'rate limited'
2024-12-26 15:44:41.631 Request 1116 not sent as being 'rate limited'
2024-12-26 15:44:41.741 Request 1117 not sent as being 'rate limited'
2024-12-26 15:44:41.836 Request 1118 not sent as being 'rate limited'
2024-12-26 15:44:41.930 Request 1119 not sent as being 'rate limited'
2024-12-26 15:44:42.039 Request 1120 not sent as being 'rate limited'
2024-12-26 15:44:42.131 Request 1121 not sent as being 'rate limited'
2024-12-26 15:44:42.243 Request 1122 sent & Pong Respond: World
2024-12-26 15:44:42.337 Request 1123 send & Pong throttled it
2024-12-26 15:44:42.444 Request 1124 not sent as being 'rate limited'
2024-12-26 15:44:42.538 Request 1125 not sent as being 'rate limited'
2024-12-26 15:44:42.629 Request 1126 not sent as being 'rate limited'
2024-12-26 15:44:42.729 Request 1127 not sent as being 'rate limited'
2024-12-26 15:44:42.832 Request 1128 not sent as being 'rate limited'
2024-12-26 15:44:42.943 Request 1129 not sent as being 'rate limited'
2024-12-26 15:44:43.037 Request 1130 not sent as being 'rate limited'
2024-12-26 15:44:43.131 Request 1131 not sent as being 'rate limited'
2024-12-26 15:44:43.243 Request 1132 sent & Pong Respond: World
2024-12-26 15:44:43.337 Request 1133 send & Pong throttled it
2024-12-26 15:44:43.442 Request 1134 not sent as being 'rate limited'
2024-12-26 15:44:43.537 Request 1135 not sent as being 'rate limited'
2024-12-26 15:44:43.630 Request 1136 not sent as being 'rate limited'
2024-12-26 15:44:43.738 Request 1137 not sent as being 'rate limited'
2024-12-26 15:44:43.830 Request 1138 not sent as being 'rate limited'
2024-12-26 15:44:43.930 Request 1139 not sent as being 'rate limited'
2024-12-26 15:44:44.033 Request 1140 not sent as being 'rate limited'
2024-12-26 15:44:44.143 Request 1141 not sent as being 'rate limited'
2024-12-26 15:44:44.239 Request 1142 sent & Pong Respond: World
2024-12-26 15:44:44.333 Request 1143 send & Pong throttled it
2024-12-26 15:44:44.440 Request 1144 not sent as being 'rate limited'
2024-12-26 15:44:44.533 Request 1145 not sent as being 'rate limited'
2024-12-26 15:44:44.642 Request 1146 not sent as being 'rate limited'
2024-12-26 15:44:44.735 Request 1147 not sent as being 'rate limited'
2024-12-26 15:44:44.829 Request 1148 not sent as being 'rate limited'
2024-12-26 15:44:44.937 Request 1149 not sent as being 'rate limited'
2024-12-26 15:44:45.033 Request 1150 not sent as being 'rate limited'
2024-12-26 15:44:45.142 Request 1151 not sent as being 'rate limited'
2024-12-26 15:44:45.238 Request 1152 sent & Pong Respond: World
2024-12-26 15:44:45.333 Request 1153 send & Pong throttled it
2024-12-26 15:44:45.439 Request 1154 not sent as being 'rate limited'
2024-12-26 15:44:45.532 Request 1155 not sent as being 'rate limited'
2024-12-26 15:44:45.643 Request 1156 not sent as being 'rate limited'
2024-12-26 15:44:45.737 Request 1157 not sent as being 'rate limited'
2024-12-26 15:44:45.831 Request 1158 not sent as being 'rate limited'
2024-12-26 15:44:45.929 Request 1159 not sent as being 'rate limited'
2024-12-26 15:44:46.034 Request 1160 not sent as being 'rate limited'
2024-12-26 15:44:46.129 Request 1161 not sent as being 'rate limited'
2024-12-26 15:44:46.241 Request 1162 sent & Pong Respond: World
2024-12-26 15:44:46.335 Request 1163 send & Pong throttled it
2024-12-26 15:44:46.441 Request 1164 not sent as being 'rate limited'
2024-12-26 15:44:46.534 Request 1165 not sent as being 'rate limited'
2024-12-26 15:44:46.642 Request 1166 not sent as being 'rate limited'
2024-12-26 15:44:46.735 Request 1167 not sent as being 'rate limited'
2024-12-26 15:44:46.828 Request 1168 not sent as being 'rate limited'
2024-12-26 15:44:46.936 Request 1169 not sent as being 'rate limited'
2024-12-26 15:44:47.030 Request 1170 not sent as being 'rate limited'
2024-12-26 15:44:47.139 Request 1171 not sent as being 'rate limited'
2024-12-26 15:44:47.234 Request 1172 sent & Pong Respond: World
2024-12-26 15:44:47.344 Request 1173 send & Pong throttled it
2024-12-26 15:44:47.434 Request 1174 not sent as being 'rate limited'
2024-12-26 15:44:47.543 Request 1175 not sent as being 'rate limited'
2024-12-26 15:44:47.637 Request 1176 not sent as being 'rate limited'
2024-12-26 15:44:47.730 Request 1177 not sent as being 'rate limited'
2024-12-26 15:44:47.842 Request 1178 not sent as being 'rate limited'
2024-12-26 15:44:47.936 Request 1179 not sent as being 'rate limited'
2024-12-26 15:44:48.030 Request 1180 not sent as being 'rate limited'
2024-12-26 15:44:48.139 Request 1181 not sent as being 'rate limited'
2024-12-26 15:44:48.238 Request 1182 sent & Pong Respond: World
2024-12-26 15:44:48.332 Request 1183 send & Pong throttled it
2024-12-26 15:44:48.438 Request 1184 not sent as being 'rate limited'
2024-12-26 15:44:48.532 Request 1185 not sent as being 'rate limited'
2024-12-26 15:44:48.642 Request 1186 not sent as being 'rate limited'
2024-12-26 15:44:48.737 Request 1187 not sent as being 'rate limited'
2024-12-26 15:44:48.829 Request 1188 not sent as being 'rate limited'
2024-12-26 15:44:48.928 Request 1189 not sent as being 'rate limited'
2024-12-26 15:44:49.031 Request 1190 not sent as being 'rate limited'
2024-12-26 15:44:49.129 Request 1191 not sent as being 'rate limited'
2024-12-26 15:44:49.236 Request 1192 sent & Pong Respond: World
2024-12-26 15:44:49.347 Request 1193 send & Pong throttled it
2024-12-26 15:44:49.438 Request 1194 not sent as being 'rate limited'
2024-12-26 15:44:49.531 Request 1195 not sent as being 'rate limited'
2024-12-26 15:44:49.629 Request 1196 not sent as being 'rate limited'
2024-12-26 15:44:49.737 Request 1197 not sent as being 'rate limited'
2024-12-26 15:44:49.831 Request 1198 not sent as being 'rate limited'
2024-12-26 15:44:49.928 Request 1199 not sent as being 'rate limited'
2024-12-26 15:44:50.033 Request 1200 not sent as being 'rate limited'
2024-12-26 15:44:50.141 Request 1201 not sent as being 'rate limited'
2024-12-26 15:44:50.238 Request 1202 sent & Pong Respond: World
2024-12-26 15:44:50.333 Request 1203 send & Pong throttled it
2024-12-26 15:44:50.437 Request 1204 not sent as being 'rate limited'
2024-12-26 15:44:50.530 Request 1205 not sent as being 'rate limited'
2024-12-26 15:44:50.639 Request 1206 not sent as being 'rate limited'
2024-12-26 15:44:50.732 Request 1207 not sent as being 'rate limited'
2024-12-26 15:44:50.841 Request 1208 not sent as being 'rate limited'
2024-12-26 15:44:50.936 Request 1209 not sent as being 'rate limited'
2024-12-26 15:44:51.030 Request 1210 not sent as being 'rate limited'
2024-12-26 15:44:51.140 Request 1211 not sent as being 'rate limited'
2024-12-26 15:44:51.251 Request 1212 sent & Pong Respond: World
2024-12-26 15:44:51.347 Request 1213 send & Pong throttled it
2024-12-26 15:44:51.437 Request 1214 not sent as being 'rate limited'
2024-12-26 15:44:51.531 Request 1215 not sent as being 'rate limited'
2024-12-26 15:44:51.642 Request 1216 not sent as being 'rate limited'
2024-12-26 15:44:51.737 Request 1217 not sent as being 'rate limited'
2024-12-26 15:44:51.831 Request 1218 not sent as being 'rate limited'
2024-12-26 15:44:51.940 Request 1219 not sent as being 'rate limited'
2024-12-26 15:44:52.034 Request 1220 not sent as being 'rate limited'
2024-12-26 15:44:52.143 Request 1221 not sent as being 'rate limited'
2024-12-26 15:44:52.240 Request 1222 sent & Pong Respond: World
2024-12-26 15:44:52.334 Request 1223 send & Pong throttled it
2024-12-26 15:44:52.440 Request 1224 not sent as being 'rate limited'
2024-12-26 15:44:52.535 Request 1225 not sent as being 'rate limited'
2024-12-26 15:44:52.629 Request 1226 not sent as being 'rate limited'
2024-12-26 15:44:52.740 Request 1227 not sent as being 'rate limited'
2024-12-26 15:44:52.834 Request 1228 not sent as being 'rate limited'
2024-12-26 15:44:52.929 Request 1229 not sent as being 'rate limited'
2024-12-26 15:44:53.038 Request 1230 not sent as being 'rate limited'
2024-12-26 15:44:53.132 Request 1231 not sent as being 'rate limited'
2024-12-26 15:44:53.244 Request 1232 sent & Pong Respond: World
