2024-12-26 15:49:48.285 Starting PingApplication using Java 17.0.12 with PID 27792 (C:\code\hbsc\ping\target\classes started by joech in C:\code\hbsc)
2024-12-26 15:49:48.286 No active profile set, falling back to 1 default profile: "default"
2024-12-26 15:49:48.724 Multiple Spring Data modules found, entering strict repository configuration mode
2024-12-26 15:49:48.726 Bootstrapping Spring Data Redis repositories in DEFAULT mode.
2024-12-26 15:49:48.749 Finished Spring Data repository scanning in 11 ms. Found 0 Redis repository interfaces.
2024-12-26 15:49:49.639 Netty started on port 8082
2024-12-26 15:49:49.648 Started PingApplication in 1.632 seconds (process running for 2.051)
2024-12-26 15:49:50.818 Request 0 sent & Pong Respond: World
2024-12-26 15:49:51.684 Request 1 send & Pong throttled it
2024-12-26 15:49:52.675 Request 2 sent & Pong Respond: World
2024-12-26 15:49:53.669 Request 3 sent & Pong Respond: World
2024-12-26 15:49:54.669 Request 4 sent & Pong Respond: World
2024-12-26 15:49:55.668 Request 5 sent & Pong Respond: World
2024-12-26 15:49:56.668 Request 6 sent & Pong Respond: World
2024-12-26 15:49:57.666 Request 7 sent & Pong Respond: World
2024-12-26 15:49:58.665 Request 8 sent & Pong Respond: World
2024-12-26 15:49:59.679 Request 9 sent & Pong Respond: World
2024-12-26 15:50:00.673 Request 10 sent & Pong Respond: World
2024-12-26 15:50:01.678 Request 11 sent & Pong Respond: World
2024-12-26 15:50:02.672 Request 12 sent & Pong Respond: World
2024-12-26 15:50:03.672 Request 13 sent & Pong Respond: World
2024-12-26 15:50:04.667 Request 14 sent & Pong Respond: World
2024-12-26 15:50:05.668 Request 15 sent & Pong Respond: World
2024-12-26 15:50:06.668 Request 16 sent & Pong Respond: World
2024-12-26 15:50:07.670 Request 17 sent & Pong Respond: World
2024-12-26 15:50:08.668 Request 18 sent & Pong Respond: World
2024-12-26 15:50:09.671 Request 19 sent & Pong Respond: World
2024-12-26 15:50:10.671 Request 20 sent & Pong Respond: World
2024-12-26 15:50:11.670 Request 21 sent & Pong Respond: World
2024-12-26 15:50:12.672 Request 22 sent & Pong Respond: World
2024-12-26 15:50:13.675 Request 23 sent & Pong Respond: World
2024-12-26 15:50:14.676 Request 24 sent & Pong Respond: World
2024-12-26 15:50:15.679 Request 25 sent & Pong Respond: World
2024-12-26 15:50:16.666 Request 26 sent & Pong Respond: World
2024-12-26 15:50:17.680 Request 27 sent & Pong Respond: World
2024-12-26 15:50:18.666 Request 28 sent & Pong Respond: World
2024-12-26 15:50:19.664 Request 29 sent & Pong Respond: World
2024-12-26 15:50:20.678 Request 30 sent & Pong Respond: World
2024-12-26 15:50:21.678 Request 31 sent & Pong Respond: World
2024-12-26 15:50:22.673 Request 32 sent & Pong Respond: World
2024-12-26 15:50:23.675 Request 33 sent & Pong Respond: World
2024-12-26 15:50:24.676 Request 34 sent & Pong Respond: World
2024-12-26 15:50:25.672 Request 35 sent & Pong Respond: World
2024-12-26 15:50:26.677 Request 36 sent & Pong Respond: World
2024-12-26 15:50:27.672 Request 37 sent & Pong Respond: World
2024-12-26 15:50:28.668 Request 38 sent & Pong Respond: World
2024-12-26 15:50:29.666 Request 39 sent & Pong Respond: World
2024-12-26 15:50:30.666 Request 40 sent & Pong Respond: World
2024-12-26 15:50:31.666 Request 41 sent & Pong Respond: World
2024-12-26 15:50:32.667 Request 42 sent & Pong Respond: World
2024-12-26 15:50:33.665 Request 43 sent & Pong Respond: World
2024-12-26 15:50:34.678 Request 44 sent & Pong Respond: World
2024-12-26 15:50:35.665 Request 45 sent & Pong Respond: World
2024-12-26 15:50:36.679 Request 46 sent & Pong Respond: World
2024-12-26 15:50:37.675 Request 47 sent & Pong Respond: World
2024-12-26 15:50:38.673 Request 48 sent & Pong Respond: World
2024-12-26 15:50:39.674 Request 49 sent & Pong Respond: World
2024-12-26 15:50:40.679 Request 50 sent & Pong Respond: World
2024-12-26 15:50:41.663 Request 51 sent & Pong Respond: World
2024-12-26 15:50:42.678 Request 52 sent & Pong Respond: World
2024-12-26 15:50:43.677 Request 53 sent & Pong Respond: World
2024-12-26 15:50:44.673 Request 54 sent & Pong Respond: World
2024-12-26 15:50:45.673 Request 55 sent & Pong Respond: World
2024-12-26 15:50:46.676 Request 56 sent & Pong Respond: World
2024-12-26 15:50:47.676 Request 57 sent & Pong Respond: World
2024-12-26 15:50:48.672 Request 58 sent & Pong Respond: World
2024-12-26 15:50:49.669 Request 59 sent & Pong Respond: World
2024-12-26 15:50:50.674 Request 60 sent & Pong Respond: World
2024-12-26 15:50:51.677 Request 61 sent & Pong Respond: World
2024-12-26 15:50:52.674 Request 62 sent & Pong Respond: World
2024-12-26 15:50:53.676 Request 63 sent & Pong Respond: World
2024-12-26 15:50:54.676 Request 64 sent & Pong Respond: World
2024-12-26 15:50:55.674 Request 65 sent & Pong Respond: World
2024-12-26 15:50:56.671 Request 66 sent & Pong Respond: World
2024-12-26 15:50:57.669 Request 67 sent & Pong Respond: World
2024-12-26 15:50:58.666 Request 68 sent & Pong Respond: World
2024-12-26 15:50:59.666 Request 69 sent & Pong Respond: World
2024-12-26 15:51:00.680 Request 70 sent & Pong Respond: World
2024-12-26 15:51:01.673 Request 71 sent & Pong Respond: World
2024-12-26 15:51:02.676 Request 72 sent & Pong Respond: World
2024-12-26 15:51:03.674 Request 73 sent & Pong Respond: World
2024-12-26 15:51:04.668 Request 74 sent & Pong Respond: World
2024-12-26 15:51:05.679 Request 75 sent & Pong Respond: World
2024-12-26 15:51:06.680 Request 76 sent & Pong Respond: World
2024-12-26 15:51:07.678 Request 77 sent & Pong Respond: World
2024-12-26 15:51:08.678 Request 78 sent & Pong Respond: World
2024-12-26 15:51:09.674 Request 79 sent & Pong Respond: World
2024-12-26 15:51:10.672 Request 80 sent & Pong Respond: World
2024-12-26 15:51:11.670 Request 81 sent & Pong Respond: World
2024-12-26 15:51:12.668 Request 82 sent & Pong Respond: World
2024-12-26 15:51:13.669 Request 83 sent & Pong Respond: World
2024-12-26 15:51:14.670 Request 84 sent & Pong Respond: World
2024-12-26 15:51:15.665 Request 85 sent & Pong Respond: World
2024-12-26 15:51:16.665 Request 86 sent & Pong Respond: World
2024-12-26 15:51:17.669 Request 87 sent & Pong Respond: World
2024-12-26 15:51:18.670 Request 88 sent & Pong Respond: World
2024-12-26 15:51:19.672 Request 89 sent & Pong Respond: World
2024-12-26 15:51:20.672 Request 90 sent & Pong Respond: World
2024-12-26 15:51:21.671 Request 91 sent & Pong Respond: World
2024-12-26 15:51:22.671 Request 92 sent & Pong Respond: World
2024-12-26 15:51:23.672 Request 93 sent & Pong Respond: World
2024-12-26 15:51:24.673 Request 94 sent & Pong Respond: World
2024-12-26 15:51:25.670 Request 95 sent & Pong Respond: World
2024-12-26 15:51:26.667 Request 96 sent & Pong Respond: World
2024-12-26 15:51:27.665 Request 97 sent & Pong Respond: World
2024-12-26 15:51:28.669 Request 98 sent & Pong Respond: World
2024-12-26 15:51:29.668 Request 99 sent & Pong Respond: World
2024-12-26 15:51:30.680 Request 100 sent & Pong Respond: World
2024-12-26 15:51:31.676 Request 101 sent & Pong Respond: World
2024-12-26 15:51:32.673 Request 102 sent & Pong Respond: World
2024-12-26 15:51:33.673 Request 103 sent & Pong Respond: World
2024-12-26 15:51:34.668 Request 104 sent & Pong Respond: World
2024-12-26 15:51:35.670 Request 105 sent & Pong Respond: World
2024-12-26 15:51:36.672 Request 106 sent & Pong Respond: World
2024-12-26 15:51:37.673 Request 107 sent & Pong Respond: World
2024-12-26 15:51:38.666 Request 108 sent & Pong Respond: World
2024-12-26 15:51:39.668 Request 109 sent & Pong Respond: World
2024-12-26 15:51:40.671 Request 110 sent & Pong Respond: World
2024-12-26 15:51:41.677 Request 111 sent & Pong Respond: World
2024-12-26 15:51:42.667 Request 112 sent & Pong Respond: World
2024-12-26 15:51:43.668 Request 113 sent & Pong Respond: World
2024-12-26 15:51:44.664 Request 114 sent & Pong Respond: World
2024-12-26 15:51:45.679 Request 115 sent & Pong Respond: World
2024-12-26 15:51:46.678 Request 116 sent & Pong Respond: World
2024-12-26 15:51:47.679 Request 117 sent & Pong Respond: World
2024-12-26 15:51:48.678 Request 118 sent & Pong Respond: World
2024-12-26 15:51:49.675 Request 119 sent & Pong Respond: World
2024-12-26 15:51:50.673 Request 120 sent & Pong Respond: World
2024-12-26 15:51:51.673 Request 121 sent & Pong Respond: World
2024-12-26 15:51:52.679 Request 122 sent & Pong Respond: World
2024-12-26 15:51:53.674 Request 123 sent & Pong Respond: World
2024-12-26 15:51:54.673 Request 124 sent & Pong Respond: World
2024-12-26 15:51:55.676 Request 125 sent & Pong Respond: World
2024-12-26 15:51:56.672 Request 126 sent & Pong Respond: World
2024-12-26 15:51:57.680 Request 127 sent & Pong Respond: World
2024-12-26 15:51:58.677 Request 128 sent & Pong Respond: World
2024-12-26 15:51:59.677 Request 129 sent & Pong Respond: World
2024-12-26 15:52:00.677 Request 130 sent & Pong Respond: World
2024-12-26 15:52:01.677 Request 131 sent & Pong Respond: World
2024-12-26 15:52:02.676 Request 132 sent & Pong Respond: World
2024-12-26 15:52:03.672 Request 133 sent & Pong Respond: World
2024-12-26 15:52:04.671 Request 134 sent & Pong Respond: World
2024-12-26 15:52:05.677 Request 135 sent & Pong Respond: World
2024-12-26 15:52:06.676 Request 136 sent & Pong Respond: World
2024-12-26 15:52:07.673 Request 137 sent & Pong Respond: World
2024-12-26 15:52:08.674 Request 138 sent & Pong Respond: World
2024-12-26 15:52:09.677 Request 139 sent & Pong Respond: World
2024-12-26 15:52:10.688 Request 140 sent & Pong Respond: World
2024-12-26 15:52:11.674 Request 141 sent & Pong Respond: World
