2024-12-26 15:49:38.308 Starting PingApplication using Java 17.0.12 with PID 5964 (C:\code\hbsc\ping\target\classes started by joech in C:\code\hbsc)
2024-12-26 15:49:38.311 No active profile set, falling back to 1 default profile: "default"
2024-12-26 15:49:38.706 Multiple Spring Data modules found, entering strict repository configuration mode
2024-12-26 15:49:38.708 Bootstrapping Spring Data Redis repositories in DEFAULT mode.
2024-12-26 15:49:38.731 Finished Spring Data repository scanning in 10 ms. Found 0 Redis repository interfaces.
2024-12-26 15:49:39.663 Netty started on port 8081
2024-12-26 15:49:39.671 Started PingApplication in 1.625 seconds (process running for 2.056)
2024-12-26 15:49:40.810 Request 0 sent & Pong Respond: World
2024-12-26 15:49:41.695 Request 1 sent & Pong Respond: World
2024-12-26 15:49:42.692 Request 2 sent & Pong Respond: World
2024-12-26 15:49:43.701 Request 3 sent & Pong Respond: World
2024-12-26 15:49:44.701 Request 4 sent & Pong Respond: World
2024-12-26 15:49:45.696 Request 5 sent & Pong Respond: World
2024-12-26 15:49:46.694 Request 6 sent & Pong Respond: World
2024-12-26 15:49:47.694 Request 7 sent & Pong Respond: World
2024-12-26 15:49:48.696 Request 8 sent & Pong Respond: World
2024-12-26 15:49:49.696 Request 9 sent & Pong Respond: World
2024-12-26 15:49:50.691 Request 10 sent & Pong Respond: World
2024-12-26 15:49:51.698 Request 11 send & Pong throttled it
2024-12-26 15:49:52.691 Request 12 send & Pong throttled it
2024-12-26 15:49:53.701 Request 13 send & Pong throttled it
2024-12-26 15:49:54.701 Request 14 send & Pong throttled it
2024-12-26 15:49:55.699 Request 15 send & Pong throttled it
2024-12-26 15:49:56.700 Request 16 send & Pong throttled it
2024-12-26 15:49:57.698 Request 17 send & Pong throttled it
2024-12-26 15:49:58.698 Request 18 send & Pong throttled it
2024-12-26 15:49:59.694 Request 19 send & Pong throttled it
2024-12-26 15:50:00.690 Request 20 send & Pong throttled it
2024-12-26 15:50:01.693 Request 21 send & Pong throttled it
2024-12-26 15:50:02.703 Request 22 send & Pong throttled it
2024-12-26 15:50:03.704 Request 23 send & Pong throttled it
2024-12-26 15:50:04.698 Request 24 send & Pong throttled it
2024-12-26 15:50:05.700 Request 25 send & Pong throttled it
2024-12-26 15:50:06.698 Request 26 send & Pong throttled it
2024-12-26 15:50:07.702 Request 27 send & Pong throttled it
2024-12-26 15:50:08.700 Request 28 send & Pong throttled it
2024-12-26 15:50:09.703 Request 29 send & Pong throttled it
2024-12-26 15:50:10.703 Request 30 send & Pong throttled it
2024-12-26 15:50:11.703 Request 31 send & Pong throttled it
2024-12-26 15:50:12.703 Request 32 send & Pong throttled it
2024-12-26 15:50:13.692 Request 33 send & Pong throttled it
2024-12-26 15:50:14.692 Request 34 send & Pong throttled it
2024-12-26 15:50:15.695 Request 35 send & Pong throttled it
2024-12-26 15:50:16.697 Request 36 send & Pong throttled it
2024-12-26 15:50:17.695 Request 37 send & Pong throttled it
2024-12-26 15:50:18.698 Request 38 send & Pong throttled it
2024-12-26 15:50:19.696 Request 39 send & Pong throttled it
2024-12-26 15:50:20.695 Request 40 send & Pong throttled it
2024-12-26 15:50:21.694 Request 41 send & Pong throttled it
2024-12-26 15:50:22.690 Request 42 send & Pong throttled it
2024-12-26 15:50:23.692 Request 43 send & Pong throttled it
2024-12-26 15:50:24.692 Request 44 send & Pong throttled it
2024-12-26 15:50:25.704 Request 45 send & Pong throttled it
2024-12-26 15:50:26.692 Request 46 send & Pong throttled it
2024-12-26 15:50:27.702 Request 47 send & Pong throttled it
2024-12-26 15:50:28.698 Request 48 send & Pong throttled it
2024-12-26 15:50:29.698 Request 49 send & Pong throttled it
2024-12-26 15:50:30.698 Request 50 send & Pong throttled it
2024-12-26 15:50:31.698 Request 51 send & Pong throttled it
2024-12-26 15:50:32.698 Request 52 send & Pong throttled it
2024-12-26 15:50:33.697 Request 53 send & Pong throttled it
2024-12-26 15:50:34.693 Request 54 send & Pong throttled it
2024-12-26 15:50:35.697 Request 55 send & Pong throttled it
2024-12-26 15:50:36.696 Request 56 send & Pong throttled it
2024-12-26 15:50:37.691 Request 57 send & Pong throttled it
2024-12-26 15:50:38.689 Request 58 send & Pong throttled it
2024-12-26 15:50:39.689 Request 59 send & Pong throttled it
2024-12-26 15:50:40.695 Request 60 send & Pong throttled it
2024-12-26 15:50:41.695 Request 61 send & Pong throttled it
2024-12-26 15:50:42.695 Request 62 send & Pong throttled it
2024-12-26 15:50:43.691 Request 63 send & Pong throttled it
2024-12-26 15:50:44.690 Request 64 send & Pong throttled it
2024-12-26 15:50:45.688 Request 65 send & Pong throttled it
2024-12-26 15:50:46.691 Request 66 send & Pong throttled it
2024-12-26 15:50:47.692 Request 67 send & Pong throttled it
2024-12-26 15:50:48.689 Request 68 send & Pong throttled it
2024-12-26 15:50:49.702 Request 69 send & Pong throttled it
2024-12-26 15:50:50.689 Request 70 send & Pong throttled it
2024-12-26 15:50:51.694 Request 71 send & Pong throttled it
2024-12-26 15:50:52.691 Request 72 send & Pong throttled it
2024-12-26 15:50:53.691 Request 73 send & Pong throttled it
2024-12-26 15:50:54.692 Request 74 send & Pong throttled it
2024-12-26 15:50:55.690 Request 75 send & Pong throttled it
2024-12-26 15:50:56.703 Request 76 send & Pong throttled it
2024-12-26 15:50:57.702 Request 77 send & Pong throttled it
2024-12-26 15:50:58.698 Request 78 send & Pong throttled it
2024-12-26 15:50:59.699 Request 79 send & Pong throttled it
2024-12-26 15:51:00.694 Request 80 send & Pong throttled it
2024-12-26 15:51:01.688 Request 81 send & Pong throttled it
2024-12-26 15:51:02.693 Request 82 send & Pong throttled it
2024-12-26 15:51:03.690 Request 83 send & Pong throttled it
2024-12-26 15:51:04.698 Request 84 send & Pong throttled it
2024-12-26 15:51:05.695 Request 85 send & Pong throttled it
2024-12-26 15:51:06.697 Request 86 send & Pong throttled it
2024-12-26 15:51:07.694 Request 87 send & Pong throttled it
2024-12-26 15:51:08.694 Request 88 send & Pong throttled it
2024-12-26 15:51:09.690 Request 89 send & Pong throttled it
2024-12-26 15:51:10.688 Request 90 send & Pong throttled it
2024-12-26 15:51:11.703 Request 91 send & Pong throttled it
2024-12-26 15:51:12.701 Request 92 send & Pong throttled it
2024-12-26 15:51:13.700 Request 93 send & Pong throttled it
2024-12-26 15:51:14.701 Request 94 send & Pong throttled it
2024-12-26 15:51:15.696 Request 95 send & Pong throttled it
2024-12-26 15:51:16.696 Request 96 send & Pong throttled it
2024-12-26 15:51:17.701 Request 97 send & Pong throttled it
2024-12-26 15:51:18.702 Request 98 send & Pong throttled it
2024-12-26 15:51:19.703 Request 99 send & Pong throttled it
2024-12-26 15:51:20.703 Request 100 send & Pong throttled it
2024-12-26 15:51:21.704 Request 101 send & Pong throttled it
2024-12-26 15:51:22.702 Request 102 send & Pong throttled it
2024-12-26 15:51:23.689 Request 103 send & Pong throttled it
2024-12-26 15:51:24.689 Request 104 send & Pong throttled it
2024-12-26 15:51:25.701 Request 105 send & Pong throttled it
2024-12-26 15:51:26.699 Request 106 send & Pong throttled it
2024-12-26 15:51:27.696 Request 107 send & Pong throttled it
2024-12-26 15:51:28.701 Request 108 send & Pong throttled it
2024-12-26 15:51:29.698 Request 109 send & Pong throttled it
2024-12-26 15:51:30.696 Request 110 send & Pong throttled it
2024-12-26 15:51:31.693 Request 111 send & Pong throttled it
2024-12-26 15:51:32.688 Request 112 send & Pong throttled it
2024-12-26 15:51:33.689 Request 113 send & Pong throttled it
2024-12-26 15:51:34.701 Request 114 send & Pong throttled it
2024-12-26 15:51:35.702 Request 115 send & Pong throttled it
2024-12-26 15:51:36.704 Request 116 send & Pong throttled it
2024-12-26 15:51:37.689 Request 117 send & Pong throttled it
2024-12-26 15:51:38.699 Request 118 send & Pong throttled it
2024-12-26 15:51:39.700 Request 119 send & Pong throttled it
2024-12-26 15:51:40.704 Request 120 send & Pong throttled it
2024-12-26 15:51:41.693 Request 121 send & Pong throttled it
2024-12-26 15:51:42.698 Request 122 send & Pong throttled it
2024-12-26 15:51:43.700 Request 123 send & Pong throttled it
2024-12-26 15:51:44.697 Request 124 send & Pong throttled it
2024-12-26 15:51:45.695 Request 125 send & Pong throttled it
2024-12-26 15:51:46.695 Request 126 send & Pong throttled it
2024-12-26 15:51:47.695 Request 127 send & Pong throttled it
2024-12-26 15:51:48.695 Request 128 send & Pong throttled it
2024-12-26 15:51:49.690 Request 129 send & Pong throttled it
2024-12-26 15:51:50.689 Request 130 send & Pong throttled it
2024-12-26 15:51:51.689 Request 131 send & Pong throttled it
2024-12-26 15:51:52.694 Request 132 send & Pong throttled it
2024-12-26 15:51:53.690 Request 133 send & Pong throttled it
2024-12-26 15:51:54.704 Request 134 send & Pong throttled it
2024-12-26 15:51:55.690 Request 135 send & Pong throttled it
2024-12-26 15:51:56.688 Request 136 send & Pong throttled it
2024-12-26 15:51:57.695 Request 137 send & Pong throttled it
2024-12-26 15:51:58.693 Request 138 send & Pong throttled it
2024-12-26 15:51:59.692 Request 139 send & Pong throttled it
2024-12-26 15:52:00.694 Request 140 send & Pong throttled it
2024-12-26 15:52:01.692 Request 141 send & Pong throttled it
2024-12-26 15:52:02.692 Request 142 send & Pong throttled it
2024-12-26 15:52:03.688 Request 143 send & Pong throttled it
2024-12-26 15:52:04.702 Request 144 send & Pong throttled it
2024-12-26 15:52:05.693 Request 145 send & Pong throttled it
2024-12-26 15:52:06.692 Request 146 send & Pong throttled it
2024-12-26 15:52:07.690 Request 147 send & Pong throttled it
2024-12-26 15:52:08.690 Request 148 send & Pong throttled it
2024-12-26 15:52:09.692 Request 149 send & Pong throttled it
2024-12-26 15:52:10.692 Request 150 send & Pong throttled it
2024-12-26 15:52:11.704 Request 151 send & Pong throttled it
2024-12-26 15:52:12.700 Request 152 sent & Pong Respond: World
