2025-01-04 00:01:03.707 Starting PongApplication using Java 17.0.12 with PID 18276 (C:\code\hsbc\demo\pong\target\classes started by joech in C:\code\hsbc\demo)
2025-01-04 00:01:03.714 No active profile set, falling back to 1 default profile: "default"
2025-01-04 00:01:05.398 Multiple Spring Data modules found, entering strict repository configuration mode
2025-01-04 00:01:05.401 Bootstrapping Spring Data JPA repositories in DEFAULT mode.
2025-01-04 00:01:05.617 Finished Spring Data repository scanning in 200 ms. Found 1 JPA repository interfaces.
2025-01-04 00:01:05.644 Multiple Spring Data modules found, entering strict repository configuration mode
2025-01-04 00:01:05.647 Bootstrapping Spring Data Redis repositories in DEFAULT mode.
2025-01-04 00:01:05.689 Spring Data Redis - Could not safely identify store assignment for repository candidate interface com.demo.dao.MessageRepository; If you want this repository to be a Redis repository, consider annotating your entities with one of these annotations: org.springframework.data.redis.core.RedisHash (preferred), or consider extending one of the following types with your repository: org.springframework.data.keyvalue.repository.KeyValueRepository
2025-01-04 00:01:05.689 Finished Spring Data repository scanning in 23 ms. Found 0 Redis repository interfaces.
2025-01-04 00:01:06.863 HHH000204: Processing PersistenceUnitInfo [name: default]
2025-01-04 00:01:06.943 HHH000412: Hibernate ORM core version 6.2.9.Final
2025-01-04 00:01:06.946 HHH000406: Using bytecode reflection optimizer
2025-01-04 00:01:07.153 HHH000021: Bytecode provider name : bytebuddy
2025-01-04 00:01:07.279 No LoadTimeWeaver setup: ignoring JPA class transformer
2025-01-04 00:01:07.311 HikariPool-1 - Starting...
2025-01-04 00:01:07.654 HikariPool-1 - Added connection conn0: url=jdbc:h2:mem:testdb user=SA
2025-01-04 00:01:07.657 HikariPool-1 - Start completed.
2025-01-04 00:01:07.863 HHH000021: Bytecode provider name : bytebuddy
2025-01-04 00:01:08.338 HHH000490: Using JtaPlatform implementation: [org.hibernate.engine.transaction.jta.platform.internal.NoJtaPlatform]
2025-01-04 00:01:08.401 Initialized JPA EntityManagerFactory for persistence unit 'default'
2025-01-04 00:01:10.023 Netty started on port 8080
2025-01-04 00:01:10.067 ConsumerConfig values: 
	allow.auto.create.topics = true
	auto.commit.interval.ms = 5000
	auto.include.jmx.reporter = true
	auto.offset.reset = latest
	bootstrap.servers = [localhost:9092]
	check.crcs = true
	client.dns.lookup = use_all_dns_ips
	client.id = consumer-pong-service-1
	client.rack = 
	connections.max.idle.ms = 540000
	default.api.timeout.ms = 60000
	enable.auto.commit = false
	exclude.internal.topics = true
	fetch.max.bytes = 52428800
	fetch.max.wait.ms = 500
	fetch.min.bytes = 1
	group.id = pong-service
	group.instance.id = null
	heartbeat.interval.ms = 3000
	interceptor.classes = []
	internal.leave.group.on.close = true
	internal.throw.on.fetch.stable.offset.unsupported = false
	isolation.level = read_uncommitted
	key.deserializer = class org.apache.kafka.common.serialization.StringDeserializer
	max.partition.fetch.bytes = 1048576
	max.poll.interval.ms = 300000
	max.poll.records = 500
	metadata.max.age.ms = 300000
	metric.reporters = []
	metrics.num.samples = 2
	metrics.recording.level = INFO
	metrics.sample.window.ms = 30000
	partition.assignment.strategy = [class org.apache.kafka.clients.consumer.RangeAssignor, class org.apache.kafka.clients.consumer.CooperativeStickyAssignor]
	receive.buffer.bytes = 65536
	reconnect.backoff.max.ms = 1000
	reconnect.backoff.ms = 50
	request.timeout.ms = 30000
	retry.backoff.ms = 100
	sasl.client.callback.handler.class = null
	sasl.jaas.config = null
	sasl.kerberos.kinit.cmd = /usr/bin/kinit
	sasl.kerberos.min.time.before.relogin = 60000
	sasl.kerberos.service.name = null
	sasl.kerberos.ticket.renew.jitter = 0.05
	sasl.kerberos.ticket.renew.window.factor = 0.8
	sasl.login.callback.handler.class = null
	sasl.login.class = null
	sasl.login.connect.timeout.ms = null
	sasl.login.read.timeout.ms = null
	sasl.login.refresh.buffer.seconds = 300
	sasl.login.refresh.min.period.seconds = 60
	sasl.login.refresh.window.factor = 0.8
	sasl.login.refresh.window.jitter = 0.05
	sasl.login.retry.backoff.max.ms = 10000
	sasl.login.retry.backoff.ms = 100
	sasl.mechanism = GSSAPI
	sasl.oauthbearer.clock.skew.seconds = 30
	sasl.oauthbearer.expected.audience = null
	sasl.oauthbearer.expected.issuer = null
	sasl.oauthbearer.jwks.endpoint.refresh.ms = 3600000
	sasl.oauthbearer.jwks.endpoint.retry.backoff.max.ms = 10000
	sasl.oauthbearer.jwks.endpoint.retry.backoff.ms = 100
	sasl.oauthbearer.jwks.endpoint.url = null
	sasl.oauthbearer.scope.claim.name = scope
	sasl.oauthbearer.sub.claim.name = sub
	sasl.oauthbearer.token.endpoint.url = null
	security.protocol = PLAINTEXT
	security.providers = null
	send.buffer.bytes = 131072
	session.timeout.ms = 45000
	socket.connection.setup.timeout.max.ms = 30000
	socket.connection.setup.timeout.ms = 10000
	ssl.cipher.suites = null
	ssl.enabled.protocols = [TLSv1.2, TLSv1.3]
	ssl.endpoint.identification.algorithm = https
	ssl.engine.factory.class = null
	ssl.key.password = null
	ssl.keymanager.algorithm = SunX509
	ssl.keystore.certificate.chain = null
	ssl.keystore.key = null
	ssl.keystore.location = null
	ssl.keystore.password = null
	ssl.keystore.type = JKS
	ssl.protocol = TLSv1.3
	ssl.provider = null
	ssl.secure.random.implementation = null
	ssl.trustmanager.algorithm = PKIX
	ssl.truststore.certificates = null
	ssl.truststore.location = null
	ssl.truststore.password = null
	ssl.truststore.type = JKS
	value.deserializer = class org.springframework.kafka.support.serializer.JsonDeserializer

2025-01-04 00:01:10.182 These configurations '[spring.json.trusted.packages]' were supplied but are not used yet.
2025-01-04 00:01:10.183 Kafka version: 3.4.1
2025-01-04 00:01:10.183 Kafka commitId: 8a516edc2755df89
2025-01-04 00:01:10.183 Kafka startTimeMs: 1735920070182
2025-01-04 00:01:10.185 [Consumer clientId=consumer-pong-service-1, groupId=pong-service] Subscribed to topic(s): pong-message-topic
2025-01-04 00:01:10.197 Started PongApplication in 7.092 seconds (process running for 8.237)
2025-01-04 00:01:10.381 [Consumer clientId=consumer-pong-service-1, groupId=pong-service] Resetting the last seen epoch of partition pong-message-topic-0 to 0 since the associated topicId changed from null to obZgS8JRSGWswmkSFX-iQA
2025-01-04 00:01:10.383 [Consumer clientId=consumer-pong-service-1, groupId=pong-service] Cluster ID: VnszGBVhT1i3dgeeU9CHEg
2025-01-04 00:01:10.384 [Consumer clientId=consumer-pong-service-1, groupId=pong-service] Discovered group coordinator host.docker.internal:9092 (id: 2147483647 rack: null)
2025-01-04 00:01:10.390 [Consumer clientId=consumer-pong-service-1, groupId=pong-service] (Re-)joining group
2025-01-04 00:01:10.402 [Consumer clientId=consumer-pong-service-1, groupId=pong-service] Request joining group due to: need to re-join with the given member-id: consumer-pong-service-1-db7d67c3-7ea1-4bf6-9cd4-308804345f19
2025-01-04 00:01:10.402 [Consumer clientId=consumer-pong-service-1, groupId=pong-service] Request joining group due to: rebalance failed due to 'The group member needs to have a valid member id before actually entering a consumer group.' (MemberIdRequiredException)
2025-01-04 00:01:10.402 [Consumer clientId=consumer-pong-service-1, groupId=pong-service] (Re-)joining group
2025-01-04 00:01:10.405 [Consumer clientId=consumer-pong-service-1, groupId=pong-service] Successfully joined group with generation Generation{generationId=27, memberId='consumer-pong-service-1-db7d67c3-7ea1-4bf6-9cd4-308804345f19', protocol='range'}
2025-01-04 00:01:10.406 [Consumer clientId=consumer-pong-service-1, groupId=pong-service] Finished assignment for group at generation 27: {consumer-pong-service-1-db7d67c3-7ea1-4bf6-9cd4-308804345f19=Assignment(partitions=[pong-message-topic-0])}
2025-01-04 00:01:10.410 [Consumer clientId=consumer-pong-service-1, groupId=pong-service] Successfully synced group in generation Generation{generationId=27, memberId='consumer-pong-service-1-db7d67c3-7ea1-4bf6-9cd4-308804345f19', protocol='range'}
2025-01-04 00:01:10.410 [Consumer clientId=consumer-pong-service-1, groupId=pong-service] Notifying assignor about the new Assignment(partitions=[pong-message-topic-0])
2025-01-04 00:01:10.412 [Consumer clientId=consumer-pong-service-1, groupId=pong-service] Adding newly assigned partitions: pong-message-topic-0
2025-01-04 00:01:10.421 [Consumer clientId=consumer-pong-service-1, groupId=pong-service] Setting offset for partition pong-message-topic-0 to the committed offset FetchPosition{offset=3512, offsetEpoch=Optional.empty, currentLeader=LeaderAndEpoch{leader=Optional[host.docker.internal:9092 (id: 0 rack: null)], epoch=0}}
2025-01-04 00:01:10.422 pong-service: partitions assigned: [pong-message-topic-0]
2025-01-04 00:01:31.353 Ping success, handling ping message: Hello-1735920091052
2025-01-04 00:01:31.366 Idempotence will be disabled because acks is set to 0, not set to 'all'.
2025-01-04 00:01:31.367 ProducerConfig values: 
	acks = 0
	auto.include.jmx.reporter = true
	batch.size = 16384
	bootstrap.servers = [localhost:9092]
	buffer.memory = 33554432
	client.dns.lookup = use_all_dns_ips
	client.id = producer-1
	compression.type = none
	connections.max.idle.ms = 540000
	delivery.timeout.ms = 120000
	enable.idempotence = false
	interceptor.classes = []
	key.serializer = class org.apache.kafka.common.serialization.StringSerializer
	linger.ms = 0
	max.block.ms = 60000
	max.in.flight.requests.per.connection = 5
	max.request.size = 1048576
	metadata.max.age.ms = 300000
	metadata.max.idle.ms = 300000
	metric.reporters = []
	metrics.num.samples = 2
	metrics.recording.level = INFO
	metrics.sample.window.ms = 30000
	partitioner.adaptive.partitioning.enable = true
	partitioner.availability.timeout.ms = 0
	partitioner.class = null
	partitioner.ignore.keys = false
	receive.buffer.bytes = 32768
	reconnect.backoff.max.ms = 1000
	reconnect.backoff.ms = 50
	request.timeout.ms = 30000
	retries = 2147483647
	retry.backoff.ms = 100
	sasl.client.callback.handler.class = null
	sasl.jaas.config = null
	sasl.kerberos.kinit.cmd = /usr/bin/kinit
	sasl.kerberos.min.time.before.relogin = 60000
	sasl.kerberos.service.name = null
	sasl.kerberos.ticket.renew.jitter = 0.05
	sasl.kerberos.ticket.renew.window.factor = 0.8
	sasl.login.callback.handler.class = null
	sasl.login.class = null
	sasl.login.connect.timeout.ms = null
	sasl.login.read.timeout.ms = null
	sasl.login.refresh.buffer.seconds = 300
	sasl.login.refresh.min.period.seconds = 60
	sasl.login.refresh.window.factor = 0.8
	sasl.login.refresh.window.jitter = 0.05
	sasl.login.retry.backoff.max.ms = 10000
	sasl.login.retry.backoff.ms = 100
	sasl.mechanism = GSSAPI
	sasl.oauthbearer.clock.skew.seconds = 30
	sasl.oauthbearer.expected.audience = null
	sasl.oauthbearer.expected.issuer = null
	sasl.oauthbearer.jwks.endpoint.refresh.ms = 3600000
	sasl.oauthbearer.jwks.endpoint.retry.backoff.max.ms = 10000
	sasl.oauthbearer.jwks.endpoint.retry.backoff.ms = 100
	sasl.oauthbearer.jwks.endpoint.url = null
	sasl.oauthbearer.scope.claim.name = scope
	sasl.oauthbearer.sub.claim.name = sub
	sasl.oauthbearer.token.endpoint.url = null
	security.protocol = PLAINTEXT
	security.providers = null
	send.buffer.bytes = 131072
	socket.connection.setup.timeout.max.ms = 30000
	socket.connection.setup.timeout.ms = 10000
	ssl.cipher.suites = null
	ssl.enabled.protocols = [TLSv1.2, TLSv1.3]
	ssl.endpoint.identification.algorithm = https
	ssl.engine.factory.class = null
	ssl.key.password = null
	ssl.keymanager.algorithm = SunX509
	ssl.keystore.certificate.chain = null
	ssl.keystore.key = null
	ssl.keystore.location = null
	ssl.keystore.password = null
	ssl.keystore.type = JKS
	ssl.protocol = TLSv1.3
	ssl.provider = null
	ssl.secure.random.implementation = null
	ssl.trustmanager.algorithm = PKIX
	ssl.truststore.certificates = null
	ssl.truststore.location = null
	ssl.truststore.password = null
	ssl.truststore.type = JKS
	transaction.timeout.ms = 60000
	transactional.id = null
	value.serializer = class org.springframework.kafka.support.serializer.JsonSerializer

2025-01-04 00:01:31.384 Kafka version: 3.4.1
2025-01-04 00:01:31.384 Kafka commitId: 8a516edc2755df89
2025-01-04 00:01:31.384 Kafka startTimeMs: 1735920091382
2025-01-04 00:01:31.387 [Producer clientId=producer-1] Cluster ID: VnszGBVhT1i3dgeeU9CHEg
2025-01-04 00:01:31.391 [Producer clientId=producer-1] Resetting the last seen epoch of partition pong-message-topic-0 to 0 since the associated topicId changed from null to obZgS8JRSGWswmkSFX-iQA
2025-01-04 00:01:32.059 Ping success, handling ping message: Hello-1735920092055
2025-01-04 00:01:33.048 Ping success, handling ping message: Hello-1735920093045
2025-01-04 00:01:34.049 Ping success, handling ping message: Hello-1735920094045
2025-01-04 00:01:34.653 Ping success, handling ping message: Hello-1735920094533
2025-01-04 00:01:35.059 Throttling request as too many requests in the same second
2025-01-04 00:01:35.523 Ping success, handling ping message: Hello-1735920095520
2025-01-04 00:01:36.049 Throttling request as too many requests in the same second
2025-01-04 00:01:36.533 Ping success, handling ping message: Hello-1735920096530
2025-01-04 00:01:37.047 Throttling request as too many requests in the same second
2025-01-04 00:01:37.533 Ping success, handling ping message: Hello-1735920097530
2025-01-04 00:01:38.064 Throttling request as too many requests in the same second
2025-01-04 00:01:38.534 Ping success, handling ping message: Hello-1735920098530
2025-01-04 00:01:39.047 Throttling request as too many requests in the same second
2025-01-04 00:01:39.542 Ping success, handling ping message: Hello-1735920099536
2025-01-04 00:01:40.046 Throttling request as too many requests in the same second
2025-01-04 00:01:41.052 Ping success, handling ping message: Hello-1735920101048
2025-01-04 00:01:41.531 Ping success, handling ping message: Hello-1735920101528
2025-01-04 00:01:42.058 Throttling request as too many requests in the same second
2025-01-04 00:01:42.526 Ping success, handling ping message: Hello-1735920102523
2025-01-04 00:01:43.052 Throttling request as too many requests in the same second
2025-01-04 00:01:43.531 Ping success, handling ping message: Hello-1735920103527
2025-01-04 00:01:44.057 Throttling request as too many requests in the same second
2025-01-04 00:01:44.525 Ping success, handling ping message: Hello-1735920104519
2025-01-04 00:01:45.052 Throttling request as too many requests in the same second
2025-01-04 00:01:45.531 Ping success, handling ping message: Hello-1735920105528
2025-01-04 00:01:46.059 Throttling request as too many requests in the same second
2025-01-04 00:01:46.527 Ping success, handling ping message: Hello-1735920106523
2025-01-04 00:01:47.069 Throttling request as too many requests in the same second
2025-01-04 00:01:47.526 Ping success, handling ping message: Hello-1735920107523
2025-01-04 00:01:48.525 Ping success, handling ping message: Hello-1735920108520
2025-01-04 00:01:49.055 Throttling request as too many requests in the same second
2025-01-04 00:01:49.537 Ping success, handling ping message: Hello-1735920109532
2025-01-04 00:01:50.051 Throttling request as too many requests in the same second
2025-01-04 00:01:50.534 Ping success, handling ping message: Hello-1735920110528
2025-01-04 00:01:51.046 Throttling request as too many requests in the same second
2025-01-04 00:01:51.527 Ping success, handling ping message: Hello-1735920111525
2025-01-04 00:01:52.050 Throttling request as too many requests in the same second
2025-01-04 00:01:52.529 Ping success, handling ping message: Hello-1735920112527
2025-01-04 00:01:53.054 Throttling request as too many requests in the same second
2025-01-04 00:01:53.523 Ping success, handling ping message: Hello-1735920113519
2025-01-04 00:01:54.051 Throttling request as too many requests in the same second
2025-01-04 00:01:54.545 Ping success, handling ping message: Hello-1735920114542
2025-01-04 00:01:55.055 Throttling request as too many requests in the same second
2025-01-04 00:01:55.544 Ping success, handling ping message: Hello-1735920115540
2025-01-04 00:01:56.046 Throttling request as too many requests in the same second
2025-01-04 00:01:57.058 Ping success, handling ping message: Hello-1735920117056
2025-01-04 00:01:57.529 Ping success, handling ping message: Hello-1735920117525
2025-01-04 00:01:58.045 Throttling request as too many requests in the same second
2025-01-04 00:01:58.528 Ping success, handling ping message: Hello-1735920118524
2025-01-04 00:01:59.061 Throttling request as too many requests in the same second
2025-01-04 00:01:59.528 Ping success, handling ping message: Hello-1735920119525
2025-01-04 00:02:00.054 Throttling request as too many requests in the same second
2025-01-04 00:02:00.526 Ping success, handling ping message: Hello-1735920120522
2025-01-04 00:02:01.051 Throttling request as too many requests in the same second
2025-01-04 00:02:01.535 Ping success, handling ping message: Hello-1735920121532
2025-01-04 00:02:02.049 Throttling request as too many requests in the same second
2025-01-04 00:02:02.525 Ping success, handling ping message: Hello-1735920122522
2025-01-04 00:02:03.062 Throttling request as too many requests in the same second
2025-01-04 00:02:03.520 Ping success, handling ping message: Hello-1735920123517
2025-01-04 00:02:04.531 Ping success, handling ping message: Hello-1735920124529
2025-01-04 00:02:05.048 Throttling request as too many requests in the same second
2025-01-04 00:02:05.523 Ping success, handling ping message: Hello-1735920125520
2025-01-04 00:02:06.055 Throttling request as too many requests in the same second
2025-01-04 00:02:06.525 Ping success, handling ping message: Hello-1735920126520
2025-01-04 00:02:07.051 Throttling request as too many requests in the same second
2025-01-04 00:02:07.535 Ping success, handling ping message: Hello-1735920127532
2025-01-04 00:02:08.050 Throttling request as too many requests in the same second
2025-01-04 00:02:08.531 Ping success, handling ping message: Hello-1735920128529
2025-01-04 00:02:09.046 Throttling request as too many requests in the same second
2025-01-04 00:02:09.536 Ping success, handling ping message: Hello-1735920129534
2025-01-04 00:02:10.058 Throttling request as too many requests in the same second
2025-01-04 00:02:11.056 Ping success, handling ping message: Hello-1735920131051
2025-01-04 00:02:11.527 Ping success, handling ping message: Hello-1735920131522
2025-01-04 00:02:12.056 Throttling request as too many requests in the same second
2025-01-04 00:02:12.533 Ping success, handling ping message: Hello-1735920132530
2025-01-04 00:02:13.054 Throttling request as too many requests in the same second
2025-01-04 00:02:13.534 Ping success, handling ping message: Hello-1735920133530
2025-01-04 00:02:14.047 Throttling request as too many requests in the same second
2025-01-04 00:02:14.524 Ping success, handling ping message: Hello-1735920134521
2025-01-04 00:02:15.059 Throttling request as too many requests in the same second
2025-01-04 00:02:15.533 Ping success, handling ping message: Hello-1735920135531
2025-01-04 00:02:16.062 Throttling request as too many requests in the same second
2025-01-04 00:02:16.531 Ping success, handling ping message: Hello-1735920136527
2025-01-04 00:02:17.067 Throttling request as too many requests in the same second
2025-01-04 00:02:17.527 Ping success, handling ping message: Hello-1735920137524
2025-01-04 00:02:18.530 Ping success, handling ping message: Hello-1735920138526
2025-01-04 00:02:19.061 Throttling request as too many requests in the same second
2025-01-04 00:02:19.529 Ping success, handling ping message: Hello-1735920139526
2025-01-04 00:02:20.056 Throttling request as too many requests in the same second
2025-01-04 00:02:20.521 Ping success, handling ping message: Hello-1735920140519
2025-01-04 00:02:21.050 Throttling request as too many requests in the same second
2025-01-04 00:02:21.528 Ping success, handling ping message: Hello-1735920141526
2025-01-04 00:02:22.058 Throttling request as too many requests in the same second
2025-01-04 00:02:22.523 Ping success, handling ping message: Hello-1735920142519
2025-01-04 00:02:23.052 Throttling request as too many requests in the same second
2025-01-04 00:02:23.532 Ping success, handling ping message: Hello-1735920143528
2025-01-04 00:02:24.048 Throttling request as too many requests in the same second
2025-01-04 00:02:24.541 Ping success, handling ping message: Hello-1735920144538
2025-01-04 00:02:25.057 Throttling request as too many requests in the same second
2025-01-04 00:02:26.060 Ping success, handling ping message: Hello-1735920146056
2025-01-04 00:02:26.534 Ping success, handling ping message: Hello-1735920146527
2025-01-04 00:02:27.047 Throttling request as too many requests in the same second
2025-01-04 00:02:27.531 Ping success, handling ping message: Hello-1735920147528
2025-01-04 00:02:28.056 Throttling request as too many requests in the same second
2025-01-04 00:02:28.524 Ping success, handling ping message: Hello-1735920148520
2025-01-04 00:02:29.055 Throttling request as too many requests in the same second
2025-01-04 00:02:29.528 Ping success, handling ping message: Hello-1735920149526
2025-01-04 00:02:30.058 Throttling request as too many requests in the same second
2025-01-04 00:02:30.523 Ping success, handling ping message: Hello-1735920150521
2025-01-04 00:02:31.062 Throttling request as too many requests in the same second
2025-01-04 00:02:31.534 Ping success, handling ping message: Hello-1735920151531
2025-01-04 00:02:32.055 Throttling request as too many requests in the same second
2025-01-04 00:02:32.530 Ping success, handling ping message: Hello-1735920152526
2025-01-04 00:02:33.520 Ping success, handling ping message: Hello-1735920153518
2025-01-04 00:02:33.880 Throttling request as too many requests in the same second
2025-01-04 00:02:34.532 Ping success, handling ping message: Hello-1735920154530
2025-01-04 00:02:34.738 Throttling request as too many requests in the same second
2025-01-04 00:02:35.524 Ping success, handling ping message: Hello-1735920155521
2025-01-04 00:02:35.727 Throttling request as too many requests in the same second
2025-01-04 00:02:36.532 Ping success, handling ping message: Hello-1735920156521
2025-01-04 00:02:36.731 Throttling request as too many requests in the same second
2025-01-04 00:02:37.524 Ping success, handling ping message: Hello-1735920157522
2025-01-04 00:02:37.726 Throttling request as too many requests in the same second
2025-01-04 00:02:38.527 Ping success, handling ping message: Hello-1735920158524
2025-01-04 00:02:38.730 Throttling request as too many requests in the same second
2025-01-04 00:02:39.528 Ping success, handling ping message: Hello-1735920159524
2025-01-04 00:02:39.728 Throttling request as too many requests in the same second
2025-01-04 00:02:40.522 Ping success, handling ping message: Hello-1735920160521
2025-01-04 00:02:40.730 Throttling request as too many requests in the same second
2025-01-04 00:02:41.522 Ping success, handling ping message: Hello-1735920161520
2025-01-04 00:02:41.727 Throttling request as too many requests in the same second
2025-01-04 00:02:42.533 Ping success, handling ping message: Hello-1735920162530
2025-01-04 00:02:42.734 Throttling request as too many requests in the same second
2025-01-04 00:02:43.535 Ping success, handling ping message: Hello-1735920163532
2025-01-04 00:02:43.728 Throttling request as too many requests in the same second
2025-01-04 00:02:44.736 Ping success, handling ping message: Hello-1735920164732
2025-01-04 00:02:45.047 Throttling request as too many requests in the same second
2025-01-04 00:02:45.724 Ping success, handling ping message: Hello-1735920165722
2025-01-04 00:02:46.056 Throttling request as too many requests in the same second
2025-01-04 00:02:46.724 Ping success, handling ping message: Hello-1735920166722
2025-01-04 00:02:47.051 Throttling request as too many requests in the same second
2025-01-04 00:02:48.051 Ping success, handling ping message: Hello-1735920168046
2025-01-04 00:02:48.531 Ping success, handling ping message: Hello-1735920168528
2025-01-04 00:02:49.060 Throttling request as too many requests in the same second
2025-01-04 00:02:49.526 Ping success, handling ping message: Hello-1735920169524
2025-01-04 00:02:50.058 Throttling request as too many requests in the same second
2025-01-04 00:02:50.524 Ping success, handling ping message: Hello-1735920170520
2025-01-04 00:02:51.051 Throttling request as too many requests in the same second
2025-01-04 00:02:51.534 Ping success, handling ping message: Hello-1735920171532
2025-01-04 00:02:52.060 Throttling request as too many requests in the same second
2025-01-04 00:02:52.523 Ping success, handling ping message: Hello-1735920172520
2025-01-04 00:02:53.050 Throttling request as too many requests in the same second
2025-01-04 00:02:53.535 Ping success, handling ping message: Hello-1735920173531
2025-01-04 00:02:54.049 Throttling request as too many requests in the same second
2025-01-04 00:02:54.530 Ping success, handling ping message: Hello-1735920174528
2025-01-04 00:02:55.066 Throttling request as too many requests in the same second
2025-01-04 00:02:55.535 Ping success, handling ping message: Hello-1735920175533
2025-01-04 00:02:56.053 Throttling request as too many requests in the same second
2025-01-04 00:02:56.531 Ping success, handling ping message: Hello-1735920176528
2025-01-04 00:02:57.528 Ping success, handling ping message: Hello-1735920177527
2025-01-04 00:02:57.732 Throttling request as too many requests in the same second
2025-01-04 00:02:58.528 Ping success, handling ping message: Hello-1735920178525
2025-01-04 00:02:58.734 Throttling request as too many requests in the same second
2025-01-04 00:02:59.527 Ping success, handling ping message: Hello-1735920179525
2025-01-04 00:03:00.055 Throttling request as too many requests in the same second
2025-01-04 00:03:00.528 Ping success, handling ping message: Hello-1735920180524
2025-01-04 00:03:00.728 Throttling request as too many requests in the same second
2025-01-04 00:03:01.525 Ping success, handling ping message: Hello-1735920181521
2025-01-04 00:03:01.725 Throttling request as too many requests in the same second
2025-01-04 00:03:02.530 Ping success, handling ping message: Hello-1735920182528
2025-01-04 00:03:02.732 Throttling request as too many requests in the same second
2025-01-04 00:03:03.533 Ping success, handling ping message: Hello-1735920183531
2025-01-04 00:03:03.728 Throttling request as too many requests in the same second
2025-01-04 00:03:04.735 Ping success, handling ping message: Hello-1735920184732
2025-01-04 00:03:05.048 Throttling request as too many requests in the same second
2025-01-04 00:03:05.738 Ping success, handling ping message: Hello-1735920185735
2025-01-04 00:03:06.055 Throttling request as too many requests in the same second
2025-01-04 00:03:06.738 Ping success, handling ping message: Hello-1735920186734
2025-01-04 00:03:07.051 Throttling request as too many requests in the same second
2025-01-04 00:03:08.049 Ping success, handling ping message: Hello-1735920188046
2025-01-04 00:03:08.527 Ping success, handling ping message: Hello-1735920188523
2025-01-04 00:03:09.054 Throttling request as too many requests in the same second
2025-01-04 00:03:09.523 Ping success, handling ping message: Hello-1735920189521
2025-01-04 00:03:10.067 Throttling request as too many requests in the same second
2025-01-04 00:03:10.533 Ping success, handling ping message: Hello-1735920190531
2025-01-04 00:03:11.530 Ping success, handling ping message: Hello-1735920191527
2025-01-04 00:03:11.734 Throttling request as too many requests in the same second
2025-01-04 00:03:12.524 Ping success, handling ping message: Hello-1735920192521
2025-01-04 00:03:12.728 Throttling request as too many requests in the same second
2025-01-04 00:03:13.521 Ping success, handling ping message: Hello-1735920193519
2025-01-04 00:03:13.725 Throttling request as too many requests in the same second
2025-01-04 00:03:14.523 Ping success, handling ping message: Hello-1735920194520
2025-01-04 00:03:14.726 Throttling request as too many requests in the same second
2025-01-04 00:03:15.530 Ping success, handling ping message: Hello-1735920195528
2025-01-04 00:03:15.731 Throttling request as too many requests in the same second
2025-01-04 00:03:16.527 Ping success, handling ping message: Hello-1735920196525
2025-01-04 00:03:16.729 Throttling request as too many requests in the same second
2025-01-04 00:03:17.533 Ping success, handling ping message: Hello-1735920197531
2025-01-04 00:03:17.726 Throttling request as too many requests in the same second
2025-01-04 00:03:18.724 Ping success, handling ping message: Hello-1735920198722
2025-01-04 00:03:19.052 Throttling request as too many requests in the same second
2025-01-04 00:03:19.736 Ping success, handling ping message: Hello-1735920199734
2025-01-04 00:03:20.047 Throttling request as too many requests in the same second
2025-01-04 00:03:20.739 Ping success, handling ping message: Hello-1735920200737
2025-01-04 00:03:21.057 Throttling request as too many requests in the same second
2025-01-04 00:03:22.057 Ping success, handling ping message: Hello-1735920202054
2025-01-04 00:03:22.520 Ping success, handling ping message: Hello-1735920202517
2025-01-04 00:03:23.053 Throttling request as too many requests in the same second
2025-01-04 00:03:23.537 Ping success, handling ping message: Hello-1735920203532
2025-01-04 00:03:24.046 Throttling request as too many requests in the same second
2025-01-04 00:03:24.531 Ping success, handling ping message: Hello-1735920204526
2025-01-04 00:03:25.070 Throttling request as too many requests in the same second
2025-01-04 00:03:25.526 Ping success, handling ping message: Hello-1735920205523
2025-01-04 00:03:26.536 Ping success, handling ping message: Hello-1735920206532
2025-01-04 00:03:26.741 Throttling request as too many requests in the same second
2025-01-04 00:03:27.531 Ping success, handling ping message: Hello-1735920207528
2025-01-04 00:03:27.733 Throttling request as too many requests in the same second
2025-01-04 00:03:28.526 Ping success, handling ping message: Hello-1735920208523
2025-01-04 00:03:28.731 Throttling request as too many requests in the same second
2025-01-04 00:03:29.526 Ping success, handling ping message: Hello-1735920209523
2025-01-04 00:03:29.728 Throttling request as too many requests in the same second
2025-01-04 00:03:30.522 Ping success, handling ping message: Hello-1735920210520
2025-01-04 00:03:30.726 Throttling request as too many requests in the same second
2025-01-04 00:03:31.533 Ping success, handling ping message: Hello-1735920211530
2025-01-04 00:03:31.735 Throttling request as too many requests in the same second
2025-01-04 00:03:32.526 Ping success, handling ping message: Hello-1735920212522
2025-01-04 00:03:32.725 Throttling request as too many requests in the same second
2025-01-04 00:03:33.538 Ping success, handling ping message: Hello-1735920213536
2025-01-04 00:03:33.735 Throttling request as too many requests in the same second
2025-01-04 00:03:34.532 Ping success, handling ping message: Hello-1735920214530
2025-01-04 00:03:34.731 Throttling request as too many requests in the same second
2025-01-04 00:03:35.537 Ping success, handling ping message: Hello-1735920215535
2025-01-04 00:03:35.733 Throttling request as too many requests in the same second
2025-01-04 00:03:36.537 Ping success, handling ping message: Hello-1735920216535
2025-01-04 00:03:36.731 Throttling request as too many requests in the same second
2025-01-04 00:03:37.726 Ping success, handling ping message: Hello-1735920217723
2025-01-04 00:03:38.053 Throttling request as too many requests in the same second
2025-01-04 00:03:38.735 Ping success, handling ping message: Hello-1735920218733
2025-01-04 00:03:39.046 Throttling request as too many requests in the same second
2025-01-04 00:03:39.737 Ping success, handling ping message: Hello-1735920219734
2025-01-04 00:03:40.044 Throttling request as too many requests in the same second
2025-01-04 00:03:40.741 Ping success, handling ping message: Hello-1735920220739
2025-01-04 00:03:41.050 Throttling request as too many requests in the same second
2025-01-04 00:03:42.061 Ping success, handling ping message: Hello-1735920222057
2025-01-04 00:03:42.523 Ping success, handling ping message: Hello-1735920222521
2025-01-04 00:03:43.052 Throttling request as too many requests in the same second
2025-01-04 00:03:43.522 Ping success, handling ping message: Hello-1735920223519
2025-01-04 00:03:44.053 Throttling request as too many requests in the same second
2025-01-04 00:03:44.529 Ping success, handling ping message: Hello-1735920224526
2025-01-04 00:03:45.058 Throttling request as too many requests in the same second
2025-01-04 00:03:45.523 Ping success, handling ping message: Hello-1735920225520
2025-01-04 00:03:46.063 Throttling request as too many requests in the same second
2025-01-04 00:03:46.519 Ping success, handling ping message: Hello-1735920226516
2025-01-04 00:03:47.530 Ping success, handling ping message: Hello-1735920227528
2025-01-04 00:03:48.048 Throttling request as too many requests in the same second
2025-01-04 00:03:48.528 Ping success, handling ping message: Hello-1735920228527
2025-01-04 00:03:48.731 Throttling request as too many requests in the same second
2025-01-04 00:03:49.525 Ping success, handling ping message: Hello-1735920229523
2025-01-04 00:03:49.729 Throttling request as too many requests in the same second
2025-01-04 00:03:50.530 Ping success, handling ping message: Hello-1735920230528
2025-01-04 00:03:50.732 Throttling request as too many requests in the same second
2025-01-04 00:03:51.523 Ping success, handling ping message: Hello-1735920231520
2025-01-04 00:03:51.726 Throttling request as too many requests in the same second
2025-01-04 00:03:52.534 Ping success, handling ping message: Hello-1735920232532
2025-01-04 00:03:52.735 Throttling request as too many requests in the same second
2025-01-04 00:03:53.532 Ping success, handling ping message: Hello-1735920233529
2025-01-04 00:03:53.733 Throttling request as too many requests in the same second
2025-01-04 00:03:54.527 Ping success, handling ping message: Hello-1735920234524
2025-01-04 00:03:54.734 Throttling request as too many requests in the same second
2025-01-04 00:03:55.521 Ping success, handling ping message: Hello-1735920235519
2025-01-04 00:03:55.726 Throttling request as too many requests in the same second
2025-01-04 00:03:56.525 Ping success, handling ping message: Hello-1735920236523
2025-01-04 00:03:56.727 Throttling request as too many requests in the same second
2025-01-04 00:03:57.531 Ping success, handling ping message: Hello-1735920237528
2025-01-04 00:03:57.728 Throttling request as too many requests in the same second
2025-01-04 00:03:58.530 Ping success, handling ping message: Hello-1735920238527
2025-01-04 00:03:58.728 Throttling request as too many requests in the same second
2025-01-04 00:03:59.724 Ping success, handling ping message: Hello-1735920239721
2025-01-04 00:04:00.049 Throttling request as too many requests in the same second
2025-01-04 00:04:01.046 Ping success, handling ping message: Hello-1735920241043
2025-01-04 00:04:01.528 Ping success, handling ping message: Hello-1735920241526
2025-01-04 00:04:01.739 Throttling request as too many requests in the same second
2025-01-04 00:04:02.057 Throttling request as too many requests in the same second
2025-01-04 00:04:03.049 Ping success, handling ping message: Hello-1735920243048
2025-01-04 00:04:03.531 Ping success, handling ping message: Hello-1735920243529
2025-01-04 00:04:04.049 Throttling request as too many requests in the same second
2025-01-04 00:04:04.532 Ping success, handling ping message: Hello-1735920244530
2025-01-04 00:04:05.049 Throttling request as too many requests in the same second
2025-01-04 00:04:05.526 Ping success, handling ping message: Hello-1735920245522
2025-01-04 00:04:06.059 Throttling request as too many requests in the same second
2025-01-04 00:04:06.521 Ping success, handling ping message: Hello-1735920246518
2025-01-04 00:04:07.530 Ping success, handling ping message: Hello-1735920247527
2025-01-04 00:04:07.729 Throttling request as too many requests in the same second
2025-01-04 00:04:08.522 Ping success, handling ping message: Hello-1735920248519
2025-01-04 00:04:08.738 Throttling request as too many requests in the same second
2025-01-04 00:04:09.522 Ping success, handling ping message: Hello-1735920249519
2025-01-04 00:04:09.737 Throttling request as too many requests in the same second
2025-01-04 00:04:10.532 Ping success, handling ping message: Hello-1735920250529
2025-01-04 00:04:11.046 Throttling request as too many requests in the same second
2025-01-04 00:04:11.528 Ping success, handling ping message: Hello-1735920251523
2025-01-04 00:04:11.728 Throttling request as too many requests in the same second
2025-01-04 00:04:12.532 Ping success, handling ping message: Hello-1735920252528
2025-01-04 00:04:12.731 Throttling request as too many requests in the same second
2025-01-04 00:04:13.522 Ping success, handling ping message: Hello-1735920253520
2025-01-04 00:04:13.737 Throttling request as too many requests in the same second
2025-01-04 00:04:14.530 Ping success, handling ping message: Hello-1735920254528
2025-01-04 00:04:14.736 Throttling request as too many requests in the same second
2025-01-04 00:04:15.537 Ping success, handling ping message: Hello-1735920255533
2025-01-04 00:04:16.056 Throttling request as too many requests in the same second
2025-01-04 00:04:16.732 Ping success, handling ping message: Hello-1735920256729
2025-01-04 00:04:17.058 Throttling request as too many requests in the same second
2025-01-04 00:04:17.734 Ping success, handling ping message: Hello-1735920257732
2025-01-04 00:04:18.055 Throttling request as too many requests in the same second
2025-01-04 00:04:18.746 Ping success, handling ping message: Hello-1735920258744
2025-01-04 00:04:19.046 Throttling request as too many requests in the same second
2025-01-04 00:04:20.046 Ping success, handling ping message: Hello-1735920260044
2025-01-04 00:04:20.528 Ping success, handling ping message: Hello-1735920260527
2025-01-04 00:04:21.055 Throttling request as too many requests in the same second
2025-01-04 00:04:21.523 Ping success, handling ping message: Hello-1735920261521
2025-01-04 00:04:22.052 Throttling request as too many requests in the same second
2025-01-04 00:04:22.528 Ping success, handling ping message: Hello-1735920262526
2025-01-04 00:04:23.053 Throttling request as too many requests in the same second
2025-01-04 00:04:23.524 Ping success, handling ping message: Hello-1735920263522
2025-01-04 00:04:24.055 Throttling request as too many requests in the same second
2025-01-04 00:04:24.521 Ping success, handling ping message: Hello-1735920264518
2025-01-04 00:04:25.047 Throttling request as too many requests in the same second
2025-01-04 00:04:25.521 Ping success, handling ping message: Hello-1735920265520
2025-01-04 00:04:26.059 Throttling request as too many requests in the same second
2025-01-04 00:04:26.522 Ping success, handling ping message: Hello-1735920266520
2025-01-04 00:04:27.533 Ping success, handling ping message: Hello-1735920267531
2025-01-04 00:04:27.738 Throttling request as too many requests in the same second
2025-01-04 00:04:28.529 Ping success, handling ping message: Hello-1735920268527
2025-01-04 00:04:28.733 Throttling request as too many requests in the same second
2025-01-04 00:04:29.527 Ping success, handling ping message: Hello-1735920269525
2025-01-04 00:04:29.730 Throttling request as too many requests in the same second
2025-01-04 00:04:30.522 Ping success, handling ping message: Hello-1735920270518
2025-01-04 00:04:30.739 Throttling request as too many requests in the same second
2025-01-04 00:04:31.532 Ping success, handling ping message: Hello-1735920271529
2025-01-04 00:04:31.732 Throttling request as too many requests in the same second
2025-01-04 00:04:32.525 Ping success, handling ping message: Hello-1735920272523
2025-01-04 00:04:32.731 Throttling request as too many requests in the same second
2025-01-04 00:04:33.528 Ping success, handling ping message: Hello-1735920273526
2025-01-04 00:04:33.735 Throttling request as too many requests in the same second
2025-01-04 00:04:34.530 Ping success, handling ping message: Hello-1735920274529
2025-01-04 00:04:34.736 Throttling request as too many requests in the same second
2025-01-04 00:04:35.542 Ping success, handling ping message: Hello-1735920275537
2025-01-04 00:04:36.059 Throttling request as too many requests in the same second
2025-01-04 00:04:36.532 Ping success, handling ping message: Hello-1735920276529
2025-01-04 00:04:36.737 Throttling request as too many requests in the same second
2025-01-04 00:04:37.531 Ping success, handling ping message: Hello-1735920277528
2025-01-04 00:04:37.725 Throttling request as too many requests in the same second
2025-01-04 00:04:39.051 Ping success, handling ping message: Hello-1735920279049
2025-01-04 00:04:39.532 Ping success, handling ping message: Hello-1735920279529
2025-01-04 00:04:39.734 Throttling request as too many requests in the same second
2025-01-04 00:04:40.046 Throttling request as too many requests in the same second
2025-01-04 00:04:41.060 Ping success, handling ping message: Hello-1735920281055
2025-01-04 00:04:41.523 Ping success, handling ping message: Hello-1735920281519
2025-01-04 00:04:41.733 Throttling request as too many requests in the same second
2025-01-04 00:04:42.056 Throttling request as too many requests in the same second
2025-01-04 00:04:43.053 Ping success, handling ping message: Hello-1735920283051
2025-01-04 00:04:43.521 Ping success, handling ping message: Hello-1735920283519
2025-01-04 00:04:44.053 Throttling request as too many requests in the same second
2025-01-04 00:04:44.529 Ping success, handling ping message: Hello-1735920284527
2025-01-04 00:04:45.060 Throttling request as too many requests in the same second
2025-01-04 00:04:45.523 Ping success, handling ping message: Hello-1735920285522
2025-01-04 00:04:46.065 Throttling request as too many requests in the same second
2025-01-04 00:04:46.533 Ping success, handling ping message: Hello-1735920286531
2025-01-04 00:04:47.053 Throttling request as too many requests in the same second
2025-01-04 00:04:47.530 Ping success, handling ping message: Hello-1735920287527
2025-01-04 00:04:48.529 Ping success, handling ping message: Hello-1735920288527
2025-01-04 00:04:49.061 Throttling request as too many requests in the same second
2025-01-04 00:04:49.530 Ping success, handling ping message: Hello-1735920289527
2025-01-04 00:04:50.058 Throttling request as too many requests in the same second
2025-01-04 00:04:50.528 Ping success, handling ping message: Hello-1735920290526
2025-01-04 00:04:50.730 Throttling request as too many requests in the same second
2025-01-04 00:04:51.524 Ping success, handling ping message: Hello-1735920291521
2025-01-04 00:04:52.053 Throttling request as too many requests in the same second
2025-01-04 00:04:52.533 Ping success, handling ping message: Hello-1735920292531
2025-01-04 00:04:52.735 Throttling request as too many requests in the same second
2025-01-04 00:04:53.530 Ping success, handling ping message: Hello-1735920293529
2025-01-04 00:04:53.733 Throttling request as too many requests in the same second
2025-01-04 00:04:54.533 Ping success, handling ping message: Hello-1735920294531
2025-01-04 00:04:55.052 Throttling request as too many requests in the same second
2025-01-04 00:04:55.541 Ping success, handling ping message: Hello-1735920295537
2025-01-04 00:04:55.734 Throttling request as too many requests in the same second
2025-01-04 00:04:56.730 Ping success, handling ping message: Hello-1735920296727
2025-01-04 00:04:57.057 Throttling request as too many requests in the same second
2025-01-04 00:04:57.724 Ping success, handling ping message: Hello-1735920297722
2025-01-04 00:04:58.055 Throttling request as too many requests in the same second
2025-01-04 00:04:58.732 Ping success, handling ping message: Hello-1735920298730
2025-01-04 00:04:59.056 Throttling request as too many requests in the same second
2025-01-04 00:04:59.740 Ping success, handling ping message: Hello-1735920299738
2025-01-04 00:05:00.047 Throttling request as too many requests in the same second
2025-01-04 00:05:01.053 Ping success, handling ping message: Hello-1735920301051
2025-01-04 00:05:01.533 Ping success, handling ping message: Hello-1735920301531
2025-01-04 00:05:02.060 Throttling request as too many requests in the same second
2025-01-04 00:05:02.524 Ping success, handling ping message: Hello-1735920302522
2025-01-04 00:05:03.059 Throttling request as too many requests in the same second
2025-01-04 00:05:03.526 Ping success, handling ping message: Hello-1735920303523
2025-01-04 00:05:04.057 Throttling request as too many requests in the same second
2025-01-04 00:05:04.523 Ping success, handling ping message: Hello-1735920304521
2025-01-04 00:05:05.053 Throttling request as too many requests in the same second
2025-01-04 00:05:05.531 Ping success, handling ping message: Hello-1735920305529
2025-01-04 00:05:06.057 Throttling request as too many requests in the same second
2025-01-04 00:05:06.527 Ping success, handling ping message: Hello-1735920306525
2025-01-04 00:05:07.060 Throttling request as too many requests in the same second
2025-01-04 00:05:07.522 Ping success, handling ping message: Hello-1735920307520
2025-01-04 00:05:08.526 Ping success, handling ping message: Hello-1735920308523
2025-01-04 00:05:08.727 Throttling request as too many requests in the same second
2025-01-04 00:05:09.533 Ping success, handling ping message: Hello-1735920309531
2025-01-04 00:05:09.736 Throttling request as too many requests in the same second
2025-01-04 00:05:10.529 Ping success, handling ping message: Hello-1735920310525
2025-01-04 00:05:10.730 Throttling request as too many requests in the same second
2025-01-04 00:05:11.526 Ping success, handling ping message: Hello-1735920311522
2025-01-04 00:05:11.739 Throttling request as too many requests in the same second
2025-01-04 00:05:12.523 Ping success, handling ping message: Hello-1735920312520
2025-01-04 00:05:12.725 Throttling request as too many requests in the same second
2025-01-04 00:05:13.530 Ping success, handling ping message: Hello-1735920313527
2025-01-04 00:05:13.734 Throttling request as too many requests in the same second
2025-01-04 00:05:14.527 Ping success, handling ping message: Hello-1735920314524
2025-01-04 00:05:14.727 Throttling request as too many requests in the same second
2025-01-04 00:05:15.528 Ping success, handling ping message: Hello-1735920315526
2025-01-04 00:05:15.731 Throttling request as too many requests in the same second
2025-01-04 00:05:16.538 Ping success, handling ping message: Hello-1735920316534
2025-01-04 00:05:16.730 Throttling request as too many requests in the same second
2025-01-04 00:05:17.536 Ping success, handling ping message: Hello-1735920317533
2025-01-04 00:05:17.731 Throttling request as too many requests in the same second
2025-01-04 00:05:18.729 Ping success, handling ping message: Hello-1735920318726
2025-01-04 00:05:19.054 Throttling request as too many requests in the same second
2025-01-04 00:05:19.723 Ping success, handling ping message: Hello-1735920319722
2025-01-04 00:05:20.048 Throttling request as too many requests in the same second
2025-01-04 00:05:20.735 Ping success, handling ping message: Hello-1735920320733
2025-01-04 00:05:21.045 Throttling request as too many requests in the same second
2025-01-04 00:05:21.741 Ping success, handling ping message: Hello-1735920321739
2025-01-04 00:05:22.048 Throttling request as too many requests in the same second
2025-01-04 00:05:23.054 Ping success, handling ping message: Hello-1735920323052
2025-01-04 00:05:23.525 Ping success, handling ping message: Hello-1735920323521
2025-01-04 00:05:24.047 Throttling request as too many requests in the same second
2025-01-04 00:05:24.526 Ping success, handling ping message: Hello-1735920324523
2025-01-04 00:05:25.051 Throttling request as too many requests in the same second
2025-01-04 00:05:25.528 Ping success, handling ping message: Hello-1735920325526
2025-01-04 00:05:26.057 Throttling request as too many requests in the same second
2025-01-04 00:05:26.528 Ping success, handling ping message: Hello-1735920326525
2025-01-04 00:05:27.059 Throttling request as too many requests in the same second
2025-01-04 00:05:27.526 Ping success, handling ping message: Hello-1735920327524
2025-01-04 00:05:28.063 Throttling request as too many requests in the same second
2025-01-04 00:05:28.536 Ping success, handling ping message: Hello-1735920328534
2025-01-04 00:05:29.520 Ping success, handling ping message: Hello-1735920329519
2025-01-04 00:05:29.736 Throttling request as too many requests in the same second
2025-01-04 00:05:30.531 Ping success, handling ping message: Hello-1735920330527
2025-01-04 00:05:30.732 Throttling request as too many requests in the same second
2025-01-04 00:05:31.526 Ping success, handling ping message: Hello-1735920331524
2025-01-04 00:05:31.729 Throttling request as too many requests in the same second
2025-01-04 00:05:32.532 Ping success, handling ping message: Hello-1735920332529
2025-01-04 00:05:32.735 Throttling request as too many requests in the same second
2025-01-04 00:05:33.530 Ping success, handling ping message: Hello-1735920333528
2025-01-04 00:05:33.734 Throttling request as too many requests in the same second
2025-01-04 00:05:34.537 Ping success, handling ping message: Hello-1735920334535
2025-01-04 00:05:34.736 Throttling request as too many requests in the same second
2025-01-04 00:05:35.726 Ping success, handling ping message: Hello-1735920335722
2025-01-04 00:05:36.051 Throttling request as too many requests in the same second
2025-01-04 00:05:36.737 Ping success, handling ping message: Hello-1735920336734
2025-01-04 00:05:37.047 Throttling request as too many requests in the same second
2025-01-04 00:05:37.740 Ping success, handling ping message: Hello-1735920337738
2025-01-04 00:05:38.047 Throttling request as too many requests in the same second
2025-01-04 00:05:38.737 Ping success, handling ping message: Hello-1735920338734
2025-01-04 00:05:39.050 Throttling request as too many requests in the same second
2025-01-04 00:05:40.045 Ping success, handling ping message: Hello-1735920340042
2025-01-04 00:05:40.527 Ping success, handling ping message: Hello-1735920340525
2025-01-04 00:05:41.059 Throttling request as too many requests in the same second
2025-01-04 00:05:41.529 Ping success, handling ping message: Hello-1735920341527
2025-01-04 00:05:42.056 Throttling request as too many requests in the same second
2025-01-04 00:05:42.524 Ping success, handling ping message: Hello-1735920342522
2025-01-04 00:05:43.060 Throttling request as too many requests in the same second
2025-01-04 00:05:43.523 Ping success, handling ping message: Hello-1735920343521
2025-01-04 00:05:44.060 Throttling request as too many requests in the same second
2025-01-04 00:05:44.533 Ping success, handling ping message: Hello-1735920344530
2025-01-04 00:05:45.066 Throttling request as too many requests in the same second
2025-01-04 00:05:45.522 Ping success, handling ping message: Hello-1735920345519
2025-01-04 00:05:46.519 Ping success, handling ping message: Hello-1735920346518
2025-01-04 00:05:46.736 Throttling request as too many requests in the same second
2025-01-04 00:05:47.533 Ping success, handling ping message: Hello-1735920347529
2025-01-04 00:05:47.735 Throttling request as too many requests in the same second
2025-01-04 00:05:48.527 Ping success, handling ping message: Hello-1735920348525
2025-01-04 00:05:48.732 Throttling request as too many requests in the same second
2025-01-04 00:05:49.525 Ping success, handling ping message: Hello-1735920349524
2025-01-04 00:05:49.730 Throttling request as too many requests in the same second
2025-01-04 00:05:50.525 Ping success, handling ping message: Hello-1735920350522
2025-01-04 00:05:50.726 Throttling request as too many requests in the same second
2025-01-04 00:05:51.521 Ping success, handling ping message: Hello-1735920351518
2025-01-04 00:05:51.727 Throttling request as too many requests in the same second
2025-01-04 00:05:52.531 Ping success, handling ping message: Hello-1735920352530
2025-01-04 00:05:52.732 Throttling request as too many requests in the same second
2025-01-04 00:05:53.530 Ping success, handling ping message: Hello-1735920353528
2025-01-04 00:05:53.739 Throttling request as too many requests in the same second
2025-01-04 00:05:54.538 Ping success, handling ping message: Hello-1735920354535
2025-01-04 00:05:55.058 Throttling request as too many requests in the same second
2025-01-04 00:05:55.739 Ping success, handling ping message: Hello-1735920355737
2025-01-04 00:05:56.048 Throttling request as too many requests in the same second
2025-01-04 00:05:57.049 Ping success, handling ping message: Hello-1735920357045
2025-01-04 00:05:57.525 Ping success, handling ping message: Hello-1735920357523
2025-01-04 00:05:58.056 Throttling request as too many requests in the same second
2025-01-04 00:05:58.526 Ping success, handling ping message: Hello-1735920358525
2025-01-04 00:05:59.058 Throttling request as too many requests in the same second
2025-01-04 00:05:59.527 Ping success, handling ping message: Hello-1735920359524
2025-01-04 00:06:00.055 Throttling request as too many requests in the same second
2025-01-04 00:06:00.523 Ping success, handling ping message: Hello-1735920360521
2025-01-04 00:06:01.051 Throttling request as too many requests in the same second
2025-01-04 00:06:01.534 Ping success, handling ping message: Hello-1735920361532
2025-01-04 00:06:02.060 Throttling request as too many requests in the same second
2025-01-04 00:06:02.530 Ping success, handling ping message: Hello-1735920362527
2025-01-04 00:06:03.065 Throttling request as too many requests in the same second
2025-01-04 00:06:03.526 Ping success, handling ping message: Hello-1735920363524
2025-01-04 00:06:04.063 Throttling request as too many requests in the same second
2025-01-04 00:06:04.532 Ping success, handling ping message: Hello-1735920364530
2025-01-04 00:06:05.521 Ping success, handling ping message: Hello-1735920365518
2025-01-04 00:06:05.724 Throttling request as too many requests in the same second
2025-01-04 00:06:06.532 Ping success, handling ping message: Hello-1735920366530
2025-01-04 00:06:06.739 Throttling request as too many requests in the same second
2025-01-04 00:06:07.530 Ping success, handling ping message: Hello-1735920367527
2025-01-04 00:06:07.731 Throttling request as too many requests in the same second
2025-01-04 00:06:08.526 Ping success, handling ping message: Hello-1735920368524
2025-01-04 00:06:09.053 Throttling request as too many requests in the same second
2025-01-04 00:06:09.523 Ping success, handling ping message: Hello-1735920369521
2025-01-04 00:06:09.727 Throttling request as too many requests in the same second
2025-01-04 00:06:10.521 Ping success, handling ping message: Hello-1735920370519
2025-01-04 00:06:10.726 Throttling request as too many requests in the same second
2025-01-04 00:06:11.522 Ping success, handling ping message: Hello-1735920371519
2025-01-04 00:06:11.740 Throttling request as too many requests in the same second
2025-01-04 00:06:12.546 Ping success, handling ping message: Hello-1735920372544
2025-01-04 00:06:12.735 Throttling request as too many requests in the same second
2025-01-04 00:06:13.536 Ping success, handling ping message: Hello-1735920373534
2025-01-04 00:06:14.057 Throttling request as too many requests in the same second
2025-01-04 00:06:14.725 Ping success, handling ping message: Hello-1735920374723
2025-01-04 00:06:15.052 Throttling request as too many requests in the same second
2025-01-04 00:06:15.732 Ping success, handling ping message: Hello-1735920375731
2025-01-04 00:06:16.058 Throttling request as too many requests in the same second
2025-01-04 00:06:16.734 Ping success, handling ping message: Hello-1735920376732
2025-01-04 00:06:17.051 Throttling request as too many requests in the same second
2025-01-04 00:06:17.737 Ping success, handling ping message: Hello-1735920377735
2025-01-04 00:06:18.053 Throttling request as too many requests in the same second
2025-01-04 00:06:19.055 Ping success, handling ping message: Hello-1735920379052
2025-01-04 00:06:19.521 Ping success, handling ping message: Hello-1735920379518
2025-01-04 00:06:20.048 Throttling request as too many requests in the same second
2025-01-04 00:06:20.533 Ping success, handling ping message: Hello-1735920380531
2025-01-04 00:06:21.046 Throttling request as too many requests in the same second
2025-01-04 00:06:21.532 Ping success, handling ping message: Hello-1735920381529
2025-01-04 00:06:22.057 Throttling request as too many requests in the same second
2025-01-04 00:06:22.529 Ping success, handling ping message: Hello-1735920382526
2025-01-04 00:06:23.069 Throttling request as too many requests in the same second
2025-01-04 00:06:23.527 Ping success, handling ping message: Hello-1735920383522
2025-01-04 00:06:24.532 Ping success, handling ping message: Hello-1735920384529
2025-01-04 00:06:24.732 Throttling request as too many requests in the same second
2025-01-04 00:06:25.531 Ping success, handling ping message: Hello-1735920385529
2025-01-04 00:06:25.732 Throttling request as too many requests in the same second
2025-01-04 00:06:26.527 Ping success, handling ping message: Hello-1735920386525
2025-01-04 00:06:26.730 Throttling request as too many requests in the same second
2025-01-04 00:06:27.522 Ping success, handling ping message: Hello-1735920387521
2025-01-04 00:06:27.727 Throttling request as too many requests in the same second
2025-01-04 00:06:28.535 Ping success, handling ping message: Hello-1735920388532
2025-01-04 00:06:28.736 Throttling request as too many requests in the same second
2025-01-04 00:06:29.530 Ping success, handling ping message: Hello-1735920389527
2025-01-04 00:06:29.730 Throttling request as too many requests in the same second
2025-01-04 00:06:30.528 Ping success, handling ping message: Hello-1735920390526
2025-01-04 00:06:30.731 Throttling request as too many requests in the same second
2025-01-04 00:06:31.537 Ping success, handling ping message: Hello-1735920391533
2025-01-04 00:06:32.055 Throttling request as too many requests in the same second
2025-01-04 00:06:32.726 Ping success, handling ping message: Hello-1735920392723
2025-01-04 00:06:33.054 Throttling request as too many requests in the same second
2025-01-04 00:06:33.736 Ping success, handling ping message: Hello-1735920393734
2025-01-04 00:06:34.048 Throttling request as too many requests in the same second
2025-01-04 00:06:35.055 Ping success, handling ping message: Hello-1735920395052
2025-01-04 00:06:35.534 Ping success, handling ping message: Hello-1735920395531
2025-01-04 00:06:35.743 Throttling request as too many requests in the same second
2025-01-04 00:06:36.047 Throttling request as too many requests in the same second
2025-01-04 00:06:36.743 Ping success, handling ping message: Hello-1735920396740
2025-01-04 00:06:37.046 Throttling request as too many requests in the same second
2025-01-04 00:06:37.741 Ping success, handling ping message: Hello-1735920397738
2025-01-04 00:06:38.046 Throttling request as too many requests in the same second
2025-01-04 00:06:39.058 Ping success, handling ping message: Hello-1735920399057
2025-01-04 00:06:39.523 Ping success, handling ping message: Hello-1735920399520
2025-01-04 00:06:40.054 Throttling request as too many requests in the same second
2025-01-04 00:06:40.527 Ping success, handling ping message: Hello-1735920400524
2025-01-04 00:06:41.060 Throttling request as too many requests in the same second
2025-01-04 00:06:41.525 Ping success, handling ping message: Hello-1735920401523
2025-01-04 00:06:42.068 Throttling request as too many requests in the same second
2025-01-04 00:06:42.527 Ping success, handling ping message: Hello-1735920402522
2025-01-04 00:06:43.067 Throttling request as too many requests in the same second
2025-01-04 00:06:43.528 Ping success, handling ping message: Hello-1735920403524
2025-01-04 00:06:44.528 Ping success, handling ping message: Hello-1735920404524
2025-01-04 00:06:44.733 Throttling request as too many requests in the same second
2025-01-04 00:06:45.532 Ping success, handling ping message: Hello-1735920405528
2025-01-04 00:06:45.730 Throttling request as too many requests in the same second
2025-01-04 00:06:46.521 Ping success, handling ping message: Hello-1735920406519
2025-01-04 00:06:46.724 Throttling request as too many requests in the same second
2025-01-04 00:06:47.735 Ping success, handling ping message: Hello-1735920407733
2025-01-04 00:06:48.062 Throttling request as too many requests in the same second
2025-01-04 00:06:48.530 Ping success, handling ping message: Hello-1735920408528
2025-01-04 00:06:48.730 Throttling request as too many requests in the same second
2025-01-04 00:06:49.524 Ping success, handling ping message: Hello-1735920409520
2025-01-04 00:06:49.739 Throttling request as too many requests in the same second
2025-01-04 00:06:50.736 Ping success, handling ping message: Hello-1735920410735
2025-01-04 00:06:51.048 Throttling request as too many requests in the same second
2025-01-04 00:06:51.730 Ping success, handling ping message: Hello-1735920411728
2025-01-04 00:06:52.057 Throttling request as too many requests in the same second
2025-01-04 00:06:52.535 Ping success, handling ping message: Hello-1735920412531
2025-01-04 00:06:52.727 Throttling request as too many requests in the same second
2025-01-04 00:06:53.726 Ping success, handling ping message: Hello-1735920413723
2025-01-04 00:06:54.056 Throttling request as too many requests in the same second
2025-01-04 00:06:54.738 Ping success, handling ping message: Hello-1735920414735
2025-01-04 00:06:55.048 Throttling request as too many requests in the same second
2025-01-04 00:06:55.738 Ping success, handling ping message: Hello-1735920415736
2025-01-04 00:06:56.050 Throttling request as too many requests in the same second
2025-01-04 00:06:56.739 Ping success, handling ping message: Hello-1735920416737
2025-01-04 00:06:57.050 Throttling request as too many requests in the same second
2025-01-04 00:06:57.737 Ping success, handling ping message: Hello-1735920417733
2025-01-04 00:06:58.048 Throttling request as too many requests in the same second
2025-01-04 00:06:59.047 Ping success, handling ping message: Hello-1735920419045
2025-01-04 00:06:59.549 Ping success, handling ping message: Hello-1735920419319
2025-01-04 00:07:00.060 Throttling request as too many requests in the same second
2025-01-04 00:07:00.330 Throttling request as too many requests in the same second
2025-01-04 00:07:01.046 Ping success, handling ping message: Hello-1735920421044
2025-01-04 00:07:01.327 Throttling request as too many requests in the same second
2025-01-04 00:07:02.046 Ping success, handling ping message: Hello-1735920422044
2025-01-04 00:07:02.320 Throttling request as too many requests in the same second
2025-01-04 00:07:03.045 Ping success, handling ping message: Hello-1735920423043
2025-01-04 00:07:03.311 Throttling request as too many requests in the same second
2025-01-04 00:07:04.051 Ping success, handling ping message: Hello-1735920424049
2025-01-04 00:07:04.327 Throttling request as too many requests in the same second
2025-01-04 00:07:05.062 Ping success, handling ping message: Hello-1735920425060
2025-01-04 00:07:05.313 Throttling request as too many requests in the same second
2025-01-04 00:07:06.321 Ping success, handling ping message: Hello-1735920426318
2025-01-04 00:07:06.523 Ping success, handling ping message: Hello-1735920426522
2025-01-04 00:07:07.318 Throttling request as too many requests in the same second
2025-01-04 00:07:07.741 Ping success, handling ping message: Hello-1735920427736
2025-01-04 00:07:08.312 Throttling request as too many requests in the same second
2025-01-04 00:07:08.733 Ping success, handling ping message: Hello-1735920428730
2025-01-04 00:07:09.318 Throttling request as too many requests in the same second
2025-01-04 00:07:09.528 Ping success, handling ping message: Hello-1735920429526
2025-01-04 00:07:10.725 Ping success, handling ping message: Hello-1735920430722
2025-01-04 00:07:11.052 Throttling request as too many requests in the same second
2025-01-04 00:07:11.736 Ping success, handling ping message: Hello-1735920431733
2025-01-04 00:07:12.060 Throttling request as too many requests in the same second
2025-01-04 00:07:12.740 Ping success, handling ping message: Hello-1735920432737
2025-01-04 00:07:13.049 Throttling request as too many requests in the same second
2025-01-04 00:07:13.733 Ping success, handling ping message: Hello-1735920433732
2025-01-04 00:07:14.059 Throttling request as too many requests in the same second
2025-01-04 00:07:14.539 Ping success, handling ping message: Hello-1735920434536
2025-01-04 00:07:15.054 Throttling request as too many requests in the same second
2025-01-04 00:07:15.725 Ping success, handling ping message: Hello-1735920435723
2025-01-04 00:07:16.052 Throttling request as too many requests in the same second
2025-01-04 00:07:16.724 Ping success, handling ping message: Hello-1735920436721
2025-01-04 00:07:17.052 Throttling request as too many requests in the same second
2025-01-04 00:07:17.739 Ping success, handling ping message: Hello-1735920437738
2025-01-04 00:07:18.045 Throttling request as too many requests in the same second
2025-01-04 00:07:19.045 Ping success, handling ping message: Hello-1735920439043
2025-01-04 00:07:19.325 Throttling request as too many requests in the same second
2025-01-04 00:07:20.057 Ping success, handling ping message: Hello-1735920440055
2025-01-04 00:07:20.312 Throttling request as too many requests in the same second
2025-01-04 00:07:21.056 Ping success, handling ping message: Hello-1735920441054
2025-01-04 00:07:21.323 Throttling request as too many requests in the same second
2025-01-04 00:07:22.055 Ping success, handling ping message: Hello-1735920442053
2025-01-04 00:07:22.319 Throttling request as too many requests in the same second
2025-01-04 00:07:23.046 Ping success, handling ping message: Hello-1735920443044
2025-01-04 00:07:23.325 Throttling request as too many requests in the same second
2025-01-04 00:07:24.052 Ping success, handling ping message: Hello-1735920444050
2025-01-04 00:07:24.317 Throttling request as too many requests in the same second
2025-01-04 00:07:25.056 Ping success, handling ping message: Hello-1735920445054
2025-01-04 00:07:25.319 Throttling request as too many requests in the same second
2025-01-04 00:07:26.061 Ping success, handling ping message: Hello-1735920446058
2025-01-04 00:07:26.319 Throttling request as too many requests in the same second
2025-01-04 00:07:27.067 Ping success, handling ping message: Hello-1735920447065
2025-01-04 00:07:27.326 Throttling request as too many requests in the same second
2025-01-04 00:07:28.323 Ping success, handling ping message: Hello-1735920448321
2025-01-04 00:07:28.728 Ping success, handling ping message: Hello-1735920448726
2025-01-04 00:07:29.325 Throttling request as too many requests in the same second
2025-01-04 00:07:29.526 Ping success, handling ping message: Hello-1735920449524
2025-01-04 00:07:30.330 Throttling request as too many requests in the same second
2025-01-04 00:07:30.523 Ping success, handling ping message: Hello-1735920450521
2025-01-04 00:07:31.519 Ping success, handling ping message: Hello-1735920451518
2025-01-04 00:07:31.737 Throttling request as too many requests in the same second
2025-01-04 00:07:32.736 Ping success, handling ping message: Hello-1735920452733
2025-01-04 00:07:33.057 Throttling request as too many requests in the same second
2025-01-04 00:07:33.530 Ping success, handling ping message: Hello-1735920453528
2025-01-04 00:07:33.726 Throttling request as too many requests in the same second
2025-01-04 00:07:34.539 Ping success, handling ping message: Hello-1735920454537
2025-01-04 00:07:34.730 Throttling request as too many requests in the same second
2025-01-04 00:07:35.727 Ping success, handling ping message: Hello-1735920455725
2025-01-04 00:07:36.055 Throttling request as too many requests in the same second
2025-01-04 00:07:36.532 Ping success, handling ping message: Hello-1735920456530
2025-01-04 00:07:36.726 Throttling request as too many requests in the same second
2025-01-04 00:07:38.051 Ping success, handling ping message: Hello-1735920458050
2025-01-04 00:07:38.317 Throttling request as too many requests in the same second
2025-01-04 00:07:38.737 Ping success, handling ping message: Hello-1735920458733
2025-01-04 00:07:39.048 Throttling request as too many requests in the same second
2025-01-04 00:07:39.733 Ping success, handling ping message: Hello-1735920459732
2025-01-04 00:07:40.045 Throttling request as too many requests in the same second
2025-01-04 00:07:40.735 Ping success, handling ping message: Hello-1735920460732
2025-01-04 00:07:41.045 Throttling request as too many requests in the same second
2025-01-04 00:07:41.739 Ping success, handling ping message: Hello-1735920461737
2025-01-04 00:07:42.060 Throttling request as too many requests in the same second
2025-01-04 00:07:43.049 Ping success, handling ping message: Hello-1735920463048
2025-01-04 00:07:43.313 Throttling request as too many requests in the same second
2025-01-04 00:07:44.046 Ping success, handling ping message: Hello-1735920464043
2025-01-04 00:07:44.326 Throttling request as too many requests in the same second
2025-01-04 00:07:45.059 Ping success, handling ping message: Hello-1735920465057
2025-01-04 00:07:45.312 Throttling request as too many requests in the same second
2025-01-04 00:07:46.065 Ping success, handling ping message: Hello-1735920466063
2025-01-04 00:07:46.321 Throttling request as too many requests in the same second
2025-01-04 00:07:47.322 Ping success, handling ping message: Hello-1735920467318
2025-01-04 00:07:47.521 Ping success, handling ping message: Hello-1735920467520
2025-01-04 00:07:48.317 Throttling request as too many requests in the same second
2025-01-04 00:07:48.519 Ping success, handling ping message: Hello-1735920468517
2025-01-04 00:07:49.315 Throttling request as too many requests in the same second
2025-01-04 00:07:49.533 Ping success, handling ping message: Hello-1735920469531
2025-01-04 00:07:50.330 Throttling request as too many requests in the same second
2025-01-04 00:07:50.520 Ping success, handling ping message: Hello-1735920470518
2025-01-04 00:07:51.323 Throttling request as too many requests in the same second
2025-01-04 00:07:51.525 Ping success, handling ping message: Hello-1735920471523
2025-01-04 00:07:52.737 Ping success, handling ping message: Hello-1735920472735
2025-01-04 00:07:53.051 Throttling request as too many requests in the same second
2025-01-04 00:07:53.531 Ping success, handling ping message: Hello-1735920473527
2025-01-04 00:07:53.733 Throttling request as too many requests in the same second
2025-01-04 00:07:54.543 Ping success, handling ping message: Hello-1735920474541
2025-01-04 00:07:54.725 Throttling request as too many requests in the same second
2025-01-04 00:07:55.535 Ping success, handling ping message: Hello-1735920475533
2025-01-04 00:07:55.791 Throttling request as too many requests in the same second
2025-01-04 00:07:56.573 Ping success, handling ping message: Hello-1735920476569
2025-01-04 00:07:56.738 Throttling request as too many requests in the same second
2025-01-04 00:07:58.047 Ping success, handling ping message: Hello-1735920478044
2025-01-04 00:07:58.547 Ping success, handling ping message: Hello-1735920478527
2025-01-04 00:07:59.056 Throttling request as too many requests in the same second
2025-01-04 00:08:00.086 Ping success, handling ping message: Hello-1735920480052
2025-01-04 00:10:10.475 [Consumer clientId=consumer-pong-service-1, groupId=pong-service] Node -1 disconnected.
2025-01-04 00:11:00.120 [Producer clientId=producer-1] Node -1 disconnected.
2025-01-04 00:12:11.641 [Consumer clientId=consumer-pong-service-1, groupId=pong-service] Revoke previously assigned partitions pong-message-topic-0
2025-01-04 00:12:11.641 pong-service: partitions revoked: [pong-message-topic-0]
2025-01-04 00:12:11.641 [Consumer clientId=consumer-pong-service-1, groupId=pong-service] Member consumer-pong-service-1-db7d67c3-7ea1-4bf6-9cd4-308804345f19 sending LeaveGroup request to coordinator host.docker.internal:9092 (id: 2147483647 rack: null) due to the consumer unsubscribed from all topics
2025-01-04 00:12:11.642 [Consumer clientId=consumer-pong-service-1, groupId=pong-service] Resetting generation and member id due to: consumer pro-actively leaving the group
2025-01-04 00:12:11.642 [Consumer clientId=consumer-pong-service-1, groupId=pong-service] Request joining group due to: consumer pro-actively leaving the group
2025-01-04 00:12:11.642 [Consumer clientId=consumer-pong-service-1, groupId=pong-service] Unsubscribed all topics or patterns and assigned partitions
2025-01-04 00:12:11.642 [Consumer clientId=consumer-pong-service-1, groupId=pong-service] Resetting generation and member id due to: consumer pro-actively leaving the group
2025-01-04 00:12:11.642 [Consumer clientId=consumer-pong-service-1, groupId=pong-service] Request joining group due to: consumer pro-actively leaving the group
2025-01-04 00:12:11.644 Metrics scheduler closed
2025-01-04 00:12:11.644 Closing reporter org.apache.kafka.common.metrics.JmxReporter
2025-01-04 00:12:11.644 Metrics reporters closed
2025-01-04 00:12:11.647 App info kafka.consumer for consumer-pong-service-1 unregistered
2025-01-04 00:12:11.647 pong-service: Consumer stopped
2025-01-04 00:12:11.649 [Producer clientId=producer-1] Closing the Kafka producer with timeoutMillis = 30000 ms.
2025-01-04 00:12:11.650 Metrics scheduler closed
2025-01-04 00:12:11.650 Closing reporter org.apache.kafka.common.metrics.JmxReporter
2025-01-04 00:12:11.650 Metrics reporters closed
2025-01-04 00:12:11.651 App info kafka.producer for producer-1 unregistered
2025-01-04 00:12:11.660 Closing JPA EntityManagerFactory for persistence unit 'default'
2025-01-04 00:12:11.662 HikariPool-1 - Shutdown initiated...
2025-01-04 00:12:11.663 HikariPool-1 - Shutdown completed.
